"../../../Engine/Content/EditorResources/S_Actor.uasset" 0
"../../../Engine/Content/EngineFonts/Roboto.uasset" 1
"../../../Engine/Content/Functions/Engine_MaterialFunctions01/Shading/PowerToRoughness.uasset" 2
"../../../Engine/Content/Functions/Engine_MaterialFunctions01/Shading/ConvertFromDiffSpec.uasset" 3
"../../../Engine/Content/EngineMaterials/DefaultDiffuse.uasset" 4
"../../../Engine/Content/EngineMaterials/DefaultDeferredDecalMaterial.uasset" 5
"../../../Engine/Content/EngineMaterials/DefaultLightFunctionMaterial.uasset" 6
"../../../Engine/Content/Functions/Engine_MaterialFunctions02/Utility/BreakOutFloat2Components.uasset" 7
"../../../Engine/Content/EngineMaterials/DefaultPostProcessMaterial.uasset" 8
"../../../Engine/Content/EngineResources/DefaultTexture.uasset" 9
"../../../Engine/Content/Functions/Engine_MaterialFunctions01/Texturing/ScaleUVsByCenter.uasset" 10
"../../../Engine/Content/Functions/Engine_MaterialFunctions02/ScreenResolution.uasset" 11
"../../../Engine/Content/Functions/Engine_MaterialFunctions02/Texturing/ScreenAlignedUVs.uasset" 12
"../../../Engine/Content/EngineResources/WhiteSquareTexture.uasset" 13
"../../../Engine/Content/EngineMaterials/Widget3DPassThrough.uasset" 14
"../../../Engine/Content/EngineMaterials/Widget3DPassThrough_Translucent.uasset" 15
"../../../Engine/Content/EngineMaterials/Widget3DPassThrough_Translucent_OneSided.uasset" 16
"../../../Engine/Content/EngineMaterials/Widget3DPassThrough_Opaque.uasset" 17
"../../../Engine/Content/EngineMaterials/Widget3DPassThrough_Opaque_OneSided.uasset" 18
"../../../Engine/Content/EngineMaterials/Widget3DPassThrough_Masked.uasset" 19
"../../../Engine/Content/EngineMaterials/Widget3DPassThrough_Masked_OneSided.uasset" 20
"../../../Engine/Content/EngineResources/AICON-Red.uasset" 21
"../../../Engine/Content/EngineResources/AICON-Green.uasset" 22
"../../../Engine/Content/Maps/Templates/Thumbnails/Default.uasset" 23
"../../../Engine/Content/Maps/Templates/Thumbnails/VR-Basic.uasset" 24
"../../../Engine/Content/EditorMaterials/ParticleSystems/PSysThumbnail_NoImage.uasset" 25
"../../../Engine/Content/EditorMaterials/ParticleSystems/PSysThumbnail_OOD.uasset" 26
"../../../Engine/Content/EditorLandscapeResources/DataLayer.uasset" 27
"../../../Engine/Content/EngineDamageTypes/DmgTypeBP_Environmental.uasset" 28
"../../../Engine/Content/EngineMeshes/Sphere.uasset" 29
"../../../Engine/Content/EngineFonts/RobotoDistanceField.uasset" 30
"../../../Engine/Content/EngineMaterials/DefaultTextMaterialOpaque.uasset" 31
"../../../Engine/Content/EditorResources/S_Trigger.uasset" 32
"../../../Engine/Content/EngineResources/GradientTexture0.uasset" 33
"../../../Engine/Content/EngineResources/Black.uasset" 34
"../../../Engine/Content/EditorMaterials/MatineeGroups/MAT_Groups_Float.uasset" 35
"../../../Engine/Content/EditorMaterials/MatineeGroups/MAT_Groups_Director.uasset" 36
"../../../Engine/Content/EditorMaterials/MatineeGroups/MAT_Groups_Event.uasset" 37
"../../../Engine/Content/EditorMaterials/MatineeGroups/MAT_Groups_Anim.uasset" 38
"../../../Engine/Content/EditorMaterials/MatineeGroups/MAT_Groups_Fade.uasset" 39
"../../../Engine/Content/EditorMaterials/MatineeGroups/MAT_Groups_Move.uasset" 40
"../../../Engine/Content/EditorMaterials/MatineeGroups/MAT_Groups_Slomo.uasset" 41
"../../../Engine/Content/EditorMaterials/MatineeGroups/MAT_ColorTrack.uasset" 42
"../../../Engine/Content/EditorMaterials/MAT_Groups_Toggle.uasset" 43
"../../../Engine/Content/EditorMaterials/MatineeGroups/MAT_Groups_AudioMaster.uasset" 44
"../../../Engine/Content/EditorMaterials/MatineeGroups/MAT_Groups_Sound.uasset" 45
"../../../Engine/Content/EditorMaterials/MatineeGroups/MAT_Groups_Vector.uasset" 46
"../../../Engine/Content/EditorMaterials/MAT_Groups_Visibility.uasset" 47
"../../../Engine/Content/EngineResources/DefaultTextureCube.uasset" 48
"../../../Engine/Content/Functions/Engine_MaterialFunctions01/Opacity/CameraDepthFade.uasset" 49
"../../../Engine/Content/EngineMaterials/T_Default_Material_Grid_M.uasset" 50
"../../../Engine/Content/EngineMaterials/T_Default_Material_Grid_N.uasset" 51
"../../../Engine/Content/EngineMaterials/DefaultMaterial.uasset" 52
"../../../Engine/Content/EngineMeshes/Cylinder.uasset" 53
"../../../Engine/Content/EngineTireTypes/DefaultTireType.uasset" 54
"../../../Engine/Content/EditorMaterials/Camera/CineMat.uasset" 55
"../../../Engine/Content/EditorMaterials/Camera/MI_CineMat_Rig.uasset" 56
"../../../Engine/Content/EditorMeshes/Camera/SM_CraneRig_Base.uasset" 57
"../../../Engine/Content/EditorMeshes/Camera/SM_CraneRig_Arm.uasset" 58
"../../../Engine/Content/EditorMeshes/Camera/SM_CraneRig_Mount.uasset" 59
"../../../Engine/Content/EditorMeshes/Camera/SM_CraneRig_Body.uasset" 60
"../../../Engine/Content/EditorMeshes/Camera/SM_RailRig_Track.uasset" 61
"../../../Engine/Content/EditorMeshes/Camera/SM_RailRig_Mount.uasset" 62
"../../../Engine/Content/VREditor/LaserPointer/VR_LaserPower_01.uasset" 63
"../../../Engine/Content/VREditor/TransformGizmo/TransformGizmoMaterial.uasset" 64
"../../../Engine/Content/VREditor/TransformGizmo/TranslucentTransformGizmoMaterial.uasset" 65
"../../../Engine/Content/VREditor/TransformGizmo/TranslationHandle.uasset" 66
"../../../Engine/Content/VREditor/TransformGizmo/PlaneTranslationHandle.uasset" 67
"../../../Engine/Content/VREditor/TransformGizmo/RotationHandle.uasset" 68
"../../../Engine/Content/VREditor/TransformGizmo/StretchingHandle.uasset" 69
"../../../Engine/Content/VREditor/TransformGizmo/BoundingBoxCorner.uasset" 70
"../../../Engine/Content/VREditor/TransformGizmo/BoundingBoxEdge.uasset" 71
"../../../Engine/Content/VREditor/TransformGizmo/UniformScaleHandle.uasset" 72
"../../../Engine/Content/VREditor/FloatingText/LineMaterial.uasset" 73
"../../../Engine/Content/VREditor/FloatingText/LineSegmentCylinder.uasset" 74
"../../../Engine/Content/VREditor/FloatingText/JointSphere.uasset" 75
"../../../Engine/Content/VREditor/Fonts/VRText_RobotoLarge.uasset" 76
"../../../Engine/Content/VREditor/Fonts/VRTextMaterial.uasset" 77
"../../../Engine/Content/VREditor/Fonts/TranslucentVRTextMaterial.uasset" 78
"../../../Engine/Content/VREditor/UI/SelectionBarMesh.uasset" 79
"../../../Engine/Content/VREditor/UI/CloseButtonMesh.uasset" 80
"../../../Engine/Content/Tutorial/Mobile/TutorialAssets/IOS.uasset" 81
"../../../Engine/Content/Tutorial/ContentIntroCurve.uasset" 82
"../../../Engine/Plugins/2D/Paper2D/Content/PlaceholderTextures/DummySpriteTexture.uasset" 83
"../../../Engine/Plugins/2D/Paper2D/Content/DefaultSpriteMaterial.uasset" 84
"../../../Engine/Plugins/2D/Paper2D/Content/MaskedUnlitSpriteMaterial.uasset" 85
"../../../Engine/Plugins/2D/Paper2D/Content/OpaqueUnlitSpriteMaterial.uasset" 86
"../../../Engine/Plugins/2D/Paper2D/Content/DummySprite.uasset" 87
"../../../Engine/Plugins/2D/Paper2D/Content/DefaultPaperTerrainMaterial.uasset" 88
"../../../Engine/Content/EngineMaterials/RemoveSurfaceMaterial.uasset" 89
"../../../Engine/Content/EngineDebugMaterials/DebugMeshMaterial.uasset" 90
"../../../Engine/Content/EngineMaterials/InvalidLightmapSettings.uasset" 91
"../../../Engine/Content/EngineMaterials/M_InvalidLightmapSettings.uasset" 92
"../../../Engine/Content/EditorMaterials/GizmoMaterial.uasset" 93
"../../../Engine/Content/EngineMaterials/Good64x64TilingNoiseHighFreq.uasset" 94
"../../../Engine/Content/EngineMaterials/DefaultBokeh.uasset" 95
"../../../Engine/Content/EngineMaterials/PreintegratedSkinBRDF.uasset" 96
"../../../Engine/Content/EngineMaterials/MiniFont.uasset" 97
"../../../Engine/Content/EngineMaterials/WeightMapPlaceholderTexture.uasset" 98
"../../../Engine/Content/EngineMaterials/DefaultWhiteGrid.uasset" 99
"../../../Engine/Content/EngineMaterials/DefaultPhysicalMaterial.uasset" 100
"../../../Engine/Content/EngineFonts/RobotoTiny.uasset" 101
"../../../Engine/Content/EditorSounds/Notifications/CompileSuccess.uasset" 102
"../../../Engine/Content/EditorSounds/Notifications/CompileStart_Cue.uasset" 103
"../../../Engine/Content/EditorSounds/Notifications/CompileSuccess_Cue.uasset" 104
"../../../Engine/Content/EditorSounds/Notifications/CompileFailed.uasset" 105
"../../../Engine/Content/EditorSounds/Notifications/CompileFailed_Cue.uasset" 106
"../../../Engine/Content/MobileResources/HUD/MobileHUDButton1_off.uasset" 107
"../../../Engine/Content/MobileResources/HUD/MobileHUDButtonFire.uasset" 108
"../../../Engine/Content/MobileResources/HUD/MobileHUDButton3.uasset" 109
"../../../Engine/Content/MobileResources/T_MobileControls_texture.uasset" 110
"../../../Engine/Content/MobileResources/HUD/T_Castle_ThumbstickInner.uasset" 111
"../../../Engine/Content/MobileResources/HUD/MobileHUDButton1_on.uasset" 112
"../../../Engine/Content/MobileResources/HUD/MobileHUDButton2_on.uasset" 113
"../../../Engine/Content/MobileResources/HUD/T_Castle_ThumbstickOutter.uasset" 114
"../../../Engine/Content/MobileResources/HUD/MobileHUDButton2_off.uasset" 115
"../../../Engine/Content/MobileResources/T_MobileMenu2.uasset" 116
"../../../Engine/Content/MobileResources/HUD/VirtualJoystick_Background.uasset" 117
"../../../Engine/Content/MobileResources/HUD/VirtualJoystick_Thumb.uasset" 118
"../../../Engine/Content/MobileResources/HUD/LeftVirtualJoystickOnly.uasset" 119
"../../../Engine/Content/MobileResources/HUD/MobileHUDDirectionPad3.uasset" 120
"../../../Engine/Plugins/2D/Paper2D/Content/TranslucentUnlitSpriteMaterial.uasset" 121
"../../../BlackHole/Content/Blackhole/Enemies/APlanet.uasset" 122
"../../../BlackHole/Content/Blackhole/Enemies/APlanet_Sprite.uasset" 123
"../../../BlackHole/Content/Blackhole/Enemies/LightRay.uasset" 124
"../../../BlackHole/Content/Blackhole/Enemies/A_WLight.uasset" 125
"../../../BlackHole/Content/Blackhole/Enemies/LightCrush.uasset" 126
"../../../BlackHole/Content/Blackhole/Player/AHole1.uasset" 127
"../../../BlackHole/Content/Blackhole/Player/AHole1_Sprite.uasset" 128
"../../../Engine/Content/MobileResources/HUD/MobileHUDDirectionPad2.uasset" 129
"../../../BlackHole/Content/Blackhole/Enemies/AStar.uasset" 130
"../../../BlackHole/Content/Blackhole/Enemies/AStar_Sprite.uasset" 131
"../../../BlackHole/Content/Blackhole/Enemies/A_Light.uasset" 132
"../../../BlackHole/Content/Blackhole/Enemies/A_MatStar.uasset" 133
"../../../BlackHole/Content/Blackhole/Enemies/sunparticles.uasset" 134
"../../../BlackHole/Content/Blackhole/Enemies/A_SunParticleMat.uasset" 135
"../../../BlackHole/Content/Blackhole/Enemies/A_SunParticle.uasset" 136
"../../../BlackHole/Content/Blackhole/Enemies/Light.uasset" 137
"../../../BlackHole/Content/Blackhole/Player/A_BlackHoleMat.uasset" 138
"../../../BlackHole/Content/Blackhole/Player/youlose.uasset" 139
"../../../BlackHole/Content/Blackhole/Player/youlose_Sprite.uasset" 140
"../../../BlackHole/Content/Mannequin/Animations/ThirdPerson_Jump.uasset" 141
"../../../Engine/Content/EditorResources/EmptyActor.uasset" 142
"../../../BlackHole/Content/Mannequin/Animations/ThirdPersonJump_End.uasset" 143
"../../../BlackHole/Content/Mannequin/Animations/ThirdPersonJump_Loop.uasset" 144
"../../../BlackHole/Content/Mannequin/Animations/ThirdPersonJump_Start.uasset" 145
"../../../BlackHole/Content/Mannequin/Animations/ThirdPersonIdle.uasset" 146
"../../../BlackHole/Content/Mannequin/Animations/ThirdPersonRun.uasset" 147
"../../../BlackHole/Content/Mannequin/Animations/ThirdPersonWalk.uasset" 148
"../../../BlackHole/Content/Mannequin/Animations/ThirdPerson_IdleRun_2D.uasset" 149
"../../../Engine/Content/EditorBlueprintResources/StandardMacros.uasset" 150
"../../../BlackHole/Content/Mannequin/Animations/ThirdPerson_AnimBP.uasset" 151
"../../../BlackHole/Content/Blackhole/Enemies/FireballR2.uasset" 152
"../../../BlackHole/Content/Blackhole/Enemies/A_SunPartMat.uasset" 153
"../../../BlackHole/Content/Blackhole/Enemies/FireballR2_Sprite.uasset" 154
"../../../BlackHole/Content/Blackhole/Enemies/StarEnded.uasset" 155
"../../../BlackHole/Content/Blackhole/Player/BlackHole_Instance.uasset" 156
"../../../BlackHole/Content/Blackhole/Enemies/A_Enemy.uasset" 157
"../../../BlackHole/Content/Blackhole/Enemies/AntiGravExpo.uasset" 158
"../../../BlackHole/Content/Blackhole/Enemies/AntiGravExpo_Mat.uasset" 159
"../../../BlackHole/Content/Blackhole/Enemies/AntiGravExpo_Particle.uasset" 160
"../../../BlackHole/Content/Blackhole/Enemies/AntiGravityRocket.uasset" 161
"../../../BlackHole/Content/Blackhole/Enemies/A_MatPlanet.uasset" 162
"../../../BlackHole/Content/Blackhole/Enemies/Rocket_Trail.uasset" 163
"../../../BlackHole/Content/Blackhole/Enemies/A_Rocket.uasset" 164
"../../../BlackHole/Content/Blackhole/Player/TopDownController.uasset" 165
"../../../BlackHole/Content/Blackhole/Player/BlackHole_Material.uasset" 166
"../../../Engine/Content/MobileResources/HUD/AnalogHat.uasset" 167
"../../../BlackHole/Content/Blackhole/Player/M_Cursor_Decal.uasset" 168
"../../../BlackHole/Content/Blackhole/Player/ASparks.uasset" 169
"../../../BlackHole/Content/Blackhole/Player/ASparks_Mat.uasset" 170
"../../../BlackHole/Content/Blackhole/Player/BlackHole_particle.uasset" 171
"../../../BlackHole/Content/Blackhole/Player/BlackHoleHud.uasset" 172
"../../../BlackHole/Content/Blackhole/Player/BlackholeFont.uasset" 173
"../../../BlackHole/Content/Blackhole/Player/UMGs/UMG_Easy.uasset" 174
"../../../BlackHole/Content/Blackhole/Player/UMGs/UMG_HS.uasset" 175
"../../../BlackHole/Content/Blackhole/Player/UMGs/UMG_NG.uasset" 176
"../../../BlackHole/Content/Blackhole/Player/UMGs/UMG_Norm.uasset" 177
"../../../BlackHole/Content/Blackhole/Player/GameMenu.uasset" 178
"../../../BlackHole/Content/Geometry/Meshes/CubeMaterial.uasset" 179
"../../../BlackHole/Content/Geometry/Meshes/1M_Cube.uasset" 180
"../../../BlackHole/Content/Blackhole/Player/BlackHolePlayer.uasset" 181
"../../../BlackHole/Content/Blackhole/Player/BlackHole_GameMode.uasset" 182
"../../../Engine/Content/MobileResources/HUD/DefaultVirtualJoysticks.uasset" 183
"../../../Engine/Content/MobileResources/HUD/MobileHUDDirectionPad.uasset" 184
"../../../Engine/Content/MobileResources/HUD/MobileHUDDirectionStick.uasset" 185
"../../../Engine/Content/BasicShapes/Cone.uasset" 186
"../../../Engine/Content/EngineMaterials/WorldGridMaterial.uasset" 187
"../../../Engine/Content/BasicShapes/Cube.uasset" 188
"../../../Engine/Content/BasicShapes/Cylinder.uasset" 189
"../../../Engine/Content/BasicShapes/Sphere.uasset" 190
"../../../Engine/Content/EditorMaterials/PhAT_JointLimitMaterial.uasset" 191
"../../../Engine/Content/EditorMaterials/PreviewShadowIndicator.uasset" 192
"../../../Engine/Content/EditorMaterials/PreviewShadowIndicatorMaterial.uasset" 193
"../../../Engine/Content/EditorMeshes/ColorCalibrator/M_ChromeBall.uasset" 194
"../../../Engine/Content/EditorMeshes/ColorCalibrator/M_ClearCoat.uasset" 195
"../../../Engine/Content/EditorMeshes/ColorCalibrator/M_ClearCoatBlack.uasset" 196
"../../../Engine/Content/EditorMeshes/ColorCalibrator/T_ColorGrid.uasset" 197
"../../../Engine/Content/EditorMeshes/ColorCalibrator/M_ColorGrid.uasset" 198
"../../../Engine/Content/EditorMeshes/ColorCalibrator/M_GreyBall.uasset" 199
"../../../Engine/Content/EditorMeshes/ColorCalibrator/SM_ColorCalibrator.uasset" 200
"../../../Engine/Content/EditorResources/BSPVertex.uasset" 201
"../../../Engine/Content/EngineDebugMaterials/HeatmapGradient.uasset" 202
"../../../Engine/Content/EngineDebugMaterials/BoneWeightMaterial.uasset" 203
"../../../Engine/Content/EngineDebugMaterials/GeomMaterial.uasset" 204
"../../../Engine/Content/EngineMaterials/EditorBrushMaterial.uasset" 205
"../../../Engine/Content/EngineMeshes/Cube.uasset" 206
"../../../Engine/Content/Tutorial/Basics/TutorialAssets/icon_tab_Levels_40x.uasset" 207
"../../../Engine/Content/Tutorial/BlueprintTutorials/TutorialAssets/BlueprintInterface_64x.uasset" 208
"../../../Engine/Content/Tutorial/BlueprintTutorials/TutorialAssets/BlueprintMacroLibrary_64x.uasset" 209
"../../../Engine/Content/Tutorial/BlueprintTutorials/TutorialAssets/Blueprint_64x.uasset" 210
"../../../Engine/Content/Tutorial/BlueprintTutorials/TutorialAssets/Tutorial_BP_Interface.uasset" 211
"../../../Engine/Content/Tutorial/Foliage/TutorialAssets/Foliage.uasset" 212
"../../../Engine/Content/Tutorial/Landscape/TutorialAssets/Landscape.uasset" 213
"../../../Engine/Content/Tutorial/Paper2D/TutorialAssets/Paper2DFlipbook_TutorialIcon.uasset" 214
"../../../Engine/Content/Tutorial/Paper2D/TutorialAssets/Paper2DSprite_TutorialIcon.uasset" 215
"../../../Engine/Content/Tutorial/SubEditors/TutorialAssets/icon_Editor_Preferences_General_40x.uasset" 216
"../../../Engine/Content/Tutorial/SubEditors/TutorialAssets/icon_ShowSkeletalMeshes_40x.uasset" 217
"../../../Engine/Content/Tutorial/SubEditors/TutorialAssets/TutorialMaterial.uasset" 218
"../../../Engine/Content/Tutorial/SubEditors/TutorialAssets/T_SmokeSubUV_8X8.uasset" 219
"../../../Engine/Content/Tutorial/SubEditors/TutorialAssets/T_soft_smoke.uasset" 220
"../../../Engine/Content/Tutorial/SubEditors/TutorialAssets/M_smoke_subUV_blackbody.uasset" 221
"../../../Engine/Content/Tutorial/SubEditors/TutorialAssets/TutorialParticleSystem.uasset" 222
"../../../Engine/Content/EditorMeshes/EditorCube.uasset" 223
"../../../Engine/Content/Tutorial/SubEditors/TutorialAssets/Tutorial_DM.uasset" 224
"../../../Engine/Content/EngineMaterials/DefaultNormal.uasset" 225
"../../../Engine/Content/Maps/Entry.umap" 226
"../../../Engine/Content/EngineSky/C_Sky_Cloud_Color.uasset" 227
"../../../Engine/Content/EngineSky/C_Sky_Horizon_Color.uasset" 228
"../../../Engine/Content/EngineSky/C_Sky_Zenith_Color.uasset" 229
"../../../Engine/Content/EngineSky/T_Sky_Blue.uasset" 230
"../../../Engine/Content/EngineSky/T_Sky_Clouds_M.uasset" 231
"../../../Engine/Content/EngineSky/T_Sky_Stars.uasset" 232
"../../../Engine/Content/EngineSky/M_Sky_Panning_Clouds2.uasset" 233
"../../../Engine/Content/EngineSky/SM_SkySphere.uasset" 234
"../../../Engine/Content/EngineSky/BP_Sky_Sphere.uasset" 235
"../../../BlackHole/Content/Blackhole/Enemies/suntexture.uasset" 236
"../../../BlackHole/Content/Blackhole/Enemies/A_StarMaterial.uasset" 237
"../../../Engine/Content/EngineMaterials/OrientParticle.uasset" 238
"../../../Engine/Content/EngineMaterials/DefaultParticle.uasset" 239
"../../../BlackHole/Content/Blackhole/Enemies/A_SunCrushPart.uasset" 240
"../../../BlackHole/Content/Blackhole/Enemies/A_Star.uasset" 241
"../../../BlackHole/Content/Blackhole/Player/TopDownGameMode.uasset" 242
"../../../BlackHole/Content/Blackhole/Enemies/A_PlanetMaterial.uasset" 243
"../../../BlackHole/Content/Blackhole/Enemies/A_Planet.uasset" 244
"../../../BlackHole/Content/Blackhole/Spawners/GenericSpawner.uasset" 245
"../../../BlackHole/Content/Blackhole/BMaps/ABlackyzz.uasset" 246
"../../../BlackHole/Content/Blackhole/BMaps/ABlackyzz_Mat.uasset" 247
"../../../BlackHole/Content/Blackhole/BMaps/Invisable_Mat.uasset" 248
"../../../BlackHole/Content/Blackhole/BMaps/sky1_Mat.uasset" 249
"../../../BlackHole/Content/Blackhole/BMaps/sky1.uasset" 250
"../../../BlackHole/Content/Blackhole/BMaps/sky1_Sprite.uasset" 251
"../../../BlackHole/Content/Blackhole/BMaps/Map1.umap" 252
