Log file open, 01/03/17 00:38:05
LogInit:Display: Running engine for game: BlackHole
LogPlatformFile: Not using cached read wrapper
LogInit:Display: RandInit(1192636097) SRandInit(1192636098).
LogTaskGraph: Started task graph with 4 named threads and 7 total threads with 1 sets of task threads.
LogStats: Stats thread started at 0.864290
LogInit: Version: 4.12.5-3039270+++UE4+Release-4.12
LogInit: API Version: 2992821
LogInit: Net Version: 3039270
LogDevObjectVersion: Number of dev versions registered: 13
LogDevObjectVersion:   Dev-Blueprints (B0D832E4-1F89-4F0D-ACCF-7EB736FD4AA2): 3
LogDevObjectVersion:   Dev-Build (E1C64328-A22C-4D53-A36C-8E866417BD8C): 0
LogDevObjectVersion:   Dev-Core (375EC13C-06E4-48FB-B500-84F0262A717E): 1
LogDevObjectVersion:   Dev-Editor (E4B068ED-F494-42E9-A231-DA0B2E46BB41): 2
LogDevObjectVersion:   Dev-Framework (CFFC743F-43B0-4480-9391-14DF171D2073): 6
LogDevObjectVersion:   Dev-Mobile (B02B49B5-BB20-44E9-A304-32B752E40360): 0
LogDevObjectVersion:   Dev-Networking (A4E4105C-59A1-49B5-A7C5-40C4547EDFEE): 0
LogDevObjectVersion:   Dev-Online (39C831C9-5AE6-47DC-9A44-9C173E1C8E7C): 0
LogDevObjectVersion:   Dev-Physics (78F01B33-EBEA-4F98-B9B4-84EACCB95AA2): 0
LogDevObjectVersion:   Dev-Platform (6631380F-2D4D-43E0-8009-CF276956A95A): 0
LogDevObjectVersion:   Dev-Rendering (12F88B9F-8875-4AFC-A67C-D90C383ABD29): 2
LogDevObjectVersion:   Dev-Sequencer (7B5AE74C-D270-4C10-A958-57980B212A5A): 0
LogDevObjectVersion:   Dev-VR (D7296918-1DD6-4BDD-9DE2-64A83CC13884): 0
LogInit: Compiled (64-bit): Jul  6 2016 09:09:46
LogInit: Compiled with Visual C++: 19.00.23026.00
LogInit: Build Configuration: Development
LogInit: Branch Name: ++UE4+Release-4.12
LogInit: Command line:  
LogInit: Base directory: C:/Program Files/Epic Games/4.12/Engine/Binaries/Win64/
LogInit: Installed Engine Build: 1
LogInit: Using libcurl 7.41.0
LogInit:  - built for x86_64-pc-win32
LogInit:  - supports SSL with WinSSL
LogInit:  - other features:
LogInit:      CURL_VERSION_SSL
LogInit:      CURL_VERSION_IPV6
LogInit:      CURL_VERSION_ASYNCHDNS
LogInit:      CURL_VERSION_LARGEFILE
LogInit:      CURL_VERSION_IDN
LogInit:  CurlRequestOptions (configurable via config and command line):
LogInit:  - bVerifyPeer = true  - Libcurl will verify peer certificate
LogInit:  - bUseHttpProxy = false  - Libcurl will NOT use HTTP proxy
LogInit:  - bDontReuseConnections = false  - Libcurl will reuse connections
LogInit:  - CertBundlePath = nullptr  - Libcurl will use whatever was configured at build time.
LogInit: Presizing for max 8388607 objects, including 0 objects not considered by GC, pre-allocating 0 bytes for permanent pool.
LogInit: Object subsystem initialized
[2017.01.03-08.38.05:667][  0]LogInit: Selected Device Profile: [Windows]
[2017.01.03-08.38.05:667][  0]LogInit: Applying CVar settings loaded from the selected device profile: [Windows]
[2017.01.03-08.38.05:743][  0]LogInit: Computer: GODLIKESYSTEM
[2017.01.03-08.38.05:743][  0]LogInit: User: Demonic
[2017.01.03-08.38.05:743][  0]LogInit: CPU Page size=65536, Cores=4
[2017.01.03-08.38.05:743][  0]LogInit: High frequency timer resolution =3.312851 MHz
[2017.01.03-08.38.05:743][  0]LogMemory: Memory total: Physical=8.0GB (8GB approx)
[2017.01.03-08.38.05:743][  0]LogMemory: Platform Memory Stats for Windows
[2017.01.03-08.38.05:743][  0]LogMemory: Process Physical Memory: 191.18 MB used, 191.18 MB peak
[2017.01.03-08.38.05:743][  0]LogMemory: Process Virtual Memory: 196.97 MB used, 196.97 MB peak
[2017.01.03-08.38.05:743][  0]LogMemory: Physical Memory: 4701.18 MB used, 8174.04 MB total
[2017.01.03-08.38.05:743][  0]LogMemory: Virtual Memory: 520.69 MB used, 8388608.00 MB total
[2017.01.03-08.38.07:382][  0]LogTextLocalizationManager: No specific translations for ('en-US') exist, so ('en') translations will be used.
[2017.01.03-08.38.08:683][  0]LogD3D11RHI: D3D11 adapters:
[2017.01.03-08.38.09:157][  0]LogD3D11RHI:    0. 'NVIDIA GeForce GT 440' (Feature Level 11_0)
[2017.01.03-08.38.09:157][  0]LogD3D11RHI:       1489/0/2559 MB DedicatedVideo/DedicatedSystem/SharedSystem, Outputs:1, VendorId:0x10de
[2017.01.03-08.38.09:157][  0]LogD3D11RHI: Chosen D3D11 Adapter: 0
[2017.01.03-08.38.09:161][  0]LogD3D11RHI: Creating new Direct3DDevice
[2017.01.03-08.38.09:161][  0]LogD3D11RHI:     GPU DeviceId: 0xdc0 (for the marketing name, search the web for "GPU Device Id")
[2017.01.03-08.38.09:161][  0]LogWindows: EnumDisplayDevices:
[2017.01.03-08.38.09:161][  0]LogWindows:    0. 'NVIDIA GeForce GT 440' (P:1 D:1)
[2017.01.03-08.38.09:161][  0]LogWindows:    1. 'NVIDIA GeForce GT 440' (P:0 D:0)
[2017.01.03-08.38.09:161][  0]LogWindows:    2. 'RDPDD Chained DD' (P:0 D:0)
[2017.01.03-08.38.09:161][  0]LogWindows:    3. 'RDP Encoder Mirror Driver' (P:0 D:0)
[2017.01.03-08.38.09:161][  0]LogWindows:    4. 'RDP Reflector Display Driver' (P:0 D:0)
[2017.01.03-08.38.09:161][  0]LogWindows: DebugString: GetVideoDriverDetailsInvalid PrimaryIsNotTheChoosenAdapter GetVideoDriverDetailsInvalid PrimaryIsNotTheChoosenAdapter GetVideoDriverDetailsInvalid PrimaryIsNotTheChoosenAdapter FoundDriverCount:2 
[2017.01.03-08.38.09:161][  0]LogD3D11RHI:     Adapter Name: NVIDIA GeForce GT 440
[2017.01.03-08.38.09:162][  0]LogD3D11RHI:   Driver Version: 364.72 (internal:10.18.13.6472, unified:364.72)
[2017.01.03-08.38.09:162][  0]LogD3D11RHI:      Driver Date: 3-21-2016
[2017.01.03-08.38.09:162][  0]LogRHI: Texture pool is 1042 MB (70% of 1489 MB)
[2017.01.03-08.38.09:169][  0]LogD3D11RHI: Async texture creation enabled
[2017.01.03-08.38.09:276][  0]LogD3D11RHI: GPU Timing Frequency: 1000.000000 (Debug: 2 2)
[2017.01.03-08.38.09:294][  0]LogShaderCompilers: Guid format shader working directory is -2 characters bigger than the processId version (../../../../../../Users/Demonic/Desktop/Blackhole/Intermediate/Shaders/WorkingDirectory/10644/).
[2017.01.03-08.38.09:294][  0]LogShaderCompilers: Cleaned the shader compiler working directory 'C:/Users/Demonic/AppData/Local/Temp/UnrealShaderWorkingDir/B6AD027C4E15279A48F31FAADF94ECE9/'.
[2017.01.03-08.38.09:299][  0]LogShaderCompilers:Display: Using Local Shader Compiler.
[2017.01.03-08.38.15:461][  0]LogTemp:Display: Loaded TP AllDesktopTargetPlatform
[2017.01.03-08.38.15:485][  0]LogTemp:Display: Loaded TP WindowsClientTargetPlatform
[2017.01.03-08.38.15:508][  0]LogTemp:Display: Loaded TP WindowsNoEditorTargetPlatform
[2017.01.03-08.38.15:531][  0]LogTemp:Display: Loaded TP WindowsServerTargetPlatform
[2017.01.03-08.38.15:557][  0]LogTemp:Display: Loaded TP WindowsTargetPlatform
[2017.01.03-08.38.15:580][  0]LogTemp:Display: Loaded TP AndroidTargetPlatform
[2017.01.03-08.38.15:603][  0]LogTemp:Display: Loaded TP Android_ASTCTargetPlatform
[2017.01.03-08.38.15:626][  0]LogTemp:Display: Loaded TP Android_ATCTargetPlatform
[2017.01.03-08.38.15:649][  0]LogTemp:Display: Loaded TP Android_DXTTargetPlatform
[2017.01.03-08.38.15:672][  0]LogTemp:Display: Loaded TP Android_ETC1TargetPlatform
[2017.01.03-08.38.15:696][  0]LogTemp:Display: Loaded TP Android_ETC2TargetPlatform
[2017.01.03-08.38.15:742][  0]LogTemp:Display: Loaded TP Android_MultiTargetPlatform
[2017.01.03-08.38.15:742][  0]LogTemp:Display: Loaded TP Android_PVRTCTargetPlatform
[2017.01.03-08.38.15:758][  0]LogTemp:Display: Loaded TP HTML5TargetPlatform
[2017.01.03-08.38.15:874][  0]LogTemp:Display: Loaded TP IOSTargetPlatform
[2017.01.03-08.38.15:895][  0]LogTemp:Display: Loaded TP TVOSTargetPlatform
[2017.01.03-08.38.15:918][  0]LogTemp:Display: Loaded TP LinuxNoEditorTargetPlatform
[2017.01.03-08.38.15:941][  0]LogTemp:Display: Loaded TP LinuxServerTargetPlatform
[2017.01.03-08.38.15:973][  0]LogTemp:Display: Loaded TP LinuxTargetPlatform
[2017.01.03-08.38.15:973][  0]LogTargetPlatformManager:Display: Building Assets For Windows
[2017.01.03-08.38.17:082][  0]LogDerivedDataCache:Display: Max Cache Size: 512 MB
[2017.01.03-08.38.17:824][  0]LogDerivedDataCache: Loaded boot cache 0.72s 48MB C:/Users/Demonic/AppData/Local/UnrealEngine/4.12/DerivedDataCache/Boot.ddc.
[2017.01.03-08.38.17:824][  0]LogDerivedDataCache:Display: Loaded Boot cache: C:/Users/Demonic/AppData/Local/UnrealEngine/4.12/DerivedDataCache/Boot.ddc
[2017.01.03-08.38.17:824][  0]LogDerivedDataCache: FDerivedDataBackendGraph:  Pak pak cache file ../../../../../../Users/Demonic/Desktop/Blackhole/DerivedDataCache/DDC.ddp not found, will not use a pak cache.
[2017.01.03-08.38.17:824][  0]LogDerivedDataCache: Unable to find inner node Pak for hierarchical cache Hierarchy.
[2017.01.03-08.38.17:824][  0]LogDerivedDataCache: FDerivedDataBackendGraph:  CompressedPak pak cache file ../../../../../../Users/Demonic/Desktop/Blackhole/DerivedDataCache/Compressed.ddp not found, will not use a pak cache.
[2017.01.03-08.38.17:824][  0]LogDerivedDataCache: Unable to find inner node CompressedPak for hierarchical cache Hierarchy.
[2017.01.03-08.38.17:961][  0]LogDerivedDataCache:Display: Pak cache opened for reading ../../../Engine/DerivedDataCache/Compressed.ddp.
[2017.01.03-08.38.17:972][  0]LogDerivedDataCache: Using Local data cache path C:/Users/Demonic/AppData/Local/UnrealEngine/Common/DerivedDataCache: Writable
[2017.01.03-08.38.23:008][  0]LogInit: Selected Device Profile: [Windows]
[2017.01.03-08.38.23:135][  0]LogContentStreaming: Texture pool size is 0.00 MB
[2017.01.03-08.38.25:460][  0]LogMeshUtilities: No automatic mesh reduction module available
[2017.01.03-08.38.25:460][  0]LogMeshUtilities: No automatic mesh merging module available
[2017.01.03-08.38.25:460][  0]LogMeshUtilities: No distributed automatic mesh merging module available
[2017.01.03-08.38.30:946][  0]LogAssetRegistry: FAssetRegistry took 0.0200 seconds to start up
[2017.01.03-08.38.31:027][  0]LogPackageLocalizationCache: Processed 3 localized package path(s) for 2 prioritized culture(s) in 0.031657 seconds
[2017.01.03-08.38.31:083][  0]LogUObjectArray: 28739 objects as part of root set at end of initial load.
[2017.01.03-08.38.31:083][  0]LogUObjectAllocator: 5855624 out of 0 bytes used by permanent object pool.
[2017.01.03-08.38.31:083][  0]LogUObjectArray: CloseDisregardForGC: 0/0 objects in disregard for GC pool
[2017.01.03-08.38.31:124][  0]LogInit: WinSock: version 1.1 (2.2), MaxSocks=32767, MaxUdp=65467
[2017.01.03-08.38.41:590][  0]LogSlate: SlateFontCache - WITH_FREETYPE: 1, WITH_HARFBUZZ: 1
[2017.01.03-08.38.41:590][  0]LogSlate: SlateFontCache - WITH_FREETYPE: 1, WITH_HARFBUZZ: 1
[2017.01.03-08.39.41:193][  0]LogUdpMessaging: Initializing bridge on interface 0.0.0.0:0 to multicast group 230.0.0.1:6666.
[2017.01.03-08.39.42:582][  0]SourceControl: Info Source control is disabled
[2017.01.03-08.39.42:600][  0]SourceControl: Info Source control is disabled
[2017.01.03-08.39.42:668][  0]SourceControl: Info Source control is disabled
[2017.01.03-08.39.42:768][  0]SourceControl: Info Source control is disabled
[2017.01.03-08.39.43:305][  0]LogLinker:Warning: Can't find file '/Game/TopDownCPP/TopDownOverview'
[2017.01.03-08.39.43:306][  0]LogLinker:Warning: Can't find file '/Game/TopDownCPP/TopDownOverview'
[2017.01.03-08.39.43:306][  0]LogUObjectGlobals:Warning: Failed to find object 'Class /Game/TopDownCPP/TopDownOverview.TopDownOverview_C'
[2017.01.03-08.39.44:112][  0]LogEngine: Initializing Engine...
[2017.01.03-08.39.44:167][  0]LogHMD: SteamVR failed to initialize.  Err: 110
[2017.01.03-08.39.44:170][  0]LogHMD: SteamVR failed to initialize.  Err: 110
[2017.01.03-08.39.44:994][  0]LogAIModule: Creating AISystem for world NewWorld
[2017.01.03-08.39.45:107][  0]LogInit: XAudio2 using 'Speakers (USB  AUDIO  )' : 2 channels at 48 kHz using 16 bits per sample (channel mask 0x3)
[2017.01.03-08.39.45:132][  0]LogInit: FAudioDevice initialized.
[2017.01.03-08.39.45:180][  0]LogDerivedDataCache: Saved boot cache 0.05s 48MB C:/Users/Demonic/AppData/Local/UnrealEngine/4.12/DerivedDataCache/Boot.ddc.
[2017.01.03-08.39.45:187][  0]LogInit: Texture streaming: Enabled
[2017.01.03-08.39.46:138][  0]LogInit: Transaction tracking system initialized
[2017.01.03-08.39.46:355][  0]BlueprintLog: New page: Editor Load
[2017.01.03-08.39.47:640][  0]LocalizationService: Info Localization service is disabled
[2017.01.03-08.39.48:787][  0]LogConsoleResponse:Display: 
[2017.01.03-08.39.53:039][  0]LogCook:Display: Max memory allowance for cook 8192mb
[2017.01.03-08.39.53:039][  0]LogCook:Display: Mobile HDR setting 0
[2017.01.03-08.39.54:268][  0]LogFileCache: Scanning file cache for directory 'C:/Users/Demonic/Desktop/Blackhole/Content/' took 0.01s
[2017.01.03-08.39.56:513][  0]SourceControl: Info Source control is disabled
[2017.01.03-08.39.56:513][  0]Cmd: MAP LOAD FILE="../../../../../../Users/Demonic/Desktop/Blackhole/Content/TopDownBP/Maps/TopDownExampleMap.umap" TEMPLATE=0 SHOWPROGRESS=1 FEATURELEVEL=3
[2017.01.03-08.39.56:513][  0]LightingResults: New page: Lighting Build
[2017.01.03-08.39.56:559][  0]MapCheck: New page: Map Check
[2017.01.03-08.39.56:559][  0]LightingResults: New page: Lighting Build
[2017.01.03-08.40.02:663][  0]LogTexture:Display: Building textures: HQ_Lightmap0_1 (AutoDXT)
[2017.01.03-08.40.02:827][  0]LogTexture:Display: Building textures: HQ_Lightmap0_2 (AutoDXT)
[2017.01.03-08.40.02:840][  0]LogTexture:Display: Building textures: LQ_Lightmap_0_1 (DXT1)
[2017.01.03-08.40.02:910][  0]LogTexture:Display: Building textures: LQ_Lightmap_0_2 (DXT1)
[2017.01.03-08.40.02:924][  0]LogTexture:Display: Building textures: SkyOcclusion0_1 (AutoDXT)
[2017.01.03-08.40.03:014][  0]LogTexture:Display: Building textures: SkyOcclusion0_2 (AutoDXT)
[2017.01.03-08.40.03:019][  0]LogTexture:Display: Building textures: ShadowMapTexture2D_0 (G8)
[2017.01.03-08.40.03:039][  0]LogTexture:Display: Building textures: ShadowMapTexture2D_1 (G8)
[2017.01.03-08.40.03:300][  0]LogTexture:Display: Building textures: T_ML_Rubber_Blue_01_N (BC5)
[2017.01.03-08.40.03:331][  0]LogTexture:Display: Building textures: T_ML_Rubber_Blue_01_D (AutoDXT)
[2017.01.03-08.40.03:482][  0]LogTexture:Display: Building textures: T_ML_Aluminum01 (AutoDXT)
[2017.01.03-08.40.03:611][  0]LogTexture:Display: Building textures: T_ML_Aluminum01_N (BC5)
[2017.01.03-08.40.03:650][  0]LogTexture:Display: Building textures: T_UE4_Mannequin_Mobile_M (AutoDXT)
[2017.01.03-08.40.04:015][  0]LogTexture:Display: Building textures: T_UE4_Mannequin_Mobile_N (BC5)
[2017.01.03-08.40.04:215][  0]LogMaterial: Missing cached shader map for material M_UE4Man_Body, compiling. 
[2017.01.03-08.40.04:497][  0]LogMaterial: Missing cached shader map for material M_UE4Man_Body, compiling. 
[2017.01.03-08.40.04:879][  0]LogAnimationCompression: Building Anim DDC data for AnimSequence /Game/Mannequin/Animations/ThirdPersonJump_End.ThirdPersonJump_End
[2017.01.03-08.40.04:966][  0]LogAnimationCompression: Building Anim DDC data for AnimSequence /Game/Mannequin/Animations/ThirdPersonJump_Loop.ThirdPersonJump_Loop
[2017.01.03-08.40.04:991][  0]LogAnimationCompression: Building Anim DDC data for AnimSequence /Game/Mannequin/Animations/ThirdPersonJump_Start.ThirdPersonJump_Start
[2017.01.03-08.40.05:032][  0]LogAnimationCompression: Building Anim DDC data for AnimSequence /Game/Mannequin/Animations/ThirdPersonIdle.ThirdPersonIdle
[2017.01.03-08.40.05:193][  0]LogAnimationCompression: Building Anim DDC data for AnimSequence /Game/Mannequin/Animations/ThirdPersonRun.ThirdPersonRun
[2017.01.03-08.40.05:232][  0]LogAnimationCompression: Building Anim DDC data for AnimSequence /Game/Mannequin/Animations/ThirdPersonWalk.ThirdPersonWalk
[2017.01.03-08.40.05:523][  0]LogMaterial: Missing cached shader map for material CubeMaterial, compiling. 
[2017.01.03-08.40.05:555][  0]LogTexture:Display: Building textures: LightRay (AutoDXT)
[2017.01.03-08.40.05:641][  0]LogMaterial: Missing cached shader map for material A_WLight, compiling. 
[2017.01.03-08.40.06:110][  0]LogAIModule: Creating AISystem for world TopDownExampleMap
[2017.01.03-08.40.07:153][  0]LogEditorServer: Finished looking for orphan Actors (0.000 secs)
[2017.01.03-08.40.07:199][  0]Cmd: MAP CHECKDEP NOCLEARLOG
[2017.01.03-08.40.07:249][  0]MapCheck: Info Map check complete: 0 Error(s), 0 Warning(s), took 49.862ms to complete.
[2017.01.03-08.40.07:249][  0]LogFileHelpers: Loading map 'TopDownExampleMap' took 10.736
[2017.01.03-08.40.08:240][  0]LogCollectionManager: Loaded 0 collections in 0.002190 seconds
[2017.01.03-08.40.08:295][  0]LogFileCache: Scanning file cache for directory 'C:/Users/Demonic/Desktop/Blackhole/Saved/Collections/' took 0.01s
[2017.01.03-08.40.08:295][  0]LogFileCache: Scanning file cache for directory 'C:/Users/Demonic/Desktop/Blackhole/Content/Developers/Demonic/Collections/' took 0.02s
[2017.01.03-08.40.08:295][  0]LogFileCache: Scanning file cache for directory 'C:/Users/Demonic/Desktop/Blackhole/Content/Collections/' took 0.01s
[2017.01.03-08.40.08:295][  0]LogCollectionManager: Rebuilt the GUID cache for 0 collections in 0.000008 seconds
[2017.01.03-08.40.08:310][  0]LogContentBrowser: Native class hierarchy populated in 0.0152 seconds. Added 2047 classes and 369 folders.
[2017.01.03-08.40.08:318][  0]LogStats: UGameplayTagsManager::ConstructGameplayTagTree: Construct from data asset -  0.000 s
[2017.01.03-08.40.08:318][  0]LogStats: UGameplayTagsManager::ConstructGameplayTagTree: GameplayTagTreeChangedEvent.Broadcast -  0.000 s
[2017.01.03-08.40.08:319][  0]LogContentBrowser: Native class hierarchy updated for 'GameplayTags' in 0.0007 seconds. Added 12 classes and 0 folders.
[2017.01.03-08.40.08:330][  0]LogContentBrowser: Native class hierarchy updated for 'WidgetCarousel' in 0.0006 seconds. Added 0 classes and 0 folders.
[2017.01.03-08.40.13:112][  0]LogContentBrowser: Native class hierarchy updated for 'AddContentDialog' in 0.0006 seconds. Added 0 classes and 0 folders.
[2017.01.03-08.40.13:279][  0]LogContentBrowser: Native class hierarchy updated for 'SceneOutliner' in 0.0007 seconds. Added 1 classes and 2 folders.
[2017.01.03-08.40.13:744][  0]LogCrashTracker: Crashtracker disabled due to settings.
[2017.01.03-08.40.13:812][  0]LogUObjectGlobals:Warning: Failed to find object 'Class None.'
[2017.01.03-08.40.13:974][  0]LogContentBrowser: Native class hierarchy updated for 'HierarchicalLODOutliner' in 0.0006 seconds. Added 1 classes and 2 folders.
[2017.01.03-08.40.13:980][  0]LogLoad: Full Startup: 134.57 seconds (BP compile: 0.44 seconds)
[2017.01.03-08.40.13:980][  0]LogExternalProfiler: Found external profiler: VSPerf
[2017.01.03-08.40.13:980][  0]LogExternalProfiler: Using external profiler: VSPerf
[2017.01.03-08.40.14:365][  0]LogOcInput: OculusInput pre-init called
[2017.01.03-08.40.14:695][  0]LogContentStreaming: Texture pool size now 1000 MB
[2017.01.03-08.40.16:622][  0]LogRenderer: Reallocating scene render targets to support 704x540 (Frame:2).
[2017.01.03-08.40.17:080][  1]LogCollectionManager: Rebuilt the object cache for 0 collections in 0.000001 seconds (found 0 objects)
[2017.01.03-08.40.17:723][  3]LogAssetRegistry: Asset discovery search completed in 106.7955 seconds
[2017.01.03-08.40.17:723][  3]LogCollectionManager: Fixed up redirectors for 0 collections in 0.000020 seconds (updated 0 objects)
[2017.01.03-08.42.04:986][420]LogBlueprintUserMessages: Early PlayInEditor Detection: Level '/Game/TopDownBP/Maps/TopDownExampleMap.TopDownExampleMap:PersistentLevel' has LevelScriptBlueprint '/Game/TopDownBP/Maps/TopDownExampleMap.TopDownExampleMap:PersistentLevel.TopDownExampleMap' with GeneratedClass '/Game/TopDownBP/Maps/TopDownExampleMap.TopDownExampleMap_C' with ClassGeneratedBy '/Game/TopDownBP/Maps/TopDownExampleMap.TopDownExampleMap:PersistentLevel.TopDownExampleMap'
[2017.01.03-08.42.04:986][420]LogPlayLevel: PlayLevel: No blueprints needed recompiling
[2017.01.03-08.42.05:009][420]PIE: New page: PIE session: TopDownExampleMap (Jan 2, 2017, 4:42:04 PM)
[2017.01.03-08.42.05:009][420]LogPlayLevel: Creating play world package: /Game/TopDownBP/Maps/UEDPIE_0_TopDownExampleMap
[2017.01.03-08.42.05:038][420]LogPlayLevel: PIE: StaticDuplicateObject took: (0.029139s)
[2017.01.03-08.42.05:040][420]LogAIModule: Creating AISystem for world TopDownExampleMap
[2017.01.03-08.42.05:040][420]LogPlayLevel: PIE: World Init took: (0.001506s)
[2017.01.03-08.42.05:040][420]LogPlayLevel: PIE: Created PIE world by copying editor world from /Game/TopDownBP/Maps/TopDownExampleMap.TopDownExampleMap to /Game/TopDownBP/Maps/UEDPIE_0_TopDownExampleMap.TopDownExampleMap (0.031233s)
[2017.01.03-08.42.05:126][420]LogInit: XAudio2 using 'Speakers (USB  AUDIO  )' : 2 channels at 48 kHz using 16 bits per sample (channel mask 0x3)
[2017.01.03-08.42.05:130][420]LogInit: FAudioDevice initialized.
[2017.01.03-08.42.05:220][420]LogWorld: Game class is 'TopDownGameMode_C'
[2017.01.03-08.42.05:248][420]LogWorld: Bringing World /Game/TopDownBP/Maps/UEDPIE_0_TopDownExampleMap.TopDownExampleMap up for play (max tick rate 0) at 2017.01.03-00.42.05
[2017.01.03-08.42.05:271][420]LogWorld: Bringing up level for play took: 0.027076
[2017.01.03-08.42.05:291][420]LogContentBrowser: Native class hierarchy updated for 'MovieSceneCapture' in 0.0005 seconds. Added 11 classes and 0 folders.
[2017.01.03-08.42.05:301][420]PIE: Info Play in editor start time for /Game/TopDownBP/Maps/UEDPIE_0_TopDownExampleMap 0.826
[2017.01.03-08.42.05:302][420]LogBlueprintUserMessages: Late PlayInEditor Detection: Level '/Game/TopDownBP/Maps/TopDownExampleMap.TopDownExampleMap:PersistentLevel' has LevelScriptBlueprint '/Game/TopDownBP/Maps/TopDownExampleMap.TopDownExampleMap:PersistentLevel.TopDownExampleMap' with GeneratedClass '/Game/TopDownBP/Maps/TopDownExampleMap.TopDownExampleMap_C' with ClassGeneratedBy '/Game/TopDownBP/Maps/TopDownExampleMap.TopDownExampleMap:PersistentLevel.TopDownExampleMap'
[2017.01.03-08.43.14:828][ 94]LogBlueprintUserMessages: Early EndPlayMap Detection: Level '/Game/TopDownBP/Maps/TopDownExampleMap.TopDownExampleMap:PersistentLevel' has LevelScriptBlueprint '/Game/TopDownBP/Maps/TopDownExampleMap.TopDownExampleMap:PersistentLevel.TopDownExampleMap' with GeneratedClass '/Game/TopDownBP/Maps/TopDownExampleMap.TopDownExampleMap_C' with ClassGeneratedBy '/Game/TopDownBP/Maps/TopDownExampleMap.TopDownExampleMap:PersistentLevel.TopDownExampleMap'
[2017.01.03-08.43.14:919][ 94]LogBlueprintUserMessages: Late EndPlayMap Detection: Level '/Game/TopDownBP/Maps/TopDownExampleMap.TopDownExampleMap:PersistentLevel' has LevelScriptBlueprint '/Game/TopDownBP/Maps/TopDownExampleMap.TopDownExampleMap:PersistentLevel.TopDownExampleMap' with GeneratedClass '/Game/TopDownBP/Maps/TopDownExampleMap.TopDownExampleMap_C' with ClassGeneratedBy '/Game/TopDownBP/Maps/TopDownExampleMap.TopDownExampleMap:PersistentLevel.TopDownExampleMap'
[2017.01.03-08.43.40:558][564]LogContentBrowser: Native class hierarchy updated for 'BlueprintGraph' in 0.0008 seconds. Added 111 classes and 0 folders.
[2017.01.03-08.43.44:069][659]LogRenderer: Reallocating scene render targets to support 776x668 (Frame:6487).
[2017.01.03-08.45.07:114][ 35]BlueprintLog: New page: Compile BlackHolePlayer
[2017.01.03-08.45.07:802][ 35]BlueprintEditorCompileResults: Info [0428.38] Compile of BlackHolePlayer successful! [in 687 ms] (/Game/Blackhole/Player/BlackHolePlayer.BlackHolePlayer)
[2017.01.03-08.45.10:634][153]LogBlueprintUserMessages: Early PlayInEditor Detection: Level '/Game/TopDownBP/Maps/TopDownExampleMap.TopDownExampleMap:PersistentLevel' has LevelScriptBlueprint '/Game/TopDownBP/Maps/TopDownExampleMap.TopDownExampleMap:PersistentLevel.TopDownExampleMap' with GeneratedClass '/Game/TopDownBP/Maps/TopDownExampleMap.TopDownExampleMap_C' with ClassGeneratedBy '/Game/TopDownBP/Maps/TopDownExampleMap.TopDownExampleMap:PersistentLevel.TopDownExampleMap'
[2017.01.03-08.45.10:634][153]LogPlayLevel: PlayLevel: No blueprints needed recompiling
[2017.01.03-08.45.10:634][153]PIE: New page: PIE session: TopDownExampleMap (Jan 2, 2017, 4:45:10 PM)
[2017.01.03-08.45.10:634][153]LogPlayLevel: Creating play world package: /Game/TopDownBP/Maps/UEDPIE_0_TopDownExampleMap
[2017.01.03-08.45.10:709][153]LogPlayLevel: PIE: StaticDuplicateObject took: (0.075104s)
[2017.01.03-08.45.10:710][153]LogAIModule: Creating AISystem for world TopDownExampleMap
[2017.01.03-08.45.10:710][153]LogPlayLevel: PIE: World Init took: (0.000937s)
[2017.01.03-08.45.10:710][153]LogPlayLevel: PIE: Created PIE world by copying editor world from /Game/TopDownBP/Maps/TopDownExampleMap.TopDownExampleMap to /Game/TopDownBP/Maps/UEDPIE_0_TopDownExampleMap.TopDownExampleMap (0.076311s)
[2017.01.03-08.45.10:739][153]LogInit: XAudio2 using 'Speakers (USB  AUDIO  )' : 2 channels at 48 kHz using 16 bits per sample (channel mask 0x3)
[2017.01.03-08.45.10:744][153]LogInit: FAudioDevice initialized.
[2017.01.03-08.45.10:787][153]LogWorld: Game class is 'TopDownGameMode_C'
[2017.01.03-08.45.10:791][153]LogWorld: Bringing World /Game/TopDownBP/Maps/UEDPIE_0_TopDownExampleMap.TopDownExampleMap up for play (max tick rate 0) at 2017.01.03-00.45.10
[2017.01.03-08.45.10:791][153]LogWorld: Bringing up level for play took: 0.003288
[2017.01.03-08.45.10:793][153]PIE: Info Play in editor start time for /Game/TopDownBP/Maps/UEDPIE_0_TopDownExampleMap 0.314
[2017.01.03-08.45.10:793][153]LogBlueprintUserMessages: Late PlayInEditor Detection: Level '/Game/TopDownBP/Maps/TopDownExampleMap.TopDownExampleMap:PersistentLevel' has LevelScriptBlueprint '/Game/TopDownBP/Maps/TopDownExampleMap.TopDownExampleMap:PersistentLevel.TopDownExampleMap' with GeneratedClass '/Game/TopDownBP/Maps/TopDownExampleMap.TopDownExampleMap_C' with ClassGeneratedBy '/Game/TopDownBP/Maps/TopDownExampleMap.TopDownExampleMap:PersistentLevel.TopDownExampleMap'
[2017.01.03-08.45.27:847][288]LogBlueprintUserMessages: Early EndPlayMap Detection: Level '/Game/TopDownBP/Maps/TopDownExampleMap.TopDownExampleMap:PersistentLevel' has LevelScriptBlueprint '/Game/TopDownBP/Maps/TopDownExampleMap.TopDownExampleMap:PersistentLevel.TopDownExampleMap' with GeneratedClass '/Game/TopDownBP/Maps/TopDownExampleMap.TopDownExampleMap_C' with ClassGeneratedBy '/Game/TopDownBP/Maps/TopDownExampleMap.TopDownExampleMap:PersistentLevel.TopDownExampleMap'
[2017.01.03-08.45.27:889][288]LogBlueprintUserMessages: Late EndPlayMap Detection: Level '/Game/TopDownBP/Maps/TopDownExampleMap.TopDownExampleMap:PersistentLevel' has LevelScriptBlueprint '/Game/TopDownBP/Maps/TopDownExampleMap.TopDownExampleMap:PersistentLevel.TopDownExampleMap' with GeneratedClass '/Game/TopDownBP/Maps/TopDownExampleMap.TopDownExampleMap_C' with ClassGeneratedBy '/Game/TopDownBP/Maps/TopDownExampleMap.TopDownExampleMap:PersistentLevel.TopDownExampleMap'
[2017.01.03-08.45.42:273][808]BlueprintLog: New page: Compile BlackHolePlayer
[2017.01.03-08.45.42:495][808]BlueprintEditorCompileResults: Info [0463.08] Compile of BlackHolePlayer successful! [in 222 ms] (/Game/Blackhole/Player/BlackHolePlayer.BlackHolePlayer)
[2017.01.03-08.45.44:300][887]LogBlueprintUserMessages: Early PlayInEditor Detection: Level '/Game/TopDownBP/Maps/TopDownExampleMap.TopDownExampleMap:PersistentLevel' has LevelScriptBlueprint '/Game/TopDownBP/Maps/TopDownExampleMap.TopDownExampleMap:PersistentLevel.TopDownExampleMap' with GeneratedClass '/Game/TopDownBP/Maps/TopDownExampleMap.TopDownExampleMap_C' with ClassGeneratedBy '/Game/TopDownBP/Maps/TopDownExampleMap.TopDownExampleMap:PersistentLevel.TopDownExampleMap'
[2017.01.03-08.45.44:300][887]LogPlayLevel: PlayLevel: No blueprints needed recompiling
[2017.01.03-08.45.44:300][887]PIE: New page: PIE session: TopDownExampleMap (Jan 2, 2017, 4:45:44 PM)
[2017.01.03-08.45.44:300][887]LogPlayLevel: Creating play world package: /Game/TopDownBP/Maps/UEDPIE_0_TopDownExampleMap
[2017.01.03-08.45.44:384][887]LogPlayLevel: PIE: StaticDuplicateObject took: (0.083703s)
[2017.01.03-08.45.44:385][887]LogAIModule: Creating AISystem for world TopDownExampleMap
[2017.01.03-08.45.44:385][887]LogPlayLevel: PIE: World Init took: (0.000966s)
[2017.01.03-08.45.44:385][887]LogPlayLevel: PIE: Created PIE world by copying editor world from /Game/TopDownBP/Maps/TopDownExampleMap.TopDownExampleMap to /Game/TopDownBP/Maps/UEDPIE_0_TopDownExampleMap.TopDownExampleMap (0.084919s)
[2017.01.03-08.45.44:412][887]LogInit: XAudio2 using 'Speakers (USB  AUDIO  )' : 2 channels at 48 kHz using 16 bits per sample (channel mask 0x3)
[2017.01.03-08.45.44:416][887]LogInit: FAudioDevice initialized.
[2017.01.03-08.45.44:459][887]LogWorld: Game class is 'TopDownGameMode_C'
[2017.01.03-08.45.44:463][887]LogWorld: Bringing World /Game/TopDownBP/Maps/UEDPIE_0_TopDownExampleMap.TopDownExampleMap up for play (max tick rate 0) at 2017.01.03-00.45.44
[2017.01.03-08.45.44:463][887]LogWorld: Bringing up level for play took: 0.003323
[2017.01.03-08.45.44:465][887]PIE: Info Play in editor start time for /Game/TopDownBP/Maps/UEDPIE_0_TopDownExampleMap -0.014
[2017.01.03-08.45.44:465][887]LogBlueprintUserMessages: Late PlayInEditor Detection: Level '/Game/TopDownBP/Maps/TopDownExampleMap.TopDownExampleMap:PersistentLevel' has LevelScriptBlueprint '/Game/TopDownBP/Maps/TopDownExampleMap.TopDownExampleMap:PersistentLevel.TopDownExampleMap' with GeneratedClass '/Game/TopDownBP/Maps/TopDownExampleMap.TopDownExampleMap_C' with ClassGeneratedBy '/Game/TopDownBP/Maps/TopDownExampleMap.TopDownExampleMap:PersistentLevel.TopDownExampleMap'
[2017.01.03-08.46.34:935][260]LogBlueprintUserMessages: Early EndPlayMap Detection: Level '/Game/TopDownBP/Maps/TopDownExampleMap.TopDownExampleMap:PersistentLevel' has LevelScriptBlueprint '/Game/TopDownBP/Maps/TopDownExampleMap.TopDownExampleMap:PersistentLevel.TopDownExampleMap' with GeneratedClass '/Game/TopDownBP/Maps/TopDownExampleMap.TopDownExampleMap_C' with ClassGeneratedBy '/Game/TopDownBP/Maps/TopDownExampleMap.TopDownExampleMap:PersistentLevel.TopDownExampleMap'
[2017.01.03-08.46.34:976][260]LogBlueprintUserMessages: Late EndPlayMap Detection: Level '/Game/TopDownBP/Maps/TopDownExampleMap.TopDownExampleMap:PersistentLevel' has LevelScriptBlueprint '/Game/TopDownBP/Maps/TopDownExampleMap.TopDownExampleMap:PersistentLevel.TopDownExampleMap' with GeneratedClass '/Game/TopDownBP/Maps/TopDownExampleMap.TopDownExampleMap_C' with ClassGeneratedBy '/Game/TopDownBP/Maps/TopDownExampleMap.TopDownExampleMap:PersistentLevel.TopDownExampleMap'
[2017.01.03-08.46.41:075][620]LogBlueprintUserMessages: Early PlayInEditor Detection: Level '/Game/TopDownBP/Maps/TopDownExampleMap.TopDownExampleMap:PersistentLevel' has LevelScriptBlueprint '/Game/TopDownBP/Maps/TopDownExampleMap.TopDownExampleMap:PersistentLevel.TopDownExampleMap' with GeneratedClass '/Game/TopDownBP/Maps/TopDownExampleMap.TopDownExampleMap_C' with ClassGeneratedBy '/Game/TopDownBP/Maps/TopDownExampleMap.TopDownExampleMap:PersistentLevel.TopDownExampleMap'
[2017.01.03-08.46.41:075][620]LogPlayLevel: PlayLevel: No blueprints needed recompiling
[2017.01.03-08.46.41:075][620]PIE: New page: PIE session: TopDownExampleMap (Jan 2, 2017, 4:46:41 PM)
[2017.01.03-08.46.41:075][620]LogPlayLevel: Creating play world package: /Game/TopDownBP/Maps/UEDPIE_0_TopDownExampleMap
[2017.01.03-08.46.41:142][620]LogPlayLevel: PIE: StaticDuplicateObject took: (0.067204s)
[2017.01.03-08.46.41:143][620]LogAIModule: Creating AISystem for world TopDownExampleMap
[2017.01.03-08.46.41:143][620]LogPlayLevel: PIE: World Init took: (0.000890s)
[2017.01.03-08.46.41:143][620]LogPlayLevel: PIE: Created PIE world by copying editor world from /Game/TopDownBP/Maps/TopDownExampleMap.TopDownExampleMap to /Game/TopDownBP/Maps/UEDPIE_0_TopDownExampleMap.TopDownExampleMap (0.068367s)
[2017.01.03-08.46.41:181][620]LogInit: XAudio2 using 'Speakers (USB  AUDIO  )' : 2 channels at 48 kHz using 16 bits per sample (channel mask 0x3)
[2017.01.03-08.46.41:185][620]LogInit: FAudioDevice initialized.
[2017.01.03-08.46.41:227][620]LogWorld: Game class is 'TopDownGameMode_C'
[2017.01.03-08.46.41:231][620]LogWorld: Bringing World /Game/TopDownBP/Maps/UEDPIE_0_TopDownExampleMap.TopDownExampleMap up for play (max tick rate 0) at 2017.01.03-00.46.41
[2017.01.03-08.46.41:232][620]LogWorld: Bringing up level for play took: 0.003304
[2017.01.03-08.46.41:233][620]PIE: Info Play in editor start time for /Game/TopDownBP/Maps/UEDPIE_0_TopDownExampleMap 0.752
[2017.01.03-08.46.41:234][620]LogBlueprintUserMessages: Late PlayInEditor Detection: Level '/Game/TopDownBP/Maps/TopDownExampleMap.TopDownExampleMap:PersistentLevel' has LevelScriptBlueprint '/Game/TopDownBP/Maps/TopDownExampleMap.TopDownExampleMap:PersistentLevel.TopDownExampleMap' with GeneratedClass '/Game/TopDownBP/Maps/TopDownExampleMap.TopDownExampleMap_C' with ClassGeneratedBy '/Game/TopDownBP/Maps/TopDownExampleMap.TopDownExampleMap:PersistentLevel.TopDownExampleMap'
[2017.01.03-08.46.42:018][664]LogBlueprintUserMessages: Early EndPlayMap Detection: Level '/Game/TopDownBP/Maps/TopDownExampleMap.TopDownExampleMap:PersistentLevel' has LevelScriptBlueprint '/Game/TopDownBP/Maps/TopDownExampleMap.TopDownExampleMap:PersistentLevel.TopDownExampleMap' with GeneratedClass '/Game/TopDownBP/Maps/TopDownExampleMap.TopDownExampleMap_C' with ClassGeneratedBy '/Game/TopDownBP/Maps/TopDownExampleMap.TopDownExampleMap:PersistentLevel.TopDownExampleMap'
[2017.01.03-08.46.42:057][664]LogBlueprintUserMessages: Late EndPlayMap Detection: Level '/Game/TopDownBP/Maps/TopDownExampleMap.TopDownExampleMap:PersistentLevel' has LevelScriptBlueprint '/Game/TopDownBP/Maps/TopDownExampleMap.TopDownExampleMap:PersistentLevel.TopDownExampleMap' with GeneratedClass '/Game/TopDownBP/Maps/TopDownExampleMap.TopDownExampleMap_C' with ClassGeneratedBy '/Game/TopDownBP/Maps/TopDownExampleMap.TopDownExampleMap:PersistentLevel.TopDownExampleMap'
[2017.01.03-08.46.53:619][786]LogEditorViewport: Clicking on Actor (LMB): StaticMeshActor (Floor)
[2017.01.03-08.46.57:048][944]LogBlueprintUserMessages: Early PlayInEditor Detection: Level '/Game/TopDownBP/Maps/TopDownExampleMap.TopDownExampleMap:PersistentLevel' has LevelScriptBlueprint '/Game/TopDownBP/Maps/TopDownExampleMap.TopDownExampleMap:PersistentLevel.TopDownExampleMap' with GeneratedClass '/Game/TopDownBP/Maps/TopDownExampleMap.TopDownExampleMap_C' with ClassGeneratedBy '/Game/TopDownBP/Maps/TopDownExampleMap.TopDownExampleMap:PersistentLevel.TopDownExampleMap'
[2017.01.03-08.46.57:048][944]LogPlayLevel: PlayLevel: No blueprints needed recompiling
[2017.01.03-08.46.57:048][944]PIE: New page: PIE session: TopDownExampleMap (Jan 2, 2017, 4:46:57 PM)
[2017.01.03-08.46.57:048][944]LogPlayLevel: Creating play world package: /Game/TopDownBP/Maps/UEDPIE_0_TopDownExampleMap
[2017.01.03-08.46.57:067][944]LogPlayLevel: PIE: StaticDuplicateObject took: (0.019320s)
[2017.01.03-08.46.57:068][944]LogAIModule: Creating AISystem for world TopDownExampleMap
[2017.01.03-08.46.57:068][944]LogPlayLevel: PIE: World Init took: (0.000962s)
[2017.01.03-08.46.57:068][944]LogPlayLevel: PIE: Created PIE world by copying editor world from /Game/TopDownBP/Maps/TopDownExampleMap.TopDownExampleMap to /Game/TopDownBP/Maps/UEDPIE_0_TopDownExampleMap.TopDownExampleMap (0.020541s)
[2017.01.03-08.46.57:106][944]LogInit: XAudio2 using 'Speakers (USB  AUDIO  )' : 2 channels at 48 kHz using 16 bits per sample (channel mask 0x3)
[2017.01.03-08.46.57:110][944]LogInit: FAudioDevice initialized.
[2017.01.03-08.46.57:151][944]LogWorld: Game class is 'TopDownGameMode_C'
[2017.01.03-08.46.57:155][944]LogWorld: Bringing World /Game/TopDownBP/Maps/UEDPIE_0_TopDownExampleMap.TopDownExampleMap up for play (max tick rate 0) at 2017.01.03-00.46.57
[2017.01.03-08.46.57:156][944]LogWorld: Bringing up level for play took: 0.003348
[2017.01.03-08.46.57:157][944]PIE: Info Play in editor start time for /Game/TopDownBP/Maps/UEDPIE_0_TopDownExampleMap 0.677
[2017.01.03-08.46.57:157][944]LogBlueprintUserMessages: Late PlayInEditor Detection: Level '/Game/TopDownBP/Maps/TopDownExampleMap.TopDownExampleMap:PersistentLevel' has LevelScriptBlueprint '/Game/TopDownBP/Maps/TopDownExampleMap.TopDownExampleMap:PersistentLevel.TopDownExampleMap' with GeneratedClass '/Game/TopDownBP/Maps/TopDownExampleMap.TopDownExampleMap_C' with ClassGeneratedBy '/Game/TopDownBP/Maps/TopDownExampleMap.TopDownExampleMap:PersistentLevel.TopDownExampleMap'
[2017.01.03-08.46.58:696][ 39]LogBlueprintUserMessages: Early EndPlayMap Detection: Level '/Game/TopDownBP/Maps/TopDownExampleMap.TopDownExampleMap:PersistentLevel' has LevelScriptBlueprint '/Game/TopDownBP/Maps/TopDownExampleMap.TopDownExampleMap:PersistentLevel.TopDownExampleMap' with GeneratedClass '/Game/TopDownBP/Maps/TopDownExampleMap.TopDownExampleMap_C' with ClassGeneratedBy '/Game/TopDownBP/Maps/TopDownExampleMap.TopDownExampleMap:PersistentLevel.TopDownExampleMap'
[2017.01.03-08.46.58:755][ 39]LogBlueprintUserMessages: Late EndPlayMap Detection: Level '/Game/TopDownBP/Maps/TopDownExampleMap.TopDownExampleMap:PersistentLevel' has LevelScriptBlueprint '/Game/TopDownBP/Maps/TopDownExampleMap.TopDownExampleMap:PersistentLevel.TopDownExampleMap' with GeneratedClass '/Game/TopDownBP/Maps/TopDownExampleMap.TopDownExampleMap_C' with ClassGeneratedBy '/Game/TopDownBP/Maps/TopDownExampleMap.TopDownExampleMap:PersistentLevel.TopDownExampleMap'
[2017.01.03-08.47.04:125][304]LogSavePackage: Save=200.60ms
[2017.01.03-08.47.04:125][304]LogSavePackage: Moving '../../../../../../Users/Demonic/Desktop/Blackhole/Saved/TopDownExampleMap040937F24CFE3BD6739CFFBBBEDFE0B2.tmp' to '../../../../../../Users/Demonic/Desktop/Blackhole/Content/TopDownBP/Maps/TopDownExampleMap.umap'
[2017.01.03-08.47.04:127][304]LogSavePackage:Display: Finished SavePackage ../../../../../../Users/Demonic/Desktop/Blackhole/Content/TopDownBP/Maps/TopDownExampleMap.umap
[2017.01.03-08.47.04:149][304]LogFileHelpers: Saving map 'TopDownExampleMap' took 0.328
[2017.01.03-08.47.04:195][304]Cmd: OBJ SAVEPACKAGE PACKAGE="/Game/Blackhole/Player/BlackHolePlayer" FILE="../../../../../../Users/Demonic/Desktop/Blackhole/Content/Blackhole/Player/BlackHolePlayer.uasset" SILENT=true
[2017.01.03-08.47.04:281][304]LogSavePackage: Save=80.36ms
[2017.01.03-08.47.04:281][304]LogSavePackage: Moving '../../../../../../Users/Demonic/Desktop/Blackhole/Saved/BlackHolePlayer8BFC4A06422EA335039ABCBEE032E46C.tmp' to '../../../../../../Users/Demonic/Desktop/Blackhole/Content/Blackhole/Player/BlackHolePlayer.uasset'
[2017.01.03-08.47.04:282][304]LogSavePackage:Display: Finished SavePackage ../../../../../../Users/Demonic/Desktop/Blackhole/Content/Blackhole/Player/BlackHolePlayer.uasset
[2017.01.03-08.47.05:782][375]Cmd: QUIT_EDITOR
[2017.01.03-08.47.05:869][375]LogExit: Preparing to exit.
[2017.01.03-08.47.06:423][375]LogExit: Editor shut down
[2017.01.03-08.47.06:424][375]LogExit: Transaction tracking system shut down
[2017.01.03-08.47.06:597][375]LogObj: Freed 0b from 0 cluster array pools.
[2017.01.03-08.47.06:598][375]LogExit: Object subsystem successfully closed.
[2017.01.03-08.47.06:615][375]LogD3D11RHI: Shutdown
[2017.01.03-08.47.06:615][375]LogD3D11RHI: CleanupD3DDevice
[2017.01.03-08.47.06:669][375]LogD3D11RHI: ~FD3D11DynamicRHI
[2017.01.03-08.47.06:683][375]LogModuleManager: Shutting down and abandoning module BlueprintGraph (215)
[2017.01.03-08.47.06:683][375]LogModuleManager: Shutting down and abandoning module MovieSceneCapture (214)
[2017.01.03-08.47.06:683][375]LogModuleManager: Shutting down and abandoning module HierarchicalLODOutliner (213)
[2017.01.03-08.47.06:683][375]LogModuleManager: Shutting down and abandoning module CrashTracker (212)
[2017.01.03-08.47.06:683][375]LogModuleManager: Shutting down and abandoning module SceneOutliner (211)
[2017.01.03-08.47.06:684][375]LogModuleManager: Shutting down and abandoning module WidgetCarousel (210)
[2017.01.03-08.47.06:684][375]LogModuleManager: Shutting down and abandoning module AddContentDialog (209)
[2017.01.03-08.47.06:687][375]LogModuleManager: Shutting down and abandoning module GameplayTags (208)
[2017.01.03-08.47.06:687][375]LogModuleManager: Shutting down and abandoning module EditorWidgets (207)
[2017.01.03-08.47.06:687][375]LogModuleManager: Shutting down and abandoning module CollectionManager (206)
[2017.01.03-08.47.06:687][375]LogModuleManager: Shutting down and abandoning module StatsViewer (205)
[2017.01.03-08.47.06:687][375]LogModuleManager: Shutting down and abandoning module FoliageEdit (204)
[2017.01.03-08.47.06:687][375]LogModuleManager: Shutting down and abandoning module LandscapeEditor (203)
[2017.01.03-08.47.06:687][375]LogModuleManager: Shutting down and abandoning module SceneDepthPickerMode (202)
[2017.01.03-08.47.06:687][375]LogModuleManager: Shutting down and abandoning module ActorPickerMode (201)
[2017.01.03-08.47.06:687][375]LogModuleManager: Shutting down and abandoning module GeometryMode (200)
[2017.01.03-08.47.06:687][375]LogModuleManager: Shutting down and abandoning module TextureAlignMode (199)
[2017.01.03-08.47.06:687][375]LogModuleManager: Shutting down and abandoning module BspMode (198)
[2017.01.03-08.47.06:687][375]LogModuleManager: Shutting down and abandoning module HardwareSurvey (197)
[2017.01.03-08.47.06:688][375]LogModuleManager: Shutting down and abandoning module SequenceRecorderSections (196)
[2017.01.03-08.47.06:688][375]LogModuleManager: Shutting down and abandoning module SequenceRecorder (195)
[2017.01.03-08.47.06:688][375]LogModuleManager: Shutting down and abandoning module AutomationWorker (194)
[2017.01.03-08.47.06:688][375]LogModuleManager: Shutting down and abandoning module MatineeToLevelSequence (193)
[2017.01.03-08.47.06:688][375]LogModuleManager: Shutting down and abandoning module PlacementMode (192)
[2017.01.03-08.47.06:688][375]LogModuleManager: Shutting down and abandoning module LevelSequenceEditor (191)
[2017.01.03-08.47.06:688][375]LogModuleManager: Shutting down and abandoning module CharacterAI (190)
[2017.01.03-08.47.06:688][375]LogModuleManager: Shutting down and abandoning module SmartSnapping (189)
[2017.01.03-08.47.06:688][375]LogModuleManager: Shutting down and abandoning module SessionServices (188)
[2017.01.03-08.47.06:688][375]LogModuleManager: Shutting down and abandoning module ViewportSnapping (187)
[2017.01.03-08.47.06:688][375]LogModuleManager: Shutting down and abandoning module LogVisualizer (186)
[2017.01.03-08.47.06:688][375]LogModuleManager: Shutting down and abandoning module GameProjectGeneration (185)
[2017.01.03-08.47.06:688][375]LogModuleManager: Shutting down and abandoning module IntroTutorials (184)
[2017.01.03-08.47.06:688][375]LogModuleManager: Shutting down and abandoning module EditorLiveStreaming (183)
[2017.01.03-08.47.06:688][375]LogModuleManager: Shutting down and abandoning module IOSPlatformEditor (182)
[2017.01.03-08.47.06:688][375]LogModuleManager: Shutting down and abandoning module HTML5PlatformEditor (181)
[2017.01.03-08.47.06:688][375]LogModuleManager: Shutting down and abandoning module AndroidDeviceDetection (180)
[2017.01.03-08.47.07:336][375]LogModuleManager: Shutting down and abandoning module AndroidPlatformEditor (179)
[2017.01.03-08.47.07:336][375]LogModuleManager: Shutting down and abandoning module IOSRuntimeSettings (178)
[2017.01.03-08.47.07:336][375]LogModuleManager: Shutting down and abandoning module AndroidRuntimeSettings (177)
[2017.01.03-08.47.07:336][375]LogModuleManager: Shutting down and abandoning module MergeActors (176)
[2017.01.03-08.47.07:336][375]LogModuleManager: Shutting down and abandoning module SizeMap (175)
[2017.01.03-08.47.07:336][375]LogModuleManager: Shutting down and abandoning module TreeMap (174)
[2017.01.03-08.47.07:336][375]LogModuleManager: Shutting down and abandoning module ReferenceViewer (173)
[2017.01.03-08.47.07:336][375]LogModuleManager: Shutting down and abandoning module LocalizationService (172)
[2017.01.03-08.47.07:336][375]LogModuleManager: Shutting down and abandoning module LocalizationDashboard (171)
[2017.01.03-08.47.07:336][375]LogModuleManager: Shutting down and abandoning module HardwareTargeting (170)
[2017.01.03-08.47.07:336][375]LogModuleManager: Shutting down and abandoning module DeviceProfileEditor (169)
[2017.01.03-08.47.07:336][375]LogModuleManager: Shutting down and abandoning module UndoHistory (168)
[2017.01.03-08.47.07:336][375]LogModuleManager: Shutting down and abandoning module UserFeedback (167)
[2017.01.03-08.47.07:336][375]LogModuleManager: Shutting down and abandoning module XmlParser (166)
[2017.01.03-08.47.07:336][375]LogModuleManager: Shutting down and abandoning module Blutility (165)
[2017.01.03-08.47.07:336][375]LogModuleManager: Shutting down and abandoning module ProjectTargetPlatformEditor (164)
[2017.01.03-08.47.07:337][375]LogModuleManager: Shutting down and abandoning module ProjectSettingsViewer (163)
[2017.01.03-08.47.07:337][375]LogModuleManager: Shutting down and abandoning module InputBindingEditor (162)
[2017.01.03-08.47.07:337][375]LogModuleManager: Shutting down and abandoning module EditorSettingsViewer (161)
[2017.01.03-08.47.07:337][375]LogModuleManager: Shutting down and abandoning module SettingsEditor (160)
[2017.01.03-08.47.07:337][375]LogModuleManager: Shutting down and abandoning module ProjectLauncher (159)
[2017.01.03-08.47.07:337][375]LogModuleManager: Shutting down and abandoning module SessionFrontend (158)
[2017.01.03-08.47.07:337][375]LogModuleManager: Shutting down and abandoning module ProfilerClient (157)
[2017.01.03-08.47.07:337][375]LogModuleManager: Shutting down and abandoning module TargetDeviceServices (156)
[2017.01.03-08.47.07:337][375]LogModuleManager: Shutting down and abandoning module DeviceManager (155)
[2017.01.03-08.47.07:387][375]LogModuleManager: Shutting down and abandoning module AutomationController (154)
[2017.01.03-08.47.07:387][375]LogModuleManager: Shutting down and abandoning module AutomationWindow (153)
[2017.01.03-08.47.07:387][375]LogModuleManager: Shutting down and abandoning module Layers (152)
[2017.01.03-08.47.07:387][375]LogModuleManager: Shutting down and abandoning module ComponentVisualizers (151)
[2017.01.03-08.47.07:387][375]LogModuleManager: Shutting down and abandoning module DetailCustomizations (150)
[2017.01.03-08.47.07:387][375]LogModuleManager: Shutting down and abandoning module PackagesDialog (149)
[2017.01.03-08.47.07:387][375]LogModuleManager: Shutting down and abandoning module Persona (148)
[2017.01.03-08.47.07:387][375]LogModuleManager: Shutting down and abandoning module Kismet (147)
[2017.01.03-08.47.07:387][375]LogModuleManager: Shutting down and abandoning module GraphEditor (146)
[2017.01.03-08.47.07:387][375]LogModuleManager: Shutting down and abandoning module ClassViewer (145)
[2017.01.03-08.47.07:387][375]LogModuleManager: Shutting down and abandoning module Toolbox (144)
[2017.01.03-08.47.07:387][375]LogModuleManager: Shutting down and abandoning module ModuleUI (143)
[2017.01.03-08.47.07:387][375]LogModuleManager: Shutting down and abandoning module MovieSceneTools (142)
[2017.01.03-08.47.07:387][375]LogModuleManager: Shutting down and abandoning module OutputLog (141)
[2017.01.03-08.47.07:387][375]LogModuleManager: Shutting down and abandoning module GammaUI (140)
[2017.01.03-08.47.07:387][375]LogModuleManager: Shutting down and abandoning module Documentation (139)
[2017.01.03-08.47.07:387][375]LogModuleManager: Shutting down and abandoning module StreamingPauseRendering (138)
[2017.01.03-08.47.07:387][375]LogModuleManager: Shutting down and abandoning module AnalyticsET (137)
[2017.01.03-08.47.07:387][375]LogModuleManager: Shutting down and abandoning module Analytics (136)
[2017.01.03-08.47.07:387][375]LogModuleManager: Shutting down and abandoning module PortalServices (135)
[2017.01.03-08.47.07:387][375]LogModuleManager: Shutting down and abandoning module PortalRpc (134)
[2017.01.03-08.47.07:387][375]LogModuleManager: Shutting down and abandoning module MessagingRpc (133)
[2017.01.03-08.47.07:387][375]LogModuleManager: Shutting down and abandoning module GameplayDebugger (132)
[2017.01.03-08.47.07:388][375]LogModuleManager: Shutting down and abandoning module AITestSuite (131)
[2017.01.03-08.47.07:388][375]LogModuleManager: Shutting down and abandoning module AIModule (130)
[2017.01.03-08.47.07:388][375]LogModuleManager: Shutting down and abandoning module ProfilerService (129)
[2017.01.03-08.47.07:409][375]LogModuleManager: Shutting down and abandoning module TaskGraph (128)
[2017.01.03-08.47.07:409][375]LogModuleManager: Shutting down and abandoning module SlateRemote (127)
[2017.01.03-08.47.07:409][375]LogModuleManager: Shutting down and abandoning module SteamVRController (126)
[2017.01.03-08.47.07:409][375]LogModuleManager: Shutting down and abandoning module SteamVR (125)
[2017.01.03-08.47.07:409][375]LogModuleManager: Shutting down and abandoning module ProceduralMeshComponent (124)
[2017.01.03-08.47.07:409][375]LogModuleManager: Shutting down and abandoning module OculusLibrary (123)
[2017.01.03-08.47.07:409][375]LogModuleManager: Shutting down and abandoning module OculusInput (122)
[2017.01.03-08.47.07:409][375]LogModuleManager: Shutting down and abandoning module CustomMeshComponent (121)
[2017.01.03-08.47.07:409][375]LogModuleManager: Shutting down and abandoning module CableComponent (120)
[2017.01.03-08.47.07:409][375]LogModuleManager: Shutting down and abandoning module ArchVisCharacter (119)
[2017.01.03-08.47.07:409][375]LogModuleManager: Shutting down and abandoning module MediaPlayerEditor (118)
[2017.01.03-08.47.07:409][375]LogModuleManager: Shutting down and abandoning module HTML5Networking (117)
[2017.01.03-08.47.07:409][375]LogModuleManager: Shutting down and abandoning module SuperSearch (116)
[2017.01.03-08.47.07:409][375]LogModuleManager: Shutting down and abandoning module SuperSearchEditor (115)
[2017.01.03-08.47.07:409][375]LogModuleManager: Shutting down and abandoning module SpeedTreeImporter (114)
[2017.01.03-08.47.07:409][375]LogModuleManager: Shutting down and abandoning module PluginBrowser (113)
[2017.01.03-08.47.07:409][375]LogModuleManager: Shutting down and abandoning module EpicSurvey (112)
[2017.01.03-08.47.07:409][375]LogModuleManager: Shutting down and abandoning module DesktopPlatform (111)
[2017.01.03-08.47.07:409][375]LogModuleManager: Shutting down and abandoning module VisualStudioSourceCodeAccess (110)
[2017.01.03-08.47.07:410][375]LogModuleManager: Shutting down and abandoning module UObjectPlugin (109)
[2017.01.03-08.47.07:410][375]LogModuleManager: Shutting down and abandoning module SubversionSourceControl (108)
[2017.01.03-08.47.07:410][375]LogModuleManager: Shutting down and abandoning module PerforceSourceControl (107)
[2017.01.03-08.47.07:410][375]LogModuleManager: Shutting down and abandoning module SourceControl (106)
[2017.01.03-08.47.07:410][375]LogModuleManager: Shutting down and abandoning module GitSourceControl (105)
[2017.01.03-08.47.07:410][375]LogModuleManager: Shutting down and abandoning module LightPropagationVolumeEditor (104)
[2017.01.03-08.47.07:410][375]LogModuleManager: Shutting down and abandoning module PaperTiledImporter (103)
[2017.01.03-08.47.07:410][375]LogModuleManager: Shutting down and abandoning module PaperSpriteSheetImporter (102)
[2017.01.03-08.47.07:410][375]LogModuleManager: Shutting down and abandoning module MeshPaint (101)
[2017.01.03-08.47.07:410][375]LogModuleManager: Shutting down and abandoning module PixelInspectorModule (100)
[2017.01.03-08.47.07:410][375]LogModuleManager: Shutting down and abandoning module HotReload (99)
[2017.01.03-08.47.07:410][375]LogModuleManager: Shutting down and abandoning module MainFrame (98)
[2017.01.03-08.47.07:410][375]LogModuleManager: Shutting down and abandoning module LevelEditor (97)
[2017.01.03-08.47.07:411][375]LogModuleManager: Shutting down and abandoning module ContentBrowser (96)
[2017.01.03-08.47.07:412][375]LogModuleManager: Shutting down and abandoning module Paper2DEditor (95)
[2017.01.03-08.47.07:412][375]LogModuleManager: Shutting down and abandoning module UdpMessaging (94)
[2017.01.03-08.47.07:512][375]LogModuleManager: Shutting down and abandoning module LightPropagationVolumeRuntime (93)
[2017.01.03-08.47.07:512][375]LogModuleManager: Shutting down and abandoning module Paper2D (92)
[2017.01.03-08.47.07:512][375]LogModuleManager: Shutting down and abandoning module WindowsMoviePlayer (91)
[2017.01.03-08.47.07:512][375]LogModuleManager: Shutting down and abandoning module Media (90)
[2017.01.03-08.47.07:512][375]LogModuleManager: Shutting down and abandoning module WmfMedia (89)
[2017.01.03-08.47.07:512][375]LogModuleManager: Shutting down and abandoning module MediaAssets (88)
[2017.01.03-08.47.07:512][375]LogModuleManager: Shutting down and abandoning module GameLiveStreaming (87)
[2017.01.03-08.47.07:512][375]LogModuleManager: Shutting down and abandoning module GameplayTagsEditor (86)
[2017.01.03-08.47.07:512][375]LogModuleManager: Shutting down and abandoning module OnlineBlueprintSupport (85)
[2017.01.03-08.47.07:512][375]LogModuleManager: Shutting down and abandoning module VREditor (84)
[2017.01.03-08.47.07:512][375]LogModuleManager: Shutting down and abandoning module GameplayTasksEditor (83)
[2017.01.03-08.47.07:512][375]LogModuleManager: Shutting down and abandoning module PropertyEditor (82)
[2017.01.03-08.47.07:512][375]LogModuleManager: Shutting down and abandoning module BehaviorTreeEditor (81)
[2017.01.03-08.47.07:512][375]LogModuleManager: Shutting down and abandoning module FunctionalTesting (80)
[2017.01.03-08.47.07:512][375]LogModuleManager: Shutting down and abandoning module CollisionAnalyzer (79)
[2017.01.03-08.47.07:513][375]LogModuleManager: Shutting down and abandoning module Sequencer (78)
[2017.01.03-08.47.07:513][375]LogModuleManager: Shutting down and abandoning module WorkspaceMenuStructure (77)
[2017.01.03-08.47.07:513][375]LogModuleManager: Shutting down and abandoning module MessageLog (76)
[2017.01.03-08.47.07:513][375]LogModuleManager: Shutting down and abandoning module AssetTools (75)
[2017.01.03-08.47.07:513][375]LogModuleManager: Shutting down and abandoning module UMGEditor (74)
[2017.01.03-08.47.07:513][375]LogModuleManager: Shutting down and abandoning module UMG (73)
[2017.01.03-08.47.07:513][375]LogModuleManager: Shutting down and abandoning module SlateReflector (72)
[2017.01.03-08.47.07:513][375]LogModuleManager: Shutting down and abandoning module Slate (71)
[2017.01.03-08.47.07:513][375]LogModuleManager: Shutting down and abandoning module EditorStyle (70)
[2017.01.03-08.47.07:515][375]LogModuleManager: Shutting down and abandoning module SourceCodeAccess (69)
[2017.01.03-08.47.07:515][375]LogModuleManager: Shutting down and abandoning module HeadMountedDisplay (68)
[2017.01.03-08.47.07:515][375]LogModuleManager: Shutting down and abandoning module XAudio2 (67)
[2017.01.03-08.47.07:516][375]LogModuleManager: Shutting down and abandoning module Networking (65)
[2017.01.03-08.47.07:516][375]LogModuleManager: Shutting down and abandoning module Core (64)
[2017.01.03-08.47.07:516][375]LogModuleManager: Shutting down and abandoning module DirectoryWatcher (63)
[2017.01.03-08.47.07:516][375]LogModuleManager: Shutting down and abandoning module AssetRegistry (62)
[2017.01.03-08.47.07:635][375]LogModuleManager: Shutting down and abandoning module KismetCompiler (61)
[2017.01.03-08.47.07:635][375]LogModuleManager: Shutting down and abandoning module PhysXFormats (60)
[2017.01.03-08.47.07:635][375]LogModuleManager: Shutting down and abandoning module MeshUtilities (59)
[2017.01.03-08.47.07:635][375]LogModuleManager: Shutting down and abandoning module DerivedDataCache (58)
[2017.01.03-08.47.07:646][375]LogDerivedDataCache: Shutdown
[2017.01.03-08.47.07:646][375]LogModuleManager: Shutting down and abandoning module VulkanShaderFormat (57)
[2017.01.03-08.47.07:646][375]LogModuleManager: Shutting down and abandoning module ShaderFormatOpenGL (56)
[2017.01.03-08.47.07:646][375]LogModuleManager: Shutting down and abandoning module ShaderFormatD3D (55)
[2017.01.03-08.47.07:646][375]LogModuleManager: Shutting down and abandoning module MetalShaderFormat (54)
[2017.01.03-08.47.07:646][375]LogModuleManager: Shutting down and abandoning module TextureFormatUncompressed (53)
[2017.01.03-08.47.07:646][375]LogModuleManager: Shutting down and abandoning module TextureFormatPVR (52)
[2017.01.03-08.47.07:646][375]LogModuleManager: Shutting down and abandoning module TextureFormatIntelISPCTexComp (51)
[2017.01.03-08.47.07:646][375]LogModuleManager: Shutting down and abandoning module TextureFormatDXT (50)
[2017.01.03-08.47.07:646][375]LogModuleManager: Shutting down and abandoning module ImageWrapper (49)
[2017.01.03-08.47.07:646][375]LogModuleManager: Shutting down and abandoning module TextureFormatASTC (48)
[2017.01.03-08.47.07:646][375]LogModuleManager: Shutting down and abandoning module TextureFormatAndroid (47)
[2017.01.03-08.47.07:646][375]LogModuleManager: Shutting down and abandoning module AudioFormatOpus (46)
[2017.01.03-08.47.07:646][375]LogModuleManager: Shutting down and abandoning module AudioFormatOgg (45)
[2017.01.03-08.47.07:646][375]LogModuleManager: Shutting down and abandoning module AudioFormatADPCM (44)
[2017.01.03-08.47.07:646][375]LogModuleManager: Shutting down and abandoning module LinuxTargetPlatform (43)
[2017.01.03-08.47.07:646][375]LogModuleManager: Shutting down and abandoning module LinuxServerTargetPlatform (42)
[2017.01.03-08.47.07:646][375]LogModuleManager: Shutting down and abandoning module LinuxNoEditorTargetPlatform (41)
[2017.01.03-08.47.07:646][375]LogModuleManager: Shutting down and abandoning module TVOSTargetPlatform (40)
[2017.01.03-08.47.07:646][375]LogModuleManager: Shutting down and abandoning module Messaging (39)
[2017.01.03-08.47.07:646][375]LogModuleManager: Shutting down and abandoning module IOSTargetPlatform (38)
[2017.01.03-08.47.07:646][375]LogModuleManager: Shutting down and abandoning module HTML5TargetPlatform (37)
[2017.01.03-08.47.07:646][375]LogModuleManager: Shutting down and abandoning module Android_PVRTCTargetPlatform (36)
[2017.01.03-08.47.07:646][375]LogModuleManager: Shutting down and abandoning module Android_MultiTargetPlatform (35)
[2017.01.03-08.47.07:646][375]LogModuleManager: Shutting down and abandoning module Android_ETC2TargetPlatform (34)
[2017.01.03-08.47.07:646][375]LogModuleManager: Shutting down and abandoning module Android_ETC1TargetPlatform (33)
[2017.01.03-08.47.07:647][375]LogModuleManager: Shutting down and abandoning module Android_DXTTargetPlatform (32)
[2017.01.03-08.47.07:647][375]LogModuleManager: Shutting down and abandoning module Android_ATCTargetPlatform (31)
[2017.01.03-08.47.07:647][375]LogModuleManager: Shutting down and abandoning module Android_ASTCTargetPlatform (30)
[2017.01.03-08.47.07:647][375]LogModuleManager: Shutting down and abandoning module AndroidTargetPlatform (29)
[2017.01.03-08.47.07:647][375]LogModuleManager: Shutting down and abandoning module WindowsTargetPlatform (28)
[2017.01.03-08.47.07:647][375]LogModuleManager: Shutting down and abandoning module WindowsServerTargetPlatform (27)
[2017.01.03-08.47.07:647][375]LogModuleManager: Shutting down and abandoning module WindowsNoEditorTargetPlatform (26)
[2017.01.03-08.47.07:647][375]LogModuleManager: Shutting down and abandoning module WindowsClientTargetPlatform (25)
[2017.01.03-08.47.07:647][375]LogModuleManager: Shutting down and abandoning module AllDesktopTargetPlatform (24)
[2017.01.03-08.47.07:647][375]LogModuleManager: Shutting down and abandoning module TargetPlatform (23)
[2017.01.03-08.47.07:647][375]LogModuleManager: Shutting down and abandoning module InputCore (22)
[2017.01.03-08.47.07:647][375]LogModuleManager: Shutting down and abandoning module Settings (21)
[2017.01.03-08.47.07:647][375]LogModuleManager: Shutting down and abandoning module OnlineSubsystem (19)
[2017.01.03-08.47.07:647][375]LogModuleManager: Shutting down and abandoning module HTTP (18)
[2017.01.03-08.47.09:147][375]LogModuleManager: Shutting down and abandoning module XMPP (17)
[2017.01.03-08.47.09:147][375]LogModuleManager: Shutting down and abandoning module OculusRift (16)
[2017.01.03-08.47.09:147][375]LogModuleManager: Shutting down and abandoning module ExampleDeviceProfileSelector (15)
[2017.01.03-08.47.09:147][375]LogModuleManager: Shutting down and abandoning module TextureCompressor (14)
[2017.01.03-08.47.09:147][375]LogModuleManager: Shutting down and abandoning module ShaderCore (13)
[2017.01.03-08.47.09:147][375]LogModuleManager: Shutting down and abandoning module Landscape (12)
[2017.01.03-08.47.09:147][375]LogModuleManager: Shutting down and abandoning module SlateRHIRenderer (11)
[2017.01.03-08.47.09:150][375]LogModuleManager: Shutting down and abandoning module OpenGLDrv (10)
[2017.01.03-08.47.09:150][375]LogModuleManager: Shutting down and abandoning module D3D11RHI (9)
[2017.01.03-08.47.09:150][375]LogModuleManager: Shutting down and abandoning module AnimGraphRuntime (8)
[2017.01.03-08.47.09:150][375]LogModuleManager: Shutting down and abandoning module Renderer (7)
[2017.01.03-08.47.09:150][375]LogModuleManager: Shutting down and abandoning module Engine (6)
[2017.01.03-08.47.09:150][375]LogModuleManager: Shutting down and abandoning module CoreUObject (5)
[2017.01.03-08.47.09:150][375]LogModuleManager: Shutting down and abandoning module NetworkFile (4)
[2017.01.03-08.47.09:150][375]LogModuleManager: Shutting down and abandoning module StreamingFile (3)
[2017.01.03-08.47.09:150][375]LogModuleManager: Shutting down and abandoning module SandboxFile (2)
[2017.01.03-08.47.09:150][375]LogModuleManager: Shutting down and abandoning module PakFile (1)
[2017.01.03-08.47.09:151][375]LogExit: Exiting.
[2017.01.03-08.47.09:163][375]Log file closed, 01/03/17 00:47:09
