Log file open, 06/16/17 18:08:09
LogInit:Display: Running engine for game: BlackHole
LogPlatformFile: Not using cached read wrapper
LogInit:Display: RandInit(-1826652152) SRandInit(-1826652151).
LogTaskGraph: Started task graph with 4 named threads and 7 total threads with 1 sets of task threads.
LogStats: Stats thread started at 0.740471
LogInit: Version: 4.12.5-3039270+++UE4+Release-4.12
LogInit: API Version: 2992821
LogInit: Net Version: 3039270
LogDevObjectVersion: Number of dev versions registered: 13
LogDevObjectVersion:   Dev-Blueprints (B0D832E4-1F89-4F0D-ACCF-7EB736FD4AA2): 3
LogDevObjectVersion:   Dev-Build (E1C64328-A22C-4D53-A36C-8E866417BD8C): 0
LogDevObjectVersion:   Dev-Core (375EC13C-06E4-48FB-B500-84F0262A717E): 1
LogDevObjectVersion:   Dev-Editor (E4B068ED-F494-42E9-A231-DA0B2E46BB41): 2
LogDevObjectVersion:   Dev-Framework (CFFC743F-43B0-4480-9391-14DF171D2073): 6
LogDevObjectVersion:   Dev-Mobile (B02B49B5-BB20-44E9-A304-32B752E40360): 0
LogDevObjectVersion:   Dev-Networking (A4E4105C-59A1-49B5-A7C5-40C4547EDFEE): 0
LogDevObjectVersion:   Dev-Online (39C831C9-5AE6-47DC-9A44-9C173E1C8E7C): 0
LogDevObjectVersion:   Dev-Physics (78F01B33-EBEA-4F98-B9B4-84EACCB95AA2): 0
LogDevObjectVersion:   Dev-Platform (6631380F-2D4D-43E0-8009-CF276956A95A): 0
LogDevObjectVersion:   Dev-Rendering (12F88B9F-8875-4AFC-A67C-D90C383ABD29): 2
LogDevObjectVersion:   Dev-Sequencer (7B5AE74C-D270-4C10-A958-57980B212A5A): 0
LogDevObjectVersion:   Dev-VR (D7296918-1DD6-4BDD-9DE2-64A83CC13884): 0
LogInit: Compiled (64-bit): Jul  6 2016 09:09:46
LogInit: Compiled with Visual C++: 19.00.23026.00
LogInit: Build Configuration: Development
LogInit: Branch Name: ++UE4+Release-4.12
LogInit: Command line:  
LogInit: Base directory: C:/Program Files/Epic Games/4.12/Engine/Binaries/Win64/
LogInit: Installed Engine Build: 1
LogInit: Using libcurl 7.41.0
LogInit:  - built for x86_64-pc-win32
LogInit:  - supports SSL with WinSSL
LogInit:  - other features:
LogInit:      CURL_VERSION_SSL
LogInit:      CURL_VERSION_IPV6
LogInit:      CURL_VERSION_ASYNCHDNS
LogInit:      CURL_VERSION_LARGEFILE
LogInit:      CURL_VERSION_IDN
LogInit:  CurlRequestOptions (configurable via config and command line):
LogInit:  - bVerifyPeer = true  - Libcurl will verify peer certificate
LogInit:  - bUseHttpProxy = false  - Libcurl will NOT use HTTP proxy
LogInit:  - bDontReuseConnections = false  - Libcurl will reuse connections
LogInit:  - CertBundlePath = nullptr  - Libcurl will use whatever was configured at build time.
LogInit: Presizing for max 8388607 objects, including 0 objects not considered by GC, pre-allocating 0 bytes for permanent pool.
LogInit: Object subsystem initialized
[2017.06.17-01.08.10:307][  0]LogInit: Selected Device Profile: [Windows]
[2017.06.17-01.08.10:307][  0]LogInit: Applying CVar settings loaded from the selected device profile: [Windows]
[2017.06.17-01.08.10:421][  0]LogInit: Computer: GODLIKESYSTEM
[2017.06.17-01.08.10:421][  0]LogInit: User: Demonic
[2017.06.17-01.08.10:421][  0]LogInit: CPU Page size=65536, Cores=4
[2017.06.17-01.08.10:421][  0]LogInit: High frequency timer resolution =3.312841 MHz
[2017.06.17-01.08.10:421][  0]LogMemory: Memory total: Physical=8.0GB (8GB approx)
[2017.06.17-01.08.10:421][  0]LogMemory: Platform Memory Stats for Windows
[2017.06.17-01.08.10:421][  0]LogMemory: Process Physical Memory: 192.71 MB used, 192.71 MB peak
[2017.06.17-01.08.10:421][  0]LogMemory: Process Virtual Memory: 197.79 MB used, 197.79 MB peak
[2017.06.17-01.08.10:422][  0]LogMemory: Physical Memory: 4780.17 MB used, 8174.04 MB total
[2017.06.17-01.08.10:422][  0]LogMemory: Virtual Memory: 522.69 MB used, 8388608.00 MB total
[2017.06.17-01.08.11:702][  0]LogTextLocalizationManager: No specific translations for ('en-US') exist, so ('en') translations will be used.
[2017.06.17-01.08.12:961][  0]LogD3D11RHI: D3D11 adapters:
[2017.06.17-01.08.13:077][  0]LogD3D11RHI:    0. 'NVIDIA GeForce GT 440' (Feature Level 11_0)
[2017.06.17-01.08.13:078][  0]LogD3D11RHI:       1489/0/2559 MB DedicatedVideo/DedicatedSystem/SharedSystem, Outputs:1, VendorId:0x10de
[2017.06.17-01.08.13:078][  0]LogD3D11RHI: Chosen D3D11 Adapter: 0
[2017.06.17-01.08.13:081][  0]LogD3D11RHI: Creating new Direct3DDevice
[2017.06.17-01.08.13:081][  0]LogD3D11RHI:     GPU DeviceId: 0xdc0 (for the marketing name, search the web for "GPU Device Id")
[2017.06.17-01.08.13:081][  0]LogWindows: EnumDisplayDevices:
[2017.06.17-01.08.13:081][  0]LogWindows:    0. 'NVIDIA GeForce GT 440' (P:1 D:1)
[2017.06.17-01.08.13:082][  0]LogWindows:    1. 'NVIDIA GeForce GT 440' (P:0 D:0)
[2017.06.17-01.08.13:082][  0]LogWindows:    2. 'RDPDD Chained DD' (P:0 D:0)
[2017.06.17-01.08.13:082][  0]LogWindows:    3. 'RDP Encoder Mirror Driver' (P:0 D:0)
[2017.06.17-01.08.13:082][  0]LogWindows:    4. 'RDP Reflector Display Driver' (P:0 D:0)
[2017.06.17-01.08.13:082][  0]LogWindows: DebugString: GetVideoDriverDetailsInvalid PrimaryIsNotTheChoosenAdapter GetVideoDriverDetailsInvalid PrimaryIsNotTheChoosenAdapter GetVideoDriverDetailsInvalid PrimaryIsNotTheChoosenAdapter FoundDriverCount:2 
[2017.06.17-01.08.13:082][  0]LogD3D11RHI:     Adapter Name: NVIDIA GeForce GT 440
[2017.06.17-01.08.13:082][  0]LogD3D11RHI:   Driver Version: 364.72 (internal:10.18.13.6472, unified:364.72)
[2017.06.17-01.08.13:082][  0]LogD3D11RHI:      Driver Date: 3-21-2016
[2017.06.17-01.08.13:082][  0]LogRHI: Texture pool is 1042 MB (70% of 1489 MB)
[2017.06.17-01.08.13:094][  0]LogD3D11RHI: Async texture creation enabled
[2017.06.17-01.08.13:180][  0]LogD3D11RHI: GPU Timing Frequency: 1000.000000 (Debug: 2 2)
[2017.06.17-01.08.13:194][  0]LogShaderCompilers: Guid format shader working directory is -2 characters bigger than the processId version (../../../../../../Users/Demonic/Desktop/Blackhole/Intermediate/Shaders/WorkingDirectory/12688/).
[2017.06.17-01.08.13:194][  0]LogShaderCompilers: Cleaned the shader compiler working directory 'C:/Users/Demonic/AppData/Local/Temp/UnrealShaderWorkingDir/4D7B389D4F47291816C099A85D56CC7A/'.
[2017.06.17-01.08.13:202][  0]LogShaderCompilers:Display: Using Local Shader Compiler.
[2017.06.17-01.08.20:056][  0]LogTemp:Display: Loaded TP AllDesktopTargetPlatform
[2017.06.17-01.08.20:096][  0]LogTemp:Display: Loaded TP WindowsClientTargetPlatform
[2017.06.17-01.08.20:123][  0]LogTemp:Display: Loaded TP WindowsNoEditorTargetPlatform
[2017.06.17-01.08.20:166][  0]LogTemp:Display: Loaded TP WindowsServerTargetPlatform
[2017.06.17-01.08.20:239][  0]LogTemp:Display: Loaded TP WindowsTargetPlatform
[2017.06.17-01.08.20:274][  0]LogTemp:Display: Loaded TP AndroidTargetPlatform
[2017.06.17-01.08.20:333][  0]LogTemp:Display: Loaded TP Android_ASTCTargetPlatform
[2017.06.17-01.08.20:368][  0]LogTemp:Display: Loaded TP Android_ATCTargetPlatform
[2017.06.17-01.08.20:409][  0]LogTemp:Display: Loaded TP Android_DXTTargetPlatform
[2017.06.17-01.08.20:452][  0]LogTemp:Display: Loaded TP Android_ETC1TargetPlatform
[2017.06.17-01.08.20:493][  0]LogTemp:Display: Loaded TP Android_ETC2TargetPlatform
[2017.06.17-01.08.20:586][  0]LogTemp:Display: Loaded TP Android_MultiTargetPlatform
[2017.06.17-01.08.20:586][  0]LogTemp:Display: Loaded TP Android_PVRTCTargetPlatform
[2017.06.17-01.08.20:625][  0]LogTemp:Display: Loaded TP HTML5TargetPlatform
[2017.06.17-01.08.20:761][  0]LogTemp:Display: Loaded TP IOSTargetPlatform
[2017.06.17-01.08.20:802][  0]LogTemp:Display: Loaded TP TVOSTargetPlatform
[2017.06.17-01.08.20:838][  0]LogTemp:Display: Loaded TP LinuxNoEditorTargetPlatform
[2017.06.17-01.08.20:874][  0]LogTemp:Display: Loaded TP LinuxServerTargetPlatform
[2017.06.17-01.08.20:917][  0]LogTemp:Display: Loaded TP LinuxTargetPlatform
[2017.06.17-01.08.20:917][  0]LogTargetPlatformManager:Display: Building Assets For Windows
[2017.06.17-01.08.21:925][  0]LogDerivedDataCache:Display: Max Cache Size: 512 MB
[2017.06.17-01.08.22:947][  0]LogDerivedDataCache: Loaded boot cache 1.00s 48MB C:/Users/Demonic/AppData/Local/UnrealEngine/4.12/DerivedDataCache/Boot.ddc.
[2017.06.17-01.08.22:948][  0]LogDerivedDataCache:Display: Loaded Boot cache: C:/Users/Demonic/AppData/Local/UnrealEngine/4.12/DerivedDataCache/Boot.ddc
[2017.06.17-01.08.22:948][  0]LogDerivedDataCache: FDerivedDataBackendGraph:  Pak pak cache file ../../../../../../Users/Demonic/Desktop/Blackhole/DerivedDataCache/DDC.ddp not found, will not use a pak cache.
[2017.06.17-01.08.22:948][  0]LogDerivedDataCache: Unable to find inner node Pak for hierarchical cache Hierarchy.
[2017.06.17-01.08.22:948][  0]LogDerivedDataCache: FDerivedDataBackendGraph:  CompressedPak pak cache file ../../../../../../Users/Demonic/Desktop/Blackhole/DerivedDataCache/Compressed.ddp not found, will not use a pak cache.
[2017.06.17-01.08.22:948][  0]LogDerivedDataCache: Unable to find inner node CompressedPak for hierarchical cache Hierarchy.
[2017.06.17-01.08.23:029][  0]LogDerivedDataCache:Display: Pak cache opened for reading ../../../Engine/DerivedDataCache/Compressed.ddp.
[2017.06.17-01.08.23:054][  0]LogDerivedDataCache: Using Local data cache path C:/Users/Demonic/AppData/Local/UnrealEngine/Common/DerivedDataCache: Writable
[2017.06.17-01.08.27:654][  0]LogInit: Selected Device Profile: [Windows]
[2017.06.17-01.08.27:778][  0]LogContentStreaming: Texture pool size is 0.00 MB
[2017.06.17-01.08.29:979][  0]LogMeshUtilities: No automatic mesh reduction module available
[2017.06.17-01.08.29:979][  0]LogMeshUtilities: No automatic mesh merging module available
[2017.06.17-01.08.29:979][  0]LogMeshUtilities: No distributed automatic mesh merging module available
[2017.06.17-01.08.36:319][  0]LogAssetRegistry: FAssetRegistry took 0.0247 seconds to start up
[2017.06.17-01.08.36:593][  0]LogPackageLocalizationCache: Processed 3 localized package path(s) for 2 prioritized culture(s) in 0.269922 seconds
[2017.06.17-01.08.36:644][  0]LogUObjectArray: 28739 objects as part of root set at end of initial load.
[2017.06.17-01.08.36:644][  0]LogUObjectAllocator: 5855624 out of 0 bytes used by permanent object pool.
[2017.06.17-01.08.36:644][  0]LogUObjectArray: CloseDisregardForGC: 0/0 objects in disregard for GC pool
[2017.06.17-01.08.36:743][  0]LogInit: WinSock: version 1.1 (2.2), MaxSocks=32767, MaxUdp=65467
[2017.06.17-01.08.42:527][  0]LogSlate: SlateFontCache - WITH_FREETYPE: 1, WITH_HARFBUZZ: 1
[2017.06.17-01.08.42:527][  0]LogSlate: SlateFontCache - WITH_FREETYPE: 1, WITH_HARFBUZZ: 1
[2017.06.17-01.09.04:345][  0]LogUdpMessaging: Initializing bridge on interface 0.0.0.0:0 to multicast group 230.0.0.1:6666.
[2017.06.17-01.09.06:048][  0]SourceControl: Info Source control is disabled
[2017.06.17-01.09.06:066][  0]SourceControl: Info Source control is disabled
[2017.06.17-01.09.06:139][  0]SourceControl: Info Source control is disabled
[2017.06.17-01.09.06:215][  0]SourceControl: Info Source control is disabled
[2017.06.17-01.09.06:773][  0]LogLinker:Warning: Can't find file '/Game/TopDownCPP/TopDownOverview'
[2017.06.17-01.09.06:775][  0]LogLinker:Warning: Can't find file '/Game/TopDownCPP/TopDownOverview'
[2017.06.17-01.09.06:775][  0]LogUObjectGlobals:Warning: Failed to find object 'Class /Game/TopDownCPP/TopDownOverview.TopDownOverview_C'
[2017.06.17-01.09.07:848][  0]LogEngine: Initializing Engine...
[2017.06.17-01.09.07:909][  0]LogHMD: SteamVR failed to initialize.  Err: 110
[2017.06.17-01.09.07:919][  0]LogHMD: SteamVR failed to initialize.  Err: 110
[2017.06.17-01.09.09:407][  0]LogAIModule: Creating AISystem for world NewWorld
[2017.06.17-01.09.09:671][  0]LogInit: XAudio2 using 'Speakers (USB  AUDIO  )' : 2 channels at 48 kHz using 16 bits per sample (channel mask 0x3)
[2017.06.17-01.09.09:938][  0]LogInit: FAudioDevice initialized.
[2017.06.17-01.09.09:978][  0]LogDerivedDataCache: Saved boot cache 0.04s 48MB C:/Users/Demonic/AppData/Local/UnrealEngine/4.12/DerivedDataCache/Boot.ddc.
[2017.06.17-01.09.09:986][  0]LogInit: Texture streaming: Enabled
[2017.06.17-01.09.10:405][  0]LogInit: Transaction tracking system initialized
[2017.06.17-01.09.10:613][  0]BlueprintLog: New page: Editor Load
[2017.06.17-01.09.11:664][  0]LocalizationService: Info Localization service is disabled
[2017.06.17-01.09.12:524][  0]LogConsoleResponse:Display: 
[2017.06.17-01.09.16:594][  0]LogFileCache: Scanning file cache for directory 'C:/Users/Demonic/Desktop/Blackhole/Content/' took 0.05s
[2017.06.17-01.09.16:594][  0]LogCook:Display: Max memory allowance for cook 8192mb
[2017.06.17-01.09.16:594][  0]LogCook:Display: Mobile HDR setting 0
[2017.06.17-01.09.19:151][  0]SourceControl: Info Source control is disabled
[2017.06.17-01.09.19:151][  0]Cmd: MAP LOAD FILE="../../../../../../Users/Demonic/Desktop/Blackhole/Content/Blackhole/BMaps/Map1.umap" TEMPLATE=0 SHOWPROGRESS=1 FEATURELEVEL=3
[2017.06.17-01.09.19:237][  0]LightingResults: New page: Lighting Build
[2017.06.17-01.09.19:374][  0]MapCheck: New page: Map Check
[2017.06.17-01.09.19:374][  0]LightingResults: New page: Lighting Build
[2017.06.17-01.09.26:829][  0]LogAIModule: Creating AISystem for world Map1
[2017.06.17-01.09.27:458][  0]LogEditorServer: Finished looking for orphan Actors (0.000 secs)
[2017.06.17-01.09.27:507][  0]Cmd: MAP CHECKDEP NOCLEARLOG
[2017.06.17-01.09.27:552][  0]MapCheck: Info Map check complete: 0 Error(s), 0 Warning(s), took 45.207ms to complete.
[2017.06.17-01.09.27:552][  0]LogFileHelpers: Loading map 'Map1' took 8.402
[2017.06.17-01.09.28:480][  0]LogCollectionManager: Loaded 0 collections in 0.016318 seconds
[2017.06.17-01.09.28:592][  0]LogFileCache: Scanning file cache for directory 'C:/Users/Demonic/Desktop/Blackhole/Saved/Collections/' took 0.01s
[2017.06.17-01.09.28:592][  0]LogFileCache: Scanning file cache for directory 'C:/Users/Demonic/Desktop/Blackhole/Content/Developers/Demonic/Collections/' took 0.01s
[2017.06.17-01.09.28:592][  0]LogFileCache: Scanning file cache for directory 'C:/Users/Demonic/Desktop/Blackhole/Content/Collections/' took 0.01s
[2017.06.17-01.09.28:592][  0]LogCollectionManager: Rebuilt the GUID cache for 0 collections in 0.000007 seconds
[2017.06.17-01.09.28:603][  0]LogContentBrowser: Native class hierarchy populated in 0.0090 seconds. Added 2047 classes and 369 folders.
[2017.06.17-01.09.28:628][  0]LogStats: UGameplayTagsManager::ConstructGameplayTagTree: Construct from data asset -  0.000 s
[2017.06.17-01.09.28:628][  0]LogStats: UGameplayTagsManager::ConstructGameplayTagTree: GameplayTagTreeChangedEvent.Broadcast -  0.000 s
[2017.06.17-01.09.28:628][  0]LogContentBrowser: Native class hierarchy updated for 'GameplayTags' in 0.0007 seconds. Added 12 classes and 0 folders.
[2017.06.17-01.09.28:638][  0]LogContentBrowser: Native class hierarchy updated for 'WidgetCarousel' in 0.0003 seconds. Added 0 classes and 0 folders.
[2017.06.17-01.09.30:415][  0]LogContentBrowser: Native class hierarchy updated for 'AddContentDialog' in 0.0004 seconds. Added 0 classes and 0 folders.
[2017.06.17-01.09.30:476][  0]LogContentBrowser: Native class hierarchy updated for 'SceneOutliner' in 0.0004 seconds. Added 1 classes and 2 folders.
[2017.06.17-01.09.30:666][  0]LogCrashTracker: Crashtracker disabled due to settings.
[2017.06.17-01.09.30:723][  0]LogUObjectGlobals:Warning: Failed to find object 'Class None.'
[2017.06.17-01.09.30:809][  0]LogContentBrowser: Native class hierarchy updated for 'HierarchicalLODOutliner' in 0.0004 seconds. Added 1 classes and 2 folders.
[2017.06.17-01.09.30:810][  0]LogLoad: Full Startup: 86.78 seconds (BP compile: 0.67 seconds)
[2017.06.17-01.09.30:810][  0]LogExternalProfiler: Found external profiler: VSPerf
[2017.06.17-01.09.30:810][  0]LogExternalProfiler: Using external profiler: VSPerf
[2017.06.17-01.09.31:180][  0]LogOcInput: OculusInput pre-init called
[2017.06.17-01.09.31:394][  0]LogContentStreaming: Texture pool size now 1000 MB
[2017.06.17-01.09.32:399][  0]LogRenderer: Reallocating scene render targets to support 1064x576 (Frame:2).
[2017.06.17-01.09.32:871][  2]LogAssetRegistry: Asset discovery search completed in 56.5767 seconds
[2017.06.17-01.09.32:871][  2]LogCollectionManager: Rebuilt the object cache for 0 collections in 0.000001 seconds (found 0 objects)
[2017.06.17-01.09.32:871][  2]LogCollectionManager: Fixed up redi