Log file open, 06/27/17 01:19:47
LogInit:Display: Running engine for game: BlackHole
LogPlatformFile: Not using cached read wrapper
LogInit:Display: RandInit(467979828) SRandInit(467979829).
LogTaskGraph: Started task graph with 4 named threads and 7 total threads with 1 sets of task threads.
LogStats: Stats thread started at 0.070379
LogInit: Version: 4.12.5-3039270+++UE4+Release-4.12
LogInit: API Version: 2992821
LogInit: Net Version: 3039270
LogDevObjectVersion: Number of dev versions registered: 13
LogDevObjectVersion:   Dev-Blueprints (B0D832E4-1F89-4F0D-ACCF-7EB736FD4AA2): 3
LogDevObjectVersion:   Dev-Build (E1C64328-A22C-4D53-A36C-8E866417BD8C): 0
LogDevObjectVersion:   Dev-Core (375EC13C-06E4-48FB-B500-84F0262A717E): 1
LogDevObjectVersion:   Dev-Editor (E4B068ED-F494-42E9-A231-DA0B2E46BB41): 2
LogDevObjectVersion:   Dev-Framework (CFFC743F-43B0-4480-9391-14DF171D2073): 6
LogDevObjectVersion:   Dev-Mobile (B02B49B5-BB20-44E9-A304-32B752E40360): 0
LogDevObjectVersion:   Dev-Networking (A4E4105C-59A1-49B5-A7C5-40C4547EDFEE): 0
LogDevObjectVersion:   Dev-Online (39C831C9-5AE6-47DC-9A44-9C173E1C8E7C): 0
LogDevObjectVersion:   Dev-Physics (78F01B33-EBEA-4F98-B9B4-84EACCB95AA2): 0
LogDevObjectVersion:   Dev-Platform (6631380F-2D4D-43E0-8009-CF276956A95A): 0
LogDevObjectVersion:   Dev-Rendering (12F88B9F-8875-4AFC-A67C-D90C383ABD29): 2
LogDevObjectVersion:   Dev-Sequencer (7B5AE74C-D270-4C10-A958-57980B212A5A): 0
LogDevObjectVersion:   Dev-VR (D7296918-1DD6-4BDD-9DE2-64A83CC13884): 0
LogInit: Compiled (64-bit): Jul  6 2016 09:09:46
LogInit: Compiled with Visual C++: 19.00.23026.00
LogInit: Build Configuration: Development
LogInit: Branch Name: ++UE4+Release-4.12
LogInit: Command line:  
LogInit: Base directory: C:/Program Files/Epic Games/4.12/Engine/Binaries/Win64/
LogInit: Installed Engine Build: 1
LogInit: Using libcurl 7.41.0
LogInit:  - built for x86_64-pc-win32
LogInit:  - supports SSL with WinSSL
LogInit:  - other features:
LogInit:      CURL_VERSION_SSL
LogInit:      CURL_VERSION_IPV6
LogInit:      CURL_VERSION_ASYNCHDNS
LogInit:      CURL_VERSION_LARGEFILE
LogInit:      CURL_VERSION_IDN
LogInit:  CurlRequestOptions (configurable via config and command line):
LogInit:  - bVerifyPeer = true  - Libcurl will verify peer certificate
LogInit:  - bUseHttpProxy = false  - Libcurl will NOT use HTTP proxy
LogInit:  - bDontReuseConnections = false  - Libcurl will reuse connections
LogInit:  - CertBundlePath = nullptr  - Libcurl will use whatever was configured at build time.
LogInit: Presizing for max 8388607 objects, including 0 objects not considered by GC, pre-allocating 0 bytes for permanent pool.
LogInit: Object subsystem initialized
[2017.06.27-08.19.47:888][  0]LogInit: Selected Device Profile: [Windows]
[2017.06.27-08.19.47:888][  0]LogInit: Applying CVar settings loaded from the selected device profile: [Windows]
[2017.06.27-08.19.47:903][  0]LogInit: Computer: GODLIKESYSTEM
[2017.06.27-08.19.47:903][  0]LogInit: User: Demonic
[2017.06.27-08.19.47:903][  0]LogInit: CPU Page size=65536, Cores=4
[2017.06.27-08.19.47:903][  0]LogInit: High frequency timer resolution =3.312861 MHz
[2017.06.27-08.19.47:903][  0]LogMemory: Memory total: Physical=8.0GB (8GB approx)
[2017.06.27-08.19.47:903][  0]LogMemory: Platform Memory Stats for Windows
[2017.06.27-08.19.47:903][  0]LogMemory: Process Physical Memory: 192.74 MB used, 192.74 MB peak
[2017.06.27-08.19.47:903][  0]LogMemory: Process Virtual Memory: 197.79 MB used, 197.79 MB peak
[2017.06.27-08.19.47:903][  0]LogMemory: Physical Memory: 6156.86 MB used, 8174.04 MB total
[2017.06.27-08.19.47:903][  0]LogMemory: Virtual Memory: 522.69 MB used, 8388608.00 MB total
[2017.06.27-08.19.47:959][  0]LogTextLocalizationManager: No specific translations for ('en-US') exist, so ('en') translations will be used.
[2017.06.27-08.19.48:364][  0]LogD3D11RHI: D3D11 adapters:
[2017.06.27-08.19.48:395][  0]LogD3D11RHI:    0. 'NVIDIA GeForce GT 440' (Feature Level 11_0)
[2017.06.27-08.19.48:395][  0]LogD3D11RHI:       1489/0/2559 MB DedicatedVideo/DedicatedSystem/SharedSystem, Outputs:1, VendorId:0x10de
[2017.06.27-08.19.48:395][  0]LogD3D11RHI: Chosen D3D11 Adapter: 0
[2017.06.27-08.19.48:399][  0]LogD3D11RHI: Creating new Direct3DDevice
[2017.06.27-08.19.48:399][  0]LogD3D11RHI:     GPU DeviceId: 0xdc0 (for the marketing name, search the web for "GPU Device Id")
[2017.06.27-08.19.48:399][  0]LogWindows: EnumDisplayDevices:
[2017.06.27-08.19.48:399][  0]LogWindows:    0. 'NVIDIA GeForce GT 440' (P:1 D:1)
[2017.06.27-08.19.48:400][  0]LogWindows:    1. 'NVIDIA GeForce GT 440' (P:0 D:0)
[2017.06.27-08.19.48:400][  0]LogWindows:    2. 'RDPDD Chained DD' (P:0 D:0)
[2017.06.27-08.19.48:400][  0]LogWindows:    3. 'RDP Encoder Mirror Driver' (P:0 D:0)
[2017.06.27-08.19.48:400][  0]LogWindows:    4. 'RDP Reflector Display Driver' (P:0 D:0)
[2017.06.27-08.19.48:400][  0]LogWindows: DebugString: GetVideoDriverDetailsInvalid PrimaryIsNotTheChoosenAdapter GetVideoDriverDetailsInvalid PrimaryIsNotTheChoosenAdapter GetVideoDriverDetailsInvalid PrimaryIsNotTheChoosenAdapter FoundDriverCount:2 
[2017.06.27-08.19.48:400][  0]LogD3D11RHI:     Adapter Name: NVIDIA GeForce GT 440
[2017.06.27-08.19.48:400][  0]LogD3D11RHI:   Driver Version: 364.72 (internal:10.18.13.6472, unified:364.72)
[2017.06.27-08.19.48:400][  0]LogD3D11RHI:      Driver Date: 3-21-2016
[2017.06.27-08.19.48:400][  0]LogRHI: Texture pool is 1042 MB (70% of 1489 MB)
[2017.06.27-08.19.48:407][  0]LogD3D11RHI: Async texture creation enabled
[2017.06.27-08.19.48:422][  0]LogD3D11RHI: GPU Timing Frequency: 1000.000000 (Debug: 2 2)
[2017.06.27-08.19.48:422][  0]LogShaderCompilers: Guid format shader working directory is -1 characters bigger than the processId version (../../../../../../Users/Demonic/Desktop/Blackhole/Intermediate/Shaders/WorkingDirectory/9080/).
[2017.06.27-08.19.48:422][  0]LogShaderCompilers: Cleaned the shader compiler working directory 'C:/Users/Demonic/AppData/Local/Temp/UnrealShaderWorkingDir/4C859DF74A8BA4A332035CA5699FEA82/'.
[2017.06.27-08.19.48:422][  0]LogShaderCompilers:Display: Using Local Shader Compiler.
[2017.06.27-08.19.49:384][  0]LogTemp:Display: Loaded TP AllDesktopTargetPlatform
[2017.06.27-08.19.49:395][  0]LogTemp:Display: Loaded TP WindowsClientTargetPlatform
[2017.06.27-08.19.49:405][  0]LogTemp:Display: Loaded TP WindowsNoEditorTargetPlatform
[2017.06.27-08.19.49:416][  0]LogTemp:Display: Loaded TP WindowsServerTargetPlatform
[2017.06.27-08.19.49:426][  0]LogTemp:Display: Loaded TP WindowsTargetPlatform
[2017.06.27-08.19.49:435][  0]LogTemp:Display: Loaded TP AndroidTargetPlatform
[2017.06.27-08.19.49:444][  0]LogTemp:Display: Loaded TP Android_ASTCTargetPlatform
[2017.06.27-08.19.49:453][  0]LogTemp:Display: Loaded TP Android_ATCTargetPlatform
[2017.06.27-08.19.49:462][  0]LogTemp:Display: Loaded TP Android_DXTTargetPlatform
[2017.06.27-08.19.49:471][  0]LogTemp:Display: Loaded TP Android_ETC1TargetPlatform
[2017.06.27-08.19.49:480][  0]LogTemp:Display: Loaded TP Android_ETC2TargetPlatform
[2017.06.27-08.19.49:498][  0]LogTemp:Display: Loaded TP Android_MultiTargetPlatform
[2017.06.27-08.19.49:498][  0]LogTemp:Display: Loaded TP Android_PVRTCTargetPlatform
[2017.06.27-08.19.49:499][  0]LogTemp:Display: Loaded TP HTML5TargetPlatform
[2017.06.27-08.19.49:522][  0]LogTemp:Display: Loaded TP IOSTargetPlatform
[2017.06.27-08.19.49:531][  0]LogTemp:Display: Loaded TP TVOSTargetPlatform
[2017.06.27-08.19.49:540][  0]LogTemp:Display: Loaded TP LinuxNoEditorTargetPlatform
[2017.06.27-08.19.49:549][  0]LogTemp:Display: Loaded TP LinuxServerTargetPlatform
[2017.06.27-08.19.49:571][  0]LogTemp:Display: Loaded TP LinuxTargetPlatform
[2017.06.27-08.19.49:571][  0]LogTargetPlatformManager:Display: Building Assets For Windows
[2017.06.27-08.19.49:648][  0]LogDerivedDataCache:Display: Max Cache Size: 512 MB
[2017.06.27-08.19.50:279][  0]LogDerivedDataCache: Loaded boot cache 0.63s 48MB C:/Users/Demonic/AppData/Local/UnrealEngine/4.12/DerivedDataCache/Boot.ddc.
[2017.06.27-08.19.50:279][  0]LogDerivedDataCache:Display: Loaded Boot cache: C:/Users/Demonic/AppData/Local/UnrealEngine/4.12/DerivedDataCache/Boot.ddc
[2017.06.27-08.19.50:280][  0]LogDerivedDataCache: FDerivedDataBackendGraph:  Pak pak cache file ../../../../../../Users/Demonic/Desktop/Blackhole/DerivedDataCache/DDC.ddp not found, will not use a pak cache.
[2017.06.27-08.19.50:280][  0]LogDerivedDataCache: Unable to find inner node Pak for hierarchical cache Hierarchy.
[2017.06.27-08.19.50:280][  0]LogDerivedDataCache: FDerivedDataBackendGraph:  CompressedPak pak cache file ../../../../../../Users/Demonic/Desktop/Blackhole/DerivedDataCache/Compressed.ddp not found, will not use a pak cache.
[2017.06.27-08.19.50:280][  0]LogDerivedDataCache: Unable to find inner node CompressedPak for hierarchical cache Hierarchy.
[2017.06.27-08.19.50:297][  0]LogDerivedDataCache:Display: Pak cache opened for reading ../../../Engine/DerivedDataCache/Compressed.ddp.
[2017.06.27-08.19.50:309][  0]LogDerivedDataCache: Using Local data cache path C:/Users/Demonic/AppData/Local/UnrealEngine/Common/DerivedDataCache: Writable
[2017.06.27-08.19.50:498][  0]LogInit: Selected Device Profile: [Windows]
[2017.06.27-08.19.50:498][  0]LogContentStreaming: Texture pool size is 0.00 MB
[2017.06.27-08.19.50:692][  0]LogMeshUtilities: No automatic mesh reduction module available
[2017.06.27-08.19.50:692][  0]LogMeshUtilities: No automatic mesh merging module available
[2017.06.27-08.19.50:692][  0]LogMeshUtilities: No distributed automatic mesh merging module available
[2017.06.27-08.19.51:012][  0]LogAssetRegistry: FAssetRegistry took 0.0197 seconds to start up
[2017.06.27-08.19.51:047][  0]LogPackageLocalizationCache: Processed 3 localized package path(s) for 2 prioritized culture(s) in 0.032967 seconds
[2017.06.27-08.19.51:053][  0]LogUObjectArray: 28739 objects as part of root set at end of initial load.
[2017.06.27-08.19.51:053][  0]LogUObjectAllocator: 5855632 out of 0 bytes used by permanent object pool.
[2017.06.27-08.19.51:053][  0]LogUObjectArray: CloseDisregardForGC: 0/0 objects in disregard for GC pool
[2017.06.27-08.19.51:059][  0]LogInit: WinSock: version 1.1 (2.2), MaxSocks=32767, MaxUdp=65467
[2017.06.27-08.19.51:514][  0]LogSlate: SlateFontCache - WITH_FREETYPE: 1, WITH_HARFBUZZ: 1
[2017.06.27-08.19.51:514][  0]LogSlate: SlateFontCache - WITH_FREETYPE: 1, WITH_HARFBUZZ: 1
[2017.06.27-08.20.09:596][  0]LogUdpMessaging: Initializing bridge on interface 0.0.0.0:0 to multicast group 230.0.0.1:6666.
[2017.06.27-08.20.10:042][  0]SourceControl: Info Source control is disabled
[2017.06.27-08.20.10:043][  0]SourceControl: Info Source control is disabled
[2017.06.27-08.20.10:050][  0]SourceControl: Info Source control is disabled
[2017.06.27-08.20.10:057][  0]SourceControl: Info Source control is disabled
[2017.06.27-08.20.10:179][  0]LogLinker:Warning: Can't find file '/Game/TopDownCPP/TopDownOverview'
[2017.06.27-08.20.10:179][  0]LogLinker:Warning: Can't find file '/Game/TopDownCPP/TopDownOverview'
[2017.06.27-08.20.10:179][  0]LogUObjectGlobals:Warning: Failed to find object 'Class /Game/TopDownCPP/TopDownOverview.TopDownOverview_C'
[2017.06.27-08.20.10:416][  0]LogEngine: Initializing Engine...
[2017.06.27-08.20.10:419][  0]LogHMD: SteamVR failed to initialize.  Err: 110
[2017.06.27-08.20.10:421][  0]LogHMD: SteamVR failed to initialize.  Err: 110
[2017.06.27-08.20.10:560][  0]LogAIModule: Creating AISystem for world NewWorld
[2017.06.27-08.20.10:569][  0]LogInit: XAudio2 using 'Speakers (USB  AUDIO  )' : 2 channels at 48 kHz using 16 bits per sample (channel mask 0x3)
[2017.06.27-08.20.10:578][  0]LogInit: FAudioDevice initialized.
[2017.06.27-08.20.10:603][  0]LogDerivedDataCache: Saved boot cache 0.02s 48MB C:/Users/Demonic/AppData/Local/UnrealEngine/4.12/DerivedDataCache/Boot.ddc.
[2017.06.27-08.20.10:610][  0]LogInit: Texture streaming: Enabled
[2017.06.27-08.20.10:646][  0]LogInit: Transaction tracking system initialized
[2017.06.27-08.20.10:672][  0]BlueprintLog: New page: Editor Load
[2017.06.27-08.20.10:780][  0]LocalizationService: Info Localization service is disabled
[2017.06.27-08.20.10:943][  0]LogConsoleResponse:Display: 
[2017.06.27-08.20.11:402][  0]LogCook:Display: Max memory allowance for cook 8192mb
[2017.06.27-08.20.11:402][  0]LogCook:Display: Mobile HDR setting 0
[2017.06.27-08.20.11:697][  0]LogFileCache: Scanning file cache for directory 'C:/Users/Demonic/Desktop/Blackhole/Content/' took 0.01s
[2017.06.27-08.20.11:915][  0]SourceControl: Info Source control is disabled
[2017.06.27-08.20.11:915][  0]Cmd: MAP LOAD FILE="../../../../../../Users/Demonic/Desktop/Blackhole/Content/Blackhole/BMaps/Map1.umap" TEMPLATE=0 SHOWPROGRESS=1 FEATURELEVEL=3
[2017.06.27-08.20.11:915][  0]LightingResults: New page: Lighting Build
[2017.06.27-08.20.11:917][  0]MapCheck: New page: Map Check
[2017.06.27-08.20.11:917][  0]LightingResults: New page: Lighting Build
[2017.06.27-08.20.13:246][  0]LogAIModule: Creating AISystem for world Map1
[2017.06.27-08.20.13:343][  0]LogEditorServer: Finished looking for orphan Actors (0.000 secs)
[2017.06.27-08.20.13:344][  0]Cmd: MAP CHECKDEP NOCLEARLOG
[2017.06.27-08.20.13:382][  0]MapCheck: Info Map check complete: 0 Error(s), 0 Warning(s), took 37.813ms to complete.
[2017.06.27-08.20.13:382][  0]LogFileHelpers: Loading map 'Map1' took 1.467
[2017.06.27-08.20.13:569][  0]LogCollectionManager: Loaded 0 collections in 0.001383 seconds
[2017.06.27-08.20.13:607][  0]LogFileCache: Scanning file cache for directory 'C:/Users/Demonic/Desktop/Blackhole/Saved/Collections/' took 0.01s
[2017.06.27-08.20.13:607][  0]LogFileCache: Scanning file cache for directory 'C:/Users/Demonic/Desktop/Blackhole/Content/Developers/Demonic/Collections/' took 0.01s
[2017.06.27-08.20.13:607][  0]LogFileCache: Scanning file cache for directory 'C:/Users/Demonic/Desktop/Blackhole/Content/Collections/' took 0.01s
[2017.06.27-08.20.13:607][  0]LogCollectionManager: Rebuilt the GUID cache for 0 collections in 0.000002 seconds
[2017.06.27-08.20.13:616][  0]LogContentBrowser: Native class hierarchy populated in 0.0087 seconds. Added 2047 classes and 369 folders.
[2017.06.27-08.20.13:620][  0]LogStats: UGameplayTagsManager::ConstructGameplayTagTree: Construct from data asset -  0.000 s
[2017.06.27-08.20.13:620][  0]LogStats: UGameplayTagsManager::ConstructGameplayTagTree: GameplayTagTreeChangedEvent.Broadcast -  0.000 s
[2017.06.27-08.20.13:620][  0]LogContentBrowser: Native class hierarchy updated for 'GameplayTags' in 0.0005 seconds. Added 12 classes and 0 folders.
[2017.06.27-08.20.13:624][  0]LogContentBrowser: Native class hierarchy updated for 'WidgetCarousel' in 0.0004 seconds. Added 0 classes and 0 folders.
[2017.06.27-08.20.14:270][  0]LogContentBrowser: Native class hierarchy updated for 'AddContentDialog' in 0.0004 seconds. Added 0 classes and 0 folders.
[2017.06.27-08.20.14:276][  0]LogContentBrowser: Native class hierarchy updated for 'SceneOutliner' in 0.0004 seconds. Added 1 classes and 2 folders.
[2017.06.27-08.20.14:333][  0]LogCrashTracker: Crashtracker disabled due to settings.
[2017.06.27-08.20.14:337][  0]LogUObjectGlobals:Warning: Failed to find object 'Class None.'
[2017.06.27-08.20.14:361][  0]LogContentBrowser: Native class hierarchy updated for 'HierarchicalLODOutliner' in 0.0004 seconds. Added 1 classes and 2 folders.
[2017.06.27-08.20.14:362][  0]LogLoad: Full Startup: 27.16 seconds (BP compile: 0.30 seconds)
[2017.06.27-08.20.14:362][  0]LogExternalProfiler: Found external profiler: VSPerf
[2017.06.27-08.20.14:362][  0]LogExternalProfiler: Using external profiler: VSPerf
[2017.06.27-08.20.14:371][  0]LogOcInput: OculusInput pre-init called
[2017.06.27-08.20.14:390][  0]LogContentStreaming: Texture pool size now 1000 MB
[2017.06.27-08.20.14:640][  0]LogRenderer: Reallocating scene render targets to support 1064x576 (Frame:2).
[2017.06.27-08.20.14:709][  1]LogAssetRegistry: Asset discovery search completed in 23.7170 seconds
[2017.06.27-08.20.14:709][  1]LogCollectionManager: Rebuilt the object cache for 0 collections in 0.000001 seconds (found 0 objects)
[2017.06.27-08.20.14:709][  1]LogCollectionManager: Fixed up redirectors for 0 collections in 0.000021 seconds (updated 0 objects)
[2017.06.27-08.31.59:420][696]LogContentBrowser: Native class hierarchy updated for 'BlueprintGraph' in 0.0008 seconds. Added 111 classes and 0 folders.
[2017.06.27-08.32.15:460][153]LogRenderer: Reallocating scene render targets to support 1172x712 (Frame:7391).
[2017.06.27-08.33.26:556][198]BlueprintLog: New page: Compile A_Planet
[2017.06.27-08.33.26:897][198]BlueprintEditorCompileResults: Info [0819.67] Compile of A_Planet successful! [in 332 ms] (/Game/Blackhole/Enemies/A_Planet.A_Planet)
[2017.06.27-08.35.04:926][505]BlueprintLog: New page: Compile A_Planet
[2017.06.27-08.35.05:014][505]BlueprintEditorCompileResults: Info [0917.79] Compile of A_Planet successful! [in 88 ms] (/Game/Blackhole/Enemies/A_Planet.A_Planet)
[2017.06.27-08.35.06:197][549]BlueprintLog: New page: Compile A_Star
[2017.06.27-08.35.06:282][549]BlueprintEditorCompileResults: Info [0919.06] Compile of A_Star successful! [in 84 ms] (/Game/Blackhole/Enemies/A_Star.A_Star)
[2017.06.27-08.35.48:613][505]BlueprintLog: New page: Compile GenericSpawner
[2017.06.27-08.35.48:711][505]BlueprintEditorCompileResults: Info [0961.49] Compile of GenericSpawner successful! [in 98 ms] (/Game/Blackhole/Spawners/GenericSpawner.GenericSpawner)
[2017.06.27-08.35.59:287][966]LogUObjectHash:Warning: Ambiguous search, could be K2Node_CallFunction /Game/Blackhole/Spawners/GenericSpawner.GenericSpawner:EventGraph.K2Node_CallFunction_209 or K2Node_CallFunction /Engine/Transient.PROTO_BP_Blueprint_0:UserConstructionScript.K2Node_CallFunction_209
[2017.06.27-08.35.59:288][966]LogProperty:Warning: ObjectProperty /Script/Engine.EdGraphPin:LinkedTo.LinkedTo: unresolved reference to 'EdGraphPin'K2Node_CallFunction_209.EdGraphPin_190''
[2017.06.27-08.35.59:288][966]LogProperty:Warning: ObjectProperty /Script/Engine.EdGraphPin:LinkedTo.LinkedTo: unresolved reference to 'EdGraphPin'K2Node_VariableSet_99.EdGraphPin_103''
[2017.06.27-08.35.59:288][966]LogUObjectHash:Warning: Ambiguous search, could be K2Node_CallFunction /Game/Blackhole/Spawners/GenericSpawner.GenericSpawner:EventGraph.K2Node_CallFunction_209 or K2Node_CallFunction /Engine/Transient.PROTO_BP_Blueprint_0:UserConstructionScript.K2Node_CallFunction_209
[2017.06.27-08.35.59:288][966]LogProperty:Warning: ObjectProperty /Script/Engine.EdGraphPin:LinkedTo.LinkedTo: unresolved reference to 'EdGraphPin'K2Node_CallFunction_209.EdGraphPin_188''
[2017.06.27-08.37.16:556][725]BlueprintLog: New page: Compile GenericSpawner
[2017.06.27-08.37.16:659][725]BlueprintEditorCompileResults: Info [1049.44] Compile of GenericSpawner successful! [in 103 ms] (/Game/Blackhole/Spawners/GenericSpawner.GenericSpawner)
[2017.06.27-08.37.21:782][ 69]Cmd: OBJ SAVEPACKAGE PACKAGE="/Game/Blackhole/BMaps/Map1" FILE="../../../../../../Users/Demonic/Desktop/Blackhole/Content/Blackhole/BMaps/Map1.umap" SILENT=true AUTOSAVING=false KEEPDIRTY=false
[2017.06.27-08.37.22:942][ 69]LogSavePackage: Save=292.25ms
[2017.06.27-08.37.22:942][ 69]LogSavePackage: Moving '../../../../../../Users/Demonic/Desktop/Blackhole/Saved/Map1453E58D04C788FC05BA564B2A141FF8A.tmp' to '../../../../../../Users/Demonic/Desktop/Blackhole/Content/Blackhole/BMaps/Map1.umap'
[2017.06.27-08.37.22:948][ 69]LogSavePackage:Display: Finished SavePackage ../../../../../../Users/Demonic/Desktop/Blackhole/Content/Blackhole/BMaps/Map1.umap
[2017.06.27-08.37.23:004][ 69]LogFileHelpers: Saving map 'Map1' took 1.412
[2017.06.27-08.37.23:008][ 69]Cmd: OBJ SAVEPACKAGE PACKAGE="/Game/Blackhole/Enemies/A_Star" FILE="../../../../../../Users/Demonic/Desktop/Blackhole/Content/Blackhole/Enemies/A_Star.uasset" SILENT=true
[2017.06.27-08.37.23:037][ 69]LogSavePackage: Save=16.72ms
[2017.06.27-08.37.23:037][ 69]LogSavePackage: Moving '../../../../../../Users/Demonic/Desktop/Blackhole/Saved/A_StarED2A72DB458DB662A6FE2C8FB2C96400.tmp' to '../../../../../../Users/Demonic/Desktop/Blackhole/Content/Blackhole/Enemies/A_Star.uasset'
[2017.06.27-08.37.23:046][ 69]LogSavePackage:Display: Finished SavePackage ../../../../../../Users/Demonic/Desktop/Blackhole/Content/Blackhole/Enemies/A_Star.uasset
[2017.06.27-08.37.23:048][ 69]Cmd: OBJ SAVEPACKAGE PACKAGE="/Game/Blackhole/Spawners/GenericSpawner" FILE="../../../../../../Users/Demonic/Desktop/Blackhole/Content/Blackhole/Spawners/GenericSpawner.uasset" SILENT=true
[2017.06.27-08.37.23:091][ 69]LogSavePackage: Save=34.41ms
[2017.06.27-08.37.23:091][ 69]LogSavePackage: Moving '../../../../../../Users/Demonic/Desktop/Blackhole/Saved/GenericSpawner08B2AC094440720FC493AB9D228BBD9F.tmp' to '../../../../../../Users/Demonic/Desktop/Blackhole/Content/Blackhole/Spawners/GenericSpawner.uasset'
[2017.06.27-08.37.23:096][ 69]LogSavePackage:Display: Finished SavePackage ../../../../../../Users/Demonic/Desktop/Blackhole/Content/Blackhole/Spawners/GenericSpawner.uasset
[2017.06.27-08.37.23:099][ 69]Cmd: OBJ SAVEPACKAGE PACKAGE="/Game/Blackhole/Enemies/A_Planet" FILE="../../../../../../Users/Demonic/Desktop/Blackhole/Content/Blackhole/Enemies/A_Planet.uasset" SILENT=true
[2017.06.27-08.37.23:117][ 69]LogSavePackage: Save=16.22ms
[2017.06.27-08.37.23:117][ 69]LogSavePackage: Moving '../../../../../../Users/Demonic/Desktop/Blackhole/Saved/A_PlanetF2E0CE154B52F34BAFB8AF9F3BE8D886.tmp' to '../../../../../../Users/Demonic/Desktop/Blackhole/Content/Blackhole/Enemies/A_Planet.uasset'
[2017.06.27-08.37.23:122][ 69]LogSavePackage:Display: Finished SavePackage ../../../../../../Users/Demonic/Desktop/Blackhole/Content/Blackhole/Enemies/A_Planet.uasset
[2017.06.27-08.37.24:326][131]LogBlueprintUserMessages: Early PlayInEditor Detection: Level '/Game/Blackhole/BMaps/Map1.Map1:PersistentLevel' has LevelScriptBlueprint '/Game/Blackhole/BMaps/Map1.Map1:PersistentLevel.Map1' with GeneratedClass '/Game/Blackhole/BMaps/Map1.Map1_C' with ClassGeneratedBy '/Game/Blackhole/BMaps/Map1.Map1:PersistentLevel.Map1'
[2017.06.27-08.37.24:326][131]LogPlayLevel: PlayLevel: No blueprints needed recompiling
[2017.06.27-08.37.24:344][131]PIE: New page: PIE session: Map1 (Jun 26, 2017, 5:37:24 PM)
[2017.06.27-08.37.24:344][131]LogPlayLevel: Creating play world package: /Game/Blackhole/BMaps/UEDPIE_0_Map1
[2017.06.27-08.37.24:377][131]LogPlayLevel: PIE: StaticDuplicateObject took: (0.032149s)
[2017.06.27-08.37.24:378][131]LogAIModule: Creating AISystem for world Map1
[2017.06.27-08.37.24:378][131]LogPlayLevel: PIE: World Init took: (0.001747s)
[2017.06.27-08.37.24:379][131]LogPlayLevel: PIE: Created PIE world by copying editor world from /Game/Blackhole/BMaps/Map1.Map1 to /Game/Blackhole/BMaps/UEDPIE_0_Map1.Map1 (0.034518s)
[2017.06.27-08.37.24:415][131]LogInit: XAudio2 using 'Speakers (USB  AUDIO  )' : 2 channels at 48 kHz using 16 bits per sample (channel mask 0x3)
[2017.06.27-08.37.24:420][131]LogInit: FAudioDevice initialized.
[2017.06.27-08.37.24:576][131]LogWorld: Game class is 'TopDownGameMode_C'
[2017.06.27-08.37.24:617][131]LogWorld: Bringing World /Game/Blackhole/BMaps/UEDPIE_0_Map1.Map1 up for play (max tick rate 0) at 2017.06.27-01.37.24
[2017.06.27-08.37.24:668][131]LogWorld: Bringing up level for play took: 0.053931
[2017.06.27-08.37.24:776][131]LogContentBrowser: Native class hierarchy updated for 'MovieSceneCapture' in 0.0005 seconds. Added 11 classes and 0 folders.
[2017.06.27-08.37.24:821][131]PIE: Info Play in editor start time for /Game/Blackhole/BMaps/UEDPIE_0_Map1 -0.499
[2017.06.27-08.37.24:821][131]LogBlueprintUserMessages: Late PlayInEditor Detection: Level '/Game/Blackhole/BMaps/Map1.Map1:PersistentLevel' has LevelScriptBlueprint '/Game/Blackhole/BMaps/Map1.Map1:PersistentLevel.Map1' with GeneratedClass '/Game/Blackhole/BMaps/Map1.Map1_C' with ClassGeneratedBy '/Game/Blackhole/BMaps/Map1.Map1:PersistentLevel.Map1'
[2017.06.27-08.38.13:816][491]LogBlueprintUserMessages: Early EndPlayMap Detection: Level '/Game/Blackhole/BMaps/Map1.Map1:PersistentLevel' has LevelScriptBlueprint '/Game/Blackhole/BMaps/Map1.Map1:PersistentLevel.Map1' with GeneratedClass '/Game/Blackhole/BMaps/Map1.Map1_C' with ClassGeneratedBy '/Game/Blackhole/BMaps/Map1.Map1:PersistentLevel.Map1'
[2017.06.27-08.38.13:964][491]LogBlueprintUserMessages: Late EndPlayMap Detection: Level '/Game/Blackhole/BMaps/Map1.Map1:PersistentLevel' has LevelScriptBlueprint '/Game/Blackhole/BMaps/Map1.Map1:PersistentLevel.Map1' with GeneratedClass '/Game/Blackhole/BMaps/Map1.Map1_C' with ClassGeneratedBy '/Game/Blackhole/BMaps/Map1.Map1:PersistentLevel.Map1'
[2017.06.27-08.38.41:887][420]BlueprintLog: New page: Compile GenericSpawner
[2017.06.27-08.38.41:987][420]BlueprintEditorCompileResults: Info [1134.76] Compile of GenericSpawner successful! [in 100 ms] (/Game/Blackhole/Spawners/GenericSpawner.GenericSpawner)
[2017.06.27-08.38.44:435][513]LogBlueprintUserMessages: Early PlayInEditor Detection: Level '/Game/Blackhole/BMaps/Map1.Map1:PersistentLevel' has LevelScriptBlueprint '/Game/Blackhole/BMaps/Map1.Map1:PersistentLevel.Map1' with GeneratedClass '/Game/Blackhole/BMaps/Map1.Map1_C' with ClassGeneratedBy '/Game/Blackhole/BMaps/Map1.Map1:PersistentLevel.Map1'
[2017.06.27-08.38.44:435][513]LogPlayLevel: PlayLevel: No blueprints needed recompiling
[2017.06.27-08.38.44:435][513]PIE: New page: PIE session: Map1 (Jun 26, 2017, 5:38:44 PM)
[2017.06.27-08.38.44:435][513]LogPlayLevel: Creating play world package: /Game/Blackhole/BMaps/UEDPIE_0_Map1
[2017.06.27-08.38.44:458][513]LogPlayLevel: PIE: StaticDuplicateObject took: (0.022686s)
[2017.06.27-08.38.44:460][513]LogAIModule: Creating AISystem for world Map1
[2017.06.27-08.38.44:460][513]LogPlayLevel: PIE: World Init took: (0.001639s)
[2017.06.27-08.38.44:460][513]LogPlayLevel: PIE: Created PIE world by copying editor world from /Game/Blackhole/BMaps/Map1.Map1 to /Game/Blackhole/BMaps/UEDPIE_0_Map1.Map1 (0.024697s)
[2017.06.27-08.38.44:483][513]LogInit: XAudio2 using 'Speakers (USB  AUDIO  )' : 2 channels at 48 kHz using 16 bits per sample (channel mask 0x3)
[2017.06.27-08.38.44:489][513]LogInit: FAudioDevice initialized.
[2017.06.27-08.38.44:543][513]LogWorld: Game class is 'TopDownGameMode_C'
[2017.06.27-08.38.44:549][513]LogWorld: Bringing World /Game/Blackhole/BMaps/UEDPIE_0_Map1.Map1 up for play (max tick rate 0) at 2017.06.27-01.38.44
[2017.06.27-08.38.44:549][513]LogWorld: Bringing up level for play took: 0.005039
[2017.06.27-08.38.44:551][513]PIE: Info Play in editor start time for /Game/Blackhole/BMaps/UEDPIE_0_Map1 -0.77
[2017.06.27-08.38.44:551][513]LogBlueprintUserMessages: Late PlayInEditor Detection: Level '/Game/Blackhole/BMaps/Map1.Map1:PersistentLevel' has LevelScriptBlueprint '/Game/Blackhole/BMaps/Map1.Map1:PersistentLevel.Map1' with GeneratedClass '/Game/Blackhole/BMaps/Map1.Map1_C' with ClassGeneratedBy '/Game/Blackhole/BMaps/Map1.Map1:PersistentLevel.Map1'
[2017.06.27-08.39.33:236][873]LogBlueprintUserMessages: Early EndPlayMap Detection: Level '/Game/Blackhole/BMaps/Map1.Map1:PersistentLevel' has LevelScriptBlueprint '/Game/Blackhole/BMaps/Map1.Map1:PersistentLevel.Map1' with GeneratedClass '/Game/Blackhole/BMaps/Map1.Map1_C' with ClassGeneratedBy '/Game/Blackhole/BMaps/Map1.Map1:PersistentLevel.Map1'
[2017.06.27-08.39.33:289][873]LogBlueprintUserMessages: Late EndPlayMap Detection: Level '/Game/Blackhole/BMaps/Map1.Map1:PersistentLevel' has LevelScriptBlueprint '/Game/Blackhole/BMaps/Map1.Map1:PersistentLevel.Map1' with GeneratedClass '/Game/Blackhole/BMaps/Map1.Map1_C' with ClassGeneratedBy '/Game/Blackhole/BMaps/Map1.Map1:PersistentLevel.Map1'
[2017.06.27-08.40.03:560][876]BlueprintLog: New page: Compile GenericSpawner
[2017.06.27-08.40.03:660][876]BlueprintEditorCompileResults: Info [1216.43] Compile of GenericSpawner successful! [in 99 ms] (/Game/Blackhole/Spawners/GenericSpawner.GenericSpawner)
[2017.06.27-08.40.07:840][ 18]BlueprintLog: New page: Compile GenericSpawner
[2017.06.27-08.40.07:940][ 18]BlueprintEditorCompileResults: Info [1220.71] Compile of GenericSpawner successful! [in 99 ms] (/Game/Blackhole/Spawners/GenericSpawner.GenericSpawner)
[2017.06.27-08.40.12:116][174]Cmd: OBJ SAVEPACKAGE PACKAGE="/Game/Blackhole/BMaps/Map1" FILE="../../../../../../Users/Demonic/Desktop/Blackhole/Content/Blackhole/BMaps/Map1.umap" SILENT=true AUTOSAVING=false KEEPDIRTY=false
[2017.06.27-08.40.12:328][174]LogSavePackage: Save=187.34ms
[2017.06.27-08.40.12:328][174]LogSavePackage: Moving '../../../../../../Users/Demonic/Desktop/Blackhole/Saved/Map16A5A1DA34798A3B96A6211B6232EF1D9.tmp' to '../../../../../../Users/Demonic/Desktop/Blackhole/Content/Blackhole/BMaps/Map1.umap'
[2017.06.27-08.40.12:333][174]LogSavePackage:Display: Finished SavePackage ../../../../../../Users/Demonic/Desktop/Blackhole/Content/Blackhole/BMaps/Map1.umap
[2017.06.27-08.40.12:371][174]LogFileHelpers: Saving map 'Map1' took 0.429
[2017.06.27-08.40.12:372][174]Cmd: OBJ SAVEPACKAGE PACKAGE="/Game/Blackhole/Spawners/GenericSpawner" FILE="../../../../../../Users/Demonic/Desktop/Blackhole/Content/Blackhole/Spawners/GenericSpawner.uasset" SILENT=true
[2017.06.27-08.40.12:409][174]LogSavePackage: Save=29.59ms
[2017.06.27-08.40.12:409][174]LogSavePackage: Moving '../../../../../../Users/Demonic/Desktop/Blackhole/Saved/GenericSpawner42C4363A488476293FAFB1B4F904715E.tmp' to '../../../../../../Users/Demonic/Desktop/Blackhole/Content/Blackhole/Spawners/GenericSpawner.uasset'
[2017.06.27-08.40.12:501][174]LogSavePackage:Display: Finished SavePackage ../../../../../../Users/Demonic/Desktop/Blackhole/Content/Blackhole/Spawners/GenericSpawner.uasset
[2017.06.27-08.40.13:372][213]LogBlueprintUserMessages: Early PlayInEditor Detection: Level '/Game/Blackhole/BMaps/Map1.Map1:PersistentLevel' has LevelScriptBlueprint '/Game/Blackhole/BMaps/Map1.Map1:PersistentLevel.Map1' with GeneratedClass '/Game/Blackhole/BMaps/Map1.Map1_C' with ClassGeneratedBy '/Game/Blackhole/BMaps/Map1.Map1:PersistentLevel.Map1'
[2017.06.27-08.40.13:372][213]LogPlayLevel: PlayLevel: No blueprints needed recompiling
[2017.06.27-08.40.13:372][213]PIE: New page: PIE session: Map1 (Jun 26, 2017, 5:40:13 PM)
[2017.06.27-08.40.13:372][213]LogPlayLevel: Creating play world package: /Game/Blackhole/BMaps/UEDPIE_0_Map1
[2017.06.27-08.40.13:394][213]LogPlayLevel: PIE: StaticDuplicateObject took: (0.021665s)
[2017.06.27-08.40.13:395][213]LogAIModule: Creating AISystem for world Map1
[2017.06.27-08.40.13:395][213]LogPlayLevel: PIE: World Init took: (0.001121s)
[2017.06.27-08.40.13:395][213]LogPlayLevel: PIE: Created PIE world by copying editor world from /Game/Blackhole/BMaps/Map1.Map1 to /Game/Blackhole/BMaps/UEDPIE_0_Map1.Map1 (0.023051s)
[2017.06.27-08.40.13:417][213]LogInit: XAudio2 using 'Speakers (USB  AUDIO  )' : 2 channels at 48 kHz using 16 bits per sample (channel mask 0x3)
[2017.06.27-08.40.13:422][213]LogInit: FAudioDevice initialized.
[2017.06.27-08.40.13:474][213]LogWorld: Game class is 'TopDownGameMode_C'
[2017.06.27-08.40.13:479][213]LogWorld: Bringing World /Game/Blackhole/BMaps/UEDPIE_0_Map1.Map1 up for play (max tick rate 0) at 2017.06.27-01.40.13
[2017.06.27-08.40.13:479][213]LogWorld: Bringing up level for play took: 0.003690
[2017.06.27-08.40.13:481][213]PIE: Info Play in editor start time for /Game/Blackhole/BMaps/UEDPIE_0_Map1 0.158
[2017.06.27-08.40.13:481][213]LogBlueprintUserMessages: Late PlayInEditor Detection: Level '/Game/Blackhole/BMaps/Map1.Map1:PersistentLevel' has LevelScriptBlueprint '/Game/Blackhole/BMaps/Map1.Map1:PersistentLevel.Map1' with GeneratedClass '/Game/Blackhole/BMaps/Map1.Map1_C' with ClassGeneratedBy '/Game/Blackhole/BMaps/Map1.Map1:PersistentLevel.Map1'
[2017.06.27-08.41.28:226][884]LogBlueprintUserMessages: Early EndPlayMap Detection: Level '/Game/Blackhole/BMaps/Map1.Map1:PersistentLevel' has LevelScriptBlueprint '/Game/Blackhole/BMaps/Map1.Map1:PersistentLevel.Map1' with GeneratedClass '/Game/Blackhole/BMaps/Map1.Map1_C' with ClassGeneratedBy '/Game/Blackhole/BMaps/Map1.Map1:PersistentLevel.Map1'
[2017.06.27-08.41.28:278][884]LogBlueprintUserMessages: Late EndPlayMap Detection: Level '/Game/Blackhole/BMaps/Map1.Map1:PersistentLevel' has LevelScriptBlueprint '/Game/Blackhole/BMaps/Map1.Map1:PersistentLevel.Map1' with GeneratedClass '/Game/Blackhole/BMaps/Map1.Map1_C' with ClassGeneratedBy '/Game/Blackhole/BMaps/Map1.Map1:PersistentLevel.Map1'
[2017.06.27-08.41.33:821][119]LogActorComponent: UnregisterComponent: (/Engine/Transient.EditorFloorComp) Not registered. Aborting.
[2017.06.27-08.41.33:874][119]LogActorComponent: UnregisterComponent: (/Engine/Transient.EditorFloorComp) Not registered. Aborting.
[2017.06.27-08.41.34:073][120]Cmd: QUIT_EDITOR
[2017.06.27-08.41.34:207][120]LogExit: Preparing to exit.
[2017.06.27-08.41.34:828][120]LogExit: Editor shut down
[2017.06.27-08.41.34:828][120]LogExit: Transaction tracking system shut down
[2017.06.27-08.41.34:976][120]LogObj: Freed 0b from 0 cluster array pools.
[2017.06.27-08.41.34:976][120]LogExit: Object subsystem successfully closed.
[2017.06.27-08.41.34:988][120]LogD3D11RHI: Shutdown
[2017.06.27-08.41.34:988][120]LogD3D11RHI: CleanupD3DDevice
[2017.06.27-08.41.35:045][120]LogD3D11RHI: ~FD3D11DynamicRHI
[2017.06.27-08.41.35:057][120]LogModuleManager: Shutting down and abandoning module MovieSceneCapture (215)
[2017.06.27-08.41.35:057][120]LogModuleManager: Shutting down and abandoning module BlueprintGraph (214)
[2017.06.27-08.41.35:057][120]LogModuleManager: Shutting down and abandoning module HierarchicalLODOutliner (213)
[2017.06.27-08.41.35:057][120]LogModuleManager: Shutting down and abandoning module CrashTracker (212)
[2017.06.27-08.41.35:057][120]LogModuleManager: Shutting down and abandoning module SceneOutliner (211)
[2017.06.27-08.41.35:057][120]LogModuleManager: Shutting down and abandoning module WidgetCarousel (210)
[2017.06.27-08.41.35:057][120]LogModuleManager: Shutting down and abandoning module AddContentDialog (209)
[2017.06.27-08.41.35:060][120]LogModuleManager: Shutting down and abandoning module GameplayTags (208)
[2017.06.27-08.41.35:060][120]LogModuleManager: Shutting down and abandoning module EditorWidgets (207)
[2017.06.27-08.41.35:060][120]LogModuleManager: Shutting down and abandoning module CollectionManager (206)
[2017.06.27-08.41.35:060][120]LogModuleManager: Shutting down and abandoning module StatsViewer (205)
[2017.06.27-08.41.35:060][120]LogModuleManager: Shutting down and abandoning module FoliageEdit (204)
[2017.06.27-08.41.35:060][120]LogModuleManager: Shutting down and abandoning module LandscapeEditor (203)
[2017.06.27-08.41.35:060][120]LogModuleManager: Shutting down and abandoning module SceneDepthPickerMode (202)
[2017.06.27-08.41.35:060][120]LogModuleManager: Shutting down and abandoning module ActorPickerMode (201)
[2017.06.27-08.41.35:060][120]LogModuleManager: Shutting down and abandoning module GeometryMode (200)
[2017.06.27-08.41.35:060][120]LogModuleManager: Shutting down and abandoning module TextureAlignMode (199)
[2017.06.27-08.41.35:060][120]LogModuleManager: Shutting down and abandoning module BspMode (198)
[2017.06.27-08.41.35:060][120]LogModuleManager: Shutting down and abandoning module HardwareSurvey (197)
[2017.06.27-08.41.35:060][120]LogModuleManager: Shutting down and abandoning module SequenceRecorderSections (196)
[2017.06.27-08.41.35:060][120]LogModuleManager: Shutting down and abandoning module SequenceRecorder (195)
[2017.06.27-08.41.35:060][120]LogModuleManager: Shutting down and abandoning module AutomationWorker (194)
[2017.06.27-08.41.35:060][120]LogModuleManager: Shutting down and abandoning module MatineeToLevelSequence (193)
[2017.06.27-08.41.35:060][120]LogModuleManager: Shutting down and abandoning module PlacementMode (192)
[2017.06.27-08.41.35:060][120]LogModuleManager: Shutting down and abandoning module LevelSequenceEditor (191)
[2017.06.27-08.41.35:060][120]LogModuleManager: Shutting down and abandoning module CharacterAI (190)
[2017.06.27-08.41.35:060][120]LogModuleManager: Shutting down and abandoning module SmartSnapping (189)
[2017.06.27-08.41.35:060][120]LogModuleManager: Shutting down and abandoning module SessionServices (188)
[2017.06.27-08.41.35:060][120]LogModuleManager: Shutting down and abandoning module ViewportSnapping (187)
[2017.06.27-08.41.35:060][120]LogModuleManager: Shutting down and abandoning module LogVisualizer (186)
[2017.06.27-08.41.35:061][120]LogModuleManager: Shutting down and abandoning module GameProjectGeneration (185)
[2017.06.27-08.41.35:061][120]LogModuleManager: Shutting down and abandoning module IntroTutorials (184)
[2017.06.27-08.41.35:061][120]LogModuleManager: Shutting down and abandoning module EditorLiveStreaming (183)
[2017.06.27-08.41.35:061][120]LogModuleManager: Shutting down and abandoning module IOSPlatformEditor (182)
[2017.06.27-08.41.35:061][120]LogModuleManager: Shutting down and abandoning module HTML5PlatformEditor (181)
[2017.06.27-08.41.35:061][120]LogModuleManager: Shutting down and abandoning module AndroidDeviceDetection (180)
[2017.06.27-08.41.35:910][120]LogModuleManager: Shutting down and abandoning module AndroidPlatformEditor (179)
[2017.06.27-08.41.35:910][120]LogModuleManager: Shutting down and abandoning module IOSRuntimeSettings (178)
[2017.06.27-08.41.35:910][120]LogModuleManager: Shutting down and abandoning module AndroidRuntimeSettings (177)
[2017.06.27-08.41.35:910][120]LogModuleManager: Shutting down and abandoning module MergeActors (176)
[2017.06.27-08.41.35:910][120]LogModuleManager: Shutting down and abandoning module SizeMap (175)
[2017.06.27-08.41.35:910][120]LogModuleManager: Shutting down and abandoning module TreeMap (174)
[2017.06.27-08.41.35:910][120]LogModuleManager: Shutting down and abandoning module ReferenceViewer (173)
[2017.06.27-08.41.35:910][120]LogModuleManager: Shutting down and abandoning module LocalizationService (172)
[2017.06.27-08.41.35:910][120]LogModuleManager: Shutting down and abandoning module LocalizationDashboard (171)
[2017.06.27-08.41.35:910][120]LogModuleManager: Shutting down and abandoning module HardwareTargeting (170)
[2017.06.27-08.41.35:910][120]LogModuleManager: Shutting down and abandoning module DeviceProfileEditor (169)
[2017.06.27-08.41.35:910][120]LogModuleManager: Shutting down and abandoning module UndoHistory (168)
[2017.06.27-08.41.35:910][120]LogModuleManager: Shutting down and abandoning module UserFeedback (167)
[2017.06.27-08.41.35:910][120]LogModuleManager: Shutting down and abandoning module XmlParser (166)
[2017.06.27-08.41.35:910][120]LogModuleManager: Shutting down and abandoning module Blutility (165)
[2017.06.27-08.41.35:910][120]LogModuleManager: Shutting down and abandoning module ProjectTargetPlatformEditor (164)
[2017.06.27-08.41.35:910][120]LogModuleManager: Shutting down and abandoning module ProjectSettingsViewer (163)
[2017.06.27-08.41.35:910][120]LogModuleManager: Shutting down and abandoning module InputBindingEditor (162)
[2017.06.27-08.41.35:911][120]LogModuleManager: Shutting down and abandoning module EditorSettingsViewer (161)
[2017.06.27-08.41.35:911][120]LogModuleManager: Shutting down and abandoning module SettingsEditor (160)
[2017.06.27-08.41.35:911][120]LogModuleManager: Shutting down and abandoning module ProjectLauncher (159)
[2017.06.27-08.41.35:911][120]LogModuleManager: Shutting down and abandoning module SessionFrontend (158)
[2017.06.27-08.41.35:911][120]LogModuleManager: Shutting down and abandoning module ProfilerClient (157)
[2017.06.27-08.41.35:911][120]LogModuleManager: Shutting down and abandoning module TargetDeviceServices (156)
[2017.06.27-08.41.35:911][120]LogModuleManager: Shutting down and abandoning module DeviceManager (155)
[2017.06.27-08.41.35:961][120]LogModuleManager: Shutting down and abandoning module AutomationController (154)
[2017.06.27-08.41.35:961][120]LogModuleManager: Shutting down and abandoning module AutomationWindow (153)
[2017.06.27-08.41.35:961][120]LogModuleManager: Shutting down and abandoning module Layers (152)
[2017.06.27-08.41.35:961][120]LogModuleManager: Shutting down and abandoning module ComponentVisualizers (151)
[2017.06.27-08.41.35:961][120]LogModuleManager: Shutting down and abandoning module DetailCustomizations (150)
[2017.06.27-08.41.35:961][120]LogModuleManager: Shutting down and abandoning module PackagesDialog (149)
[2017.06.27-08.41.35:961][120]LogModuleManager: Shutting down and abandoning module Persona (148)
[2017.06.27-08.41.35:961][120]LogModuleManager: Shutting down and abandoning module Kismet (147)
[2017.06.27-08.41.35:961][120]LogModuleManager: Shutting down and abandoning module GraphEditor (146)
[2017.06.27-08.41.35:961][120]LogModuleManager: Shutting down and abandoning module ClassViewer (145)
[2017.06.27-08.41.35:962][120]LogModuleManager: Shutting down and abandoning module Toolbox (144)
[2017.06.27-08.41.35:962][120]LogModuleManager: Shutting down and abandoning module ModuleUI (143)
[2017.06.27-08.41.35:962][120]LogModuleManager: Shutting down and abandoning module MovieSceneTools (142)
[2017.06.27-08.41.35:962][120]LogModuleManager: Shutting down and abandoning module OutputLog (141)
[2017.06.27-08.41.35:962][120]LogModuleManager: Shutting down and abandoning module GammaUI (140)
[2017.06.27-08.41.35:962][120]LogModuleManager: Shutting down and abandoning module Documentation (139)
[2017.06.27-08.41.35:962][120]LogModuleManager: Shutting down and abandoning module StreamingPauseRendering (138)
[2017.06.27-08.41.35:962][120]LogModuleManager: Shutting down and abandoning module AnalyticsET (137)
[2017.06.27-08.41.35:962][120]LogModuleManager: Shutting down and abandoning module Analytics (136)
[2017.06.27-08.41.35:962][120]LogModuleManager: Shutting down and abandoning module PortalServices (135)
[2017.06.27-08.41.35:962][120]LogModuleManager: Shutting down and abandoning module PortalRpc (134)
[2017.06.27-08.41.35:962][120]LogModuleManager: Shutting down and abandoning module MessagingRpc (133)
[2017.06.27-08.41.35:962][120]LogModuleManager: Shutting down and abandoning module GameplayDebugger (132)
[2017.06.27-08.41.35:962][120]LogModuleManager: Shutting down and abandoning module AITestSuite (131)
[2017.06.27-08.41.35:962][120]LogModuleManager: Shutting down and abandoning module AIModule (130)
[2017.06.27-08.41.35:962][120]LogModuleManager: Shutting down and abandoning module ProfilerService (129)
[2017.06.27-08.41.36:202][120]LogModuleManager: Shutting down and abandoning module TaskGraph (128)
[2017.06.27-08.41.36:202][120]LogModuleManager: Shutting down and abandoning module SlateRemote (127)
[2017.06.27-08.41.36:202][120]LogModuleManager: Shutting down and abandoning module SteamVRController (126)
[2017.06.27-08.41.36:202][120]LogModuleManager: Shutting down and abandoning module SteamVR (125)
[2017.06.27-08.41.36:202][120]LogModuleManager: Shutting down and abandoning module ProceduralMeshComponent (124)
[2017.06.27-08.41.36:202][120]LogModuleManager: Shutting down and abandoning module OculusLibrary (123)
[2017.06.27-08.41.36:202][120]LogModuleManager: Shutting down and abandoning module OculusInput (122)
[2017.06.27-08.41.36:202][120]LogModuleManager: Shutting down and abandoning module CustomMeshComponent (121)
[2017.06.27-08.41.36:202][120]LogModuleManager: Shutting down and abandoning module CableComponent (120)
[2017.06.27-08.41.36:202][120]LogModuleManager: Shutting down and abandoning module ArchVisCharacter (119)
[2017.06.27-08.41.36:202][120]LogModuleManager: Shutting down and abandoning module MediaPlayerEditor (118)
[2017.06.27-08.41.36:202][120]LogModuleManager: Shutting down and abandoning module HTML5Networking (117)
[2017.06.27-08.41.36:202][120]LogModuleManager: Shutting down and abandoning module SuperSearch (116)
[2017.06.27-08.41.36:202][120]LogModuleManager: Shutting down and abandoning module SuperSearchEditor (115)
[2017.06.27-08.41.36:202][120]LogModuleManager: Shutting down and abandoning module SpeedTreeImporter (114)
[2017.06.27-08.41.36:202][120]LogModuleManager: Shutting down and abandoning module PluginBrowser (113)
[2017.06.27-08.41.36:202][120]LogModuleManager: Shutting down and abandoning module EpicSurvey (112)
[2017.06.27-08.41.36:202][120]LogModuleManager: Shutting down and abandoning module DesktopPlatform (111)
[2017.06.27-08.41.36:202][120]LogModuleManager: Shutting down and abandoning module VisualStudioSourceCodeAccess (110)
[2017.06.27-08.41.36:203][120]LogModuleManager: Shutting down and abandoning module UObjectPlugin (109)
[2017.06.27-08.41.36:203][120]LogModuleManager: Shutting down and abandoning module SubversionSourceControl (108)
[2017.06.27-08.41.36:203][120]LogModuleManager: Shutting down and abandoning module PerforceSourceControl (107)
[2017.06.27-08.41.36:203][120]LogModuleManager: Shutting down and abandoning module SourceControl (106)
[2017.06.27-08.41.36:203][120]LogModuleManager: Shutting down and abandoning module GitSourceControl (105)
[2017.06.27-08.41.36:203][120]LogModuleManager: Shutting down and abandoning module LightPropagationVolumeEditor (104)
[2017.06.27-08.41.36:203][120]LogModuleManager: Shutting down and abandoning module PaperTiledImporter (103)
[2017.06.27-08.41.36:203][120]LogModuleManager: Shutting down and abandoning module PaperSpriteSheetImporter (102)
[2017.06.27-08.41.36:203][120]LogModuleManager: Shutting down and abandoning module MeshPaint (101)
[2017.06.27-08.41.36:203][120]LogModuleManager: Shutting down and abandoning module PixelInspectorModule (100)
[2017.06.27-08.41.36:203][120]LogModuleManager: Shutting down and abandoning module HotReload (99)
[2017.06.27-08.41.36:203][120]LogModuleManager: Shutting down and abandoning module MainFrame (98)
[2017.06.27-08.41.36:203][120]LogModuleManager: Shutting down and abandoning module LevelEditor (97)
[2017.06.27-08.41.36:204][120]LogModuleManager: Shutting down and abandoning module ContentBrowser (96)
[2017.06.27-08.41.36:205][120]LogModuleManager: Shutting down and abandoning module Paper2DEditor (95)
[2017.06.27-08.41.36:205][120]LogModuleManager: Shutting down and abandoning module UdpMessaging (94)
[2017.06.27-08.41.36:305][120]LogModuleManager: Shutting down and abandoning module LightPropagationVolumeRuntime (93)
[2017.06.27-08.41.36:305][120]LogModuleManager: Shutting down and abandoning module Paper2D (92)
[2017.06.27-08.41.36:305][120]LogModuleManager: Shutting down and abandoning module WindowsMoviePlayer (91)
[2017.06.27-08.41.36:305][120]LogModuleManager: Shutting down and abandoning module Media (90)
[2017.06.27-08.41.36:305][120]LogModuleManager: Shutting down and abandoning module WmfMedia (89)
[2017.06.27-08.41.36:305][120]LogModuleManager: Shutting down and abandoning module MediaAssets (88)
[2017.06.27-08.41.36:305][120]LogModuleManager: Shutting down and abandoning module GameLiveStreaming (87)
[2017.06.27-08.41.36:305][120]LogModuleManager: Shutting down and abandoning module GameplayTagsEditor (86)
[2017.06.27-08.41.36:305][120]LogModuleManager: Shutting down and abandoning module OnlineBlueprintSupport (85)
[2017.06.27-08.41.36:305][120]LogModuleManager: Shutting down and abandoning module VREditor (84)
[2017.06.27-08.41.36:305][120]LogModuleManager: Shutting down and abandoning module GameplayTasksEditor (83)
[2017.06.27-08.41.36:305][120]LogModuleManager: Shutting down and abandoning module PropertyEditor (82)
[2017.06.27-08.41.36:305][120]LogModuleManager: Shutting down and abandoning module BehaviorTreeEditor (81)
[2017.06.27-08.41.36:305][120]LogModuleManager: Shutting down and abandoning module FunctionalTesting (80)
[2017.06.27-08.41.36:305][120]LogModuleManager: Shutting down and abandoning module CollisionAnalyzer (79)
[2017.06.27-08.41.36:305][120]LogModuleManager: Shutting down and abandoning module Sequencer (78)
[2017.06.27-08.41.36:305][120]LogModuleManager: Shutting down and abandoning module WorkspaceMenuStructure (77)
[2017.06.27-08.41.36:306][120]LogModuleManager: Shutting down and abandoning module MessageLog (76)
[2017.06.27-08.41.36:306][120]LogModuleManager: Shutting down and abandoning module AssetTools (75)
[2017.06.27-08.41.36:306][120]LogModuleManager: Shutting down and abandoning module UMGEditor (74)
[2017.06.27-08.41.36:306][120]LogModuleManager: Shutting down and abandoning module UMG (73)
[2017.06.27-08.41.36:306][120]LogModuleManager: Shutting down and abandoning module SlateReflector (72)
[2017.06.27-08.41.36:306][120]LogModuleManager: Shutting down and abandoning module Slate (71)
[2017.06.27-08.41.36:306][120]LogModuleManager: Shutting down and abandoning module EditorStyle (70)
[2017.06.27-08.41.36:308][120]LogModuleManager: Shutting down and abandoning module SourceCodeAccess (69)
[2017.06.27-08.41.36:308][120]LogModuleManager: Shutting down and abandoning module HeadMountedDisplay (68)
[2017.06.27-08.41.36:308][120]LogModuleManager: Shutting down and abandoning module XAudio2 (67)
[2017.06.27-08.41.36:308][120]LogModuleManager: Shutting down and abandoning module Networking (65)
[2017.06.27-08.41.36:308][120]LogModuleManager: Shutting down and abandoning module Core (64)
[2017.06.27-08.41.36:308][120]LogModuleManager: Shutting down and abandoning module DirectoryWatcher (63)
[2017.06.27-08.41.36:309][120]LogModuleManager: Shutting down and abandoning module AssetRegistry (62)
[2017.06.27-08.41.36:441][120]LogModuleManager: Shutting down and abandoning module KismetCompiler (61)
[2017.06.27-08.41.36:441][120]LogModuleManager: Shutting down and abandoning module PhysXFormats (60)
[2017.06.27-08.41.36:441][120]LogModuleManager: Shutting down and abandoning module MeshUtilities (59)
[2017.06.27-08.41.36:441][120]LogModuleManager: Shutting down and abandoning module DerivedDataCache (58)
[2017.06.27-08.41.36:448][120]LogDerivedDataCache: Shutdown
[2017.06.27-08.41.36:448][120]LogModuleManager: Shutting down and abandoning module VulkanShaderFormat (57)
[2017.06.27-08.41.36:448][120]LogModuleManager: Shutting down and abandoning module ShaderFormatOpenGL (56)
[2017.06.27-08.41.36:448][120]LogModuleManager: Shutting down and abandoning module ShaderFormatD3D (55)
[2017.06.27-08.41.36:448][120]LogModuleManager: Shutting down and abandoning module MetalShaderFormat (54)
[2017.06.27-08.41.36:448][120]LogModuleManager: Shutting down and abandoning module TextureFormatUncompressed (53)
[2017.06.27-08.41.36:448][120]LogModuleManager: Shutting down and abandoning module TextureFormatPVR (52)
[2017.06.27-08.41.36:448][120]LogModuleManager: Shutting down and abandoning module TextureFormatIntelISPCTexComp (51)
[2017.06.27-08.41.36:448][120]LogModuleManager: Shutting down and abandoning module TextureFormatDXT (50)
[2017.06.27-08.41.36:448][120]LogModuleManager: Shutting down and abandoning module ImageWrapper (49)
[2017.06.27-08.41.36:448][120]LogModuleManager: Shutting down and abandoning module TextureFormatASTC (48)
[2017.06.27-08.41.36:448][120]LogModuleManager: Shutting down and abandoning module TextureFormatAndroid (47)
[2017.06.27-08.41.36:448][120]LogModuleManager: Shutting down and abandoning module AudioFormatOpus (46)
[2017.06.27-08.41.36:448][120]LogModuleManager: Shutting down and abandoning module AudioFormatOgg (45)
[2017.06.27-08.41.36:448][120]LogModuleManager: Shutting down and abandoning module AudioFormatADPCM (44)
[2017.06.27-08.41.36:448][120]LogModuleManager: Shutting down and abandoning module LinuxTargetPlatform (43)
[2017.06.27-08.41.36:448][120]LogModuleManager: Shutting down and abandoning module LinuxServerTargetPlatform (42)
[2017.06.27-08.41.36:448][120]LogModuleManager: Shutting down and abandoning module LinuxNoEditorTargetPlatform (41)
[2017.06.27-08.41.36:448][120]LogModuleManager: Shutting down and abandoning module TVOSTargetPlatform (40)
[2017.06.27-08.41.36:448][120]LogModuleManager: Shutting down and abandoning module Messaging (39)
[2017.06.27-08.41.36:449][120]LogModuleManager: Shutting down and abandoning module IOSTargetPlatform (38)
[2017.06.27-08.41.36:449][120]LogModuleManager: Shutting down and abandoning module HTML5TargetPlatform (37)
[2017.06.27-08.41.36:449][120]LogModuleManager: Shutting down and abandoning module Android_PVRTCTargetPlatform (36)
[2017.06.27-08.41.36:449][120]LogModuleManager: Shutting down and abandoning module Android_MultiTargetPlatform (35)
[2017.06.27-08.41.36:449][120]LogModuleManager: Shutting down and abandoning module Android_ETC2TargetPlatform (34)
[2017.06.27-08.41.36:449][120]LogModuleManager: Shutting down and abandoning module Android_ETC1TargetPlatform (33)
[2017.06.27-08.41.36:449][120]LogModuleManager: Shutting down and abandoning module Android_DXTTargetPlatform (32)
[2017.06.27-08.41.36:449][120]LogModuleManager: Shutting down and abandoning module Android_ATCTargetPlatform (31)
[2017.06.27-08.41.36:449][120]LogModuleManager: Shutting down and abandoning module Android_ASTCTargetPlatform (30)
[2017.06.27-08.41.36:449][120]LogModuleManager: Shutting down and abandoning module AndroidTargetPlatform (29)
[2017.06.27-08.41.36:449][120]LogModuleManager: Shutting down and abandoning module WindowsTargetPlatform (28)
[2017.06.27-08.41.36:449][120]LogModuleManager: Shutting down and abandoning module WindowsServerTargetPlatform (27)
[2017.06.27-08.41.36:449][120]LogModuleManager: Shutting down and abandoning module WindowsNoEditorTargetPlatform (26)
[2017.06.27-08.41.36:449][120]LogModuleManager: Shutting down and abandoning module WindowsClientTargetPlatform (25)
[2017.06.27-08.41.36:449][120]LogModuleManager: Shutting down and abandoning module AllDesktopTargetPlatform (24)
[2017.06.27-08.41.36:449][120]LogModuleManager: Shutting down and abandoning module TargetPlatform (23)
[2017.06.27-08.41.36:449][120]LogModuleManager: Shutting down and abandoning module InputCore (22)
[2017.06.27-08.41.36:449][120]LogModuleManager: Shutting down and abandoning module Settings (21)
[2017.06.27-08.41.36:449][120]LogModuleManager: Shutting down and abandoning module OnlineSubsystem (19)
[2017.06.27-08.41.36:449][120]LogModuleManager: Shutting down and abandoning module HTTP (18)
[2017.06.27-08.41.37:949][120]LogModuleManager: Shutting down and abandoning module XMPP (17)
[2017.06.27-08.41.37:949][120]LogModuleManager: Shutting down and abandoning module OculusRift (16)
[2017.06.27-08.41.37:949][120]LogModuleManager: Shutting down and abandoning module ExampleDeviceProfileSelector (15)
[2017.06.27-08.41.37:949][120]LogModuleManager: Shutting down and abandoning module TextureCompressor (14)
[2017.06.27-08.41.37:949][120]LogModuleManager: Shutting down and abandoning module ShaderCore (13)
[2017.06.27-08.41.37:949][120]LogModuleManager: Shutting down and abandoning module Landscape (12)
[2017.06.27-08.41.37:949][120]LogModuleManager: Shutting down and abandoning module SlateRHIRenderer (11)
[2017.06.27-08.41.37:951][120]LogModuleManager: Shutting down and abandoning module OpenGLDrv (10)
[2017.06.27-08.41.37:951][120]LogModuleManager: Shutting down and abandoning module D3D11RHI (9)
[2017.06.27-08.41.37:951][120]LogModuleManager: Shutting down and abandoning module AnimGraphRuntime (8)
[2017.06.27-08.41.37:951][120]LogModuleManager: Shutting down and abandoning module Renderer (7)
[2017.06.27-08.41.37:951][120]LogModuleManager: Shutting down and abandoning module Engine (6)
[2017.06.27-08.41.37:951][120]LogModuleManager: Shutting down and abandoning module CoreUObject (5)
[2017.06.27-08.41.37:951][120]LogModuleManager: Shutting down and abandoning module NetworkFile (4)
[2017.06.27-08.41.37:951][120]LogModuleManager: Shutting down and abandoning module StreamingFile (3)
[2017.06.27-08.41.37:951][120]LogModuleManager: Shutting down and abandoning module SandboxFile (2)
[2017.06.27-08.41.37:951][120]LogModuleManager: Shutting down and abandoning module PakFile (1)
[2017.06.27-08.41.37:953][120]LogExit: Exiting.
[2017.06.27-08.41.37:954][120]Log file closed, 06/27/17 01:41:37
