Log file open, 06/12/17 17:19:23
LogInit:Display: Running engine for game: BlackHole
LogPlatformFile: Not using cached read wrapper
LogInit:Display: RandInit(2018582653) SRandInit(2018582654).
LogTaskGraph: Started task graph with 4 named threads and 7 total threads with 1 sets of task threads.
LogStats: Stats thread started at 0.781636
LogInit: Version: 4.12.5-3039270+++UE4+Release-4.12
LogInit: API Version: 2992821
LogInit: Net Version: 3039270
LogDevObjectVersion: Number of dev versions registered: 13
LogDevObjectVersion:   Dev-Blueprints (B0D832E4-1F89-4F0D-ACCF-7EB736FD4AA2): 3
LogDevObjectVersion:   Dev-Build (E1C64328-A22C-4D53-A36C-8E866417BD8C): 0
LogDevObjectVersion:   Dev-Core (375EC13C-06E4-48FB-B500-84F0262A717E): 1
LogDevObjectVersion:   Dev-Editor (E4B068ED-F494-42E9-A231-DA0B2E46BB41): 2
LogDevObjectVersion:   Dev-Framework (CFFC743F-43B0-4480-9391-14DF171D2073): 6
LogDevObjectVersion:   Dev-Mobile (B02B49B5-BB20-44E9-A304-32B752E40360): 0
LogDevObjectVersion:   Dev-Networking (A4E4105C-59A1-49B5-A7C5-40C4547EDFEE): 0
LogDevObjectVersion:   Dev-Online (39C831C9-5AE6-47DC-9A44-9C173E1C8E7C): 0
LogDevObjectVersion:   Dev-Physics (78F01B33-EBEA-4F98-B9B4-84EACCB95AA2): 0
LogDevObjectVersion:   Dev-Platform (6631380F-2D4D-43E0-8009-CF276956A95A): 0
LogDevObjectVersion:   Dev-Rendering (12F88B9F-8875-4AFC-A67C-D90C383ABD29): 2
LogDevObjectVersion:   Dev-Sequencer (7B5AE74C-D270-4C10-A958-57980B212A5A): 0
LogDevObjectVersion:   Dev-VR (D7296918-1DD6-4BDD-9DE2-64A83CC13884): 0
LogInit: Compiled (64-bit): Jul  6 2016 09:09:46
LogInit: Compiled with Visual C++: 19.00.23026.00
LogInit: Build Configuration: Development
LogInit: Branch Name: ++UE4+Release-4.12
LogInit: Command line:  
LogInit: Base directory: C:/Program Files/Epic Games/4.12/Engine/Binaries/Win64/
LogInit: Installed Engine Build: 1
LogInit: Using libcurl 7.41.0
LogInit:  - built for x86_64-pc-win32
LogInit:  - supports SSL with WinSSL
LogInit:  - other features:
LogInit:      CURL_VERSION_SSL
LogInit:      CURL_VERSION_IPV6
LogInit:      CURL_VERSION_ASYNCHDNS
LogInit:      CURL_VERSION_LARGEFILE
LogInit:      CURL_VERSION_IDN
LogInit:  CurlRequestOptions (configurable via config and command line):
LogInit:  - bVerifyPeer = true  - Libcurl will verify peer certificate
LogInit:  - bUseHttpProxy = false  - Libcurl will NOT use HTTP proxy
LogInit:  - bDontReuseConnections = false  - Libcurl will reuse connections
LogInit:  - CertBundlePath = nullptr  - Libcurl will use whatever was configured at build time.
LogInit: Presizing for max 8388607 objects, including 0 objects not considered by GC, pre-allocating 0 bytes for permanent pool.
LogInit: Object subsystem initialized
[2017.06.13-00.19.23:822][  0]LogInit: Selected Device Profile: [Windows]
[2017.06.13-00.19.23:822][  0]LogInit: Applying CVar settings loaded from the selected device profile: [Windows]
[2017.06.13-00.19.23:936][  0]LogInit: Computer: GODLIKESYSTEM
[2017.06.13-00.19.23:936][  0]LogInit: User: Demonic
[2017.06.13-00.19.23:936][  0]LogInit: CPU Page size=65536, Cores=4
[2017.06.13-00.19.23:936][  0]LogInit: High frequency timer resolution =3.312861 MHz
[2017.06.13-00.19.23:937][  0]LogMemory: Memory total: Physical=8.0GB (8GB approx)
[2017.06.13-00.19.23:937][  0]LogMemory: Platform Memory Stats for Windows
[2017.06.13-00.19.23:937][  0]LogMemory: Process Physical Memory: 192.71 MB used, 192.71 MB peak
[2017.06.13-00.19.23:937][  0]LogMemory: Process Virtual Memory: 197.82 MB used, 197.82 MB peak
[2017.06.13-00.19.23:937][  0]LogMemory: Physical Memory: 5789.00 MB used, 8174.04 MB total
[2017.06.13-00.19.23:937][  0]LogMemory: Virtual Memory: 522.69 MB used, 8388608.00 MB total
[2017.06.13-00.19.25:217][  0]LogTextLocalizationManager: No specific translations for ('en-US') exist, so ('en') translations will be used.
[2017.06.13-00.19.26:259][  0]LogD3D11RHI: D3D11 adapters:
[2017.06.13-00.19.26:357][  0]LogD3D11RHI:    0. 'NVIDIA GeForce GT 440' (Feature Level 11_0)
[2017.06.13-00.19.26:357][  0]LogD3D11RHI:       1489/0/2559 MB DedicatedVideo/DedicatedSystem/SharedSystem, Outputs:1, VendorId:0x10de
[2017.06.13-00.19.26:357][  0]LogD3D11RHI: Chosen D3D11 Adapter: 0
[2017.06.13-00.19.26:361][  0]LogD3D11RHI: Creating new Direct3DDevice
[2017.06.13-00.19.26:361][  0]LogD3D11RHI:     GPU DeviceId: 0xdc0 (for the marketing name, search the web for "GPU Device Id")
[2017.06.13-00.19.26:361][  0]LogWindows: EnumDisplayDevices:
[2017.06.13-00.19.26:361][  0]LogWindows:    0. 'NVIDIA GeForce GT 440' (P:1 D:1)
[2017.06.13-00.19.26:361][  0]LogWindows:    1. 'NVIDIA GeForce GT 440' (P:0 D:0)
[2017.06.13-00.19.26:361][  0]LogWindows:    2. 'RDPDD Chained DD' (P:0 D:0)
[2017.06.13-00.19.26:362][  0]LogWindows:    3. 'RDP Encoder Mirror Driver' (P:0 D:0)
[2017.06.13-00.19.26:362][  0]LogWindows:    4. 'RDP Reflector Display Driver' (P:0 D:0)
[2017.06.13-00.19.26:362][  0]LogWindows: DebugString: GetVideoDriverDetailsInvalid PrimaryIsNotTheChoosenAdapter GetVideoDriverDetailsInvalid PrimaryIsNotTheChoosenAdapter GetVideoDriverDetailsInvalid PrimaryIsNotTheChoosenAdapter FoundDriverCount:2 
[2017.06.13-00.19.26:362][  0]LogD3D11RHI:     Adapter Name: NVIDIA GeForce GT 440
[2017.06.13-00.19.26:362][  0]LogD3D11RHI:   Driver Version: 364.72 (internal:10.18.13.6472, unified:364.72)
[2017.06.13-00.19.26:362][  0]LogD3D11RHI:      Driver Date: 3-21-2016
[2017.06.13-00.19.26:362][  0]LogRHI: Texture pool is 1042 MB (70% of 1489 MB)
[2017.06.13-00.19.26:375][  0]LogD3D11RHI: Async texture creation enabled
[2017.06.13-00.19.26:487][  0]LogD3D11RHI: GPU Timing Frequency: 1000.000000 (Debug: 2 2)
[2017.06.13-00.19.26:514][  0]LogShaderCompilers: Guid format shader working directory is -1 characters bigger than the processId version (../../../../../../Users/Demonic/Desktop/Blackhole/Intermediate/Shaders/WorkingDirectory/9240/).
[2017.06.13-00.19.26:514][  0]LogShaderCompilers: Cleaned the shader compiler working directory 'C:/Users/Demonic/AppData/Local/Temp/UnrealShaderWorkingDir/0E0B6411496D5612DCA099A6025E7B57/'.
[2017.06.13-00.19.26:518][  0]LogShaderCompilers:Display: Using Local Shader Compiler.
[2017.06.13-00.19.32:521][  0]LogTemp:Display: Loaded TP AllDesktopTargetPlatform
[2017.06.13-00.19.32:562][  0]LogTemp:Display: Loaded TP WindowsClientTargetPlatform
[2017.06.13-00.19.32:589][  0]LogTemp:Display: Loaded TP WindowsNoEditorTargetPlatform
[2017.06.13-00.19.32:630][  0]LogTemp:Display: Loaded TP WindowsServerTargetPlatform
[2017.06.13-00.19.32:664][  0]LogTemp:Display: Loaded TP WindowsTargetPlatform
[2017.06.13-00.19.32:699][  0]LogTemp:Display: Loaded TP AndroidTargetPlatform
[2017.06.13-00.19.32:724][  0]LogTemp:Display: Loaded TP Android_ASTCTargetPlatform
[2017.06.13-00.19.32:752][  0]LogTemp:Display: Loaded TP Android_ATCTargetPlatform
[2017.06.13-00.19.32:800][  0]LogTemp:Display: Loaded TP Android_DXTTargetPlatform
[2017.06.13-00.19.32:827][  0]LogTemp:Display: Loaded TP Android_ETC1TargetPlatform
[2017.06.13-00.19.32:860][  0]LogTemp:Display: Loaded TP Android_ETC2TargetPlatform
[2017.06.13-00.19.32:919][  0]LogTemp:Display: Loaded TP Android_MultiTargetPlatform
[2017.06.13-00.19.32:919][  0]LogTemp:Display: Loaded TP Android_PVRTCTargetPlatform
[2017.06.13-00.19.32:962][  0]LogTemp:Display: Loaded TP HTML5TargetPlatform
[2017.06.13-00.19.33:094][  0]LogTemp:Display: Loaded TP IOSTargetPlatform
[2017.06.13-00.19.33:144][  0]LogTemp:Display: Loaded TP TVOSTargetPlatform
[2017.06.13-00.19.33:180][  0]LogTemp:Display: Loaded TP LinuxNoEditorTargetPlatform
[2017.06.13-00.19.33:207][  0]LogTemp:Display: Loaded TP LinuxServerTargetPlatform
[2017.06.13-00.19.33:266][  0]LogTemp:Display: Loaded TP LinuxTargetPlatform
[2017.06.13-00.19.33:266][  0]LogTargetPlatformManager:Display: Building Assets For Windows
[2017.06.13-00.19.34:327][  0]LogDerivedDataCache:Display: Max Cache Size: 512 MB
[2017.06.13-00.19.35:003][  0]LogDerivedDataCache: Loaded boot cache 0.67s 48MB C:/Users/Demonic/AppData/Local/UnrealEngine/4.12/DerivedDataCache/Boot.ddc.
[2017.06.13-00.19.35:003][  0]LogDerivedDataCache:Display: Loaded Boot cache: C:/Users/Demonic/AppData/Local/UnrealEngine/4.12/DerivedDataCache/Boot.ddc
[2017.06.13-00.19.35:004][  0]LogDerivedDataCache: FDerivedDataBackendGraph:  Pak pak cache file ../../../../../../Users/Demonic/Desktop/Blackhole/DerivedDataCache/DDC.ddp not found, will not use a pak cache.
[2017.06.13-00.19.35:004][  0]LogDerivedDataCache: Unable to find inner node Pak for hierarchical cache Hierarchy.
[2017.06.13-00.19.35:004][  0]LogDerivedDataCache: FDerivedDataBackendGraph:  CompressedPak pak cache file ../../../../../../Users/Demonic/Desktop/Blackhole/DerivedDataCache/Compressed.ddp not found, will not use a pak cache.
[2017.06.13-00.19.35:004][  0]LogDerivedDataCache: Unable to find inner node CompressedPak for hierarchical cache Hierarchy.
[2017.06.13-00.19.35:117][  0]LogDerivedDataCache:Display: Pak cache opened for reading ../../../Engine/DerivedDataCache/Compressed.ddp.
[2017.06.13-00.19.35:171][  0]LogDerivedDataCache: Using Local data cache path C:/Users/Demonic/AppData/Local/UnrealEngine/Common/DerivedDataCache: Writable
[2017.06.13-00.19.40:076][  0]LogInit: Selected Device Profile: [Windows]
[2017.06.13-00.19.40:320][  0]LogContentStreaming: Texture pool size is 0.00 MB
[2017.06.13-00.19.42:677][  0]LogMeshUtilities: No automatic mesh reduction module available
[2017.06.13-00.19.42:677][  0]LogMeshUtilities: No automatic mesh merging module available
[2017.06.13-00.19.42:677][  0]LogMeshUtilities: No distributed automatic mesh merging module available
[2017.06.13-00.19.49:218][  0]LogAssetRegistry: FAssetRegistry took 0.0239 seconds to start up
[2017.06.13-00.19.49:668][  0]LogPackageLocalizationCache: Processed 3 localized package path(s) for 2 prioritized culture(s) in 0.358652 seconds
[2017.06.13-00.19.49:751][  0]LogUObjectArray: 28739 objects as part of root set at end of initial load.
[2017.06.13-00.19.49:751][  0]LogUObjectAllocator: 5855624 out of 0 bytes used by permanent object pool.
[2017.06.13-00.19.49:751][  0]LogUObjectArray: CloseDisregardForGC: 0/0 objects in disregard for GC pool
[2017.06.13-00.19.49:868][  0]LogInit: WinSock: version 1.1 (2.2), MaxSocks=32767, MaxUdp=65467
[2017.06.13-00.19.56:143][  0]LogSlate: SlateFontCache - WITH_FREETYPE: 1, WITH_HARFBUZZ: 1
[2017.06.13-00.19.56:143][  0]LogSlate: SlateFontCache - WITH_FREETYPE: 1, WITH_HARFBUZZ: 1
[2017.06.13-00.20.20:018][  0]LogUdpMessaging: Initializing bridge on interface 0.0.0.0:0 to multicast group 230.0.0.1:6666.
[2017.06.13-00.20.21:745][  0]SourceControl: Info Source control is disabled
[2017.06.13-00.20.21:823][  0]SourceControl: Info Source control is disabled
[2017.06.13-00.20.21:915][  0]SourceControl: Info Source control is disabled
[2017.06.13-00.20.21:989][  0]SourceControl: Info Source control is disabled
[2017.06.13-00.20.22:656][  0]LogLinker:Warning: Can't find file '/Game/TopDownCPP/TopDownOverview'
[2017.06.13-00.20.22:658][  0]LogLinker:Warning: Can't find file '/Game/TopDownCPP/TopDownOverview'
[2017.06.13-00.20.22:658][  0]LogUObjectGlobals:Warning: Failed to find object 'Class /Game/TopDownCPP/TopDownOverview.TopDownOverview_C'
[2017.06.13-00.20.23:698][  0]LogEngine: Initializing Engine...
[2017.06.13-00.20.23:758][  0]LogHMD: SteamVR failed to initialize.  Err: 110
[2017.06.13-00.20.23:768][  0]LogHMD: SteamVR failed to initialize.  Err: 110
[2017.06.13-00.20.25:451][  0]LogAIModule: Creating AISystem for world NewWorld
[2017.06.13-00.20.25:687][  0]LogInit: XAudio2 using 'Speakers (USB  AUDIO  )' : 2 channels at 48 kHz using 16 bits per sample (channel mask 0x3)
[2017.06.13-00.20.25:794][  0]LogInit: FAudioDevice initialized.
[2017.06.13-00.20.25:838][  0]LogDerivedDataCache: Saved boot cache 0.04s 48MB C:/Users/Demonic/AppData/Local/UnrealEngine/4.12/DerivedDataCache/Boot.ddc.
[2017.06.13-00.20.25:845][  0]LogInit: Texture streaming: Enabled
[2017.06.13-00.20.26:140][  0]LogInit: Transaction tracking system initialized
[2017.06.13-00.20.26:660][  0]BlueprintLog: New page: Editor Load
[2017.06.13-00.20.28:138][  0]LocalizationService: Info Localization service is disabled
[2017.06.13-00.20.29:115][  0]LogConsoleResponse:Display: 
[2017.06.13-00.20.33:374][  0]LogCook:Display: Max memory allowance for cook 8192mb
[2017.06.13-00.20.33:374][  0]LogCook:Display: Mobile HDR setting 0
[2017.06.13-00.20.34:055][  0]LogFileCache: Scanning file cache for directory 'C:/Users/Demonic/Desktop/Blackhole/Content/' took 0.04s
[2017.06.13-00.20.36:063][  0]SourceControl: Info Source control is disabled
[2017.06.13-00.20.36:085][  0]Cmd: MAP LOAD FILE="../../../../../../Users/Demonic/Desktop/Blackhole/Content/Blackhole/BMaps/Map1.umap" TEMPLATE=0 SHOWPROGRESS=1 FEATURELEVEL=3
[2017.06.13-00.20.36:231][  0]LightingResults: New page: Lighting Build
[2017.06.13-00.20.36:473][  0]MapCheck: New page: Map Check
[2017.06.13-00.20.36:473][  0]LightingResults: New page: Lighting Build
[2017.06.13-00.20.44:485][  0]LogAIModule: Creating AISystem for world Map1
[2017.06.13-00.20.45:124][  0]LogEditorServer: Finished looking for orphan Actors (0.000 secs)
[2017.06.13-00.20.45:174][  0]Cmd: MAP CHECKDEP NOCLEARLOG
[2017.06.13-00.20.45:221][  0]MapCheck: Info Map check complete: 0 Error(s), 0 Warning(s), took 46.88ms to complete.
[2017.06.13-00.20.45:221][  0]LogFileHelpers: Loading map 'Map1' took 9.137
[2017.06.13-00.20.46:787][  0]LogCollectionManager: Loaded 0 collections in 0.015607 seconds
[2017.06.13-00.20.46:864][  0]LogFileCache: Scanning file cache for directory 'C:/Users/Demonic/Desktop/Blackhole/Saved/Collections/' took 0.01s
[2017.06.13-00.20.46:864][  0]LogFileCache: Scanning file cache for directory 'C:/Users/Demonic/Desktop/Blackhole/Content/Developers/Demonic/Collections/' took 0.01s
[2017.06.13-00.20.46:864][  0]LogFileCache: Scanning file cache for directory 'C:/Users/Demonic/Desktop/Blackhole/Content/Collections/' took 0.01s
[2017.06.13-00.20.46:864][  0]LogCollectionManager: Rebuilt the GUID cache for 0 collections in 0.000286 seconds
[2017.06.13-00.20.46:872][  0]LogContentBrowser: Native class hierarchy populated in 0.0084 seconds. Added 2047 classes and 369 folders.
[2017.06.13-00.20.46:936][  0]LogStats: UGameplayTagsManager::ConstructGameplayTagTree: Construct from data asset -  0.000 s
[2017.06.13-00.20.46:936][  0]LogStats: UGameplayTagsManager::ConstructGameplayTagTree: GameplayTagTreeChangedEvent.Broadcast -  0.000 s
[2017.06.13-00.20.46:937][  0]LogContentBrowser: Native class hierarchy updated for 'GameplayTags' in 0.0005 seconds. Added 12 classes and 0 folders.
[2017.06.13-00.20.46:992][  0]LogContentBrowser: Native class hierarchy updated for 'WidgetCarousel' in 0.0004 seconds. Added 0 classes and 0 folders.
[2017.06.13-00.20.48:956][  0]LogContentBrowser: Native class hierarchy updated for 'AddContentDialog' in 0.0004 seconds. Added 0 classes and 0 folders.
[2017.06.13-00.20.49:038][  0]LogContentBrowser: Native class hierarchy updated for 'SceneOutliner' in 0.0004 seconds. Added 1 classes and 2 folders.
[2017.06.13-00.20.49:531][  0]LogCrashTracker: Crashtracker disabled due to settings.
[2017.06.13-00.20.49:575][  0]LogUObjectGlobals:Warning: Failed to find object 'Class None.'
[2017.06.13-00.20.49:681][  0]LogContentBrowser: Native class hierarchy updated for 'HierarchicalLODOutliner' in 0.0004 seconds. Added 1 classes and 2 folders.
[2017.06.13-00.20.49:681][  0]LogLoad: Full Startup: 92.89 seconds (BP compile: 0.73 seconds)
[2017.06.13-00.20.49:681][  0]LogExternalProfiler: Found external profiler: VSPerf
[2017.06.13-00.20.49:681][  0]LogExternalProfiler: Using external profiler: VSPerf
[2017.06.13-00.20.50:054][  0]LogOcInput: OculusInput pre-init called
[2017.06.13-00.20.50:212][  0]LogContentStreaming: Texture pool size now 1000 MB
[2017.06.13-00.20.51:154][  0]LogRenderer: Reallocating scene render targets to support 1064x576 (Frame:2).
[2017.06.13-00.20.51:392][  1]LogAssetRegistry: Asset discovery search completed in 62.1969 seconds
[2017.06.13-00.20.51:403][  1]LogCollectionManager: Rebuilt the object cache for 0 collections in 0.000001 seconds (found 0 objects)
[2017.06.13-00.20.51:403][  1]LogCollectionManager: Fixed up redirectors for 0 collections in 0.011543 seconds (updated 0 objects)
[2017.06.13-01.27.49:464][192]LogEditorViewport: Clicking on Actor (context menu): PostProcessVolume (PostProcessVolume)
[2017.06.13-01.28.06:665][762]LogContentBrowser: Native class hierarchy updated for 'BlueprintGraph' in 0.0009 seconds. Added 111 classes and 0 folders.
[2017.06.13-01.30.59:893][751]LogWindows: LaunchURL http://answers.unrealengine.com
[2017.06.13-01.31.24:747][843]LogFileHelpers: Editor autosave (incl. sublevels) for '/Game/Blackhole/BMaps/Map1' took 0.335
[2017.06.13-01.31.24:775][843]OBJ SavePackage: Generating thumbnails for [1] asset(s) in package [/Game/Blackhole/Enemies/A_Rocket] ([1] browsable assets)...
[2017.06.13-01.31.24:826][843]OBJ SavePackage:     Rendered thumbnail for [Blueprint /Game/Blackhole/Enemies/A_Rocket.A_Rocket]
[2017.06.13-01.31.24:826][843]OBJ SavePackage: Finished generating thumbnails for package [/Game/Blackhole/Enemies/A_Rocket]
[2017.06.13-01.31.25:722][843]LogSavePackage: Save=227.71ms
[2017.06.13-01.31.25:722][843]LogSavePackage: Moving '../../../../../../Users/Demonic/Desktop/Blackhole/Saved/A_Rocket_Auto167C9C76B42171AA2155DC5AC588052A4.tmp' to '../../../../../../Users/Demonic/Desktop/Blackhole/Saved/Autosaves/Game/Blackhole/Enemies/A_Rocket_Auto1.uasset'
[2017.06.13-01.31.25:738][843]LogSavePackage:Display: Finished SavePackage ../../../../../../Users/Demonic/Desktop/Blackhole/Saved/Autosaves/Game/Blackhole/Enemies/A_Rocket_Auto1.uasset
[2017.06.13-01.31.25:738][843]LogFileHelpers: Auto-saving content packages took 0.984
[2017.06.13-01.35.37:371][310]BlueprintLog: New page: Compile A_Rocket
[2017.06.13-01.35.37:697][310]BlueprintEditorCompileResults: Info [4580.81] Compile of A_Rocket successful! [in 325 ms] (/Game/Blackhole/Enemies/A_Rocket.A_Rocket)
[2017.06.13-01.36.53:452][143]BlueprintLog: New page: Compile A_Rocket
[2017.06.13-01.36.53:621][143]BlueprintEditorCompileResults: Info [4656.73] Compile of A_Rocket successful! [in 169 ms] (/Game/Blackhole/Enemies/A_Rocket.A_Rocket)
[2017.06.13-01.36.58:136][441]Cmd: OBJ SAVEPACKAGE PACKAGE="/Game/Blackhole/Enemies/A_Rocket" FILE="../../../../../../Users/Demonic/Desktop/Blackhole/Content/Blackhole/Enemies/A_Rocket.uasset" SILENT=true
[2017.06.13-01.36.58:237][441]LogSavePackage: Save=71.45ms
[2017.06.13-01.36.58:237][441]LogSavePackage: Moving '../../../../../../Users/Demonic/Desktop/Blackhole/Saved/A_Rocket2785431E433C6EB9D6A6A7817C542642.tmp' to '../../../../../../Users/Demonic/Desktop/Blackhole/Content/Blackhole/Enemies/A_Rocket.uasset'
[2017.06.13-01.36.58:244][441]LogSavePackage:Display: Finished SavePackage ../../../../../../Users/Demonic/Desktop/Blackhole/Content/Blackhole/Enemies/A_Rocket.uasset
[2017.06.13-03.11.52:342][202]BlueprintLog: New page: Compile A_Rocket
[2017.06.13-03.11.52:450][202]BlueprintEditorCompileResults: Info [0355.43] Compile of A_Rocket successful! [in 107 ms] (/Game/Blackhole/Enemies/A_Rocket.A_Rocket)
[2017.06.13-03.13.44:836][168]BlueprintLog: New page: Compile A_Rocket
[2017.06.13-03.13.45:214][168]BlueprintEditorCompileResults: Info [0468.20] Compile of A_Rocket successful! [in 377 ms] (/Game/Blackhole/Enemies/A_Rocket.A_Rocket)
[2017.06.13-03.14.51:992][392]BlueprintLog: New page: Compile A_Rocket
[2017.06.13-03.14.52:111][392]BlueprintEditorCompileResults: Info [0535.09] Compile of A_Rocket successful! [in 118 ms] (/Game/Blackhole/Enemies/A_Rocket.A_Rocket)
[2017.06.13-03.14.56:279][558]LogBlueprintUserMessages: Early PlayInEditor Detection: Level '/Game/Blackhole/BMaps/Map1.Map1:PersistentLevel' has LevelScriptBlueprint '/Game/Blackhole/BMaps/Map1.Map1:PersistentLevel.Map1' with GeneratedClass '/Game/Blackhole/BMaps/Map1.Map1_C' with ClassGeneratedBy '/Game/Blackhole/BMaps/Map1.Map1:PersistentLevel.Map1'
[2017.06.13-03.14.56:279][558]LogPlayLevel: PlayLevel: No blueprints needed recompiling
[2017.06.13-03.14.56:550][558]PIE: New page: PIE session: Map1 (Jun 12, 2017, 12:14:56 PM)
[2017.06.13-03.14.56:550][558]LogPlayLevel: Creating play world package: /Game/Blackhole/BMaps/UEDPIE_0_Map1
[2017.06.13-03.14.56:908][558]LogPlayLevel: PIE: StaticDuplicateObject took: (0.358169s)
[2017.06.13-03.14.56:909][558]LogAIModule: Creating AISystem for world Map1
[2017.06.13-03.14.56:909][558]LogPlayLevel: PIE: World Init took: (0.001020s)
[2017.06.13-03.14.56:915][558]LogPlayLevel: PIE: Created PIE world by copying editor world from /Game/Blackhole/BMaps/Map1.Map1 to /Game/Blackhole/BMaps/UEDPIE_0_Map1.Map1 (0.365335s)
[2017.06.13-03.14.57:002][558]LogInit: XAudio2 using 'Speakers (USB  AUDIO  )' : 2 channels at 48 kHz using 16 bits per sample (channel mask 0x3)
[2017.06.13-03.14.57:019][558]LogInit: FAudioDevice initialized.
[2017.06.13-03.14.57:400][558]LogWorld: Game class is 'TopDownGameMode_C'
[2017.06.13-03.14.57:526][558]LogWorld: Bringing World /Game/Blackhole/BMaps/UEDPIE_0_Map1.Map1 up for play (max tick rate 0) at 2017.06.12-20.14.57
[2017.06.13-03.14.57:610][558]LogWorld: Bringing up level for play took: 0.086529
[2017.06.13-03.14.57:858][558]LogContentBrowser: Native class hierarchy updated for 'MovieSceneCapture' in 0.0005 seconds. Added 11 classes and 0 folders.
[2017.06.13-03.14.58:014][558]PIE: Info Play in editor start time for /Game/Blackhole/BMaps/UEDPIE_0_Map1 0.819
[2017.06.13-03.14.58:014][558]LogBlueprintUserMessages: Late PlayInEditor Detection: Level '/Game/Blackhole/BMaps/Map1.Map1:PersistentLevel' has LevelScriptBlueprint '/Game/Blackhole/BMaps/Map1.Map1:PersistentLevel.Map1' with GeneratedClass '/Game/Blackhole/BMaps/Map1.Map1_C' with ClassGeneratedBy '/Game/Blackhole/BMaps/Map1.Map1:PersistentLevel.Map1'
[2017.06.13-03.15.01:213][666]LogBlueprintUserMessages: [GameMenu_C_0] 0
[2017.06.13-03.15.02:034][706]LogBlueprintUserMessages: [GameMenu_C_0] 0
[2017.06.13-03.15.50:458][927]LogBlueprintUserMessages: Early EndPlayMap Detection: Level '/Game/Blackhole/BMaps/Map1.Map1:PersistentLevel' has LevelScriptBlueprint '/Game/Blackhole/BMaps/Map1.Map1:PersistentLevel.Map1' with GeneratedClass '/Game/Blackhole/BMaps/Map1.Map1_C' with ClassGeneratedBy '/Game/Blackhole/BMaps/Map1.Map1:PersistentLevel.Map1'
[2017.06.13-03.15.50:686][927]LogBlueprintUserMessages: Late EndPlayMap Detection: Level '/Game/Blackhole/BMaps/Map1.Map1:PersistentLevel' has LevelScriptBlueprint '/Game/Blackhole/BMaps/Map1.Map1:PersistentLevel.Map1' with GeneratedClass '/Game/Blackhole/BMaps/Map1.Map1_C' with ClassGeneratedBy '/Game/Blackhole/BMaps/Map1.Map1:PersistentLevel.Map1'
[2017.06.13-03.16.27:274][ 52]BlueprintLog: New page: Compile A_Rocket
[2017.06.13-03.16.27:390][ 52]BlueprintEditorCompileResults: Info [0630.37] Compile of A_Rocket successful! [in 116 ms] (/Game/Blackhole/Enemies/A_Rocket.A_Rocket)
[2017.06.13-03.16.36:487][340]BlueprintLog: New page: Compile A_Rocket
[2017.06.13-03.16.36:597][340]BlueprintEditorCompileResults: Info [0639.57] Compile of A_Rocket successful! [in 109 ms] (/Game/Blackhole/Enemies/A_Rocket.A_Rocket)
[2017.06.13-03.16.39:209][433]LogBlueprintUserMessages: Early PlayInEditor Detection: Level '/Game/Blackhole/BMaps/Map1.Map1:PersistentLevel' has LevelScriptBlueprint '/Game/Blackhole/BMaps/Map1.Map1:PersistentLevel.Map1' with GeneratedClass '/Game/Blackhole/BMaps/Map1.Map1_C' with ClassGeneratedBy '/Game/Blackhole/BMaps/Map1.Map1:PersistentLevel.Map1'
[2017.06.13-03.16.39:209][433]LogPlayLevel: PlayLevel: No blueprints needed recompiling
[2017.06.13-03.16.39:209][433]PIE: New page: PIE session: Map1 (Jun 12, 2017, 12:16:39 PM)
[2017.06.13-03.16.39:209][433]LogPlayLevel: Creating play world package: /Game/Blackhole/BMaps/UEDPIE_0_Map1
[2017.06.13-03.16.39:232][433]LogPlayLevel: PIE: StaticDuplicateObject took: (0.023255s)
[2017.06.13-03.16.39:233][433]LogAIModule: Creating AISystem for world Map1
[2017.06.13-03.16.39:233][433]LogPlayLevel: PIE: World Init took: (0.000732s)
[2017.06.13-03.16.39:233][433]LogPlayLevel: PIE: Created PIE world by copying editor world from /Game/Blackhole/BMaps/Map1.Map1 to /Game/Blackhole/BMaps/UEDPIE_0_Map1.Map1 (0.024219s)
[2017.06.13-03.16.39:253][433]LogInit: XAudio2 using 'Speakers (USB  AUDIO  )' : 2 channels at 48 kHz using 16 bits per sample (channel mask 0x3)
[2017.06.13-03.16.39:269][433]LogInit: FAudioDevice initialized.
[2017.06.13-03.16.39:325][433]LogWorld: Game class is 'TopDownGameMode_C'
[2017.06.13-03.16.39:328][433]LogWorld: Bringing World /Game/Blackhole/BMaps/UEDPIE_0_Map1.Map1 up for play (max tick rate 0) at 2017.06.12-20.16.39
[2017.06.13-03.16.39:328][433]LogWorld: Bringing up level for play took: 0.002955
[2017.06.13-03.16.39:330][433]PIE: Info Play in editor start time for /Game/Blackhole/BMaps/UEDPIE_0_Map1 0.133
[2017.06.13-03.16.39:330][433]LogBlueprintUserMessages: Late PlayInEditor Detection: Level '/Game/Blackhole/BMaps/Map1.Map1:PersistentLevel' has LevelScriptBlueprint '/Game/Blackhole/BMaps/Map1.Map1:PersistentLevel.Map1' with GeneratedClass '/Game/Blackhole/BMaps/Map1.Map1_C' with ClassGeneratedBy '/Game/Blackhole/BMaps/Map1.Map1:PersistentLevel.Map1'
[2017.06.13-03.17.14:397][ 43]LogBlueprintUserMessages: Early EndPlayMap Detection: Level '/Game/Blackhole/BMaps/Map1.Map1:PersistentLevel' has LevelScriptBlueprint '/Game/Blackhole/BMaps/Map1.Map1:PersistentLevel.Map1' with GeneratedClass '/Game/Blackhole/BMaps/Map1.Map1_C' with ClassGeneratedBy '/Game/Blackhole/BMaps/Map1.Map1:PersistentLevel.Map1'
[2017.06.13-03.17.14:464][ 43]LogBlueprintUserMessages: Late EndPlayMap Detection: Level '/Game/Blackhole/BMaps/Map1.Map1:PersistentLevel' has LevelScriptBlueprint '/Game/Blackhole/BMaps/Map1.Map1:PersistentLevel.Map1' with GeneratedClass '/Game/Blackhole/BMaps/Map1.Map1_C' with ClassGeneratedBy '/Game/Blackhole/BMaps/Map1.Map1:PersistentLevel.Map1'
[2017.06.13-03.17.18:459][204]Cmd: OBJ SAVEPACKAGE PACKAGE="/Game/Blackhole/Enemies/A_Rocket" FILE="../../../../../../Users/Demonic/Desktop/Blackhole/Content/Blackhole/Enemies/A_Rocket.uasset" SILENT=true
[2017.06.13-03.17.18:627][204]LogSavePackage: Save=76.45ms
[2017.06.13-03.17.18:627][204]LogSavePackage: Moving '../../../../../../Users/Demonic/Desktop/Blackhole/Saved/A_Rocket17911EEE4AF2BA64C285F1B9E30ECEE7.tmp' to '../../../../../../Users/Demonic/Desktop/Blackhole/Content/Blackhole/Enemies/A_Rocket.uasset'
[2017.06.13-03.17.18:631][204]LogSavePackage:Display: Finished SavePackage ../../../../../../Users/Demonic/Desktop/Blackhole/Content/Blackhole/Enemies/A_Rocket.uasset
[2017.06.13-03.19.21:518][ 92]LogRenderer: Reallocating scene render targets to support 1172x712 (Frame:18402).
[2017.06.13-03.19.57:605][304]LogContentBrowser: Native class hierarchy updated for 'Cascade' in 0.0004 seconds. Added 2 classes and 2 folders.
[2017.06.13-03.20.31:015][179]LogTexture:Display: Building textures: APlanet (AutoDXT)
[2017.06.13-03.20.31:127][179]LogMaterial: Missing cached shader map for material A_MatPlanet, compiling. 
[2017.06.13-03.21.15:458][210]Cmd: OBJ SAVEPACKAGE PACKAGE="/Game/Blackhole/Enemies/Rocket_Trail" FILE="../../../../../../Users/Demonic/Desktop/Blackhole/Content/Blackhole/Enemies/Rocket_Trail.uasset" SILENT=true
[2017.06.13-03.21.15:505][210]LogSavePackage: Save=43.67ms
[2017.06.13-03.21.15:505][210]LogSavePackage: Moving '../../../../../../Users/Demonic/Desktop/Blackhole/Saved/Rocket_TrailBCA269234B25CCA2306CD499C655E21C.tmp' to '../../../../../../Users/Demonic/Desktop/Blackhole/Content/Blackhole/Enemies/Rocket_Trail.uasset'
[2017.06.13-03.21.15:508][210]LogSavePackage:Display: Finished SavePackage ../../../../../../Users/Demonic/Desktop/Blackhole/Content/Blackhole/Enemies/Rocket_Trail.uasset
[2017.06.13-03.22.48:350][530]Cmd: MODE SCALEGRID=0
[2017.06.13-03.22.55:832][708]Cmd: MODE SCALEGRID=1
[2017.06.13-03.23.29:037][515]BlueprintLog: New page: Compile A_Rocket
[2017.06.13-03.23.29:423][515]BlueprintEditorCompileResults: Info [1052.39] Compile of A_Rocket successful! [in 386 ms] (/Game/Blackhole/Enemies/A_Rocket.A_Rocket)
[2017.06.13-03.24.23:268][881]BlueprintLog: New page: Compile A_Rocket
[2017.06.13-03.24.23:381][881]BlueprintEditorCompileResults: Info [1106.35] Compile of A_Rocket successful! [in 112 ms] (/Game/Blackhole/Enemies/A_Rocket.A_Rocket)
[2017.06.13-03.24.31:342][ 88]LogBlueprintUserMessages: Early PlayInEditor Detection: Level '/Game/Blackhole/BMaps/Map1.Map1:PersistentLevel' has LevelScriptBlueprint '/Game/Blackhole/BMaps/Map1.Map1:PersistentLevel.Map1' with GeneratedClass '/Game/Blackhole/BMaps/Map1.Map1_C' with ClassGeneratedBy '/Game/Blackhole/BMaps/Map1.Map1:PersistentLevel.Map1'
[2017.06.13-03.24.31:342][ 88]LogPlayLevel: PlayLevel: No blueprints needed recompiling
[2017.06.13-03.24.31:342][ 88]PIE: New page: PIE session: Map1 (Jun 12, 2017, 12:24:31 PM)
[2017.06.13-03.24.31:342][ 88]LogPlayLevel: Creating play world package: /Game/Blackhole/BMaps/UEDPIE_0_Map1
[2017.06.13-03.24.31:367][ 88]LogPlayLevel: PIE: StaticDuplicateObject took: (0.024653s)
[2017.06.13-03.24.31:369][ 88]LogAIModule: Creating AISystem for world Map1
[2017.06.13-03.24.31:369][ 88]LogPlayLevel: PIE: World Init took: (0.001881s)
[2017.06.13-03.24.31:369][ 88]LogPlayLevel: PIE: Created PIE world by copying editor world from /Game/Blackhole/BMaps/Map1.Map1 to /Game/Blackhole/BMaps/UEDPIE_0_Map1.Map1 (0.026772s)
[2017.06.13-03.24.31:392][ 88]LogInit: XAudio2 using 'Speakers (USB  AUDIO  )' : 2 channels at 48 kHz using 16 bits per sample (channel mask 0x3)
[2017.06.13-03.24.31:408][ 88]LogInit: FAudioDevice initialized.
[2017.06.13-03.24.31:465][ 88]LogWorld: Game class is 'TopDownGameMode_C'
[2017.06.13-03.24.31:469][ 88]LogWorld: Bringing World /Game/Blackhole/BMaps/UEDPIE_0_Map1.Map1 up for play (max tick rate 0) at 2017.06.12-20.24.31
[2017.06.13-03.24.31:469][ 88]LogWorld: Bringing up level for play took: 0.003022
[2017.06.13-03.24.31:471][ 88]PIE: Info Play in editor start time for /Game/Blackhole/BMaps/UEDPIE_0_Map1 0.263
[2017.06.13-03.24.31:471][ 88]LogBlueprintUserMessages: Late PlayInEditor Detection: Level '/Game/Blackhole/BMaps/Map1.Map1:PersistentLevel' has LevelScriptBlueprint '/Game/Blackhole/BMaps/Map1.Map1:PersistentLevel.Map1' with GeneratedClass '/Game/Blackhole/BMaps/Map1.Map1_C' with ClassGeneratedBy '/Game/Blackhole/BMaps/Map1.Map1:PersistentLevel.Map1'
[2017.06.13-03.24.31:536][ 89]LogScript:Warning: UGameplayStatics::BeginSpawningActorFromClass: can not spawn an actor from a NULL class
[2017.06.13-03.24.57:964][317]LogBlueprintUserMessages: [BlackHolePlayer_254] You got a new high score of
[2017.06.13-03.24.57:964][317]LogBlueprintUserMessages: [BlackHolePlayer_254] 3230
[2017.06.13-03.25.00:051][414]LogBlueprintUserMessages: Early EndPlayMap Detection: Level '/Game/Blackhole/BMaps/Map1.Map1:PersistentLevel' has LevelScriptBlueprint '/Game/Blackhole/BMaps/Map1.Map1:PersistentLevel.Map1' with GeneratedClass '/Game/Blackhole/BMaps/Map1.Map1_C' with ClassGeneratedBy '/Game/Blackhole/BMaps/Map1.Map1:PersistentLevel.Map1'
[2017.06.13-03.25.00:121][414]LogBlueprintUserMessages: Late EndPlayMap Detection: Level '/Game/Blackhole/BMaps/Map1.Map1:PersistentLevel' has LevelScriptBlueprint '/Game/Blackhole/BMaps/Map1.Map1:PersistentLevel.Map1' with GeneratedClass '/Game/Blackhole/BMaps/Map1.Map1_C' with ClassGeneratedBy '/Game/Blackhole/BMaps/Map1.Map1:PersistentLevel.Map1'
[2017.06.13-03.25.03:651][551]Cmd: OBJ SAVEPACKAGE PACKAGE="/Game/Blackhole/Enemies/A_Rocket" FILE="../../../../../../Users/Demonic/Desktop/Blackhole/Content/Blackhole/Enemies/A_Rocket.uasset" SILENT=true
[2017.06.13-03.25.03:772][551]LogSavePackage: Save=84.30ms
[2017.06.13-03.25.03:773][551]LogSavePackage: Moving '../../../../../../Users/Demonic/Desktop/Blackhole/Saved/A_RocketA9E99B994CCB988834FA728DB96DB140.tmp' to '../../../../../../Users/Demonic/Desktop/Blackhole/Content/Blackhole/Enemies/A_Rocket.uasset'
[2017.06.13-03.25.03:776][551]LogSavePackage:Display: Finished SavePackage ../../../../../../Users/Demonic/Desktop/Blackhole/Content/Blackhole/Enemies/A_Rocket.uasset
[2017.06.13-03.25.03:785][551]Cmd: OBJ SAVEPACKAGE PACKAGE="/Game/Blackhole/Enemies/Rocket_Trail" FILE="../../../../../../Users/Demonic/Desktop/Blackhole/Content/Blackhole/Enemies/Rocket_Trail.uasset" SILENT=true
[2017.06.13-03.25.03:861][551]LogSavePackage: Save=49.60ms
[2017.06.13-03.25.03:861][551]LogSavePackage: Moving '../../../../../../Users/Demonic/Desktop/Blackhole/Saved/Rocket_Trail02274E434DAA00F07551288D2A3A9AD5.tmp' to '../../../../../../Users/Demonic/Desktop/Blackhole/Content/Blackhole/Enemies/Rocket_Trail.uasset'
[2017.06.13-03.25.03:865][551]LogSavePackage:Display: Finished SavePackage ../../../../../../Users/Demonic/Desktop/Blackhole/Content/Blackhole/Enemies/Rocket_Trail.uasset
[2017.06.13-06.20.51:649][848]Cmd: OBJ SAVEPACKAGE PACKAGE="/Game/Blackhole/Enemies/Rocket_Trail" FILE="../../../../../../Users/Demonic/Desktop/Blackhole/Content/Blackhole/Enemies/Rocket_Trail.uasset" SILENT=true
[2017.06.13-06.20.51:728][848]LogSavePackage: Save=26.10ms
[2017.06.13-06.20.51:728][848]LogSavePackage: Moving '../../../../../../Users/Demonic/Desktop/Blackhole/Saved/Rocket_Trail2468932A4E5F73AA2141D1A481B973A5.tmp' to '../../../../../../Users/Demonic/Desktop/Blackhole/Content/Blackhole/Enemies/Rocket_Trail.uasset'
[2017.06.13-06.20.51:732][848]LogSavePackage:Display: Finished SavePackage ../../../../../../Users/Demonic/Desktop/Blackhole/Content/Blackhole/Enemies/Rocket_Trail.uasset
[2017.06.13-06.20.57:906][ 21]LogBlueprintUserMessages: Early PlayInEditor Detection: Level '/Game/Blackhole/BMaps/Map1.Map1:PersistentLevel' has LevelScriptBlueprint '/Game/Blackhole/BMaps/Map1.Map1:PersistentLevel.Map1' with GeneratedClass '/Game/Blackhole/BMaps/Map1.Map1_C' with ClassGeneratedBy '/Game/Blackhole/BMaps/Map1.Map1:PersistentLevel.Map1'
[2017.06.13-06.20.57:906][ 21]LogPlayLevel: PlayLevel: No blueprints needed recompiling
[2017.06.13-06.20.57:906][ 21]PIE: New page: PIE session: Map1 (Jun 12, 2017, 3:20:57 PM)
[2017.06.13-06.20.57:906][ 21]LogPlayLevel: Creating play world package: /Game/Blackhole/BMaps/UEDPIE_0_Map1
[2017.06.13-06.20.57:934][ 21]LogPlayLevel: PIE: StaticDuplicateObject took: (0.027833s)
[2017.06.13-06.20.57:936][ 21]LogAIModule: Creating AISystem for world Map1
[2017.06.13-06.20.57:937][ 21]LogPlayLevel: PIE: World Init took: (0.002357s)
[2017.06.13-06.20.57:937][ 21]LogPlayLevel: PIE: Created PIE world by copying editor world from /Game/Blackhole/BMaps/Map1.Map1 to /Game/Blackhole/BMaps/UEDPIE_0_Map1.Map1 (0.030579s)
[2017.06.13-06.20.57:963][ 21]LogInit: XAudio2 using 'Speakers (USB  AUDIO  )' : 2 channels at 48 kHz using 16 bits per sample (channel mask 0x3)
[2017.06.13-06.20.57:973][ 21]LogInit: FAudioDevice initialized.
[2017.06.13-06.20.58:036][ 21]LogWorld: Game class is 'TopDownGameMode_C'
[2017.06.13-06.20.58:040][ 21]LogWorld: Bringing World /Game/Blackhole/BMaps/UEDPIE_0_Map1.Map1 up for play (max tick rate 0) at 2017.06.12-23.20.58
[2017.06.13-06.20.58:041][ 21]LogWorld: Bringing up level for play took: 0.003445
[2017.06.13-06.20.58:043][ 21]PIE: Info Play in editor start time for /Game/Blackhole/BMaps/UEDPIE_0_Map1 0.6
[2017.06.13-06.20.58:043][ 21]LogBlueprintUserMessages: Late PlayInEditor Detection: Level '/Game/Blackhole/BMaps/Map1.Map1:PersistentLevel' has LevelScriptBlueprint '/Game/Blackhole/BMaps/Map1.Map1:PersistentLevel.Map1' with GeneratedClass '/Game/Blackhole/BMaps/Map1.Map1_C' with ClassGeneratedBy '/Game/Blackhole/BMaps/Map1.Map1:PersistentLevel.Map1'
[2017.06.13-06.21.30:270][495]LogBlueprintUserMessages: Early EndPlayMap Detection: Level '/Game/Blackhole/BMaps/Map1.Map1:PersistentLevel' has LevelScriptBlueprint '/Game/Blackhole/BMaps/Map1.Map1:PersistentLevel.Map1' with GeneratedClass '/Game/Blackhole/BMaps/Map1.Map1_C' with ClassGeneratedBy '/Game/Blackhole/BMaps/Map1.Map1:PersistentLevel.Map1'
[2017.06.13-06.21.30:344][495]LogBlueprintUserMessages: Late EndPlayMap Detection: Level '/Game/Blackhole/BMaps/Map1.Map1:PersistentLevel' has LevelScriptBlueprint '/Game/Blackhole/BMaps/Map1.Map1:PersistentLevel.Map1' with GeneratedClass '/Game/Blackhole/BMaps/Map1.Map1_C' with ClassGeneratedBy '/Game/Blackhole/BMaps/Map1.Map1:PersistentLevel.Map1'
[2017.06.13-06.22.13:841][682]Cmd: OBJ SAVEPACKAGE PACKAGE="/Game/Blackhole/Enemies/Rocket_Trail" FILE="../../../../../../Users/Demonic/Desktop/Blackhole/Content/Blackhole/Enemies/Rocket_Trail.uasset" SILENT=true
[2017.06.13-06.22.13:881][682]LogSavePackage: Save=29.82ms
[2017.06.13-06.22.13:881][682]LogSavePackage: Moving '../../../../../../Users/Demonic/Desktop/Blackhole/Saved/Rocket_TrailE889123046239DEC03C1E5B979E0DC64.tmp' to '../../../../../../Users/Demonic/Desktop/Blackhole/Content/Blackhole/Enemies/Rocket_Trail.uasset'
[2017.06.13-06.22.13:886][682]LogSavePackage:Display: Finished SavePackage ../../../../../../Users/Demonic/Desktop/Blackhole/Content/Blackhole/Enemies/Rocket_Trail.uasset
[2017.06.13-06.22.22:009][921]LogBlueprintUserMessages: Early PlayInEditor Detection: Level '/Game/Blackhole/BMaps/Map1.Map1:PersistentLevel' has LevelScriptBlueprint '/Game/Blackhole/BMaps/Map1.Map1:PersistentLevel.Map1' with GeneratedClass '/Game/Blackhole/BMaps/Map1.Map1_C' with ClassGeneratedBy '/Game/Blackhole/BMaps/Map1.Map1:PersistentLevel.Map1'
[2017.06.13-06.22.22:009][921]LogPlayLevel: PlayLevel: No blueprints needed recompiling
[2017.06.13-06.22.22:009][921]PIE: New page: PIE session: Map1 (Jun 12, 2017, 3:22:22 PM)
[2017.06.13-06.22.22:009][921]LogPlayLevel: Creating play world package: /Game/Blackhole/BMaps/UEDPIE_0_Map1
[2017.06.13-06.22.22:033][921]LogPlayLevel: PIE: StaticDuplicateObject took: (0.023389s)
[2017.06.13-06.22.22:033][921]LogAIModule: Creating AISystem for world Map1
[2017.06.13-06.22.22:033][921]LogPlayLevel: PIE: World Init took: (0.000874s)
[2017.06.13-06.22.22:034][921]LogPlayLevel: PIE: Created PIE world by copying editor world from /Game/Blackhole/BMaps/Map1.Map1 to /Game/Blackhole/BMaps/UEDPIE_0_Map1.Map1 (0.024537s)
[2017.06.13-06.22.22:058][921]LogInit: XAudio2 using 'Speakers (USB  AUDIO  )' : 2 channels at 48 kHz using 16 bits per sample (channel mask 0x3)
[2017.06.13-06.22.22:068][921]LogInit: FAudioDevice initialized.
[2017.06.13-06.22.22:123][921]LogWorld: Game class is 'TopDownGameMode_C'
[2017.06.13-06.22.22:127][921]LogWorld: Bringing World /Game/Blackhole/BMaps/UEDPIE_0_Map1.Map1 up for play (max tick rate 0) at 2017.06.12-23.22.22
[2017.06.13-06.22.22:127][921]LogWorld: Bringing up level for play took: 0.003088
[2017.06.13-06.22.22:129][921]PIE: Info Play in editor start time for /Game/Blackhole/BMaps/UEDPIE_0_Map1 0.684
[2017.06.13-06.22.22:129][921]LogBlueprintUserMessages: Late PlayInEditor Detection: Level '/Game/Blackhole/BMaps/Map1.Map1:PersistentLevel' has LevelScriptBlueprint '/Game/Blackhole/BMaps/Map1.Map1:PersistentLevel.Map1' with GeneratedClass '/Game/Blackhole/BMaps/Map1.Map1_C' with ClassGeneratedBy '/Game/Blackhole/BMaps/Map1.Map1:PersistentLevel.Map1'
[2017.06.13-06.23.06:632][940]LogBlueprintUserMessages: [BlackHolePlayer_254] You got a new high score of
[2017.06.13-06.23.06:632][940]LogBlueprintUserMessages: [BlackHolePlayer_254] 6400
[2017.06.13-06.23.12:687][215]LogNet: Browse: /Game/Blackhole/BMaps/Map1
[2017.06.13-06.23.12:699][215]LogLoad: LoadMap: /Game/Blackhole/BMaps/Map1
[2017.06.13-06.23.12:727][215]Cmd: MEM
[2017.06.13-06.23.12:742][215]LogMemory: Platform Memory Stats for Windows
[2017.06.13-06.23.12:742][215]LogMemory: Process Physical Memory: 1207.54 MB used, 1351.18 MB peak
[2017.06.13-06.23.12:742][215]LogMemory: Process Virtual Memory: 2109.01 MB used, 2184.03 MB peak
[2017.06.13-06.23.12:742][215]LogMemory: Physical Memory: 3788.36 MB used, 8174.04 MB total
[2017.06.13-06.23.12:742][215]LogMemory: Virtual Memory: 2776.93 MB used, 8388608.00 MB total
[2017.06.13-06.23.12:742][215]LogMemory: 
[2017.06.13-06.23.12:742][215]Allocator Stats for TBB: (not implemented)
[2017.06.13-06.23.12:742][215]LogPlayLevel: Creating play world package: /Game/Blackhole/BMaps/UEDPIE_0_Map1
[2017.06.13-06.23.12:761][215]LogPlayLevel: PIE: StaticDuplicateObject took: (0.019237s)
[2017.06.13-06.23.12:762][215]LogAIModule: Creating AISystem for world Map1
[2017.06.13-06.23.12:762][215]LogPlayLevel: PIE: World Init took: (0.000916s)
[2017.06.13-06.23.12:762][215]LogPlayLevel: PIE: Created PIE world by copying editor world from /Game/Blackhole/BMaps/Map1.Map1 to /Game/Blackhole/BMaps/UEDPIE_0_Map1.Map1 (0.020439s)
[2017.06.13-06.23.12:762][215]LogWorld: Game class is 'TopDownGameMode_C'
[2017.06.13-06.23.12:767][215]LogWorld: Bringing World /Game/Blackhole/BMaps/UEDPIE_0_Map1.Map1 up for play (max tick rate 0) at 2017.06.12-23.23.12
[2017.06.13-06.23.12:767][215]LogWorld: Bringing up level for play took: 0.003593
[2017.06.13-06.23.12:783][215]LogLoad: Took 0.084841 seconds to LoadMap(/Game/Blackhole/BMaps/UEDPIE_0_Map1)
[2017.06.13-06.26.48:389][391]LogBlueprintUserMessages: [BlackHolePlayer_254] You got a new high score of
[2017.06.13-06.26.48:389][391]LogBlueprintUserMessages: [BlackHolePlayer_254] 15850
[2017.06.13-06.26.54:415][673]LogNet: Browse: /Game/Blackhole/BMaps/Map1
[2017.06.13-06.26.54:435][673]LogLoad: LoadMap: /Game/Blackhole/BMaps/Map1
[2017.06.13-06.26.54:461][673]Cmd: MEM
[2017.06.13-06.26.54:477][673]LogMemory: Platform Memory Stats for Windows
[2017.06.13-06.26.54:477][673]LogMemory: Process Physical Memory: 1201.11 MB used, 1351.18 MB peak
[2017.06.13-06.26.54:478][673]LogMemory: Process Virtual Memory: 2027.09 MB used, 2208.30 MB peak
[2017.06.13-06.26.54:478][673]LogMemory: Physical Memory: 3772.73 MB used, 8174.04 MB total
[2017.06.13-06.26.54:478][673]LogMemory: Virtual Memory: 2690.43 MB used, 8388608.00 MB total
[2017.06.13-06.26.54:478][673]LogMemory: 
[2017.06.13-06.26.54:478][673]Allocator Stats for TBB: (not implemented)
[2017.06.13-06.26.54:478][673]LogPlayLevel: Creating play world package: /Game/Blackhole/BMaps/UEDPIE_0_Map1
[2017.06.13-06.26.54:498][673]LogPlayLevel: PIE: StaticDuplicateObject took: (0.019860s)
[2017.06.13-06.26.54:498][673]LogAIModule: Creating AISystem for world Map1
[2017.06.13-06.26.54:499][673]LogPlayLevel: PIE: World Init took: (0.000949s)
[2017.06.13-06.26.54:499][673]LogPlayLevel: PIE: Created PIE world by copying editor world from /Game/Blackhole/BMaps/Map1.Map1 to /Game/Blackhole/BMaps/UEDPIE_0_Map1.Map1 (0.021064s)
[2017.06.13-06.26.54:499][673]LogWorld: Game class is 'TopDownGameMode_C'
[2017.06.13-06.26.54:503][673]LogWorld: Bringing World /Game/Blackhole/BMaps/UEDPIE_0_Map1.Map1 up for play (max tick rate 0) at 2017.06.12-23.26.54
[2017.06.13-06.26.54:503][673]LogWorld: Bringing up level for play took: 0.003681
[2017.06.13-06.26.54:505][673]LogLoad: Took 0.070199 seconds to LoadMap(/Game/Blackhole/BMaps/UEDPIE_0_Map1)
[2017.06.13-06.28.00:413][710]LogBlueprintUserMessages: [BlackHolePlayer_254] 14940
[2017.06.13-06.28.06:441][985]LogNet: Browse: /Game/Blackhole/BMaps/Map1
[2017.06.13-06.28.06:462][985]LogLoad: LoadMap: /Game/Blackhole/BMaps/Map1
[2017.06.13-06.28.06:484][985]Cmd: MEM
[2017.06.13-06.28.06:500][985]LogMemory: Platform Memory Stats for Windows
[2017.06.13-06.28.06:500][985]LogMemory: Process Physical Memory: 1211.16 MB used, 1351.18 MB peak
[2017.06.13-06.28.06:500][985]LogMemory: Process Virtual Memory: 2035.68 MB used, 2208.30 MB peak
[2017.06.13-06.28.06:500][985]LogMemory: Physical Memory: 3785.37 MB used, 8174.04 MB total
[2017.06.13-06.28.06:500][985]LogMemory: Virtual Memory: 2698.99 MB used, 8388608.00 MB total
[2017.06.13-06.28.06:500][985]LogMemory: 
[2017.06.13-06.28.06:500][985]Allocator Stats for TBB: (not implemented)
[2017.06.13-06.28.06:500][985]LogPlayLevel: Creating play world package: /Game/Blackhole/BMaps/UEDPIE_0_Map1
[2017.06.13-06.28.06:520][985]LogPlayLevel: PIE: StaticDuplicateObject took: (0.019724s)
[2017.06.13-06.28.06:521][985]LogAIModule: Creating AISystem for world Map1
[2017.06.13-06.28.06:521][985]LogPlayLevel: PIE: World Init took: (0.000992s)
[2017.06.13-06.28.06:521][985]LogPlayLevel: PIE: Created PIE world by copying editor world from /Game/Blackhole/BMaps/Map1.Map1 to /Game/Blackhole/BMaps/UEDPIE_0_Map1.Map1 (0.020992s)
[2017.06.13-06.28.06:521][985]LogWorld: Game class is 'TopDownGameMode_C'
[2017.06.13-06.28.06:526][985]LogWorld: Bringing World /Game/Blackhole/BMaps/UEDPIE_0_Map1.Map1 up for play (max tick rate 0) at 2017.06.12-23.28.06
[2017.06.13-06.28.06:526][985]LogWorld: Bringing up level for play took: 0.003589
[2017.06.13-06.28.06:528][985]LogLoad: Took 0.065146 seconds to LoadMap(/Game/Blackhole/BMaps/UEDPIE_0_Map1)
[2017.06.13-06.28.09:611][129]LogBlueprintUserMessages: Early EndPlayMap Detection: Level '/Game/Blackhole/BMaps/Map1.Map1:PersistentLevel' has LevelScriptBlueprint '/Game/Blackhole/BMaps/Map1.Map1:PersistentLevel.Map1' with GeneratedClass '/Game/Blackhole/BMaps/Map1.Map1_C' with ClassGeneratedBy '/Game/Blackhole/BMaps/Map1.Map1:PersistentLevel.Map1'
[2017.06.13-06.28.09:684][129]LogBlueprintUserMessages: Late EndPlayMap Detection: Level '/Game/Blackhole/BMaps/Map1.Map1:PersistentLevel' has LevelScriptBlueprint '/Game/Blackhole/BMaps/Map1.Map1:PersistentLevel.Map1' with GeneratedClass '/Game/Blackhole/BMaps/Map1.Map1_C' with ClassGeneratedBy '/Game/Blackhole/BMaps/Map1.Map1:PersistentLevel.Map1'
[2017.06.13-06.32.32:682][208]Cmd: OBJ SAVEPACKAGE PACKAGE="/Game/Blackhole/Enemies/Rocket_Trail" FILE="../../../../../../Users/Demonic/Desktop/Blackhole/Content/Blackhole/Enemies/Rocket_Trail.uasset" SILENT=true
[2017.06.13-06.32.32:745][208]LogSavePackage: Save=36.43ms
[2017.06.13-06.32.32:745][208]LogSavePackage: Moving '../../../../../../Users/Demonic/Desktop/Blackhole/Saved/Rocket_TrailA813022A4A6711A50491C6ABA7B89293.tmp' to '../../../../../../Users/Demonic/Desktop/Blackhole/Content/Blackhole/Enemies/Rocket_Trail.uasset'
[2017.06.13-06.32.32:749][208]LogSavePackage:Display: Finished SavePackage ../../../../../../Users/Demonic/Desktop/Blackhole/Content/Blackhole/Enemies/Rocket_Trail.uasset
[2017.06.13-06.32.44:158][593]LogBlueprintUserMessages: Early PlayInEditor Detection: Level '/Game/Blackhole/BMaps/Map1.Map1:PersistentLevel' has LevelScriptBlueprint '/Game/Blackhole/BMaps/Map1.Map1:PersistentLevel.Map1' with GeneratedClass '/Game/Blackhole/BMaps/Map1.Map1_C' with ClassGeneratedBy '/Game/Blackhole/BMaps/Map1.Map1:PersistentLevel.Map1'
[2017.06.13-06.32.44:158][593]LogPlayLevel: PlayLevel: No blueprints needed recompiling
[2017.06.13-06.32.44:158][593]PIE: New page: PIE session: Map1 (Jun 12, 2017, 3:32:44 PM)
[2017.06.13-06.32.44:158][593]LogPlayLevel: Creating play world package: /Game/Blackhole/BMaps/UEDPIE_0_Map1
[2017.06.13-06.32.44:180][593]LogPlayLevel: PIE: StaticDuplicateObject took: (0.021383s)
[2017.06.13-06.32.44:180][593]LogAIModule: Creating AISystem for world Map1
[2017.06.13-06.32.44:180][593]LogPlayLevel: PIE: World Init took: (0.000890s)
[2017.06.13-06.32.44:181][593]LogPlayLevel: PIE: Created PIE world by copying editor world from /Game/Blackhole/BMaps/Map1.Map1 to /Game/Blackhole/BMaps/UEDPIE_0_Map1.Map1 (0.022529s)
[2017.06.13-06.32.44:203][593]LogInit: XAudio2 using 'Speakers (USB  AUDIO  )' : 2 channels at 48 kHz using 16 bits per sample (channel mask 0x3)
[2017.06.13-06.32.44:224][593]LogInit: FAudioDevice initialized.
[2017.06.13-06.32.44:280][593]LogWorld: Game class is 'TopDownGameMode_C'
[2017.06.13-06.32.44:284][593]LogWorld: Bringing World /Game/Blackhole/BMaps/UEDPIE_0_Map1.Map1 up for play (max tick rate 0) at 2017.06.12-23.32.44
[2017.06.13-06.32.44:285][593]LogWorld: Bringing up level for play took: 0.003073
[2017.06.13-06.32.44:286][593]PIE: Info Play in editor start time for /Game/Blackhole/BMaps/UEDPIE_0_Map1 0.827
[2017.06.13-06.32.44:286][593]LogBlueprintUserMessages: Late PlayInEditor Detection: Level '/Game/Blackhole/BMaps/Map1.Map1:PersistentLevel' has LevelScriptBlueprint '/Game/Blackhole/BMaps/Map1.Map1:PersistentLevel.Map1' with GeneratedClass '/Game/Blackhole/BMaps/Map1.Map1_C' with ClassGeneratedBy '/Game/Blackhole/BMaps/Map1.Map1:PersistentLevel.Map1'
[2017.06.13-06.33.29:825][681]LogBlueprintUserMessages: Early EndPlayMap Detection: Level '/Game/Blackhole/BMaps/Map1.Map1:PersistentLevel' has LevelScriptBlueprint '/Game/Blackhole/BMaps/Map1.Map1:PersistentLevel.Map1' with GeneratedClass '/Game/Blackhole/BMaps/Map1.Map1_C' with ClassGeneratedBy '/Game/Blackhole/BMaps/Map1.Map1:PersistentLevel.Map1'
[2017.06.13-06.33.29:897][681]LogBlueprintUserMessages: Late EndPlayMap Detection: Level '/Game/Blackhole/BMaps/Map1.Map1:PersistentLevel' has LevelScriptBlueprint '/Game/Blackhole/BMaps/Map1.Map1:PersistentLevel.Map1' with GeneratedClass '/Game/Blackhole/BMaps/Map1.Map1_C' with ClassGeneratedBy '/Game/Blackhole/BMaps/Map1.Map1:PersistentLevel.Map1'
[2017.06.13-07.02.35:519][ 97]LogCascade: Quitting Cascade. FXSystem=0x000000003D620CC0
[2017.06.13-07.02.36:243][ 98]Cmd: QUIT_EDITOR
[2017.06.13-07.02.37:150][ 98]LogExit: Preparing to exit.
[2017.06.13-07.02.38:472][ 98]LogExit: Editor shut down
[2017.06.13-07.02.38:473][ 98]LogExit: Transaction tracking system shut down
[2017.06.13-07.02.41:980][ 98]LogObj: Freed 0b from 0 cluster array pools.
[2017.06.13-07.02.41:980][ 98]LogExit: Object subsystem successfully closed.
[2017.06.13-07.02.42:688][ 98]LogD3D11RHI: Shutdown
[2017.06.13-07.02.42:695][ 98]LogD3D11RHI: CleanupD3DDevice
[2017.06.13-07.02.43:000][ 98]LogD3D11RHI: ~FD3D11DynamicRHI
[2017.06.13-07.02.44:462][ 98]LogModuleManager: Shutting down and abandoning module ExternalImagePicker (218)
[2017.06.13-07.02.44:462][ 98]LogModuleManager: Shutting down and abandoning module DistCurveEditor (217)
[2017.06.13-07.02.44:462][ 98]LogModuleManager: Shutting down and abandoning module Cascade (216)
[2017.06.13-07.02.44:462][ 98]LogModuleManager: Shutting down and abandoning module MovieSceneCapture (215)
[2017.06.13-07.02.44:462][ 98]LogModuleManager: Shutting down and abandoning module BlueprintGraph (214)
[2017.06.13-07.02.44:500][ 98]LogModuleManager: Shutting down and abandoning module HierarchicalLODOutliner (213)
[2017.06.13-07.02.44:531][ 98]LogModuleManager: Shutting down and abandoning module CrashTracker (212)
[2017.06.13-07.02.44:558][ 98]LogModuleManager: Shutting down and abandoning module SceneOutliner (211)
[2017.06.13-07.02.44:558][ 98]LogModuleManager: Shutting down and abandoning module WidgetCarousel (210)
[2017.06.13-07.02.44:574][ 98]LogModuleManager: Shutting down and abandoning module AddContentDialog (209)
[2017.06.13-07.02.44:635][ 98]LogModuleManager: Shutting down and abandoning module GameplayTags (208)
[2017.06.13-07.02.44:635][ 98]LogModuleManager: Shutting down and abandoning module EditorWidgets (207)
[2017.06.13-07.02.44:635][ 98]LogModuleManager: Shutting down and abandoning module CollectionManager (206)
[2017.06.13-07.02.44:669][ 98]LogModuleManager: Shutting down and abandoning module StatsViewer (205)
[2017.06.13-07.02.44:708][ 98]LogModuleManager: Shutting down and abandoning module FoliageEdit (204)
[2017.06.13-07.02.44:731][ 98]LogModuleManager: Shutting down and abandoning module LandscapeEditor (203)
[2017.06.13-07.02.44:780][ 98]LogModuleManager: Shutting down and abandoning module SceneDepthPickerMode (202)
[2017.06.13-07.02.44:780][ 98]LogModuleManager: Shutting down and abandoning module ActorPickerMode (201)
[2017.06.13-07.02.44:780][ 98]LogModuleManager: Shutting down and abandoning module GeometryMode (200)
[2017.06.13-07.02.44:780][ 98]LogModuleManager: Shutting down and abandoning module TextureAlignMode (199)
[2017.06.13-07.02.44:780][ 98]LogModuleManager: Shutting down and abandoning module BspMode (198)
[2017.06.13-07.02.44:793][ 98]LogModuleManager: Shutting down and abandoning module HardwareSurvey (197)
[2017.06.13-07.02.44:808][ 98]LogModuleManager: Shutting down and abandoning module SequenceRecorderSections (196)
[2017.06.13-07.02.44:808][ 98]LogModuleManager: Shutting down and abandoning module SequenceRecorder (195)
[2017.06.13-07.02.44:832][ 98]LogModuleManager: Shutting down and abandoning module AutomationWorker (194)
[2017.06.13-07.02.44:833][ 98]LogModuleManager: Shutting down and abandoning module MatineeToLevelSequence (193)
[2017.06.13-07.02.44:838][ 98]LogModuleManager: Shutting down and abandoning module PlacementMode (192)
[2017.06.13-07.02.44:858][ 98]LogModuleManager: Shutting down and abandoning module LevelSequenceEditor (191)
[2017.06.13-07.02.44:979][ 98]LogModuleManager: Shutting down and abandoning module CharacterAI (190)
[2017.06.13-07.02.44:979][ 98]LogModuleManager: Shutting down and abandoning module SmartSnapping (189)
[2017.06.13-07.02.44:979][ 98]LogModuleManager: Shutting down and abandoning module SessionServices (188)
[2017.06.13-07.02.44:979][ 98]LogModuleManager: Shutting down and abandoning module ViewportSnapping (187)
[2017.06.13-07.02.44:979][ 98]LogModuleManager: Shutting down and abandoning module LogVisualizer (186)
[2017.06.13-07.02.45:063][ 98]LogModuleManager: Shutting down and abandoning module GameProjectGeneration (185)
[2017.06.13-07.02.45:132][ 98]LogModuleManager: Shutting down and abandoning module IntroTutorials (184)
[2017.06.13-07.02.45:145][ 98]LogModuleManager: Shutting down and abandoning module EditorLiveStreaming (183)
[2017.06.13-07.02.45:145][ 98]LogModuleManager: Shutting down and abandoning module IOSPlatformEditor (182)
[2017.06.13-07.02.45:170][ 98]LogModuleManager: Shutting down and abandoning module HTML5PlatformEditor (181)
[2017.06.13-07.02.45:170][ 98]LogModuleManager: Shutting down and abandoning module AndroidDeviceDetection (180)
[2017.06.13-07.02.46:122][ 98]LogModuleManager: Shutting down and abandoning module AndroidPlatformEditor (179)
[2017.06.13-07.02.46:144][ 98]LogModuleManager: Shutting down and abandoning module IOSRuntimeSettings (178)
[2017.06.13-07.02.46:144][ 98]LogModuleManager: Shutting down and abandoning module AndroidRuntimeSettings (177)
[2017.06.13-07.02.46:144][ 98]LogModuleManager: Shutting down and abandoning module MergeActors (176)
[2017.06.13-07.02.46:152][ 98]LogModuleManager: Shutting down and abandoning module SizeMap (175)
[2017.06.13-07.02.46:152][ 98]LogModuleManager: Shutting down and abandoning module TreeMap (174)
[2017.06.13-07.02.46:160][ 98]LogModuleManager: Shutting down and abandoning module ReferenceViewer (173)
[2017.06.13-07.02.46:167][ 98]LogModuleManager: Shutting down and abandoning module LocalizationService (172)
[2017.06.13-07.02.46:178][ 98]LogModuleManager: Shutting down and abandoning module LocalizationDashboard (171)
[2017.06.13-07.02.46:189][ 98]LogModuleManager: Shutting down and abandoning module HardwareTargeting (170)
[2017.06.13-07.02.46:189][ 98]LogModuleManager: Shutting down and abandoning module DeviceProfileEditor (169)
[2017.06.13-07.02.46:195][ 98]LogModuleManager: Shutting down and abandoning module UndoHistory (168)
[2017.06.13-07.02.46:225][ 98]LogModuleManager: Shutting down and abandoning module UserFeedback (167)
[2017.06.13-07.02.46:225][ 98]LogModuleManager: Shutting down and abandoning module XmlParser (166)
[2017.06.13-07.02.46:248][ 98]LogModuleManager: Shutting down and abandoning module Blutility (165)
[2017.06.13-07.02.46:270][ 98]LogModuleManager: Shutting down and abandoning module ProjectTargetPlatformEditor (164)
[2017.06.13-07.02.46:277][ 98]LogModuleManager: Shutting down and abandoning module ProjectSettingsViewer (163)
[2017.06.13-07.02.46:277][ 98]LogModuleManager: Shutting down and abandoning module InputBindingEditor (162)
[2017.06.13-07.02.46:311][ 98]LogModuleManager: Shutting down and abandoning module EditorSettingsViewer (161)
[2017.06.13-07.02.46:311][ 98]LogModuleManager: Shutting down and abandoning module SettingsEditor (160)
[2017.06.13-07.02.46:337][ 98]LogModuleManager: Shutting down and abandoning module ProjectLauncher (159)
[2017.06.13-07.02.46:352][ 98]LogModuleManager: Shutting down and abandoning module SessionFrontend (158)
[2017.06.13-07.02.46:370][ 98]LogModuleManager: Shutting down and abandoning module ProfilerClient (157)
[2017.06.13-07.02.46:381][ 98]LogModuleManager: Shutting down and abandoning module TargetDeviceServices (156)
[2017.06.13-07.02.46:381][ 98]LogModuleManager: Shutting down and abandoning module DeviceManager (155)
[2017.06.13-07.02.46:483][ 98]LogModuleManager: Shutting down and abandoning module AutomationController (154)
[2017.06.13-07.02.46:514][ 98]LogModuleManager: Shutting down and abandoning module AutomationWindow (153)
[2017.06.13-07.02.46:544][ 98]LogModuleManager: Shutting down and abandoning module Layers (152)
[2017.06.13-07.02.46:564][ 98]LogModuleManager: Shutting down and abandoning module ComponentVisualizers (151)
[2017.06.13-07.02.46:564][ 98]LogModuleManager: Shutting down and abandoning module DetailCustomizations (150)
[2017.06.13-07.02.46:564][ 98]LogModuleManager: Shutting down and abandoning module PackagesDialog (149)
[2017.06.13-07.02.46:565][ 98]LogModuleManager: Shutting down and abandoning module Persona (148)
[2017.06.13-07.02.46:649][ 98]LogModuleManager: Shutting down and abandoning module Kismet (147)
[2017.06.13-07.02.46:654][ 98]LogModuleManager: Shutting down and abandoning module GraphEditor (146)
[2017.06.13-07.02.46:654][ 98]LogModuleManager: Shutting down and abandoning module ClassViewer (145)
[2017.06.13-07.02.46:695][ 98]LogModuleManager: Shutting down and abandoning module Toolbox (144)
[2017.06.13-07.02.46:714][ 98]LogModuleManager: Shutting down and abandoning module ModuleUI (143)
[2017.06.13-07.02.46:741][ 98]LogModuleManager: Shutting down and abandoning module MovieSceneTools (142)
[2017.06.13-07.02.46:810][ 98]LogModuleManager: Shutting down and abandoning module OutputLog (141)
[2017.06.13-07.02.46:825][ 98]LogModuleManager: Shutting down and abandoning module GammaUI (140)
[2017.06.13-07.02.46:855][ 98]LogModuleManager: Shutting down and abandoning module Documentation (139)
[2017.06.13-07.02.46:855][ 98]LogModuleManager: Shutting down and abandoning module StreamingPauseRendering (138)
[2017.06.13-07.02.46:855][ 98]LogModuleManager: Shutting down and abandoning module AnalyticsET (137)
[2017.06.13-07.02.46:855][ 98]LogModuleManager: Shutting down and abandoning module Analytics (136)
[2017.06.13-07.02.46:855][ 98]LogModuleManager: Shutting down and abandoning module PortalServices (135)
[2017.06.13-07.02.46:855][ 98]LogModuleManager: Shutting down and abandoning module PortalRpc (134)
[2017.06.13-07.02.46:855][ 98]LogModuleManager: Shutting down and abandoning module MessagingRpc (133)
[2017.06.13-07.02.46:855][ 98]LogModuleManager: Shutting down and abandoning module GameplayDebugger (132)
[2017.06.13-07.02.46:885][ 98]LogModuleManager: Shutting down and abandoning module AITestSuite (131)
[2017.06.13-07.02.46:905][ 98]LogModuleManager: Shutting down and abandoning module AIModule (130)
[2017.06.13-07.02.46:905][ 98]LogModuleManager: Shutting down and abandoning module ProfilerService (129)
[2017.06.13-07.02.46:976][ 98]LogModuleManager: Shutting down and abandoning module TaskGraph (128)
[2017.06.13-07.02.47:029][ 98]LogModuleManager: Shutting down and abandoning module SlateRemote (127)
[2017.06.13-07.02.47:029][ 98]LogModuleManager: Shutting down and abandoning module SteamVRController (126)
[2017.06.13-07.02.47:029][ 98]LogModuleManager: Shutting down and abandoning module SteamVR (125)
[2017.06.13-07.02.47:029][ 98]LogModuleManager: Shutting down and abandoning module ProceduralMeshComponent (124)
[2017.06.13-07.02.47:029][ 98]LogModuleManager: Shutting down and abandoning module OculusLibrary (123)
[2017.06.13-07.02.47:029][ 98]LogModuleManager: Shutting down and abandoning module OculusInput (122)
[2017.06.13-07.02.47:029][ 98]LogModuleManager: Shutting down and abandoning module CustomMeshComponent (121)
[2017.06.13-07.02.47:029][ 98]LogModuleManager: Shutting down and abandoning module CableComponent (120)
[2017.06.13-07.02.47:029][ 98]LogModuleManager: Shutting down and abandoning module ArchVisCharacter (119)
[2017.06.13-07.02.47:029][ 98]LogModuleManager: Shutting down and abandoning module MediaPlayerEditor (118)
[2017.06.13-07.02.47:088][ 98]LogModuleManager: Shutting down and abandoning module HTML5Networking (117)
[2017.06.13-07.02.47:089][ 98]LogModuleManager: Shutting down and abandoning module SuperSearch (116)
[2017.06.13-07.02.47:089][ 98]LogModuleManager: Shutting down and abandoning module SuperSearchEditor (115)
[2017.06.13-07.02.47:089][ 98]LogModuleManager: Shutting down and abandoning module SpeedTreeImporter (114)
[2017.06.13-07.02.47:089][ 98]LogModuleManager: Shutting down and abandoning module PluginBrowser (113)
[2017.06.13-07.02.47:104][ 98]LogModuleManager: Shutting down and abandoning module EpicSurvey (112)
[2017.06.13-07.02.47:227][ 98]LogModuleManager: Shutting down and abandoning module DesktopPlatform (111)
[2017.06.13-07.02.47:249][ 98]LogModuleManager: Shutting down and abandoning module VisualStudioSourceCodeAccess (110)
[2017.06.13-07.02.47:258][ 98]LogModuleManager: Shutting down and abandoning module UObjectPlugin (109)
[2017.06.13-07.02.47:258][ 98]LogModuleManager: Shutting down and abandoning module SubversionSourceControl (108)
[2017.06.13-07.02.47:280][ 98]LogModuleManager: Shutting down and abandoning module PerforceSourceControl (107)
[2017.06.13-07.02.47:309][ 98]LogModuleManager: Shutting down and abandoning module SourceControl (106)
[2017.06.13-07.02.47:320][ 98]LogModuleManager: Shutting down and abandoning module GitSourceControl (105)
[2017.06.13-07.02.47:368][ 98]LogModuleManager: Shutting down and abandoning module LightPropagationVolumeEditor (104)
[2017.06.13-07.02.47:368][ 98]LogModuleManager: Shutting down and abandoning module PaperTiledImporter (103)
[2017.06.13-07.02.47:403][ 98]LogModuleManager: Shutting down and abandoning module PaperSpriteSheetImporter (102)
[2017.06.13-07.02.47:403][ 98]LogModuleManager: Shutting down and abandoning module MeshPaint (101)
[2017.06.13-07.02.47:469][ 98]LogModuleManager: Shutting down and abandoning module PixelInspectorModule (100)
[2017.06.13-07.02.47:481][ 98]LogModuleManager: Shutting down and abandoning module HotReload (99)
[2017.06.13-07.02.47:518][ 98]LogModuleManager: Shutting down and abandoning module MainFrame (98)
[2017.06.13-07.02.47:546][ 98]LogModuleManager: Shutting down and abandoning module LevelEditor (97)
[2017.06.13-07.02.47:566][ 98]LogModuleManager: Shutting down and abandoning module ContentBrowser (96)
[2017.06.13-07.02.47:567][ 98]LogModuleManager: Shutting down and abandoning module Paper2DEditor (95)
[2017.06.13-07.02.47:636][ 98]LogModuleManager: Shutting down and abandoning module UdpMessaging (94)
[2017.06.13-07.02.47:736][ 98]LogModuleManager: Shutting down and abandoning module LightPropagationVolumeRuntime (93)
[2017.06.13-07.02.47:736][ 98]LogModuleManager: Shutting down and abandoning module Paper2D (92)
[2017.06.13-07.02.47:745][ 98]LogModuleManager: Shutting down and abandoning module WindowsMoviePlayer (91)
[2017.06.13-07.02.47:745][ 98]LogModuleManager: Shutting down and abandoning module Media (90)
[2017.06.13-07.02.47:745][ 98]LogModuleManager: Shutting down and abandoning module WmfMedia (89)
[2017.06.13-07.02.47:802][ 98]LogModuleManager: Shutting down and abandoning module MediaAssets (88)
[2017.06.13-07.02.47:802][ 98]LogModuleManager: Shutting down and abandoning module GameLiveStreaming (87)
[2017.06.13-07.02.47:819][ 98]LogModuleManager: Shutting down and abandoning module GameplayTagsEditor (86)
[2017.06.13-07.02.47:819][ 98]LogModuleManager: Shutting down and abandoning module OnlineBlueprintSupport (85)
[2017.06.13-07.02.47:819][ 98]LogModuleManager: Shutting down and abandoning module VREditor (84)
[2017.06.13-07.02.47:824][ 98]LogModuleManager: Shutting down and abandoning module GameplayTasksEditor (83)
[2017.06.13-07.02.47:824][ 98]LogModuleManager: Shutting down and abandoning module PropertyEditor (82)
[2017.06.13-07.02.47:824][ 98]LogModuleManager: Shutting down and abandoning module BehaviorTreeEditor (81)
[2017.06.13-07.02.47:857][ 98]LogModuleManager: Shutting down and abandoning module FunctionalTesting (80)
[2017.06.13-07.02.47:857][ 98]LogModuleManager: Shutting down and abandoning module CollisionAnalyzer (79)
[2017.06.13-07.02.47:876][ 98]LogModuleManager: Shutting down and abandoning module Sequencer (78)
[2017.06.13-07.02.47:912][ 98]LogModuleManager: Shutting down and abandoning module WorkspaceMenuStructure (77)
[2017.06.13-07.02.47:912][ 98]LogModuleManager: Shutting down and abandoning module MessageLog (76)
[2017.06.13-07.02.47:912][ 98]LogModuleManager: Shutting down and abandoning module AssetTools (75)
[2017.06.13-07.02.47:949][ 98]LogModuleManager: Shutting down and abandoning module UMGEditor (74)
[2017.06.13-07.02.47:972][ 98]LogModuleManager: Shutting down and abandoning module UMG (73)
[2017.06.13-07.02.47:972][ 98]LogModuleManager: Shutting down and abandoning module SlateReflector (72)
[2017.06.13-07.02.47:999][ 98]LogModuleManager: Shutting down and abandoning module Slate (71)
[2017.06.13-07.02.47:999][ 98]LogModuleManager: Shutting down and abandoning module EditorStyle (70)
[2017.06.13-07.02.48:101][ 98]LogModuleManager: Shutting down and abandoning module SourceCodeAccess (69)
[2017.06.13-07.02.48:101][ 98]LogModuleManager: Shutting down and abandoning module HeadMountedDisplay (68)
[2017.06.13-07.02.48:101][ 98]LogModuleManager: Shutting down and abandoning module XAudio2 (67)
[2017.06.13-07.02.48:101][ 98]LogModuleManager: Shutting down and abandoning module Networking (65)
[2017.06.13-07.02.48:101][ 98]LogModuleManager: Shutting down and abandoning module Core (64)
[2017.06.13-07.02.48:101][ 98]LogModuleManager: Shutting down and abandoning module DirectoryWatcher (63)
[2017.06.13-07.02.48:102][ 98]LogModuleManager: Shutting down and abandoning module AssetRegistry (62)
[2017.06.13-07.02.48:432][ 98]LogModuleManager: Shutting down and abandoning module KismetCompiler (61)
[2017.06.13-07.02.48:432][ 98]LogModuleManager: Shutting down and abandoning module PhysXFormats (60)
[2017.06.13-07.02.48:625][ 98]LogModuleManager: Shutting down and abandoning module MeshUtilities (59)
[2017.06.13-07.02.48:680][ 98]LogModuleManager: Shutting down and abandoning module DerivedDataCache (58)
[2017.06.13-07.02.48:768][ 98]LogDerivedDataCache: Shutdown
[2017.06.13-07.02.48:768][ 98]LogModuleManager: Shutting down and abandoning module VulkanShaderFormat (57)
[2017.06.13-07.02.48:793][ 98]LogModuleManager: Shutting down and abandoning module ShaderFormatOpenGL (56)
[2017.06.13-07.02.48:822][ 98]LogModuleManager: Shutting down and abandoning module ShaderFormatD3D (55)
[2017.06.13-07.02.48:870][ 98]LogModuleManager: Shutting down and abandoning module MetalShaderFormat (54)
[2017.06.13-07.02.48:905][ 98]LogModuleManager: Shutting down and abandoning module TextureFormatUncompressed (53)
[2017.06.13-07.02.48:905][ 98]LogModuleManager: Shutting down and abandoning module TextureFormatPVR (52)
[2017.06.13-07.02.48:919][ 98]LogModuleManager: Shutting down and abandoning module TextureFormatIntelISPCTexComp (51)
[2017.06.13-07.02.48:942][ 98]LogModuleManager: Shutting down and abandoning module TextureFormatDXT (50)
[2017.06.13-07.02.48:974][ 98]LogModuleManager: Shutting down and abandoning module ImageWrapper (49)
[2017.06.13-07.02.48:974][ 98]LogModuleManager: Shutting down and abandoning module TextureFormatASTC (48)
[2017.06.13-07.02.48:974][ 98]LogModuleManager: Shutting down and abandoning module TextureFormatAndroid (47)
[2017.06.13-07.02.48:974][ 98]LogModuleManager: Shutting down and abandoning module AudioFormatOpus (46)
[2017.06.13-07.02.48:985][ 98]LogModuleManager: Shutting down and abandoning module AudioFormatOgg (45)
[2017.06.13-07.02.49:018][ 98]LogModuleManager: Shutting down and abandoning module AudioFormatADPCM (44)
[2017.06.13-07.02.49:029][ 98]LogModuleManager: Shutting down and abandoning module LinuxTargetPlatform (43)
[2017.06.13-07.02.49:029][ 98]LogModuleManager: Shutting down and abandoning module LinuxServerTargetPlatform (42)
[2017.06.13-07.02.49:033][ 98]LogModuleManager: Shutting down and abandoning module LinuxNoEditorTargetPlatform (41)
[2017.06.13-07.02.49:055][ 98]LogModuleManager: Shutting down and abandoning module TVOSTargetPlatform (40)
[2017.06.13-07.02.49:055][ 98]LogModuleManager: Shutting down and abandoning module Messaging (39)
[2017.06.13-07.02.49:055][ 98]LogModuleManager: Shutting down and abandoning module IOSTargetPlatform (38)
[2017.06.13-07.02.49:079][ 98]LogModuleManager: Shutting down and abandoning module HTML5TargetPlatform (37)
[2017.06.13-07.02.49:099][ 98]LogModuleManager: Shutting down and abandoning module Android_PVRTCTargetPlatform (36)
[2017.06.13-07.02.49:128][ 98]LogModuleManager: Shutting down and abandoning module Android_MultiTargetPlatform (35)
[2017.06.13-07.02.49:132][ 98]LogModuleManager: Shutting down and abandoning module Android_ETC2TargetPlatform (34)
[2017.06.13-07.02.49:143][ 98]LogModuleManager: Shutting down and abandoning module Android_ETC1TargetPlatform (33)
[2017.06.13-07.02.49:186][ 98]LogModuleManager: Shutting down and abandoning module Android_DXTTargetPlatform (32)
[2017.06.13-07.02.49:186][ 98]LogModuleManager: Shutting down and abandoning module Android_ATCTargetPlatform (31)
[2017.06.13-07.02.49:186][ 98]LogModuleManager: Shutting down and abandoning module Android_ASTCTargetPlatform (30)
[2017.06.13-07.02.49:186][ 98]LogModuleManager: Shutting down and abandoning module AndroidTargetPlatform (29)
[2017.06.13-07.02.49:186][ 98]LogModuleManager: Shutting down and abandoning module WindowsTargetPlatform (28)
[2017.06.13-07.02.49:186][ 98]LogModuleManager: Shutting down and abandoning module WindowsServerTargetPlatform (27)
[2017.06.13-07.02.49:223][ 98]LogModuleManager: Shutting down and abandoning module WindowsNoEditorTargetPlatform (26)
[2017.06.13-07.02.49:257][ 98]LogModuleManager: Shutting down and abandoning module WindowsClientTargetPlatform (25)
[2017.06.13-07.02.49:270][ 98]LogModuleManager: Shutting down and abandoning module AllDesktopTargetPlatform (24)
[2017.06.13-07.02.49:288][ 98]LogModuleManager: Shutting down and abandoning module TargetPlatform (23)
[2017.06.13-07.02.49:299][ 98]LogModuleManager: Shutting down and abandoning module InputCore (22)
[2017.06.13-07.02.49:299][ 98]LogModuleManager: Shutting down and abandoning module Settings (21)
[2017.06.13-07.02.49:299][ 98]LogModuleManager: Shutting down and abandoning module OnlineSubsystem (19)
[2017.06.13-07.02.49:299][ 98]LogModuleManager: Shutting down and abandoning module HTTP (18)
[2017.06.13-07.02.50:799][ 98]LogModuleManager: Shutting down and abandoning module XMPP (17)
[2017.06.13-07.02.50:843][ 98]LogModuleManager: Shutting down and abandoning module OculusRift (16)
[2017.06.13-07.02.50:873][ 98]LogModuleManager: Shutting down and abandoning module ExampleDeviceProfileSelector (15)
[2017.06.13-07.02.50:873][ 98]LogModuleManager: Shutting down and abandoning module TextureCompressor (14)
[2017.06.13-07.02.50:888][ 98]LogModuleManager: Shutting down and abandoning module ShaderCore (13)
[2017.06.13-07.02.50:888][ 98]LogModuleManager: Shutting down and abandoning module Landscape (12)
[2017.06.13-07.02.50:888][ 98]LogModuleManager: Shutting down and abandoning module SlateRHIRenderer (11)
[2017.06.13-07.02.50:948][ 98]LogModuleManager: Shutting down and abandoning module OpenGLDrv (10)
[2017.06.13-07.02.51:006][ 98]LogModuleManager: Shutting down and abandoning module D3D11RHI (9)
[2017.06.13-07.02.51:006][ 98]LogModuleManager: Shutting down and abandoning module AnimGraphRuntime (8)
[2017.06.13-07.02.51:006][ 98]LogModuleManager: Shutting down and abandoning module Renderer (7)
[2017.06.13-07.02.51:006][ 98]LogModuleManager: Shutting down and abandoning module Engine (6)
[2017.06.13-07.02.51:006][ 98]LogModuleManager: Shutting down and abandoning module CoreUObject (5)
[2017.06.13-07.02.51:006][ 98]LogModuleManager: Shutting down and abandoning module NetworkFile (4)
[2017.06.13-07.02.51:075][ 98]LogModuleManager: Shutting down and abandoning module StreamingFile (3)
[2017.06.13-07.02.51:121][ 98]LogModuleManager: Shutting down and abandoning module SandboxFile (2)
[2017.06.13-07.02.51:128][ 98]LogModuleManager: Shutting down and abandoning module PakFile (1)
[2017.06.13-07.02.51:292][ 98]LogExit: Exiting.
[2017.06.13-07.02.51:325][ 98]Log file closed, 06/13/17 00:02:51
