Log file open, 01/02/17 09:56:30
LogInit:Display: Running engine for game: BlackHole
LogPlatformFile: Not using cached read wrapper
LogInit:Display: RandInit(297696265) SRandInit(297696267).
LogTaskGraph: Started task graph with 4 named threads and 7 total threads with 1 sets of task threads.
LogStats: Stats thread started at 0.195921
LogInit: Version: 4.12.5-3039270+++UE4+Release-4.12
LogInit: API Version: 2992821
LogInit: Net Version: 3039270
LogDevObjectVersion: Number of dev versions registered: 13
LogDevObjectVersion:   Dev-Blueprints (B0D832E4-1F89-4F0D-ACCF-7EB736FD4AA2): 3
LogDevObjectVersion:   Dev-Build (E1C64328-A22C-4D53-A36C-8E866417BD8C): 0
LogDevObjectVersion:   Dev-Core (375EC13C-06E4-48FB-B500-84F0262A717E): 1
LogDevObjectVersion:   Dev-Editor (E4B068ED-F494-42E9-A231-DA0B2E46BB41): 2
LogDevObjectVersion:   Dev-Framework (CFFC743F-43B0-4480-9391-14DF171D2073): 6
LogDevObjectVersion:   Dev-Mobile (B02B49B5-BB20-44E9-A304-32B752E40360): 0
LogDevObjectVersion:   Dev-Networking (A4E4105C-59A1-49B5-A7C5-40C4547EDFEE): 0
LogDevObjectVersion:   Dev-Online (39C831C9-5AE6-47DC-9A44-9C173E1C8E7C): 0
LogDevObjectVersion:   Dev-Physics (78F01B33-EBEA-4F98-B9B4-84EACCB95AA2): 0
LogDevObjectVersion:   Dev-Platform (6631380F-2D4D-43E0-8009-CF276956A95A): 0
LogDevObjectVersion:   Dev-Rendering (12F88B9F-8875-4AFC-A67C-D90C383ABD29): 2
LogDevObjectVersion:   Dev-Sequencer (7B5AE74C-D270-4C10-A958-57980B212A5A): 0
LogDevObjectVersion:   Dev-VR (D7296918-1DD6-4BDD-9DE2-64A83CC13884): 0
LogInit: Compiled (64-bit): Jul  6 2016 09:09:46
LogInit: Compiled with Visual C++: 19.00.23026.00
LogInit: Build Configuration: Development
LogInit: Branch Name: ++UE4+Release-4.12
LogInit: Command line:  
LogInit: Base directory: C:/Program Files (x86)/Epic Games/4.12/Engine/Binaries/Win64/
LogInit: Installed Engine Build: 1
LogInit: Using libcurl 7.41.0
LogInit:  - built for x86_64-pc-win32
LogInit:  - supports SSL with WinSSL
LogInit:  - other features:
LogInit:      CURL_VERSION_SSL
LogInit:      CURL_VERSION_IPV6
LogInit:      CURL_VERSION_ASYNCHDNS
LogInit:      CURL_VERSION_LARGEFILE
LogInit:      CURL_VERSION_IDN
LogInit:  CurlRequestOptions (configurable via config and command line):
LogInit:  - bVerifyPeer = true  - Libcurl will verify peer certificate
LogInit:  - bUseHttpProxy = false  - Libcurl will NOT use HTTP proxy
LogInit:  - bDontReuseConnections = false  - Libcurl will reuse connections
LogInit:  - CertBundlePath = nullptr  - Libcurl will use whatever was configured at build time.
LogInit: Presizing for max 8388607 objects, including 0 objects not considered by GC, pre-allocating 0 bytes for permanent pool.
LogInit: Object subsystem initialized
[2017.01.02-17.56.30:982][  0]LogInit: Selected Device Profile: [Windows]
[2017.01.02-17.56.30:982][  0]LogInit: Applying CVar settings loaded from the selected device profile: [Windows]
[2017.01.02-17.56.31:009][  0]LogInit: Computer: LAPTOP-G33VD8VD
[2017.01.02-17.56.31:009][  0]LogInit: User: UnholyShadows
[2017.01.02-17.56.31:009][  0]LogInit: CPU Page size=65536, Cores=4
[2017.01.02-17.56.31:009][  0]LogInit: High frequency timer resolution =2.531256 MHz
[2017.01.02-17.56.31:009][  0]LogMemory: Memory total: Physical=7.9GB (8GB approx)
[2017.01.02-17.56.31:009][  0]LogMemory: Platform Memory Stats for Windows
[2017.01.02-17.56.31:009][  0]LogMemory: Process Physical Memory: 190.18 MB used, 190.18 MB peak
[2017.01.02-17.56.31:009][  0]LogMemory: Process Virtual Memory: 195.24 MB used, 195.24 MB peak
[2017.01.02-17.56.31:009][  0]LogMemory: Physical Memory: 3525.08 MB used, 8052.91 MB total
[2017.01.02-17.56.31:009][  0]LogMemory: Virtual Memory: 553.30 MB used, 134217728.00 MB total
[2017.01.02-17.56.31:775][  0]LogTextLocalizationManager: No specific translations for ('en-US') exist, so ('en') translations will be used.
[2017.01.02-17.56.32:472][  0]LogD3D11RHI: D3D11 adapters:
[2017.01.02-17.56.32:534][  0]LogD3D11RHI:    0. 'NVIDIA GeForce GTX 960M   ' (Feature Level 11_0)
[2017.01.02-17.56.32:534][  0]LogD3D11RHI:       4037/0/4026 MB DedicatedVideo/DedicatedSystem/SharedSystem, Outputs:1, VendorId:0x10de
[2017.01.02-17.56.32:548][  0]LogD3D11RHI:    1. 'Intel(R) HD Graphics 530' (Feature Level 11_0)
[2017.01.02-17.56.32:548][  0]LogD3D11RHI:       128/0/4026 MB DedicatedVideo/DedicatedSystem/SharedSystem, Outputs:0, VendorId:0x8086
[2017.01.02-17.56.32:551][  0]LogD3D11RHI:    2. 'Microsoft Basic Render Driver' (Feature Level 11_0)
[2017.01.02-17.56.32:551][  0]LogD3D11RHI:       0/0/4026 MB DedicatedVideo/DedicatedSystem/SharedSystem, Outputs:0, VendorId:0x1414
[2017.01.02-17.56.32:551][  0]LogD3D11RHI: Chosen D3D11 Adapter: 0
[2017.01.02-17.56.32:561][  0]LogD3D11RHI: Creating new Direct3DDevice
[2017.01.02-17.56.32:561][  0]LogD3D11RHI:     GPU DeviceId: 0x139b (for the marketing name, search the web for "GPU Device Id")
[2017.01.02-17.56.32:561][  0]LogWindows: EnumDisplayDevices:
[2017.01.02-17.56.32:562][  0]LogWindows:    0. 'Intel(R) HD Graphics 530' (P:1 D:1)
[2017.01.02-17.56.32:562][  0]LogWindows:    1. 'Intel(R) HD Graphics 530' (P:0 D:0)
[2017.01.02-17.56.32:563][  0]LogWindows:    2. 'Intel(R) HD Graphics 530' (P:0 D:0)
[2017.01.02-17.56.32:563][  0]LogWindows: DebugString: PrimaryIsNotTheChoosenAdapter PrimaryIsNotTheChoosenAdapter PrimaryIsNotTheChoosenAdapter FoundDriverCount:0 
[2017.01.02-17.56.32:563][  0]LogD3D11RHI:     Adapter Name: NVIDIA GeForce GTX 960M   
[2017.01.02-17.56.32:563][  0]LogD3D11RHI:   Driver Version: Unknown (internal:Unknown, unified:Unknown)
[2017.01.02-17.56.32:563][  0]LogD3D11RHI:      Driver Date: Unknown
[2017.01.02-17.56.32:563][  0]LogRHI: Texture pool is 1361 MB (70% of 1945 MB)
[2017.01.02-17.56.32:597][  0]LogD3D11RHI: Async texture creation enabled
[2017.01.02-17.56.32:622][  0]LogD3D11RHI: GPU Timing Frequency: 1000.000000 (Debug: 2 1)
[2017.01.02-17.56.32:623][  0]LogShaderCompilers: Guid format shader working directory is -24 characters bigger than the processId version (../../../../../../Users/UnholyShadows/Documents/Unreal Projects/BlackHole/Intermediate/Shaders/WorkingDirectory/7988/).
[2017.01.02-17.56.32:623][  0]LogShaderCompilers: Cleaned the shader compiler working directory 'C:/Users/UNHOLY~1/AppData/Local/Temp/UnrealShaderWorkingDir/A3C9DA53467D965E061833A488685932/'.
[2017.01.02-17.56.32:623][  0]LogShaderCompilers:Display: Using Local Shader Compiler.
[2017.01.02-17.56.36:467][  0]LogTemp:Display: Loaded TP AllDesktopTargetPlatform
[2017.01.02-17.56.36:487][  0]LogTemp:Display: Loaded TP WindowsClientTargetPlatform
[2017.01.02-17.56.36:505][  0]LogTemp:Display: Loaded TP WindowsNoEditorTargetPlatform
[2017.01.02-17.56.36:523][  0]LogTemp:Display: Loaded TP WindowsServerTargetPlatform
[2017.01.02-17.56.36:538][  0]LogTemp:Display: Loaded TP WindowsTargetPlatform
[2017.01.02-17.56.36:550][  0]LogTemp:Display: Loaded TP AndroidTargetPlatform
[2017.01.02-17.56.36:560][  0]LogTemp:Display: Loaded TP Android_ASTCTargetPlatform
[2017.01.02-17.56.36:569][  0]LogTemp:Display: Loaded TP Android_ATCTargetPlatform
[2017.01.02-17.56.36:578][  0]LogTemp:Display: Loaded TP Android_DXTTargetPlatform
[2017.01.02-17.56.36:586][  0]LogTemp:Display: Loaded TP Android_ETC1TargetPlatform
[2017.01.02-17.56.36:595][  0]LogTemp:Display: Loaded TP Android_ETC2TargetPlatform
[2017.01.02-17.56.36:610][  0]LogTemp:Display: Loaded TP Android_MultiTargetPlatform
[2017.01.02-17.56.36:610][  0]LogTemp:Display: Loaded TP Android_PVRTCTargetPlatform
[2017.01.02-17.56.36:612][  0]LogTemp:Display: Loaded TP HTML5TargetPlatform
[2017.01.02-17.56.36:722][  0]LogTemp:Display: Loaded TP IOSTargetPlatform
[2017.01.02-17.56.36:746][  0]LogTemp:Display: Loaded TP TVOSTargetPlatform
[2017.01.02-17.56.36:770][  0]LogTemp:Display: Loaded TP LinuxNoEditorTargetPlatform
[2017.01.02-17.56.36:796][  0]LogTemp:Display: Loaded TP LinuxServerTargetPlatform
[2017.01.02-17.56.36:846][  0]LogTemp:Display: Loaded TP LinuxTargetPlatform
[2017.01.02-17.56.36:846][  0]LogTargetPlatformManager:Display: Building Assets For Windows
[2017.01.02-17.56.38:023][  0]LogDerivedDataCache:Display: Max Cache Size: 512 MB
[2017.01.02-17.56.38:889][  0]LogDerivedDataCache: Loaded boot cache 0.86s 48MB C:/Users/UnholyShadows/AppData/Local/UnrealEngine/4.12/DerivedDataCache/Boot.ddc.
[2017.01.02-17.56.38:890][  0]LogDerivedDataCache:Display: Loaded Boot cache: C:/Users/UnholyShadows/AppData/Local/UnrealEngine/4.12/DerivedDataCache/Boot.ddc
[2017.01.02-17.56.38:890][  0]LogDerivedDataCache: FDerivedDataBackendGraph:  Pak pak cache file ../../../../../../Users/UnholyShadows/Documents/Unreal Projects/BlackHole/DerivedDataCache/DDC.ddp not found, will not use a pak cache.
[2017.01.02-17.56.38:890][  0]LogDerivedDataCache: Unable to find inner node Pak for hierarchical cache Hierarchy.
[2017.01.02-17.56.38:890][  0]LogDerivedDataCache: FDerivedDataBackendGraph:  CompressedPak pak cache file ../../../../../../Users/UnholyShadows/Documents/Unreal Projects/BlackHole/DerivedDataCache/Compressed.ddp not found, will not use a pak cache.
[2017.01.02-17.56.38:890][  0]LogDerivedDataCache: Unable to find inner node CompressedPak for hierarchical cache Hierarchy.
[2017.01.02-17.56.38:994][  0]LogDerivedDataCache:Display: Pak cache opened for reading ../../../Engine/DerivedDataCache/Compressed.ddp.
[2017.01.02-17.56.39:008][  0]LogDerivedDataCache: Using Local data cache path C:/Users/UnholyShadows/AppData/Local/UnrealEngine/Common/DerivedDataCache: Writable
[2017.01.02-17.56.50:297][  0]LogInit: Selected Device Profile: [Windows]
[2017.01.02-17.56.50:308][  0]LogContentStreaming: Texture pool size is 0.00 MB
[2017.01.02-17.56.51:139][  0]LogMeshUtilities: No automatic mesh reduction module available
[2017.01.02-17.56.51:139][  0]LogMeshUtilities: No automatic mesh merging module available
[2017.01.02-17.56.51:139][  0]LogMeshUtilities: No distributed automatic mesh merging module available
[2017.01.02-17.56.53:090][  0]LogAssetRegistry: FAssetRegistry took 0.0224 seconds to start up
[2017.01.02-17.56.53:178][  0]LogPackageLocalizationCache: Processed 3 localized package path(s) for 2 prioritized culture(s) in 0.076816 seconds
[2017.01.02-17.56.53:191][  0]LogUObjectArray: 28739 objects as part of root set at end of initial load.
[2017.01.02-17.56.53:191][  0]LogUObjectAllocator: 5855632 out of 0 bytes used by permanent object pool.
[2017.01.02-17.56.53:191][  0]LogUObjectArray: CloseDisregardForGC: 0/0 objects in disregard for GC pool
[2017.01.02-17.56.53:210][  0]LogInit: WinSock: version 1.1 (2.2), MaxSocks=32767, MaxUdp=65467
[2017.01.02-17.56.56:750][  0]LogSlate: SlateFontCache - WITH_FREETYPE: 1, WITH_HARFBUZZ: 1
[2017.01.02-17.56.56:750][  0]LogSlate: SlateFontCache - WITH_FREETYPE: 1, WITH_HARFBUZZ: 1
[2017.01.02-17.57.07:361][  0]LogUdpMessaging: Initializing bridge on interface 0.0.0.0:0 to multicast group 230.0.0.1:6666.
[2017.01.02-17.57.08:265][  0]SourceControl: Info Source control is disabled
[2017.01.02-17.57.08:267][  0]SourceControl: Info Source control is disabled
[2017.01.02-17.57.08:323][  0]SourceControl: Info Source control is disabled
[2017.01.02-17.57.08:348][  0]SourceControl: Info Source control is disabled
[2017.01.02-17.57.08:863][  0]LogEngine: Initializing Engine...
[2017.01.02-17.57.08:948][  0]LogHMD: SteamVR failed to initialize.  Err: 110
[2017.01.02-17.57.08:949][  0]LogHMD: SteamVR failed to initialize.  Err: 110
[2017.01.02-17.57.09:477][  0]LogAIModule: Creating AISystem for world NewWorld
[2017.01.02-17.57.09:489][  0]LogInit: XAudio2 using 'Speakers / Headphones (Realtek High Definition Audio)' : 2 channels at 48 kHz using 32 bits per sample (channel mask 0x3)
[2017.01.02-17.57.10:179][  0]LogInit: FAudioDevice initialized.
[2017.01.02-17.57.10:240][  0]LogDerivedDataCache: Saved boot cache 0.06s 48MB C:/Users/UnholyShadows/AppData/Local/UnrealEngine/4.12/DerivedDataCache/Boot.ddc.
[2017.01.02-17.57.10:253][  0]LogInit: Texture streaming: Enabled
[2017.01.02-17.57.10:348][  0]LogInit: Transaction tracking system initialized
[2017.01.02-17.57.10:448][  0]BlueprintLog: New page: Editor Load
[2017.01.02-17.57.10:695][  0]LocalizationService: Info Localization service is disabled
[2017.01.02-17.57.10:896][  0]LogConsoleResponse:Display: 
[2017.01.02-17.57.12:510][  0]LogCook:Display: Max memory allowance for cook 8192mb
[2017.01.02-17.57.12:511][  0]LogCook:Display: Mobile HDR setting 0
[2017.01.02-17.57.12:660][  0]LogFileCache: Scanning file cache for directory 'C:/Users/UnholyShadows/Documents/Unreal Projects/BlackHole/Content/' took 0.02s
[2017.01.02-17.57.13:320][  0]SourceControl: Info Source control is disabled
[2017.01.02-17.57.13:323][  0]Cmd: MAP LOAD FILE="../../../../../../Users/UnholyShadows/Documents/Unreal Projects/BlackHole/Content/TopDownBP/Maps/TopDownExampleMap.umap" TEMPLATE=0 SHOWPROGRESS=1 FEATURELEVEL=3
[2017.01.02-17.57.13:389][  0]LightingResults: New page: Lighting Build
[2017.01.02-17.57.13:423][  0]MapCheck: New page: Map Check
[2017.01.02-17.57.13:423][  0]LightingResults: New page: Lighting Build
[2017.01.02-17.57.16:582][  0]LogAIModule: Creating AISystem for world TopDownExampleMap
[2017.01.02-17.57.17:083][  0]LogEditorServer: Finished looking for orphan Actors (0.000 secs)
[2017.01.02-17.57.17:087][  0]Cmd: MAP CHECKDEP NOCLEARLOG
[2017.01.02-17.57.17:153][  0]MapCheck: Info Map check complete: 0 Error(s), 0 Warning(s), took 66.192ms to complete.
[2017.01.02-17.57.17:153][  0]LogFileHelpers: Loading map 'TopDownExampleMap' took 3.831
[2017.01.02-17.57.17:517][  0]LogCollectionManager: Loaded 0 collections in 0.003820 seconds
[2017.01.02-17.57.17:578][  0]LogFileCache: Scanning file cache for directory 'C:/Users/UnholyShadows/Documents/Unreal Projects/BlackHole/Saved/Collections/' took 0.01s
[2017.01.02-17.57.17:578][  0]LogFileCache: Scanning file cache for directory 'C:/Users/UnholyShadows/Documents/Unreal Projects/BlackHole/Content/Developers/UnholyShadows/Collections/' took 0.01s
[2017.01.02-17.57.17:578][  0]LogFileCache: Scanning file cache for directory 'C:/Users/UnholyShadows/Documents/Unreal Projects/BlackHole/Content/Collections/' took 0.01s
[2017.01.02-17.57.17:578][  0]LogCollectionManager: Rebuilt the GUID cache for 0 collections in 0.000008 seconds
[2017.01.02-17.57.17:604][  0]LogContentBrowser: Native class hierarchy populated in 0.0239 seconds. Added 2047 classes and 369 folders.
[2017.01.02-17.57.17:624][  0]LogStats: UGameplayTagsManager::ConstructGameplayTagTree: Construct from data asset -  0.001 s
[2017.01.02-17.57.17:625][  0]LogStats: UGameplayTagsManager::ConstructGameplayTagTree: GameplayTagTreeChangedEvent.Broadcast -  0.000 s
[2017.01.02-17.57.17:628][  0]LogContentBrowser: Native class hierarchy updated for 'GameplayTags' in 0.0015 seconds. Added 12 classes and 0 folders.
[2017.01.02-17.57.17:643][  0]LogContentBrowser: Native class hierarchy updated for 'WidgetCarousel' in 0.0010 seconds. Added 0 classes and 0 folders.
[2017.01.02-17.57.18:753][  0]LogContentBrowser: Native class hierarchy updated for 'AddContentDialog' in 0.0012 seconds. Added 0 classes and 0 folders.
[2017.01.02-17.57.18:766][  0]LogContentBrowser: Native class hierarchy updated for 'SceneOutliner' in 0.0011 seconds. Added 1 classes and 2 folders.
[2017.01.02-17.57.18:839][  0]LogCrashTracker: Crashtracker disabled due to settings.
[2017.01.02-17.57.18:855][  0]LogUObjectGlobals:Warning: Failed to find object 'Class None.'
[2017.01.02-17.57.18:914][  0]LogContentBrowser: Native class hierarchy updated for 'HierarchicalLODOutliner' in 0.0018 seconds. Added 1 classes and 2 folders.
[2017.01.02-17.57.18:915][  0]LogLoad: Full Startup: 52.94 seconds (BP compile: 0.43 seconds)
[2017.01.02-17.57.18:915][  0]LogExternalProfiler: No external profilers were discovered.  External profiling features will not be available.
[2017.01.02-17.57.19:258][  0]LogOcInput: OculusInput pre-init called
[2017.01.02-17.57.19:480][  0]LogContentStreaming: Texture pool size now 1000 MB
[2017.01.02-17.57.20:041][  0]LogRenderer: Reallocating scene render targets to support 780x372 (Frame:2).
[2017.01.02-17.57.21:221][  4]LogAssetRegistry: Asset discovery search completed in 28.1535 seconds
[2017.01.02-17.57.21:221][  4]LogCollectionManager: Rebuilt the object cache for 0 collections in 0.000001 seconds (found 0 objects)
[2017.01.02-17.57.21:221][  4]LogCollectionManager: Fixed up redirectors for 0 collections in 0.000058 seconds (updated 0 objects)
[2017.01.02-17.57.34:952][ 45]LogRenderer: Reallocating scene render targets to support 920x432 (Frame:3).
[2017.01.02-17.58.23:350][210]LogBlueprintUserMessages: Early PlayInEditor Detection: Level '/Game/TopDownBP/Maps/TopDownExampleMap.TopDownExampleMap:PersistentLevel' has LevelScriptBlueprint '/Game/TopDownBP/Maps/TopDownExampleMap.TopDownExampleMap:PersistentLevel.TopDownExampleMap' with GeneratedClass '/Game/TopDownBP/Maps/TopDownExampleMap.TopDownExampleMap_C' with ClassGeneratedBy '/Game/TopDownBP/Maps/TopDownExampleMap.TopDownExampleMap:PersistentLevel.TopDownExampleMap'
[2017.01.02-17.58.23:350][210]LogPlayLevel: PlayLevel: No blueprints needed recompiling
[2017.01.02-17.58.23:413][210]PIE: New page: PIE session: TopDownExampleMap (Jan 2, 2017, 1:58:23 AM)
[2017.01.02-17.58.23:413][210]LogPlayLevel: Creating play world package: /Game/TopDownBP/Maps/UEDPIE_0_TopDownExampleMap
[2017.01.02-17.58.23:480][210]LogPlayLevel: PIE: StaticDuplicateObject took: (0.066832s)
[2017.01.02-17.58.23:480][210]LogAIModule: Creating AISystem for world TopDownExampleMap
[2017.01.02-17.58.23:481][210]LogPlayLevel: PIE: World Init took: (0.001299s)
[2017.01.02-17.58.23:481][210]LogPlayLevel: PIE: Created PIE world by copying editor world from /Game/TopDownBP/Maps/TopDownExampleMap.TopDownExampleMap to /Game/TopDownBP/Maps/UEDPIE_0_TopDownExampleMap.TopDownExampleMap (0.068728s)
[2017.01.02-17.58.23:514][210]LogInit: XAudio2 using 'Speakers / Headphones (Realtek High Definition Audio)' : 2 channels at 48 kHz using 32 bits per sample (channel mask 0x3)
[2017.01.02-17.58.23:529][210]LogInit: FAudioDevice initialized.
[2017.01.02-17.58.23:677][210]LogWorld: Game class is 'TopDownGameMode_C'
[2017.01.02-17.58.23:690][210]LogWorld: Bringing World /Game/TopDownBP/Maps/UEDPIE_0_TopDownExampleMap.TopDownExampleMap up for play (max tick rate 0) at 2017.01.02-09.58.23
[2017.01.02-17.58.23:692][210]LogWorld: Bringing up level for play took: 0.010402
[2017.01.02-17.58.23:708][210]LogContentBrowser: Native class hierarchy updated for 'MovieSceneCapture' in 0.0014 seconds. Added 11 classes and 0 folders.
[2017.01.02-17.58.23:710][210]PIE: Info Play in editor start time for /Game/TopDownBP/Maps/UEDPIE_0_TopDownExampleMap 0.467
[2017.01.02-17.58.23:711][210]LogBlueprintUserMessages: Late PlayInEditor Detection: Level '/Game/TopDownBP/Maps/TopDownExampleMap.TopDownExampleMap:PersistentLevel' has LevelScriptBlueprint '/Game/TopDownBP/Maps/TopDownExampleMap.TopDownExampleMap:PersistentLevel.TopDownExampleMap' with GeneratedClass '/Game/TopDownBP/Maps/TopDownExampleMap.TopDownExampleMap_C' with ClassGeneratedBy '/Game/TopDownBP/Maps/TopDownExampleMap.TopDownExampleMap:PersistentLevel.TopDownExampleMap'
[2017.01.02-18.13.02:212][683]LogBlueprintUserMessages: Early EndPlayMap Detection: Level '/Game/TopDownBP/Maps/TopDownExampleMap.TopDownExampleMap:PersistentLevel' has LevelScriptBlueprint '/Game/TopDownBP/Maps/TopDownExampleMap.TopDownExampleMap:PersistentLevel.TopDownExampleMap' with GeneratedClass '/Game/TopDownBP/Maps/TopDownExampleMap.TopDownExampleMap_C' with ClassGeneratedBy '/Game/TopDownBP/Maps/TopDownExampleMap.TopDownExampleMap:PersistentLevel.TopDownExampleMap'
[2017.01.02-18.13.02:576][683]LogBlueprintUserMessages: Late EndPlayMap Detection: Level '/Game/TopDownBP/Maps/TopDownExampleMap.TopDownExampleMap:PersistentLevel' has LevelScriptBlueprint '/Game/TopDownBP/Maps/TopDownExampleMap.TopDownExampleMap:PersistentLevel.TopDownExampleMap' with GeneratedClass '/Game/TopDownBP/Maps/TopDownExampleMap.TopDownExampleMap_C' with ClassGeneratedBy '/Game/TopDownBP/Maps/TopDownExampleMap.TopDownExampleMap:PersistentLevel.TopDownExampleMap'
[2017.01.02-18.18.48:315][ 84]LogContentBrowser: Native class hierarchy updated for 'BlueprintGraph' in 0.0027 seconds. Added 111 classes and 0 folders.
[2017.01.02-18.19.19:706][983]0.369461
[2017.01.02-18.19.19:714][983]0.379172
[2017.01.02-18.19.19:722][983]0.392668
[2017.01.02-18.19.19:730][983]0.402359
[2017.01.02-18.19.19:764][984]0.419909
[2017.01.02-18.19.19:806][985]0.461401
[2017.01.02-18.19.19:817][985]0.496953
[2017.01.02-18.19.19:827][985]0.531658
[2017.01.02-18.19.19:833][985]0.564618
[2017.01.02-18.19.19:841][985]0.592195
[2017.01.02-18.19.19:848][985]0.612461
[2017.01.02-18.19.19:852][985]0.641196
[2017.01.02-18.19.19:879][986]0.714814
[2017.01.02-18.19.19:883][986]0.730133
[2017.01.02-18.19.19:915][987]0.752600
[2017.01.02-18.19.20:043][991]0.775115
[2017.01.02-18.19.20:092][992]0.788989
[2017.01.02-18.19.20:098][992]0.803165
[2017.01.02-18.19.20:106][992]0.810360
[2017.01.02-18.19.20:112][992]0.832356
[2017.01.02-18.19.20:117][992]0.839819
[2017.01.02-18.19.20:164][993]0.914415
[2017.01.02-18.19.20:171][993]0.929129
[2017.01.02-18.19.20:279][996]0.936863
[2017.01.02-18.19.23:929][110]BlueprintLog: New page: Compile TopDownCharacter
[2017.01.02-18.19.24:433][110]BlueprintEditorCompileResults: Info [1378.46] Compile of TopDownCharacter successful! [in 504 ms] (/Game/TopDownBP/Blueprints/TopDownCharacter.TopDownCharacter)
[2017.01.02-18.21.52:000][113]BlueprintLog: New page: Compile TopDownCharacter
[2017.01.02-18.21.54:052][113]BlueprintEditorCompileResults: Info [1528.08] Compile of TopDownCharacter successful! [in 2,052 ms] (/Game/TopDownBP/Blueprints/TopDownCharacter.TopDownCharacter)
[2017.01.02-18.22.08:876][643]BlueprintLog: New page: Compile TopDownCharacter
[2017.01.02-18.22.09:148][643]BlueprintEditorCompileResults: Info [1543.17] Compile of TopDownCharacter successful! [in 271 ms] (/Game/TopDownBP/Blueprints/TopDownCharacter.TopDownCharacter)
[2017.01.02-18.22.49:591][130]LogSavePackage: Save=308.69ms
[2017.01.02-18.22.49:591][130]LogSavePackage: Moving '../../../../../../Users/UnholyShadows/Documents/Unreal Projects/BlackHole/Saved/TopDownExampleMap_Auto10331CC3E443887ACB07ACD9B09A8D3FD.tmp' to '../../../../../../Users/UnholyShadows/Documents/Unreal Projects/BlackHole/Saved/Autosaves/Game/TopDownBP/Maps/TopDownExampleMap_Auto1.umap'
[2017.01.02-18.22.49:597][130]LogSavePackage:Display: Finished SavePackage ../../../../../../Users/UnholyShadows/Documents/Unreal Projects/BlackHole/Saved/Autosaves/Game/TopDownBP/Maps/TopDownExampleMap_Auto1.umap
[2017.01.02-18.22.49:602][130]LogFileHelpers: Editor autosave (incl. sublevels) for '/Game/TopDownBP/Maps/TopDownExampleMap' took 0.648
[2017.01.02-18.22.49:602][130]LogFileHelpers: Editor autosave (incl. sublevels) for all levels took 0.648
[2017.01.02-18.22.49:606][130]OBJ SavePackage: Generating thumbnails for [1] asset(s) in package [/Game/TopDownBP/Blueprints/TopDownCharacter] ([1] browsable assets)...
[2017.01.02-18.22.49:737][130]OBJ SavePackage:     Rendered thumbnail for [Blueprint /Game/TopDownBP/Blueprints/TopDownCharacter.TopDownCharacter]
[2017.01.02-18.22.49:737][130]OBJ SavePackage: Finished generating thumbnails for package [/Game/TopDownBP/Blueprints/TopDownCharacter]
[2017.01.02-18.22.49:865][130]LogSavePackage: Save=104.90ms
[2017.01.02-18.22.49:865][130]LogSavePackage: Moving '../../../../../../Users/UnholyShadows/Documents/Unreal Projects/BlackHole/Saved/TopDownCharacter_Auto1610BCAC742C05A5231FF69954C8965D1.tmp' to '../../../../../../Users/UnholyShadows/Documents/Unreal Projects/BlackHole/Saved/Autosaves/Game/TopDownBP/Blueprints/TopDownCharacter_Auto1.uasset'
[2017.01.02-18.22.49:890][130]LogSavePackage:Display: Finished SavePackage ../../../../../../Users/UnholyShadows/Documents/Unreal Projects/BlackHole/Saved/Autosaves/Game/TopDownBP/Blueprints/TopDownCharacter_Auto1.uasset
[2017.01.02-18.22.49:891][130]LogFileHelpers: Auto-saving content packages took 0.286
[2017.01.02-18.30.04:723][715]BlueprintLog: New page: Compile A_Enemy
[2017.01.02-18.30.07:181][715]BlueprintEditorCompileResults: Info [2021.21] Compile of A_Enemy successful! [in 2,457 ms] (/Game/TopDownBP/Blackhole/Enemies/A_Enemy.A_Enemy)
[2017.01.02-18.31.06:877][760]BlueprintLog: New page: Compile A_Enemy
[2017.01.02-18.31.07:443][760]BlueprintEditorCompileResults: Info [2081.47] Compile of A_Enemy successful! [in 566 ms] (/Game/TopDownBP/Blackhole/Enemies/A_Enemy.A_Enemy)
[2017.01.02-18.31.17:599][103]BlueprintLog: New page: Compile A_Enemy
[2017.01.02-18.31.17:931][103]BlueprintEditorCompileResults: Info [2091.96] Compile of A_Enemy successful! [in 331 ms] (/Game/TopDownBP/Blackhole/Enemies/A_Enemy.A_Enemy)
[2017.01.02-18.32.30:484][669]BlueprintLog: New page: Compile A_Enemy
[2017.01.02-18.32.31:265][669]BlueprintEditorCompileResults: Info [2165.29] Compile of A_Enemy successful! [in 780 ms] (/Game/TopDownBP/Blackhole/Enemies/A_Enemy.A_Enemy)
[2017.01.02-18.32.36:369][881]BlueprintLog: New page: Compile A_Enemy
[2017.01.02-18.32.36:540][881]BlueprintEditorCompileResults: Info [2170.57] Compile of A_Enemy successful! [in 171 ms] (/Game/TopDownBP/Blackhole/Enemies/A_Enemy.A_Enemy)
[2017.01.02-18.32.56:513][740]BlueprintLog: New page: Compile A_Enemy
[2017.01.02-18.32.56:773][740]BlueprintEditorCompileResults: Info [2190.80] Compile of A_Enemy successful! [in 260 ms] (/Game/TopDownBP/Blackhole/Enemies/A_Enemy.A_Enemy)
[2017.01.02-18.33.41:315][517]0.764047
[2017.01.02-18.33.41:315][517]0.782638
[2017.01.02-18.33.41:316][517]0.792283
[2017.01.02-18.33.41:344][518]0.816563
[2017.01.02-18.33.41:369][519]0.832552
[2017.01.02-18.33.41:401][520]0.861062
[2017.01.02-18.33.41:427][521]0.891706
[2017.01.02-18.33.41:481][523]0.951573
[2017.01.02-18.33.41:543][525]0.973276
[2017.01.02-18.33.44:422][630]BlueprintLog: New page: Compile A_Enemy
[2017.01.02-18.33.44:873][630]BlueprintEditorCompileResults: Info [2238.90] Compile of A_Enemy successful! [in 450 ms] (/Game/TopDownBP/Blackhole/Enemies/A_Enemy.A_Enemy)
[2017.01.02-18.33.55:422][ 55]BlueprintLog: New page: Compile A_Enemy
[2017.01.02-18.33.55:636][ 55]BlueprintEditorCompileResults: Info [2249.66] Compile of A_Enemy successful! [in 213 ms] (/Game/TopDownBP/Blackhole/Enemies/A_Enemy.A_Enemy)
[2017.01.02-18.34.05:203][547]LogSavePackage: Save=199.18ms
[2017.01.02-18.34.05:203][547]LogSavePackage: Moving '../../../../../../Users/UnholyShadows/Documents/Unreal Projects/BlackHole/Saved/TopDownExampleMap0CF8E40F452770C2FB868783C5B99805.tmp' to '../../../../../../Users/UnholyShadows/Documents/Unreal Projects/BlackHole/Content/TopDownBP/Maps/TopDownExampleMap.umap'
[2017.01.02-18.34.05:212][547]LogSavePackage:Display: Finished SavePackage ../../../../../../Users/UnholyShadows/Documents/Unreal Projects/BlackHole/Content/TopDownBP/Maps/TopDownExampleMap.umap
[2017.01.02-18.34.05:256][547]LogFileHelpers: Saving map 'TopDownExampleMap' took 0.348
[2017.01.02-18.34.05:321][547]LogSavePackage: Save=50.97ms
[2017.01.02-18.34.05:321][547]LogSavePackage: Moving '../../../../../../Users/UnholyShadows/Documents/Unreal Projects/BlackHole/Saved/TopDownCharacterDCA4393346CCBBA517F3CD86C8EEE9C6.tmp' to '../../../../../../Users/UnholyShadows/Documents/Unreal Projects/BlackHole/Content/TopDownBP/Blueprints/TopDownCharacter.uasset'
[2017.01.02-18.34.05:325][547]LogSavePackage:Display: Finished SavePackage ../../../../../../Users/UnholyShadows/Documents/Unreal Projects/BlackHole/Content/TopDownBP/Blueprints/TopDownCharacter.uasset
[2017.01.02-18.34.05:367][547]LogSavePackage: Save=25.81ms
[2017.01.02-18.34.05:367][547]LogSavePackage: Moving '../../../../../../Users/UnholyShadows/Documents/Unreal Projects/BlackHole/Saved/A_Enemy5F96133240E169248CB42CBA4DD5663B.tmp' to '../../../../../../Users/UnholyShadows/Documents/Unreal Projects/BlackHole/Content/TopDownBP/Blackhole/Enemies/A_Enemy.uasset'
[2017.01.02-18.34.05:372][547]LogSavePackage:Display: Finished SavePackage ../../../../../../Users/UnholyShadows/Documents/Unreal Projects/BlackHole/Content/TopDownBP/Blackhole/Enemies/A_Enemy.uasset
[2017.01.02-18.34.38:070][288]LogMetaData: Removing '/Game/TopDownBP/Blackhole/Player/TopDownCharacter.TopDownCharacter_C' ref from Metadata '/Game/TopDownBP/Blueprints/TopDownCharacter.PackageMetaData'
[2017.01.02-18.34.38:070][288]LogMetaData: Removing '/Game/TopDownBP/Blackhole/Player/TopDownCharacter.SKEL_TopDownCharacter_C:BndEvt__EventHorizon_K2Node_ComponentBoundEvent_0_ComponentBeginOverlapSignature__DelegateSignature' ref from Metadata '/Game/TopDownBP/Blueprints/TopDownCharacter.PackageMetaData'
[2017.01.02-18.34.38:070][288]LogMetaData: Removing '/Game/TopDownBP/Blackhole/Player/TopDownCharacter.TopDownCharacter_C:ExecuteUbergraph_TopDownCharacter' ref from Metadata '/Game/TopDownBP/Blueprints/TopDownCharacter.PackageMetaData'
[2017.01.02-18.34.38:070][288]LogMetaData: Removing '/Game/TopDownBP/Blackhole/Player/TopDownCharacter.TopDownCharacter_C:UserConstructionScript' ref from Metadata '/Game/TopDownBP/Blueprints/TopDownCharacter.PackageMetaData'
[2017.01.02-18.34.38:070][288]LogMetaData: Removing '/Game/TopDownBP/Blackhole/Player/TopDownCharacter.TopDownCharacter_C:ReceiveTick' ref from Metadata '/Game/TopDownBP/Blueprints/TopDownCharacter.PackageMetaData'
[2017.01.02-18.34.38:070][288]LogMetaData: Removing '/Game/TopDownBP/Blackhole/Player/TopDownCharacter.TopDownCharacter_C:ReceiveBeginPlay' ref from Metadata '/Game/TopDownBP/Blueprints/TopDownCharacter.PackageMetaData'
[2017.01.02-18.34.38:070][288]LogMetaData: Removing '/Game/TopDownBP/Blackhole/Player/TopDownCharacter.TopDownCharacter_C:InnerLocation' ref from Metadata '/Game/TopDownBP/Blueprints/TopDownCharacter.PackageMetaData'
[2017.01.02-18.34.38:070][288]LogMetaData: Removing '/Game/TopDownBP/Blackhole/Player/TopDownCharacter.TopDownCharacter_C:InnerHorizon' ref from Metadata '/Game/TopDownBP/Blueprints/TopDownCharacter.PackageMetaData'
[2017.01.02-18.34.38:070][288]LogMetaData: Removing '/Game/TopDownBP/Blackhole/Player/TopDownCharacter.TopDownCharacter_C:EventHorizon' ref from Metadata '/Game/TopDownBP/Blueprints/TopDownCharacter.PackageMetaData'
[2017.01.02-18.34.38:070][288]LogMetaData: Removing '/Game/TopDownBP/Blackhole/Player/TopDownCharacter.TopDownCharacter_C:VR_Camera' ref from Metadata '/Game/TopDownBP/Blueprints/TopDownCharacter.PackageMetaData'
[2017.01.02-18.34.38:070][288]LogMetaData: Removing '/Game/TopDownBP/Blackhole/Player/TopDownCharacter.TopDownCharacter_C:SpringArm' ref from Metadata '/Game/TopDownBP/Blueprints/TopDownCharacter.PackageMetaData'
[2017.01.02-18.34.38:070][288]LogMetaData: Removing '/Game/TopDownBP/Blackhole/Player/TopDownCharacter.TopDownCharacter_C:CursorToWorld' ref from Metadata '/Game/TopDownBP/Blueprints/TopDownCharacter.PackageMetaData'
[2017.01.02-18.34.38:070][288]LogMetaData: Removing '/Game/TopDownBP/Blackhole/Player/TopDownCharacter.TopDownCharacter_C:Camera1' ref from Metadata '/Game/TopDownBP/Blueprints/TopDownCharacter.PackageMetaData'
[2017.01.02-18.34.38:070][288]LogMetaData: Removing '/Game/TopDownBP/Blackhole/Player/TopDownCharacter.TopDownCharacter_C:SpringArm1' ref from Metadata '/Game/TopDownBP/Blueprints/TopDownCharacter.PackageMetaData'
[2017.01.02-18.34.38:070][288]LogMetaData: Removing '/Game/TopDownBP/Blackhole/Player/TopDownCharacter.TopDownCharacter_C:Score' ref from Metadata '/Game/TopDownBP/Blueprints/TopDownCharacter.PackageMetaData'
[2017.01.02-18.34.38:070][288]LogMetaData: Removing '/Game/TopDownBP/Blackhole/Player/TopDownCharacter.SKEL_TopDownCharacter_C:ExecuteUbergraph_TopDownCharacter' ref from Metadata '/Game/TopDownBP/Blueprints/TopDownCharacter.PackageMetaData'
[2017.01.02-18.34.38:070][288]LogMetaData: Removing '/Game/TopDownBP/Blackhole/Player/TopDownCharacter.SKEL_TopDownCharacter_C:UserConstructionScript' ref from Metadata '/Game/TopDownBP/Blueprints/TopDownCharacter.PackageMetaData'
[2017.01.02-18.34.38:070][288]LogMetaData: Removing '/Game/TopDownBP/Blackhole/Player/TopDownCharacter.SKEL_TopDownCharacter_C:ReceiveTick' ref from Metadata '/Game/TopDownBP/Blueprints/TopDownCharacter.PackageMetaData'
[2017.01.02-18.34.38:070][288]LogMetaData: Removing '/Game/TopDownBP/Blackhole/Player/TopDownCharacter.SKEL_TopDownCharacter_C:ReceiveBeginPlay' ref from Metadata '/Game/TopDownBP/Blueprints/TopDownCharacter.PackageMetaData'
[2017.01.02-18.34.38:070][288]LogMetaData: Removing '/Game/TopDownBP/Blackhole/Player/TopDownCharacter.SKEL_TopDownCharacter_C:InnerLocation' ref from Metadata '/Game/TopDownBP/Blueprints/TopDownCharacter.PackageMetaData'
[2017.01.02-18.34.38:070][288]LogMetaData: Removing '/Game/TopDownBP/Blackhole/Player/TopDownCharacter.SKEL_TopDownCharacter_C:InnerHorizon' ref from Metadata '/Game/TopDownBP/Blueprints/TopDownCharacter.PackageMetaData'
[2017.01.02-18.34.38:070][288]LogMetaData: Removing '/Game/TopDownBP/Blackhole/Player/TopDownCharacter.SKEL_TopDownCharacter_C:EventHorizon' ref from Metadata '/Game/TopDownBP/Blueprints/TopDownCharacter.PackageMetaData'
[2017.01.02-18.34.38:070][288]LogMetaData: Removing '/Game/TopDownBP/Blackhole/Player/TopDownCharacter.SKEL_TopDownCharacter_C:VR_Camera' ref from Metadata '/Game/TopDownBP/Blueprints/TopDownCharacter.PackageMetaData'
[2017.01.02-18.34.38:070][288]LogMetaData: Removing '/Game/TopDownBP/Blackhole/Player/TopDownCharacter.SKEL_TopDownCharacter_C:SpringArm' ref from Metadata '/Game/TopDownBP/Blueprints/TopDownCharacter.PackageMetaData'
[2017.01.02-18.34.38:071][288]LogMetaData: Removing '/Game/TopDownBP/Blackhole/Player/TopDownCharacter.SKEL_TopDownCharacter_C:CursorToWorld' ref from Metadata '/Game/TopDownBP/Blueprints/TopDownCharacter.PackageMetaData'
[2017.01.02-18.34.38:071][288]LogMetaData: Removing '/Game/TopDownBP/Blackhole/Player/TopDownCharacter.SKEL_TopDownCharacter_C:Camera1' ref from Metadata '/Game/TopDownBP/Blueprints/TopDownCharacter.PackageMetaData'
[2017.01.02-18.34.38:071][288]LogMetaData: Removing '/Game/TopDownBP/Blackhole/Player/TopDownCharacter.SKEL_TopDownCharacter_C:SpringArm1' ref from Metadata '/Game/TopDownBP/Blueprints/TopDownCharacter.PackageMetaData'
[2017.01.02-18.34.38:071][288]LogMetaData: Removing '/Game/TopDownBP/Blackhole/Player/TopDownCharacter.SKEL_TopDownCharacter_C:Score' ref from Metadata '/Game/TopDownBP/Blueprints/TopDownCharacter.PackageMetaData'
[2017.01.02-18.34.38:071][288]LogMetaData: Removing '/Game/TopDownBP/Blackhole/Player/TopDownCharacter.SKEL_TopDownCharacter_C' ref from Metadata '/Game/TopDownBP/Blueprints/TopDownCharacter.PackageMetaData'
[2017.01.02-18.34.38:071][288]LogMetaData: Removing '/Game/TopDownBP/Blackhole/Player/TopDownCharacter.TopDownCharacter_C:BndEvt__EventHorizon_K2Node_ComponentBoundEvent_0_ComponentBeginOverlapSignature__DelegateSignature' ref from Metadata '/Game/TopDownBP/Blueprints/TopDownCharacter.PackageMetaData'
[2017.01.02-18.34.38:082][288]LogMetaData: Removing '/Game/TopDownBP/Blackhole/Player/TopDownController.TopDownController_C' ref from Metadata '/Game/TopDownBP/Blueprints/TopDownController.PackageMetaData'
[2017.01.02-18.34.38:082][288]LogMetaData: Removing '/Game/TopDownBP/Blackhole/Player/TopDownController.TopDownController_C:InpTchEvt_EdGraphPin_98' ref from Metadata '/Game/TopDownBP/Blueprints/TopDownController.PackageMetaData'
[2017.01.02-18.34.38:082][288]LogMetaData: Removing '/Game/TopDownBP/Blackhole/Player/TopDownController.TopDownController_C:InpTchEvt_EdGraphPin_97' ref from Metadata '/Game/TopDownBP/Blueprints/TopDownController.PackageMetaData'
[2017.01.02-18.34.38:082][288]LogMetaData: Removing '/Game/TopDownBP/Blackhole/Player/TopDownController.TopDownController_C:ExecuteUbergraph_TopDownController' ref from Metadata '/Game/TopDownBP/Blueprints/TopDownController.PackageMetaData'
[2017.01.02-18.34.38:082][288]LogMetaData: Removing '/Game/TopDownBP/Blackhole/Player/TopDownController.TopDownController_C:UserConstructionScript' ref from Metadata '/Game/TopDownBP/Blueprints/TopDownController.PackageMetaData'
[2017.01.02-18.34.38:082][288]LogMetaData: Removing '/Game/TopDownBP/Blackhole/Player/TopDownController.TopDownController_C:ReceiveTick' ref from Metadata '/Game/TopDownBP/Blueprints/TopDownController.PackageMetaData'
[2017.01.02-18.34.38:082][288]LogMetaData: Removing '/Game/TopDownBP/Blackhole/Player/TopDownController.SKEL_TopDownController_C:MinClickDistance' ref from Metadata '/Game/TopDownBP/Blueprints/TopDownController.PackageMetaData'
[2017.01.02-18.34.38:082][288]LogMetaData: Removing '/Game/TopDownBP/Blackhole/Player/TopDownController.SKEL_TopDownController_C:ReceiveTick' ref from Metadata '/Game/TopDownBP/Blueprints/TopDownController.PackageMetaData'
[2017.01.02-18.34.38:082][288]LogMetaData: Removing '/Game/TopDownBP/Blackhole/Player/TopDownController.SKEL_TopDownController_C:UserConstructionScript' ref from Metadata '/Game/TopDownBP/Blueprints/TopDownController.PackageMetaData'
[2017.01.02-18.34.38:082][288]LogMetaData: Removing '/Game/TopDownBP/Blackhole/Player/TopDownController.SKEL_TopDownController_C:ExecuteUbergraph_TopDownController' ref from Metadata '/Game/TopDownBP/Blueprints/TopDownController.PackageMetaData'
[2017.01.02-18.34.38:082][288]LogMetaData: Removing '/Game/TopDownBP/Blackhole/Player/TopDownController.SKEL_TopDownController_C' ref from Metadata '/Game/TopDownBP/Blueprints/TopDownController.PackageMetaData'
[2017.01.02-18.34.38:082][288]LogMetaData: Removing '/Game/TopDownBP/Blackhole/Player/TopDownController.TopDownController_C:MinClickDistance' ref from Metadata '/Game/TopDownBP/Blueprints/TopDownController.PackageMetaData'
[2017.01.02-18.34.38:094][288]LogMetaData: Removing '/Game/TopDownBP/Blackhole/Player/TopDownGameMode.TopDownGameMode_C' ref from Metadata '/Game/TopDownBP/Blueprints/TopDownGameMode.PackageMetaData'
[2017.01.02-18.34.38:094][288]LogMetaData: Removing '/Game/TopDownBP/Blackhole/Player/TopDownGameMode.TopDownGameMode_C:DefaultSceneRoot' ref from Metadata '/Game/TopDownBP/Blueprints/TopDownGameMode.PackageMetaData'
[2017.01.02-18.34.38:094][288]LogMetaData: Removing '/Game/TopDownBP/Blackhole/Player/TopDownGameMode.TopDownGameMode_C:UserConstructionScript' ref from Metadata '/Game/TopDownBP/Blueprints/TopDownGameMode.PackageMetaData'
[2017.01.02-18.34.38:094][288]LogMetaData: Removing '/Game/TopDownBP/Blackhole/Player/TopDownGameMode.SKEL_TopDownGameMode_C:DefaultSceneRoot' ref from Metadata '/Game/TopDownBP/Blueprints/TopDownGameMode.PackageMetaData'
[2017.01.02-18.34.38:094][288]LogMetaData: Removing '/Game/TopDownBP/Blackhole/Player/TopDownGameMode.SKEL_TopDownGameMode_C:UserConstructionScript' ref from Metadata '/Game/TopDownBP/Blueprints/TopDownGameMode.PackageMetaData'
[2017.01.02-18.34.38:094][288]LogMetaData: Removing '/Game/TopDownBP/Blackhole/Player/TopDownGameMode.SKEL_TopDownGameMode_C' ref from Metadata '/Game/TopDownBP/Blueprints/TopDownGameMode.PackageMetaData'
[2017.01.02-18.34.38:153][288]LogSavePackage: Save=15.23ms
[2017.01.02-18.34.38:154][288]LogSavePackage: Moving '../../../../../../Users/UnholyShadows/Documents/Unreal Projects/BlackHole/Saved/M_Cursor_Decal554E3CCD4B4B107C71D5DBB28965D74F.tmp' to '../../../../../../Users/UnholyShadows/Documents/Unreal Projects/BlackHole/Content/TopDownBP/Blackhole/Player/M_Cursor_Decal.uasset'
[2017.01.02-18.34.38:158][288]LogSavePackage:Display: Finished SavePackage ../../../../../../Users/UnholyShadows/Documents/Unreal Projects/BlackHole/Content/TopDownBP/Blackhole/Player/M_Cursor_Decal.uasset
[2017.01.02-18.34.38:242][288]LogSavePackage: Save=63.68ms
[2017.01.02-18.34.38:242][288]LogSavePackage: Moving '../../../../../../Users/UnholyShadows/Documents/Unreal Projects/BlackHole/Saved/TopDownCharacterFCB4A7D24AA7657575488DA28A919DA6.tmp' to '../../../../../../Users/UnholyShadows/Documents/Unreal Projects/BlackHole/Content/TopDownBP/Blackhole/Player/TopDownCharacter.uasset'
[2017.01.02-18.34.38:246][288]LogSavePackage:Display: Finished SavePackage ../../../../../../Users/UnholyShadows/Documents/Unreal Projects/BlackHole/Content/TopDownBP/Blackhole/Player/TopDownCharacter.uasset
[2017.01.02-18.34.38:264][288]LogSavePackage: Save=9.71ms
[2017.01.02-18.34.38:264][288]LogSavePackage: Moving '../../../../../../Users/UnholyShadows/Documents/Unreal Projects/BlackHole/Saved/TopDownCharacterA546CD924401A301141274996483FAED.tmp' to '../../../../../../Users/UnholyShadows/Documents/Unreal Projects/BlackHole/Content/TopDownBP/Blueprints/TopDownCharacter.uasset'
[2017.01.02-18.34.38:268][288]LogSavePackage:Display: Finished SavePackage ../../../../../../Users/UnholyShadows/Documents/Unreal Projects/BlackHole/Content/TopDownBP/Blueprints/TopDownCharacter.uasset
[2017.01.02-18.34.38:316][288]LogSavePackage: Save=39.62ms
[2017.01.02-18.34.38:316][288]LogSavePackage: Moving '../../../../../../Users/UnholyShadows/Documents/Unreal Projects/BlackHole/Saved/TopDownControllerD0D1B11A4903FBE9F0371F9917F18FF5.tmp' to '../../../../../../Users/UnholyShadows/Documents/Unreal Projects/BlackHole/Content/TopDownBP/Blackhole/Player/TopDownController.uasset'
[2017.01.02-18.34.38:319][288]LogSavePackage:Display: Finished SavePackage ../../../../../../Users/UnholyShadows/Documents/Unreal Projects/BlackHole/Content/TopDownBP/Blackhole/Player/TopDownController.uasset
[2017.01.02-18.34.38:340][288]LogSavePackage: Save=10.30ms
[2017.01.02-18.34.38:340][288]LogSavePackage: Moving '../../../../../../Users/UnholyShadows/Documents/Unreal Projects/BlackHole/Saved/TopDownGameMode1650E35148AF42199C861BBC82BA5DCE.tmp' to '../../../../../../Users/UnholyShadows/Documents/Unreal Projects/BlackHole/Content/TopDownBP/Blackhole/Player/TopDownGameMode.uasset'
[2017.01.02-18.34.38:344][288]LogSavePackage:Display: Finished SavePackage ../../../../../../Users/UnholyShadows/Documents/Unreal Projects/BlackHole/Content/TopDownBP/Blackhole/Player/TopDownGameMode.uasset
[2017.01.02-18.34.38:366][288]LogSavePackage: Save=7.48ms
[2017.01.02-18.34.38:366][288]LogSavePackage: Moving '../../../../../../Users/UnholyShadows/Documents/Unreal Projects/BlackHole/Saved/TopDownGameMode3CCF92064E0A615980056297E61724F8.tmp' to '../../../../../../Users/UnholyShadows/Documents/Unreal Projects/BlackHole/Content/TopDownBP/Blueprints/TopDownGameMode.uasset'
[2017.01.02-18.34.38:370][288]LogSavePackage:Display: Finished SavePackage ../../../../../../Users/UnholyShadows/Documents/Unreal Projects/BlackHole/Content/TopDownBP/Blueprints/TopDownGameMode.uasset
[2017.01.02-18.35.31:539][  5]LogMetaData: Removing '/Game/Blackhole/Player/TopDownCharacter.TopDownCharacter_C' ref from Metadata '/Game/TopDownBP/Blackhole/Player/TopDownCharacter.PackageMetaData'
[2017.01.02-18.35.31:539][  5]LogMetaData: Removing '/Game/Blackhole/Player/TopDownCharacter.TopDownCharacter_C:UserConstructionScript' ref from Metadata '/Game/TopDownBP/Blackhole/Player/TopDownCharacter.PackageMetaData'
[2017.01.02-18.35.31:539][  5]LogMetaData: Removing '/Game/Blackhole/Player/TopDownCharacter.TopDownCharacter_C:ReceiveTick' ref from Metadata '/Game/TopDownBP/Blackhole/Player/TopDownCharacter.PackageMetaData'
[2017.01.02-18.35.31:539][  5]LogMetaData: Removing '/Game/Blackhole/Player/TopDownCharacter.TopDownCharacter_C:ReceiveBeginPlay' ref from Metadata '/Game/TopDownBP/Blackhole/Player/TopDownCharacter.PackageMetaData'
[2017.01.02-18.35.31:539][  5]LogMetaData: Removing '/Game/Blackhole/Player/TopDownCharacter.TopDownCharacter_C:BndEvt__EventHorizon_K2Node_ComponentBoundEvent_0_ComponentBeginOverlapSignature__DelegateSignature' ref from Metadata '/Game/TopDownBP/Blackhole/Player/TopDownCharacter.PackageMetaData'
[2017.01.02-18.35.31:539][  5]LogMetaData: Removing '/Game/Blackhole/Player/TopDownCharacter.TopDownCharacter_C:ExecuteUbergraph_TopDownCharacter' ref from Metadata '/Game/TopDownBP/Blackhole/Player/TopDownCharacter.PackageMetaData'
[2017.01.02-18.35.31:539][  5]LogMetaData: Removing '/Game/Blackhole/Player/TopDownCharacter.TopDownCharacter_C:InnerLocation' ref from Metadata '/Game/TopDownBP/Blackhole/Player/TopDownCharacter.PackageMetaData'
[2017.01.02-18.35.31:539][  5]LogMetaData: Removing '/Game/Blackhole/Player/TopDownCharacter.TopDownCharacter_C:InnerHorizon' ref from Metadata '/Game/TopDownBP/Blackhole/Player/TopDownCharacter.PackageMetaData'
[2017.01.02-18.35.31:539][  5]LogMetaData: Removing '/Game/Blackhole/Player/TopDownCharacter.TopDownCharacter_C:EventHorizon' ref from Metadata '/Game/TopDownBP/Blackhole/Player/TopDownCharacter.PackageMetaData'
[2017.01.02-18.35.31:539][  5]LogMetaData: Removing '/Game/Blackhole/Player/TopDownCharacter.TopDownCharacter_C:VR_Camera' ref from Metadata '/Game/TopDownBP/Blackhole/Player/TopDownCharacter.PackageMetaData'
[2017.01.02-18.35.31:539][  5]LogMetaData: Removing '/Game/Blackhole/Player/TopDownCharacter.TopDownCharacter_C:SpringArm' ref from Metadata '/Game/TopDownBP/Blackhole/Player/TopDownCharacter.PackageMetaData'
[2017.01.02-18.35.31:539][  5]LogMetaData: Removing '/Game/Blackhole/Player/TopDownCharacter.TopDownCharacter_C:CursorToWorld' ref from Metadata '/Game/TopDownBP/Blackhole/Player/TopDownCharacter.PackageMetaData'
[2017.01.02-18.35.31:539][  5]LogMetaData: Removing '/Game/Blackhole/Player/TopDownCharacter.TopDownCharacter_C:Camera1' ref from Metadata '/Game/TopDownBP/Blackhole/Player/TopDownCharacter.PackageMetaData'
[2017.01.02-18.35.31:539][  5]LogMetaData: Removing '/Game/Blackhole/Player/TopDownCharacter.TopDownCharacter_C:SpringArm1' ref from Metadata '/Game/TopDownBP/Blackhole/Player/TopDownCharacter.PackageMetaData'
[2017.01.02-18.35.31:539][  5]LogMetaData: Removing '/Game/Blackhole/Player/TopDownCharacter.TopDownCharacter_C:Score' ref from Metadata '/Game/TopDownBP/Blackhole/Player/TopDownCharacter.PackageMetaData'
[2017.01.02-18.35.31:539][  5]LogMetaData: Removing '/Game/Blackhole/Player/TopDownCharacter.SKEL_TopDownCharacter_C' ref from Metadata '/Game/TopDownBP/Blackhole/Player/TopDownCharacter.PackageMetaData'
[2017.01.02-18.35.31:539][  5]LogMetaData: Removing '/Game/Blackhole/Player/TopDownCharacter.SKEL_TopDownCharacter_C:Score' ref from Metadata '/Game/TopDownBP/Blackhole/Player/TopDownCharacter.PackageMetaData'
[2017.01.02-18.35.31:539][  5]LogMetaData: Removing '/Game/Blackhole/Player/TopDownCharacter.SKEL_TopDownCharacter_C:SpringArm1' ref from Metadata '/Game/TopDownBP/Blackhole/Player/TopDownCharacter.PackageMetaData'
[2017.01.02-18.35.31:539][  5]LogMetaData: Removing '/Game/Blackhole/Player/TopDownCharacter.SKEL_TopDownCharacter_C:Camera1' ref from Metadata '/Game/TopDownBP/Blackhole/Player/TopDownCharacter.PackageMetaData'
[2017.01.02-18.35.31:539][  5]LogMetaData: Removing '/Game/Blackhole/Player/TopDownCharacter.SKEL_TopDownCharacter_C:CursorToWorld' ref from Metadata '/Game/TopDownBP/Blackhole/Player/TopDownCharacter.PackageMetaData'
[2017.01.02-18.35.31:539][  5]LogMetaData: Removing '/Game/Blackhole/Player/TopDownCharacter.SKEL_TopDownCharacter_C:SpringArm' ref from Metadata '/Game/TopDownBP/Blackhole/Player/TopDownCharacter.PackageMetaData'
[2017.01.02-18.35.31:539][  5]LogMetaData: Removing '/Game/Blackhole/Player/TopDownCharacter.SKEL_TopDownCharacter_C:VR_Camera' ref from Metadata '/Game/TopDownBP/Blackhole/Player/TopDownCharacter.PackageMetaData'
[2017.01.02-18.35.31:539][  5]LogMetaData: Removing '/Game/Blackhole/Player/TopDownCharacter.SKEL_TopDownCharacter_C:EventHorizon' ref from Metadata '/Game/TopDownBP/Blackhole/Player/TopDownCharacter.PackageMetaData'
[2017.01.02-18.35.31:539][  5]LogMetaData: Removing '/Game/Blackhole/Player/TopDownCharacter.SKEL_TopDownCharacter_C:InnerHorizon' ref from Metadata '/Game/TopDownBP/Blackhole/Player/TopDownCharacter.PackageMetaData'
[2017.01.02-18.35.31:539][  5]LogMetaData: Removing '/Game/Blackhole/Player/TopDownCharacter.SKEL_TopDownCharacter_C:InnerLocation' ref from Metadata '/Game/TopDownBP/Blackhole/Player/TopDownCharacter.PackageMetaData'
[2017.01.02-18.35.31:539][  5]LogMetaData: Removing '/Game/Blackhole/Player/TopDownCharacter.SKEL_TopDownCharacter_C:ExecuteUbergraph_TopDownCharacter' ref from Metadata '/Game/TopDownBP/Blackhole/Player/TopDownCharacter.PackageMetaData'
[2017.01.02-18.35.31:539][  5]LogMetaData: Removing '/Game/Blackhole/Player/TopDownCharacter.SKEL_TopDownCharacter_C:BndEvt__EventHorizon_K2Node_ComponentBoundEvent_0_ComponentBeginOverlapSignature__DelegateSignature' ref from Metadata '/Game/TopDownBP/Blackhole/Player/TopDownCharacter.PackageMetaData'
[2017.01.02-18.35.31:540][  5]LogMetaData: Removing '/Game/Blackhole/Player/TopDownCharacter.SKEL_TopDownCharacter_C:ReceiveBeginPlay' ref from Metadata '/Game/TopDownBP/Blackhole/Player/TopDownCharacter.PackageMetaData'
[2017.01.02-18.35.31:540][  5]LogMetaData: Removing '/Game/Blackhole/Player/TopDownCharacter.SKEL_TopDownCharacter_C:ReceiveTick' ref from Metadata '/Game/TopDownBP/Blackhole/Player/TopDownCharacter.PackageMetaData'
[2017.01.02-18.35.31:540][  5]LogMetaData: Removing '/Game/Blackhole/Player/TopDownCharacter.SKEL_TopDownCharacter_C:UserConstructionScript' ref from Metadata '/Game/TopDownBP/Blackhole/Player/TopDownCharacter.PackageMetaData'
[2017.01.02-18.35.31:592][  5]LogMetaData: Removing '/Game/Blackhole/Enemies/A_Enemy.A_Enemy_C' ref from Metadata '/Game/TopDownBP/Blackhole/Enemies/A_Enemy.PackageMetaData'
[2017.01.02-18.35.31:592][  5]LogMetaData: Removing '/Game/Blackhole/Enemies/A_Enemy.A_Enemy_C:ExecuteUbergraph_A_Enemy' ref from Metadata '/Game/TopDownBP/Blackhole/Enemies/A_Enemy.PackageMetaData'
[2017.01.02-18.35.31:592][  5]LogMetaData: Removing '/Game/Blackhole/Enemies/A_Enemy.A_Enemy:UserConstructionScript.K2Node_FunctionEntry_0' ref from Metadata '/Game/TopDownBP/Blackhole/Enemies/A_Enemy.PackageMetaData'
[2017.01.02-18.35.31:592][  5]LogMetaData: Removing '/Game/Blackhole/Enemies/A_Enemy.A_Enemy:EventGraph.K2Node_Event_0' ref from Metadata '/Game/TopDownBP/Blackhole/Enemies/A_Enemy.PackageMetaData'
[2017.01.02-18.35.31:592][  5]LogMetaData: Removing '/Game/Blackhole/Enemies/A_Enemy.A_Enemy:EventGraph.K2Node_Event_1' ref from Metadata '/Game/TopDownBP/Blackhole/Enemies/A_Enemy.PackageMetaData'
[2017.01.02-18.35.31:592][  5]LogMetaData: Removing '/Game/Blackhole/Enemies/A_Enemy.A_Enemy_C:UserConstructionScript' ref from Metadata '/Game/TopDownBP/Blackhole/Enemies/A_Enemy.PackageMetaData'
[2017.01.02-18.35.31:592][  5]LogMetaData: Removing '/Game/Blackhole/Enemies/A_Enemy.A_Enemy_C:ReceiveActorBeginOverlap' ref from Metadata '/Game/TopDownBP/Blackhole/Enemies/A_Enemy.PackageMetaData'
[2017.01.02-18.35.31:592][  5]LogMetaData: Removing '/Game/Blackhole/Enemies/A_Enemy.A_Enemy_C:ReceiveDestroyed' ref from Metadata '/Game/TopDownBP/Blackhole/Enemies/A_Enemy.PackageMetaData'
[2017.01.02-18.35.31:592][  5]LogMetaData: Removing '/Game/Blackhole/Enemies/A_Enemy.A_Enemy_C:ProjectileMovement' ref from Metadata '/Game/TopDownBP/Blackhole/Enemies/A_Enemy.PackageMetaData'
[2017.01.02-18.35.31:593][  5]LogMetaData: Removing '/Game/Blackhole/Enemies/A_Enemy.A_Enemy_C:ParticleSystem' ref from Metadata '/Game/TopDownBP/Blackhole/Enemies/A_Enemy.PackageMetaData'
[2017.01.02-18.35.31:593][  5]LogMetaData: Removing '/Game/Blackhole/Enemies/A_Enemy.A_Enemy_C:Sensor' ref from Metadata '/Game/TopDownBP/Blackhole/Enemies/A_Enemy.PackageMetaData'
[2017.01.02-18.35.31:593][  5]LogMetaData: Removing '/Game/Blackhole/Enemies/A_Enemy.A_Enemy_C:ScoreGive' ref from Metadata '/Game/TopDownBP/Blackhole/Enemies/A_Enemy.PackageMetaData'
[2017.01.02-18.35.31:593][  5]LogMetaData: Removing '/Game/Blackhole/Enemies/A_Enemy.SKEL_A_Enemy_C' ref from Metadata '/Game/TopDownBP/Blackhole/Enemies/A_Enemy.PackageMetaData'
[2017.01.02-18.35.31:593][  5]LogMetaData: Removing '/Game/Blackhole/Enemies/A_Enemy.SKEL_A_Enemy_C:ExecuteUbergraph_A_Enemy' ref from Metadata '/Game/TopDownBP/Blackhole/Enemies/A_Enemy.PackageMetaData'
[2017.01.02-18.35.31:593][  5]LogMetaData: Removing '/Game/Blackhole/Enemies/A_Enemy.SKEL_A_Enemy_C:UserConstructionScript' ref from Metadata '/Game/TopDownBP/Blackhole/Enemies/A_Enemy.PackageMetaData'
[2017.01.02-18.35.31:593][  5]LogMetaData: Removing '/Game/Blackhole/Enemies/A_Enemy.SKEL_A_Enemy_C:ReceiveActorBeginOverlap' ref from Metadata '/Game/TopDownBP/Blackhole/Enemies/A_Enemy.PackageMetaData'
[2017.01.02-18.35.31:593][  5]LogMetaData: Removing '/Game/Blackhole/Enemies/A_Enemy.SKEL_A_Enemy_C:ReceiveDestroyed' ref from Metadata '/Game/TopDownBP/Blackhole/Enemies/A_Enemy.PackageMetaData'
[2017.01.02-18.35.31:593][  5]LogMetaData: Removing '/Game/Blackhole/Enemies/A_Enemy.SKEL_A_Enemy_C:ProjectileMovement' ref from Metadata '/Game/TopDownBP/Blackhole/Enemies/A_Enemy.PackageMetaData'
[2017.01.02-18.35.31:593][  5]LogMetaData: Removing '/Game/Blackhole/Enemies/A_Enemy.SKEL_A_Enemy_C:ParticleSystem' ref from Metadata '/Game/TopDownBP/Blackhole/Enemies/A_Enemy.PackageMetaData'
[2017.01.02-18.35.31:593][  5]LogMetaData: Removing '/Game/Blackhole/Enemies/A_Enemy.SKEL_A_Enemy_C:Sensor' ref from Metadata '/Game/TopDownBP/Blackhole/Enemies/A_Enemy.PackageMetaData'
[2017.01.02-18.35.31:593][  5]LogMetaData: Removing '/Game/Blackhole/Enemies/A_Enemy.SKEL_A_Enemy_C:ScoreGive' ref from Metadata '/Game/TopDownBP/Blackhole/Enemies/A_Enemy.PackageMetaData'
[2017.01.02-18.35.31:603][  5]LogMetaData: Removing '/Game/Blackhole/Spawners/GenericSpawner.GenericSpawner:UserConstructionScript.K2Node_FunctionEntry_0' ref from Metadata '/Game/TopDownBP/Blackhole/Spawners/GenericSpawner.PackageMetaData'
[2017.01.02-18.35.31:603][  5]LogMetaData: Removing '/Game/Blackhole/Spawners/GenericSpawner.GenericSpawner_C:ExecuteUbergraph_GenericSpawner' ref from Metadata '/Game/TopDownBP/Blackhole/Spawners/GenericSpawner.PackageMetaData'
[2017.01.02-18.35.31:603][  5]LogMetaData: Removing '/Game/Blackhole/Spawners/GenericSpawner.GenericSpawner_C' ref from Metadata '/Game/TopDownBP/Blackhole/Spawners/GenericSpawner.PackageMetaData'
[2017.01.02-18.35.31:603][  5]LogMetaData: Removing '/Game/Blackhole/Spawners/GenericSpawner.GenericSpawner:EventGraph.K2Node_Event_0' ref from Metadata '/Game/TopDownBP/Blackhole/Spawners/GenericSpawner.PackageMetaData'
[2017.01.02-18.35.31:603][  5]LogMetaData: Removing '/Game/Blackhole/Spawners/GenericSpawner.GenericSpawner:EventGraph.K2Node_Event_1' ref from Metadata '/Game/TopDownBP/Blackhole/Spawners/GenericSpawner.PackageMetaData'
[2017.01.02-18.35.31:603][  5]LogMetaData: Removing '/Game/Blackhole/Spawners/GenericSpawner.GenericSpawner:EventGraph.K2Node_Event_2' ref from Metadata '/Game/TopDownBP/Blackhole/Spawners/GenericSpawner.PackageMetaData'
[2017.01.02-18.35.31:603][  5]LogMetaData: Removing '/Game/Blackhole/Spawners/GenericSpawner.GenericSpawner_C:UserConstructionScript' ref from Metadata '/Game/TopDownBP/Blackhole/Spawners/GenericSpawner.PackageMetaData'
[2017.01.02-18.35.31:603][  5]LogMetaData: Removing '/Game/Blackhole/Spawners/GenericSpawner.GenericSpawner_C:ReceiveTick' ref from Metadata '/Game/TopDownBP/Blackhole/Spawners/GenericSpawner.PackageMetaData'
[2017.01.02-18.35.31:603][  5]LogMetaData: Removing '/Game/Blackhole/Spawners/GenericSpawner.GenericSpawner_C:DefaultSceneRoot' ref from Metadata '/Game/TopDownBP/Blackhole/Spawners/GenericSpawner.PackageMetaData'
[2017.01.02-18.35.31:603][  5]LogMetaData: Removing '/Game/Blackhole/Spawners/GenericSpawner.SKEL_GenericSpawner_C:DefaultSceneRoot' ref from Metadata '/Game/TopDownBP/Blackhole/Spawners/GenericSpawner.PackageMetaData'
[2017.01.02-18.35.31:603][  5]LogMetaData: Removing '/Game/Blackhole/Spawners/GenericSpawner.SKEL_GenericSpawner_C:ReceiveTick' ref from Metadata '/Game/TopDownBP/Blackhole/Spawners/GenericSpawner.PackageMetaData'
[2017.01.02-18.35.31:603][  5]LogMetaData: Removing '/Game/Blackhole/Spawners/GenericSpawner.SKEL_GenericSpawner_C:UserConstructionScript' ref from Metadata '/Game/TopDownBP/Blackhole/Spawners/GenericSpawner.PackageMetaData'
[2017.01.02-18.35.31:603][  5]LogMetaData: Removing '/Game/Blackhole/Spawners/GenericSpawner.SKEL_GenericSpawner_C:ExecuteUbergraph_GenericSpawner' ref from Metadata '/Game/TopDownBP/Blackhole/Spawners/GenericSpawner.PackageMetaData'
[2017.01.02-18.35.31:603][  5]LogMetaData: Removing '/Game/Blackhole/Spawners/GenericSpawner.SKEL_GenericSpawner_C' ref from Metadata '/Game/TopDownBP/Blackhole/Spawners/GenericSpawner.PackageMetaData'
[2017.01.02-18.35.31:610][  5]LogMetaData: Removing '/Game/Blackhole/Player/TopDownController.TopDownController_C' ref from Metadata '/Game/TopDownBP/Blackhole/Player/TopDownController.PackageMetaData'
[2017.01.02-18.35.31:610][  5]LogMetaData: Removing '/Game/Blackhole/Player/TopDownController.TopDownController_C:UserConstructionScript' ref from Metadata '/Game/TopDownBP/Blackhole/Player/TopDownController.PackageMetaData'
[2017.01.02-18.35.31:610][  5]LogMetaData: Removing '/Game/Blackhole/Player/TopDownController.TopDownController_C:InpTchEvt_EdGraphPin_98' ref from Metadata '/Game/TopDownBP/Blackhole/Player/TopDownController.PackageMetaData'
[2017.01.02-18.35.31:611][  5]LogMetaData: Removing '/Game/Blackhole/Player/TopDownController.TopDownController_C:InpTchEvt_EdGraphPin_97' ref from Metadata '/Game/TopDownBP/Blackhole/Player/TopDownController.PackageMetaData'
[2017.01.02-18.35.31:611][  5]LogMetaData: Removing '/Game/Blackhole/Player/TopDownController.TopDownController_C:ReceiveTick' ref from Metadata '/Game/TopDownBP/Blackhole/Player/TopDownController.PackageMetaData'
[2017.01.02-18.35.31:611][  5]LogMetaData: Removing '/Game/Blackhole/Player/TopDownController.TopDownController_C:ExecuteUbergraph_TopDownController' ref from Metadata '/Game/TopDownBP/Blackhole/Player/TopDownController.PackageMetaData'
[2017.01.02-18.35.31:611][  5]LogMetaData: Removing '/Game/Blackhole/Player/TopDownController.TopDownController_C:MinClickDistance' ref from Metadata '/Game/TopDownBP/Blackhole/Player/TopDownController.PackageMetaData'
[2017.01.02-18.35.31:611][  5]LogMetaData: Removing '/Game/Blackhole/Player/TopDownController.SKEL_TopDownController_C' ref from Metadata '/Game/TopDownBP/Blackhole/Player/TopDownController.PackageMetaData'
[2017.01.02-18.35.31:611][  5]LogMetaData: Removing '/Game/Blackhole/Player/TopDownController.SKEL_TopDownController_C:MinClickDistance' ref from Metadata '/Game/TopDownBP/Blackhole/Player/TopDownController.PackageMetaData'
[2017.01.02-18.35.31:611][  5]LogMetaData: Removing '/Game/Blackhole/Player/TopDownController.SKEL_TopDownController_C:ExecuteUbergraph_TopDownController' ref from Metadata '/Game/TopDownBP/Blackhole/Player/TopDownController.PackageMetaData'
[2017.01.02-18.35.31:611][  5]LogMetaData: Removing '/Game/Blackhole/Player/TopDownController.SKEL_TopDownController_C:ReceiveTick' ref from Metadata '/Game/TopDownBP/Blackhole/Player/TopDownController.PackageMetaData'
[2017.01.02-18.35.31:611][  5]LogMetaData: Removing '/Game/Blackhole/Player/TopDownController.SKEL_TopDownController_C:UserConstructionScript' ref from Metadata '/Game/TopDownBP/Blackhole/Player/TopDownController.PackageMetaData'
[2017.01.02-18.35.31:620][  5]LogMetaData: Removing '/Game/Blackhole/Player/TopDownGameMode.TopDownGameMode_C' ref from Metadata '/Game/TopDownBP/Blackhole/Player/TopDownGameMode.PackageMetaData'
[2017.01.02-18.35.31:620][  5]LogMetaData: Removing '/Game/Blackhole/Player/TopDownGameMode.TopDownGameMode_C:DefaultSceneRoot' ref from Metadata '/Game/TopDownBP/Blackhole/Player/TopDownGameMode.PackageMetaData'
[2017.01.02-18.35.31:621][  5]LogMetaData: Removing '/Game/Blackhole/Player/TopDownGameMode.TopDownGameMode_C:UserConstructionScript' ref from Metadata '/Game/TopDownBP/Blackhole/Player/TopDownGameMode.PackageMetaData'
[2017.01.02-18.35.31:621][  5]LogMetaData: Removing '/Game/Blackhole/Player/TopDownGameMode.SKEL_TopDownGameMode_C' ref from Metadata '/Game/TopDownBP/Blackhole/Player/TopDownGameMode.PackageMetaData'
[2017.01.02-18.35.31:621][  5]LogMetaData: Removing '/Game/Blackhole/Player/TopDownGameMode.SKEL_TopDownGameMode_C:DefaultSceneRoot' ref from Metadata '/Game/TopDownBP/Blackhole/Player/TopDownGameMode.PackageMetaData'
[2017.01.02-18.35.31:621][  5]LogMetaData: Removing '/Game/Blackhole/Player/TopDownGameMode.SKEL_TopDownGameMode_C:UserConstructionScript' ref from Metadata '/Game/TopDownBP/Blackhole/Player/TopDownGameMode.PackageMetaData'
[2017.01.02-18.35.31:683][  5]LogSavePackage: Save=14.18ms
[2017.01.02-18.35.31:683][  5]LogSavePackage: Moving '../../../../../../Users/UnholyShadows/Documents/Unreal Projects/BlackHole/Saved/M_Cursor_Decal9284F11E44BAA399F58A78AE8EA19E7C.tmp' to '../../../../../../Users/UnholyShadows/Documents/Unreal Projects/BlackHole/Content/Blackhole/Player/M_Cursor_Decal.uasset'
[2017.01.02-18.35.31:686][  5]LogSavePackage:Display: Finished SavePackage ../../../../../../Users/UnholyShadows/Documents/Unreal Projects/BlackHole/Content/Blackhole/Player/M_Cursor_Decal.uasset
[2017.01.02-18.35.31:771][  5]LogSavePackage: Save=64.22ms
[2017.01.02-18.35.31:771][  5]LogSavePackage: Moving '../../../../../../Users/UnholyShadows/Documents/Unreal Projects/BlackHole/Saved/TopDownCharacter3CF94C9C4D79775F929E3DAF770D9325.tmp' to '../../../../../../Users/UnholyShadows/Documents/Unreal Projects/BlackHole/Content/Blackhole/Player/TopDownCharacter.uasset'
[2017.01.02-18.35.31:774][  5]LogSavePackage:Display: Finished SavePackage ../../../../../../Users/UnholyShadows/Documents/Unreal Projects/BlackHole/Content/Blackhole/Player/TopDownCharacter.uasset
[2017.01.02-18.35.31:779][  5]Cmd: OBJ SAVEPACKAGE PACKAGE="/Game/Blackhole/Enemies/LightRay" FILE="../../../../../../Users/UnholyShadows/Documents/Unreal Projects/BlackHole/Content/Blackhole/Enemies/LightRay.uasset" SILENT=true
[2017.01.02-18.35.31:786][  5]LogSavePackage: Save=5.24ms
[2017.01.02-18.35.31:786][  5]LogSavePackage: Moving '../../../../../../Users/UnholyShadows/Documents/Unreal Projects/BlackHole/Saved/LightRayA3CFC35D4DFDEDE6F5A6F8ADF6128E8D.tmp' to '../../../../../../Users/UnholyShadows/Documents/Unreal Projects/BlackHole/Content/Blackhole/Enemies/LightRay.uasset'
[2017.01.02-18.35.31:788][  5]LogSavePackage:Display: Finished SavePackage ../../../../../../Users/UnholyShadows/Documents/Unreal Projects/BlackHole/Content/Blackhole/Enemies/LightRay.uasset
[2017.01.02-18.35.31:815][  5]Cmd: OBJ SAVEPACKAGE PACKAGE="/Game/Blackhole/Enemies/A_WLight" FILE="../../../../../../Users/UnholyShadows/Documents/Unreal Projects/BlackHole/Content/Blackhole/Enemies/A_WLight.uasset" SILENT=true
[2017.01.02-18.35.31:829][  5]LogSavePackage: Save=12.58ms
[2017.01.02-18.35.31:829][  5]LogSavePackage: Moving '../../../../../../Users/UnholyShadows/Documents/Unreal Projects/BlackHole/Saved/A_WLight2D3B0F24418DB7F381831E93691F7CA5.tmp' to '../../../../../../Users/UnholyShadows/Documents/Unreal Projects/BlackHole/Content/Blackhole/Enemies/A_WLight.uasset'
[2017.01.02-18.35.31:833][  5]LogSavePackage:Display: Finished SavePackage ../../../../../../Users/UnholyShadows/Documents/Unreal Projects/BlackHole/Content/Blackhole/Enemies/A_WLight.uasset
[2017.01.02-18.35.31:842][  5]Cmd: OBJ SAVEPACKAGE PACKAGE="/Game/Blackhole/Enemies/Light" FILE="../../../../../../Users/UnholyShadows/Documents/Unreal Projects/BlackHole/Content/Blackhole/Enemies/Light.uasset" SILENT=true
[2017.01.02-18.35.31:854][  5]LogSavePackage: Save=9.44ms
[2017.01.02-18.35.31:854][  5]LogSavePackage: Moving '../../../../../../Users/UnholyShadows/Documents/Unreal Projects/BlackHole/Saved/Light60EE08AE4021675EB5CE0C8B4B8AB7AB.tmp' to '../../../../../../Users/UnholyShadows/Documents/Unreal Projects/BlackHole/Content/Blackhole/Enemies/Light.uasset'
[2017.01.02-18.35.31:856][  5]LogSavePackage:Display: Finished SavePackage ../../../../../../Users/UnholyShadows/Documents/Unreal Projects/BlackHole/Content/Blackhole/Enemies/Light.uasset
[2017.01.02-18.35.31:860][  5]Cmd: OBJ SAVEPACKAGE PACKAGE="/Game/Blackhole/Enemies/A_Enemy" FILE="../../../../../../Users/UnholyShadows/Documents/Unreal Projects/BlackHole/Content/Blackhole/Enemies/A_Enemy.uasset" SILENT=true
[2017.01.02-18.35.31:891][  5]LogSavePackage: Save=27.63ms
[2017.01.02-18.35.31:891][  5]LogSavePackage: Moving '../../../../../../Users/UnholyShadows/Documents/Unreal Projects/BlackHole/Saved/A_EnemyDD19C4F6486B410BE3D8EF99EA05AB08.tmp' to '../../../../../../Users/UnholyShadows/Documents/Unreal Projects/BlackHole/Content/Blackhole/Enemies/A_Enemy.uasset'
[2017.01.02-18.35.31:894][  5]LogSavePackage:Display: Finished SavePackage ../../../../../../Users/UnholyShadows/Documents/Unreal Projects/BlackHole/Content/Blackhole/Enemies/A_Enemy.uasset
[2017.01.02-18.35.31:919][  5]LogSavePackage: Save=18.11ms
[2017.01.02-18.35.31:919][  5]LogSavePackage: Moving '../../../../../../Users/UnholyShadows/Documents/Unreal Projects/BlackHole/Saved/GenericSpawner7E2C02934195A100F9BAB091F18BCAF1.tmp' to '../../../../../../Users/UnholyShadows/Documents/Unreal Projects/BlackHole/Content/Blackhole/Spawners/GenericSpawner.uasset'
[2017.01.02-18.35.31:922][  5]LogSavePackage:Display: Finished SavePackage ../../../../../../Users/UnholyShadows/Documents/Unreal Projects/BlackHole/Content/Blackhole/Spawners/GenericSpawner.uasset
[2017.01.02-18.35.31:942][  5]LogSavePackage: Save=5.97ms
[2017.01.02-18.35.31:942][  5]LogSavePackage: Moving '../../../../../../Users/UnholyShadows/Documents/Unreal Projects/BlackHole/Saved/GenericSpawner6CCD343E4E8E8190187A198129F0E34C.tmp' to '../../../../../../Users/UnholyShadows/Documents/Unreal Projects/BlackHole/Content/TopDownBP/Blackhole/Spawners/GenericSpawner.uasset'
[2017.01.02-18.35.31:946][  5]LogSavePackage:Display: Finished SavePackage ../../../../../../Users/UnholyShadows/Documents/Unreal Projects/BlackHole/Content/TopDownBP/Blackhole/Spawners/GenericSpawner.uasset
[2017.01.02-18.35.31:994][  5]LogSavePackage: Save=40.50ms
[2017.01.02-18.35.31:994][  5]LogSavePackage: Moving '../../../../../../Users/UnholyShadows/Documents/Unreal Projects/BlackHole/Saved/TopDownController8BD82B634C78D54913B2098D868B9167.tmp' to '../../../../../../Users/UnholyShadows/Documents/Unreal Projects/BlackHole/Content/Blackhole/Player/TopDownController.uasset'
[2017.01.02-18.35.31:997][  5]LogSavePackage:Display: Finished SavePackage ../../../../../../Users/UnholyShadows/Documents/Unreal Projects/BlackHole/Content/Blackhole/Player/TopDownController.uasset
[2017.01.02-18.35.32:013][  5]LogSavePackage: Save=9.81ms
[2017.01.02-18.35.32:013][  5]LogSavePackage: Moving '../../../../../../Users/UnholyShadows/Documents/Unreal Projects/BlackHole/Saved/TopDownGameModeA0B850854ECD8EDACA468C981A088AD7.tmp' to '../../../../../../Users/UnholyShadows/Documents/Unreal Projects/BlackHole/Content/Blackhole/Player/TopDownGameMode.uasset'
[2017.01.02-18.35.32:016][  5]LogSavePackage:Display: Finished SavePackage ../../../../../../Users/UnholyShadows/Documents/Unreal Projects/BlackHole/Content/Blackhole/Player/TopDownGameMode.uasset
[2017.01.02-18.35.32:031][  5]Cmd: OBJ SAVEPACKAGE PACKAGE="/Game/Blackhole/Enemies/A_Light" FILE="../../../../../../Users/UnholyShadows/Documents/Unreal Projects/BlackHole/Content/Blackhole/Enemies/A_Light.uasset" SILENT=true
[2017.01.02-18.35.32:043][  5]LogSavePackage: Save=9.80ms
[2017.01.02-18.35.32:043][  5]LogSavePackage: Moving '../../../../../../Users/UnholyShadows/Documents/Unreal Projects/BlackHole/Saved/A_LightDA9CA64B466AE2B01FE51B858C8F0ED9.tmp' to '../../../../../../Users/UnholyShadows/Documents/Unreal Projects/BlackHole/Content/Blackhole/Enemies/A_Light.uasset'
[2017.01.02-18.35.32:046][  5]LogSavePackage:Display: Finished SavePackage ../../../../../../Users/UnholyShadows/Documents/Unreal Projects/BlackHole/Content/Blackhole/Enemies/A_Light.uasset
[2017.01.02-18.35.33:535][  5]LogSavePackage: Save=11.51ms
[2017.01.02-18.35.33:535][  5]LogSavePackage: Moving '../../../../../../Users/UnholyShadows/Documents/Unreal Projects/BlackHole/Saved/TopDownCharacterC1E047174EF2F3CDB037EFA289BB1638.tmp' to '../../../../../../Users/UnholyShadows/Documents/Unreal Projects/BlackHole/Content/TopDownBP/Blueprints/TopDownCharacter.uasset'
[2017.01.02-18.35.33:537][  5]LogSavePackage:Display: Finished SavePackage ../../../../../../Users/UnholyShadows/Documents/Unreal Projects/BlackHole/Content/TopDownBP/Blueprints/TopDownCharacter.uasset
[2017.01.02-18.35.33:554][  5]LogSavePackage: Save=6.13ms
[2017.01.02-18.35.33:554][  5]LogSavePackage: Moving '../../../../../../Users/UnholyShadows/Documents/Unreal Projects/BlackHole/Saved/Enemy4701988843697CA94F9FFD9E7228C0D1.tmp' to '../../../../../../Users/UnholyShadows/Documents/Unreal Projects/BlackHole/Content/TopDownBP/Blackhole/Enemies/Enemy.uasset'
[2017.01.02-18.35.33:556][  5]LogSavePackage:Display: Finished SavePackage ../../../../../../Users/UnholyShadows/Documents/Unreal Projects/BlackHole/Content/TopDownBP/Blackhole/Enemies/Enemy.uasset
[2017.01.02-18.35.33:572][  5]LogSavePackage: Save=7.17ms
[2017.01.02-18.35.33:572][  5]LogSavePackage: Moving '../../../../../../Users/UnholyShadows/Documents/Unreal Projects/BlackHole/Saved/TopDownGameModeFA05BA064B5140BFB94456B5CC844C2F.tmp' to '../../../../../../Users/UnholyShadows/Documents/Unreal Projects/BlackHole/Content/TopDownBP/Blueprints/TopDownGameMode.uasset'
[2017.01.02-18.35.33:574][  5]LogSavePackage:Display: Finished SavePackage ../../../../../../Users/UnholyShadows/Documents/Unreal Projects/BlackHole/Content/TopDownBP/Blueprints/TopDownGameMode.uasset
[2017.01.02-18.36.14:584][947]LogActorComponent: UnregisterComponent: (/Engine/Transient.EditorFloorComp) Not registered. Aborting.
[2017.01.02-18.36.14:649][947]LogWindowsTextInputMethodSystem:Display: IME system now deactivated.
[2017.01.02-18.36.14:650][947]LogWindowsTextInputMethodSystem:Display: IME system now deactivated.
[2017.01.02-18.36.14:925][948]Cmd: QUIT_EDITOR
[2017.01.02-18.36.15:094][948]LogExit: Preparing to exit.
[2017.01.02-18.36.16:472][948]LogExit: Editor shut down
[2017.01.02-18.36.16:475][948]LogExit: Transaction tracking system shut down
[2017.01.02-18.36.16:997][948]LogObj: Freed 0b from 0 cluster array pools.
[2017.01.02-18.36.17:003][948]LogExit: Object subsystem successfully closed.
[2017.01.02-18.36.17:124][948]LogD3D11RHI: Shutdown
[2017.01.02-18.36.17:124][948]LogD3D11RHI: CleanupD3DDevice
[2017.01.02-18.36.17:332][948]LogD3D11RHI: ~FD3D11DynamicRHI
[2017.01.02-18.36.17:438][948]LogModuleManager: Shutting down and abandoning module BlueprintGraph (215)
[2017.01.02-18.36.17:438][948]LogModuleManager: Shutting down and abandoning module MovieSceneCapture (214)
[2017.01.02-18.36.17:438][948]LogModuleManager: Shutting down and abandoning module HierarchicalLODOutliner (213)
[2017.01.02-18.36.17:439][948]LogModuleManager: Shutting down and abandoning module CrashTracker (212)
[2017.01.02-18.36.17:439][948]LogModuleManager: Shutting down and abandoning module SceneOutliner (211)
[2017.01.02-18.36.17:439][948]LogModuleManager: Shutting down and abandoning module WidgetCarousel (210)
[2017.01.02-18.36.17:440][948]LogModuleManager: Shutting down and abandoning module AddContentDialog (209)
[2017.01.02-18.36.17:460][948]LogModuleManager: Shutting down and abandoning module GameplayTags (208)
[2017.01.02-18.36.17:460][948]LogModuleManager: Shutting down and abandoning module EditorWidgets (207)
[2017.01.02-18.36.17:460][948]LogModuleManager: Shutting down and abandoning module CollectionManager (206)
[2017.01.02-18.36.17:462][948]LogModuleManager: Shutting down and abandoning module StatsViewer (205)
[2017.01.02-18.36.17:464][948]LogModuleManager: Shutting down and abandoning module FoliageEdit (204)
[2017.01.02-18.36.17:464][948]LogModuleManager: Shutting down and abandoning module LandscapeEditor (203)
[2017.01.02-18.36.17:466][948]LogModuleManager: Shutting down and abandoning module SceneDepthPickerMode (202)
[2017.01.02-18.36.17:466][948]LogModuleManager: Shutting down and abandoning module ActorPickerMode (201)
[2017.01.02-18.36.17:466][948]LogModuleManager: Shutting down and abandoning module GeometryMode (200)
[2017.01.02-18.36.17:466][948]LogModuleManager: Shutting down and abandoning module TextureAlignMode (199)
[2017.01.02-18.36.17:466][948]LogModuleManager: Shutting down and abandoning module BspMode (198)
[2017.01.02-18.36.17:466][948]LogModuleManager: Shutting down and abandoning module HardwareSurvey (197)
[2017.01.02-18.36.17:467][948]LogModuleManager: Shutting down and abandoning module SequenceRecorderSections (196)
[2017.01.02-18.36.17:467][948]LogModuleManager: Shutting down and abandoning module SequenceRecorder (195)
[2017.01.02-18.36.17:467][948]LogModuleManager: Shutting down and abandoning module AutomationWorker (194)
[2017.01.02-18.36.17:467][948]LogModuleManager: Shutting down and abandoning module MatineeToLevelSequence (193)
[2017.01.02-18.36.17:467][948]LogModuleManager: Shutting down and abandoning module PlacementMode (192)
[2017.01.02-18.36.17:468][948]LogModuleManager: Shutting down and abandoning module LevelSequenceEditor (191)
[2017.01.02-18.36.17:470][948]LogModuleManager: Shutting down and abandoning module CharacterAI (190)
[2017.01.02-18.36.17:471][948]LogModuleManager: Shutting down and abandoning module SmartSnapping (189)
[2017.01.02-18.36.17:471][948]LogModuleManager: Shutting down and abandoning module SessionServices (188)
[2017.01.02-18.36.17:471][948]LogModuleManager: Shutting down and abandoning module ViewportSnapping (187)
[2017.01.02-18.36.17:471][948]LogModuleManager: Shutting down and abandoning module LogVisualizer (186)
[2017.01.02-18.36.17:474][948]LogModuleManager: Shutting down and abandoning module GameProjectGeneration (185)
[2017.01.02-18.36.17:476][948]LogModuleManager: Shutting down and abandoning module IntroTutorials (184)
[2017.01.02-18.36.17:477][948]LogModuleManager: Shutting down and abandoning module EditorLiveStreaming (183)
[2017.01.02-18.36.17:477][948]LogModuleManager: Shutting down and abandoning module IOSPlatformEditor (182)
[2017.01.02-18.36.17:478][948]LogModuleManager: Shutting down and abandoning module HTML5PlatformEditor (181)
[2017.01.02-18.36.17:478][948]LogModuleManager: Shutting down and abandoning module AndroidDeviceDetection (180)
[2017.01.02-18.36.17:594][948]LogModuleManager: Shutting down and abandoning module AndroidPlatformEditor (179)
[2017.01.02-18.36.17:594][948]LogModuleManager: Shutting down and abandoning module IOSRuntimeSettings (178)
[2017.01.02-18.36.17:594][948]LogModuleManager: Shutting down and abandoning module AndroidRuntimeSettings (177)
[2017.01.02-18.36.17:594][948]LogModuleManager: Shutting down and abandoning module MergeActors (176)
[2017.01.02-18.36.17:595][948]LogModuleManager: Shutting down and abandoning module SizeMap (175)
[2017.01.02-18.36.17:595][948]LogModuleManager: Shutting down and abandoning module TreeMap (174)
[2017.01.02-18.36.17:596][948]LogModuleManager: Shutting down and abandoning module ReferenceViewer (173)
[2017.01.02-18.36.17:596][948]LogModuleManager: Shutting down and abandoning module LocalizationService (172)
[2017.01.02-18.36.17:597][948]LogModuleManager: Shutting down and abandoning module LocalizationDashboard (171)
[2017.01.02-18.36.17:599][948]LogModuleManager: Shutting down and abandoning module HardwareTargeting (170)
[2017.01.02-18.36.17:600][948]LogModuleManager: Shutting down and abandoning module DeviceProfileEditor (169)
[2017.01.02-18.36.17:601][948]LogModuleManager: Shutting down and abandoning module UndoHistory (168)
[2017.01.02-18.36.17:602][948]LogModuleManager: Shutting down and abandoning module UserFeedback (167)
[2017.01.02-18.36.17:602][948]LogModuleManager: Shutting down and abandoning module XmlParser (166)
[2017.01.02-18.36.17:602][948]LogModuleManager: Shutting down and abandoning module Blutility (165)
[2017.01.02-18.36.17:602][948]LogModuleManager: Shutting down and abandoning module ProjectTargetPlatformEditor (164)
[2017.01.02-18.36.17:604][948]LogModuleManager: Shutting down and abandoning module ProjectSettingsViewer (163)
[2017.01.02-18.36.17:605][948]LogModuleManager: Shutting down and abandoning module InputBindingEditor (162)
[2017.01.02-18.36.17:607][948]LogModuleManager: Shutting down and abandoning module EditorSettingsViewer (161)
[2017.01.02-18.36.17:608][948]LogModuleManager: Shutting down and abandoning module SettingsEditor (160)
[2017.01.02-18.36.17:610][948]LogModuleManager: Shutting down and abandoning module ProjectLauncher (159)
[2017.01.02-18.36.17:612][948]LogModuleManager: Shutting down and abandoning module SessionFrontend (158)
[2017.01.02-18.36.17:614][948]LogModuleManager: Shutting down and abandoning module ProfilerClient (157)
[2017.01.02-18.36.17:616][948]LogModuleManager: Shutting down and abandoning module TargetDeviceServices (156)
[2017.01.02-18.36.17:616][948]LogModuleManager: Shutting down and abandoning module DeviceManager (155)
[2017.01.02-18.36.17:661][948]LogModuleManager: Shutting down and abandoning module AutomationController (154)
[2017.01.02-18.36.17:662][948]LogModuleManager: Shutting down and abandoning module AutomationWindow (153)
[2017.01.02-18.36.17:665][948]LogModuleManager: Shutting down and abandoning module Layers (152)
[2017.01.02-18.36.17:669][948]LogModuleManager: Shutting down and abandoning module ComponentVisualizers (151)
[2017.01.02-18.36.17:669][948]LogModuleManager: Shutting down and abandoning module DetailCustomizations (150)
[2017.01.02-18.36.17:671][948]LogModuleManager: Shutting down and abandoning module PackagesDialog (149)
[2017.01.02-18.36.17:672][948]LogModuleManager: Shutting down and abandoning module Persona (148)
[2017.01.02-18.36.17:676][948]LogModuleManager: Shutting down and abandoning module Kismet (147)
[2017.01.02-18.36.17:676][948]LogModuleManager: Shutting down and abandoning module GraphEditor (146)
[2017.01.02-18.36.17:676][948]LogModuleManager: Shutting down and abandoning module ClassViewer (145)
[2017.01.02-18.36.17:676][948]LogModuleManager: Shutting down and abandoning module Toolbox (144)
[2017.01.02-18.36.17:677][948]LogModuleManager: Shutting down and abandoning module ModuleUI (143)
[2017.01.02-18.36.17:687][948]LogModuleManager: Shutting down and abandoning module MovieSceneTools (142)
[2017.01.02-18.36.17:688][948]LogModuleManager: Shutting down and abandoning module OutputLog (141)
[2017.01.02-18.36.17:696][948]LogModuleManager: Shutting down and abandoning module GammaUI (140)
[2017.01.02-18.36.17:697][948]LogModuleManager: Shutting down and abandoning module Documentation (139)
[2017.01.02-18.36.17:697][948]LogModuleManager: Shutting down and abandoning module StreamingPauseRendering (138)
[2017.01.02-18.36.17:697][948]LogModuleManager: Shutting down and abandoning module AnalyticsET (137)
[2017.01.02-18.36.17:697][948]LogModuleManager: Shutting down and abandoning module Analytics (136)
[2017.01.02-18.36.17:697][948]LogModuleManager: Shutting down and abandoning module PortalServices (135)
[2017.01.02-18.36.17:697][948]LogModuleManager: Shutting down and abandoning module PortalRpc (134)
[2017.01.02-18.36.17:697][948]LogModuleManager: Shutting down and abandoning module MessagingRpc (133)
[2017.01.02-18.36.17:697][948]LogModuleManager: Shutting down and abandoning module GameplayDebugger (132)
[2017.01.02-18.36.17:697][948]LogModuleManager: Shutting down and abandoning module AITestSuite (131)
[2017.01.02-18.36.17:698][948]LogModuleManager: Shutting down and abandoning module AIModule (130)
[2017.01.02-18.36.17:698][948]LogModuleManager: Shutting down and abandoning module ProfilerService (129)
[2017.01.02-18.36.17:918][948]LogModuleManager: Shutting down and abandoning module TaskGraph (128)
[2017.01.02-18.36.17:921][948]LogModuleManager: Shutting down and abandoning module SlateRemote (127)
[2017.01.02-18.36.17:921][948]LogModuleManager: Shutting down and abandoning module SteamVRController (126)
[2017.01.02-18.36.17:921][948]LogModuleManager: Shutting down and abandoning module SteamVR (125)
[2017.01.02-18.36.17:921][948]LogModuleManager: Shutting down and abandoning module ProceduralMeshComponent (124)
[2017.01.02-18.36.17:921][948]LogModuleManager: Shutting down and abandoning module OculusLibrary (123)
[2017.01.02-18.36.17:921][948]LogModuleManager: Shutting down and abandoning module OculusInput (122)
[2017.01.02-18.36.17:921][948]LogModuleManager: Shutting down and abandoning module CustomMeshComponent (121)
[2017.01.02-18.36.17:922][948]LogModuleManager: Shutting down and abandoning module CableComponent (120)
[2017.01.02-18.36.17:922][948]LogModuleManager: Shutting down and abandoning module ArchVisCharacter (119)
[2017.01.02-18.36.17:922][948]LogModuleManager: Shutting down and abandoning module MediaPlayerEditor (118)
[2017.01.02-18.36.17:925][948]LogModuleManager: Shutting down and abandoning module HTML5Networking (117)
[2017.01.02-18.36.17:925][948]LogModuleManager: Shutting down and abandoning module SuperSearch (116)
[2017.01.02-18.36.17:925][948]LogModuleManager: Shutting down and abandoning module SuperSearchEditor (115)
[2017.01.02-18.36.17:925][948]LogModuleManager: Shutting down and abandoning module SpeedTreeImporter (114)
[2017.01.02-18.36.17:925][948]LogModuleManager: Shutting down and abandoning module PluginBrowser (113)
[2017.01.02-18.36.17:927][948]LogModuleManager: Shutting down and abandoning module EpicSurvey (112)
[2017.01.02-18.36.17:927][948]LogModuleManager: Shutting down and abandoning module DesktopPlatform (111)
[2017.01.02-18.36.17:928][948]LogModuleManager: Shutting down and abandoning module VisualStudioSourceCodeAccess (110)
[2017.01.02-18.36.17:928][948]LogModuleManager: Shutting down and abandoning module UObjectPlugin (109)
[2017.01.02-18.36.17:928][948]LogModuleManager: Shutting down and abandoning module SubversionSourceControl (108)
[2017.01.02-18.36.17:929][948]LogModuleManager: Shutting down and abandoning module PerforceSourceControl (107)
[2017.01.02-18.36.17:929][948]LogModuleManager: Shutting down and abandoning module SourceControl (106)
[2017.01.02-18.36.17:930][948]LogModuleManager: Shutting down and abandoning module GitSourceControl (105)
[2017.01.02-18.36.17:931][948]LogModuleManager: Shutting down and abandoning module LightPropagationVolumeEditor (104)
[2017.01.02-18.36.17:931][948]LogModuleManager: Shutting down and abandoning module PaperTiledImporter (103)
[2017.01.02-18.36.17:931][948]LogModuleManager: Shutting down and abandoning module PaperSpriteSheetImporter (102)
[2017.01.02-18.36.17:931][948]LogModuleManager: Shutting down and abandoning module MeshPaint (101)
[2017.01.02-18.36.17:932][948]LogModuleManager: Shutting down and abandoning module PixelInspectorModule (100)
[2017.01.02-18.36.17:933][948]LogModuleManager: Shutting down and abandoning module HotReload (99)
[2017.01.02-18.36.17:935][948]LogModuleManager: Shutting down and abandoning module MainFrame (98)
[2017.01.02-18.36.17:935][948]LogModuleManager: Shutting down and abandoning module LevelEditor (97)
[2017.01.02-18.36.17:938][948]LogModuleManager: Shutting down and abandoning module ContentBrowser (96)
[2017.01.02-18.36.17:942][948]LogModuleManager: Shutting down and abandoning module Paper2DEditor (95)
[2017.01.02-18.36.17:943][948]LogModuleManager: Shutting down and abandoning module UdpMessaging (94)
[2017.01.02-18.36.18:045][948]LogModuleManager: Shutting down and abandoning module LightPropagationVolumeRuntime (93)
[2017.01.02-18.36.18:045][948]LogModuleManager: Shutting down and abandoning module Paper2D (92)
[2017.01.02-18.36.18:045][948]LogModuleManager: Shutting down and abandoning module WindowsMoviePlayer (91)
[2017.01.02-18.36.18:045][948]LogModuleManager: Shutting down and abandoning module Media (90)
[2017.01.02-18.36.18:045][948]LogModuleManager: Shutting down and abandoning module WmfMedia (89)
[2017.01.02-18.36.18:046][948]LogModuleManager: Shutting down and abandoning module MediaAssets (88)
[2017.01.02-18.36.18:046][948]LogModuleManager: Shutting down and abandoning module GameLiveStreaming (87)
[2017.01.02-18.36.18:047][948]LogModuleManager: Shutting down and abandoning module GameplayTagsEditor (86)
[2017.01.02-18.36.18:047][948]LogModuleManager: Shutting down and abandoning module OnlineBlueprintSupport (85)
[2017.01.02-18.36.18:047][948]LogModuleManager: Shutting down and abandoning module VREditor (84)
[2017.01.02-18.36.18:048][948]LogModuleManager: Shutting down and abandoning module GameplayTasksEditor (83)
[2017.01.02-18.36.18:048][948]LogModuleManager: Shutting down and abandoning module PropertyEditor (82)
[2017.01.02-18.36.18:048][948]LogModuleManager: Shutting down and abandoning module BehaviorTreeEditor (81)
[2017.01.02-18.36.18:050][948]LogModuleManager: Shutting down and abandoning module FunctionalTesting (80)
[2017.01.02-18.36.18:050][948]LogModuleManager: Shutting down and abandoning module CollisionAnalyzer (79)
[2017.01.02-18.36.18:052][948]LogModuleManager: Shutting down and abandoning module Sequencer (78)
[2017.01.02-18.36.18:054][948]LogModuleManager: Shutting down and abandoning module WorkspaceMenuStructure (77)
[2017.01.02-18.36.18:054][948]LogModuleManager: Shutting down and abandoning module MessageLog (76)
[2017.01.02-18.36.18:054][948]LogModuleManager: Shutting down and abandoning module AssetTools (75)
[2017.01.02-18.36.18:057][948]LogModuleManager: Shutting down and abandoning module UMGEditor (74)
[2017.01.02-18.36.18:060][948]LogModuleManager: Shutting down and abandoning module UMG (73)
[2017.01.02-18.36.18:062][948]LogModuleManager: Shutting down and abandoning module SlateReflector (72)
[2017.01.02-18.36.18:065][948]LogModuleManager: Shutting down and abandoning module Slate (71)
[2017.01.02-18.36.18:066][948]LogModuleManager: Shutting down and abandoning module EditorStyle (70)
[2017.01.02-18.36.18:078][948]LogModuleManager: Shutting down and abandoning module SourceCodeAccess (69)
[2017.01.02-18.36.18:078][948]LogModuleManager: Shutting down and abandoning module HeadMountedDisplay (68)
[2017.01.02-18.36.18:078][948]LogModuleManager: Shutting down and abandoning module XAudio2 (67)
[2017.01.02-18.36.18:078][948]LogModuleManager: Shutting down and abandoning module Networking (65)
[2017.01.02-18.36.18:078][948]LogModuleManager: Shutting down and abandoning module Core (64)
[2017.01.02-18.36.18:078][948]LogModuleManager: Shutting down and abandoning module DirectoryWatcher (63)
[2017.01.02-18.36.18:092][948]LogModuleManager: Shutting down and abandoning module AssetRegistry (62)
[2017.01.02-18.36.18:295][948]LogModuleManager: Shutting down and abandoning module KismetCompiler (61)
[2017.01.02-18.36.18:295][948]LogModuleManager: Shutting down and abandoning module PhysXFormats (60)
[2017.01.02-18.36.18:295][948]LogModuleManager: Shutting down and abandoning module MeshUtilities (59)
[2017.01.02-18.36.18:295][948]LogModuleManager: Shutting down and abandoning module DerivedDataCache (58)
[2017.01.02-18.36.18:384][948]LogDerivedDataCache: Shutdown
[2017.01.02-18.36.18:384][948]LogModuleManager: Shutting down and abandoning module VulkanShaderFormat (57)
[2017.01.02-18.36.18:385][948]LogModuleManager: Shutting down and abandoning module ShaderFormatOpenGL (56)
[2017.01.02-18.36.18:386][948]LogModuleManager: Shutting down and abandoning module ShaderFormatD3D (55)
[2017.01.02-18.36.18:387][948]LogModuleManager: Shutting down and abandoning module MetalShaderFormat (54)
[2017.01.02-18.36.18:388][948]LogModuleManager: Shutting down and abandoning module TextureFormatUncompressed (53)
[2017.01.02-18.36.18:388][948]LogModuleManager: Shutting down and abandoning module TextureFormatPVR (52)
[2017.01.02-18.36.18:388][948]LogModuleManager: Shutting down and abandoning module TextureFormatIntelISPCTexComp (51)
[2017.01.02-18.36.18:389][948]LogModuleManager: Shutting down and abandoning module TextureFormatDXT (50)
[2017.01.02-18.36.18:389][948]LogModuleManager: Shutting down and abandoning module ImageWrapper (49)
[2017.01.02-18.36.18:389][948]LogModuleManager: Shutting down and abandoning module TextureFormatASTC (48)
[2017.01.02-18.36.18:389][948]LogModuleManager: Shutting down and abandoning module TextureFormatAndroid (47)
[2017.01.02-18.36.18:389][948]LogModuleManager: Shutting down and abandoning module AudioFormatOpus (46)
[2017.01.02-18.36.18:389][948]LogModuleManager: Shutting down and abandoning module AudioFormatOgg (45)
[2017.01.02-18.36.18:389][948]LogModuleManager: Shutting down and abandoning module AudioFormatADPCM (44)
[2017.01.02-18.36.18:389][948]LogModuleManager: Shutting down and abandoning module LinuxTargetPlatform (43)
[2017.01.02-18.36.18:389][948]LogModuleManager: Shutting down and abandoning module LinuxServerTargetPlatform (42)
[2017.01.02-18.36.18:389][948]LogModuleManager: Shutting down and abandoning module LinuxNoEditorTargetPlatform (41)
[2017.01.02-18.36.18:389][948]LogModuleManager: Shutting down and abandoning module TVOSTargetPlatform (40)
[2017.01.02-18.36.18:390][948]LogModuleManager: Shutting down and abandoning module Messaging (39)
[2017.01.02-18.36.18:390][948]LogModuleManager: Shutting down and abandoning module IOSTargetPlatform (38)
[2017.01.02-18.36.18:390][948]LogModuleManager: Shutting down and abandoning module HTML5TargetPlatform (37)
[2017.01.02-18.36.18:390][948]LogModuleManager: Shutting down and abandoning module Android_PVRTCTargetPlatform (36)
[2017.01.02-18.36.18:390][948]LogModuleManager: Shutting down and abandoning module Android_MultiTargetPlatform (35)
[2017.01.02-18.36.18:391][948]LogModuleManager: Shutting down and abandoning module Android_ETC2TargetPlatform (34)
[2017.01.02-18.36.18:391][948]LogModuleManager: Shutting down and abandoning module Android_ETC1TargetPlatform (33)
[2017.01.02-18.36.18:391][948]LogModuleManager: Shutting down and abandoning module Android_DXTTargetPlatform (32)
[2017.01.02-18.36.18:391][948]LogModuleManager: Shutting down and abandoning module Android_ATCTargetPlatform (31)
[2017.01.02-18.36.18:391][948]LogModuleManager: Shutting down and abandoning module Android_ASTCTargetPlatform (30)
[2017.01.02-18.36.18:391][948]LogModuleManager: Shutting down and abandoning module AndroidTargetPlatform (29)
[2017.01.02-18.36.18:391][948]LogModuleManager: Shutting down and abandoning module WindowsTargetPlatform (28)
[2017.01.02-18.36.18:391][948]LogModuleManager: Shutting down and abandoning module WindowsServerTargetPlatform (27)
[2017.01.02-18.36.18:391][948]LogModuleManager: Shutting down and abandoning module WindowsNoEditorTargetPlatform (26)
[2017.01.02-18.36.18:392][948]LogModuleManager: Shutting down and abandoning module WindowsClientTargetPlatform (25)
[2017.01.02-18.36.18:392][948]LogModuleManager: Shutting down and abandoning module AllDesktopTargetPlatform (24)
[2017.01.02-18.36.18:392][948]LogModuleManager: Shutting down and abandoning module TargetPlatform (23)
[2017.01.02-18.36.18:393][948]LogModuleManager: Shutting down and abandoning module InputCore (22)
[2017.01.02-18.36.18:393][948]LogModuleManager: Shutting down and abandoning module Settings (21)
[2017.01.02-18.36.18:393][948]LogModuleManager: Shutting down and abandoning module OnlineSubsystem (19)
[2017.01.02-18.36.18:395][948]LogModuleManager: Shutting down and abandoning module HTTP (18)
[2017.01.02-18.36.21:404][948]LogModuleManager: Shutting down and abandoning module XMPP (17)
[2017.01.02-18.36.21:406][948]LogModuleManager: Shutting down and abandoning module OculusRift (16)
[2017.01.02-18.36.21:407][948]LogModuleManager: Shutting down and abandoning module ExampleDeviceProfileSelector (15)
[2017.01.02-18.36.21:407][948]LogModuleManager: Shutting down and abandoning module TextureCompressor (14)
[2017.01.02-18.36.21:432][948]LogModuleManager: Shutting down and abandoning module ShaderCore (13)
[2017.01.02-18.36.21:432][948]LogModuleManager: Shutting down and abandoning module Landscape (12)
[2017.01.02-18.36.21:432][948]LogModuleManager: Shutting down and abandoning module SlateRHIRenderer (11)
[2017.01.02-18.36.21:437][948]LogModuleManager: Shutting down and abandoning module OpenGLDrv (10)
[2017.01.02-18.36.21:439][948]LogModuleManager: Shutting down and abandoning module D3D11RHI (9)
[2017.01.02-18.36.21:439][948]LogModuleManager: Shutting down and abandoning module AnimGraphRuntime (8)
[2017.01.02-18.36.21:439][948]LogModuleManager: Shutting down and abandoning module Renderer (7)
[2017.01.02-18.36.21:439][948]LogModuleManager: Shutting down and abandoning module Engine (6)
[2017.01.02-18.36.21:439][948]LogModuleManager: Shutting down and abandoning module CoreUObject (5)
[2017.01.02-18.36.21:439][948]LogModuleManager: Shutting down and abandoning module NetworkFile (4)
[2017.01.02-18.36.21:439][948]LogModuleManager: Shutting down and abandoning module StreamingFile (3)
[2017.01.02-18.36.21:440][948]LogModuleManager: Shutting down and abandoning module SandboxFile (2)
[2017.01.02-18.36.21:440][948]LogModuleManager: Shutting down and abandoning module PakFile (1)
[2017.01.02-18.36.21:445][948]LogExit: Exiting.
[2017.01.02-18.36.21:449][948]Log file closed, 01/02/17 10:36:21
