Log file open, 06/05/17 22:28:43
LogInit:Display: Running engine for game: BlackHole
LogPlatformFile: Not using cached read wrapper
LogInit:Display: RandInit(1665354462) SRandInit(1665354464).
LogTaskGraph: Started task graph with 4 named threads and 7 total threads with 1 sets of task threads.
LogStats: Stats thread started at 3.087049
LogInit: Version: 4.12.5-3039270+++UE4+Release-4.12
LogInit: API Version: 2992821
LogInit: Net Version: 3039270
LogDevObjectVersion: Number of dev versions registered: 13
LogDevObjectVersion:   Dev-Blueprints (B0D832E4-1F89-4F0D-ACCF-7EB736FD4AA2): 3
LogDevObjectVersion:   Dev-Build (E1C64328-A22C-4D53-A36C-8E866417BD8C): 0
LogDevObjectVersion:   Dev-Core (375EC13C-06E4-48FB-B500-84F0262A717E): 1
LogDevObjectVersion:   Dev-Editor (E4B068ED-F494-42E9-A231-DA0B2E46BB41): 2
LogDevObjectVersion:   Dev-Framework (CFFC743F-43B0-4480-9391-14DF171D2073): 6
LogDevObjectVersion:   Dev-Mobile (B02B49B5-BB20-44E9-A304-32B752E40360): 0
LogDevObjectVersion:   Dev-Networking (A4E4105C-59A1-49B5-A7C5-40C4547EDFEE): 0
LogDevObjectVersion:   Dev-Online (39C831C9-5AE6-47DC-9A44-9C173E1C8E7C): 0
LogDevObjectVersion:   Dev-Physics (78F01B33-EBEA-4F98-B9B4-84EACCB95AA2): 0
LogDevObjectVersion:   Dev-Platform (6631380F-2D4D-43E0-8009-CF276956A95A): 0
LogDevObjectVersion:   Dev-Rendering (12F88B9F-8875-4AFC-A67C-D90C383ABD29): 2
LogDevObjectVersion:   Dev-Sequencer (7B5AE74C-D270-4C10-A958-57980B212A5A): 0
LogDevObjectVersion:   Dev-VR (D7296918-1DD6-4BDD-9DE2-64A83CC13884): 0
LogInit: Compiled (64-bit): Jul  6 2016 09:09:46
LogInit: Compiled with Visual C++: 19.00.23026.00
LogInit: Build Configuration: Development
LogInit: Branch Name: ++UE4+Release-4.12
LogInit: Command line:  
LogInit: Base directory: C:/Program Files/Epic Games/4.12/Engine/Binaries/Win64/
LogInit: Installed Engine Build: 1
LogInit: Using libcurl 7.41.0
LogInit:  - built for x86_64-pc-win32
LogInit:  - supports SSL with WinSSL
LogInit:  - other features:
LogInit:      CURL_VERSION_SSL
LogInit:      CURL_VERSION_IPV6
LogInit:      CURL_VERSION_ASYNCHDNS
LogInit:      CURL_VERSION_LARGEFILE
LogInit:      CURL_VERSION_IDN
LogInit:  CurlRequestOptions (configurable via config and command line):
LogInit:  - bVerifyPeer = true  - Libcurl will verify peer certificate
LogInit:  - bUseHttpProxy = false  - Libcurl will NOT use HTTP proxy
LogInit:  - bDontReuseConnections = false  - Libcurl will reuse connections
LogInit:  - CertBundlePath = nullptr  - Libcurl will use whatever was configured at build time.
LogInit: Presizing for max 8388607 objects, including 0 objects not considered by GC, pre-allocating 0 bytes for permanent pool.
LogInit: Object subsystem initialized
[2017.06.06-05.28.43:845][  0]LogInit: Selected Device Profile: [Windows]
[2017.06.06-05.28.43:845][  0]LogInit: Applying CVar settings loaded from the selected device profile: [Windows]
[2017.06.06-05.28.43:934][  0]LogInit: Computer: GODLIKESYSTEM
[2017.06.06-05.28.43:934][  0]LogInit: User: Demonic
[2017.06.06-05.28.43:934][  0]LogInit: CPU Page size=65536, Cores=4
[2017.06.06-05.28.43:934][  0]LogInit: High frequency timer resolution =3.312851 MHz
[2017.06.06-05.28.43:935][  0]LogMemory: Memory total: Physical=8.0GB (8GB approx)
[2017.06.06-05.28.43:938][  0]LogMemory: Platform Memory Stats for Windows
[2017.06.06-05.28.43:938][  0]LogMemory: Process Physical Memory: 192.58 MB used, 192.58 MB peak
[2017.06.06-05.28.43:938][  0]LogMemory: Process Virtual Memory: 197.81 MB used, 197.81 MB peak
[2017.06.06-05.28.43:938][  0]LogMemory: Physical Memory: 6010.25 MB used, 8174.04 MB total
[2017.06.06-05.28.43:938][  0]LogMemory: Virtual Memory: 522.69 MB used, 8388608.00 MB total
[2017.06.06-05.28.45:034][  0]LogTextLocalizationManager: No specific translations for ('en-US') exist, so ('en') translations will be used.
[2017.06.06-05.28.46:499][  0]LogD3D11RHI: D3D11 adapters:
[2017.06.06-05.28.46:555][  0]LogD3D11RHI:    0. 'NVIDIA GeForce GT 440' (Feature Level 11_0)
[2017.06.06-05.28.46:555][  0]LogD3D11RHI:       1489/0/2559 MB DedicatedVideo/DedicatedSystem/SharedSystem, Outputs:1, VendorId:0x10de
[2017.06.06-05.28.46:555][  0]LogD3D11RHI: Chosen D3D11 Adapter: 0
[2017.06.06-05.28.46:567][  0]LogD3D11RHI: Creating new Direct3DDevice
[2017.06.06-05.28.46:567][  0]LogD3D11RHI:     GPU DeviceId: 0xdc0 (for the marketing name, search the web for "GPU Device Id")
[2017.06.06-05.28.46:626][  0]LogWindows: EnumDisplayDevices:
[2017.06.06-05.28.46:626][  0]LogWindows:    0. 'NVIDIA GeForce GT 440' (P:1 D:1)
[2017.06.06-05.28.46:626][  0]LogWindows:    1. 'NVIDIA GeForce GT 440' (P:0 D:0)
[2017.06.06-05.28.46:626][  0]LogWindows:    2. 'RDPDD Chained DD' (P:0 D:0)
[2017.06.06-05.28.46:626][  0]LogWindows:    3. 'RDP Encoder Mirror Driver' (P:0 D:0)
[2017.06.06-05.28.46:626][  0]LogWindows:    4. 'RDP Reflector Display Driver' (P:0 D:0)
[2017.06.06-05.28.46:626][  0]LogWindows: DebugString: GetVideoDriverDetailsInvalid PrimaryIsNotTheChoosenAdapter GetVideoDriverDetailsInvalid PrimaryIsNotTheChoosenAdapter GetVideoDriverDetailsInvalid PrimaryIsNotTheChoosenAdapter FoundDriverCount:2 
[2017.06.06-05.28.46:626][  0]LogD3D11RHI:     Adapter Name: NVIDIA GeForce GT 440
[2017.06.06-05.28.46:626][  0]LogD3D11RHI:   Driver Version: 364.72 (internal:10.18.13.6472, unified:364.72)
[2017.06.06-05.28.46:626][  0]LogD3D11RHI:      Driver Date: 3-21-2016
[2017.06.06-05.28.46:626][  0]LogRHI: Texture pool is 1042 MB (70% of 1489 MB)
[2017.06.06-05.28.46:635][  0]LogD3D11RHI: Async texture creation enabled
[2017.06.06-05.28.46:831][  0]LogD3D11RHI: GPU Timing Frequency: 1000.000000 (Debug: 2 2)
[2017.06.06-05.28.46:905][  0]LogShaderCompilers: Guid format shader working directory is -2 characters bigger than the processId version (../../../../../../Users/Demonic/Desktop/Blackhole/Intermediate/Shaders/WorkingDirectory/10564/).
[2017.06.06-05.28.46:905][  0]LogShaderCompilers: Cleaned the shader compiler working directory 'C:/Users/Demonic/AppData/Local/Temp/UnrealShaderWorkingDir/56EAB58B42E69633AE34AD8371088AE5/'.
[2017.06.06-05.28.46:910][  0]LogShaderCompilers:Display: Using Local Shader Compiler.
[2017.06.06-05.28.53:555][  0]LogTemp:Display: Loaded TP AllDesktopTargetPlatform
[2017.06.06-05.28.53:584][  0]LogTemp:Display: Loaded TP WindowsClientTargetPlatform
[2017.06.06-05.28.53:620][  0]LogTemp:Display: Loaded TP WindowsNoEditorTargetPlatform
[2017.06.06-05.28.53:652][  0]LogTemp:Display: Loaded TP WindowsServerTargetPlatform
[2017.06.06-05.28.53:687][  0]LogTemp:Display: Loaded TP WindowsTargetPlatform
[2017.06.06-05.28.53:725][  0]LogTemp:Display: Loaded TP AndroidTargetPlatform
[2017.06.06-05.28.53:755][  0]LogTemp:Display: Loaded TP Android_ASTCTargetPlatform
[2017.06.06-05.28.53:795][  0]LogTemp:Display: Loaded TP Android_ATCTargetPlatform
[2017.06.06-05.28.53:814][  0]LogTemp:Display: Loaded TP Android_DXTTargetPlatform
[2017.06.06-05.28.53:837][  0]LogTemp:Display: Loaded TP Android_ETC1TargetPlatform
[2017.06.06-05.28.53:856][  0]LogTemp:Display: Loaded TP Android_ETC2TargetPlatform
[2017.06.06-05.28.53:891][  0]LogTemp:Display: Loaded TP Android_MultiTargetPlatform
[2017.06.06-05.28.53:891][  0]LogTemp:Display: Loaded TP Android_PVRTCTargetPlatform
[2017.06.06-05.28.53:905][  0]LogTemp:Display: Loaded TP HTML5TargetPlatform
[2017.06.06-05.28.53:993][  0]LogTemp:Display: Loaded TP IOSTargetPlatform
[2017.06.06-05.28.54:001][  0]LogTemp:Display: Loaded TP TVOSTargetPlatform
[2017.06.06-05.28.54:026][  0]LogTemp:Display: Loaded TP LinuxNoEditorTargetPlatform
[2017.06.06-05.28.54:045][  0]LogTemp:Display: Loaded TP LinuxServerTargetPlatform
[2017.06.06-05.28.54:083][  0]LogTemp:Display: Loaded TP LinuxTargetPlatform
[2017.06.06-05.28.54:084][  0]LogTargetPlatformManager:Display: Building Assets For Windows
[2017.06.06-05.28.54:685][  0]LogDerivedDataCache:Display: Max Cache Size: 512 MB
[2017.06.06-05.28.55:420][  0]LogDerivedDataCache: Loaded boot cache 0.72s 48MB C:/Users/Demonic/AppData/Local/UnrealEngine/4.12/DerivedDataCache/Boot.ddc.
[2017.06.06-05.28.55:421][  0]LogDerivedDataCache:Display: Loaded Boot cache: C:/Users/Demonic/AppData/Local/UnrealEngine/4.12/DerivedDataCache/Boot.ddc
[2017.06.06-05.28.55:421][  0]LogDerivedDataCache: FDerivedDataBackendGraph:  Pak pak cache file ../../../../../../Users/Demonic/Desktop/Blackhole/DerivedDataCache/DDC.ddp not found, will not use a pak cache.
[2017.06.06-05.28.55:421][  0]LogDerivedDataCache: Unable to find inner node Pak for hierarchical cache Hierarchy.
[2017.06.06-05.28.55:421][  0]LogDerivedDataCache: FDerivedDataBackendGraph:  CompressedPak pak cache file ../../../../../../Users/Demonic/Desktop/Blackhole/DerivedDataCache/Compressed.ddp not found, will not use a pak cache.
[2017.06.06-05.28.55:421][  0]LogDerivedDataCache: Unable to find inner node CompressedPak for hierarchical cache Hierarchy.
[2017.06.06-05.28.55:484][  0]LogDerivedDataCache:Display: Pak cache opened for reading ../../../Engine/DerivedDataCache/Compressed.ddp.
[2017.06.06-05.28.55:529][  0]LogDerivedDataCache: Using Local data cache path C:/Users/Demonic/AppData/Local/UnrealEngine/Common/DerivedDataCache: Writable
[2017.06.06-05.29.02:851][  0]LogInit: Selected Device Profile: [Windows]
[2017.06.06-05.29.03:046][  0]LogContentStreaming: Texture pool size is 0.00 MB
[2017.06.06-05.29.05:958][  0]LogMeshUtilities: No automatic mesh reduction module available
[2017.06.06-05.29.05:958][  0]LogMeshUtilities: No automatic mesh merging module available
[2017.06.06-05.29.05:958][  0]LogMeshUtilities: No distributed automatic mesh merging module available
[2017.06.06-05.29.12:422][  0]LogAssetRegistry: FAssetRegistry took 0.0314 seconds to start up
[2017.06.06-05.29.12:833][  0]LogPackageLocalizationCache: Processed 3 localized package path(s) for 2 prioritized culture(s) in 0.324147 seconds
[2017.06.06-05.29.12:960][  0]LogUObjectArray: 28739 objects as part of root set at end of initial load.
[2017.06.06-05.29.12:960][  0]LogUObjectAllocator: 5855624 out of 0 bytes used by permanent object pool.
[2017.06.06-05.29.12:960][  0]LogUObjectArray: CloseDisregardForGC: 0/0 objects in disregard for GC pool
[2017.06.06-05.29.13:108][  0]LogInit: WinSock: version 1.1 (2.2), MaxSocks=32767, MaxUdp=65467
[2017.06.06-05.29.21:526][  0]LogSlate: SlateFontCache - WITH_FREETYPE: 1, WITH_HARFBUZZ: 1
[2017.06.06-05.29.21:526][  0]LogSlate: SlateFontCache - WITH_FREETYPE: 1, WITH_HARFBUZZ: 1
[2017.06.06-05.29.41:285][  0]LogUdpMessaging: Initializing bridge on interface 0.0.0.0:0 to multicast group 230.0.0.1:6666.
[2017.06.06-05.29.43:273][  0]SourceControl: Info Source control is disabled
[2017.06.06-05.29.43:340][  0]SourceControl: Info Source control is disabled
[2017.06.06-05.29.43:441][  0]SourceControl: Info Source control is disabled
[2017.06.06-05.29.43:525][  0]SourceControl: Info Source control is disabled
[2017.06.06-05.29.44:082][  0]LogLinker:Warning: Can't find file '/Game/TopDownCPP/TopDownOverview'
[2017.06.06-05.29.44:082][  0]LogLinker:Warning: Can't find file '/Game/TopDownCPP/TopDownOverview'
[2017.06.06-05.29.44:082][  0]LogUObjectGlobals:Warning: Failed to find object 'Class /Game/TopDownCPP/TopDownOverview.TopDownOverview_C'
[2017.06.06-05.29.45:285][  0]LogEngine: Initializing Engine...
[2017.06.06-05.29.45:365][  0]LogHMD: SteamVR failed to initialize.  Err: 110
[2017.06.06-05.29.45:367][  0]LogHMD: SteamVR failed to initialize.  Err: 110
[2017.06.06-05.29.46:741][  0]LogAIModule: Creating AISystem for world NewWorld
[2017.06.06-05.29.46:866][  0]LogInit: XAudio2 using 'Speakers (USB  AUDIO  )' : 2 channels at 48 kHz using 16 bits per sample (channel mask 0x3)
[2017.06.06-05.29.46:894][  0]LogInit: FAudioDevice initialized.
[2017.06.06-05.29.46:917][  0]LogDerivedDataCache: Saved boot cache 0.02s 48MB C:/Users/Demonic/AppData/Local/UnrealEngine/4.12/DerivedDataCache/Boot.ddc.
[2017.06.06-05.29.46:925][  0]LogInit: Texture streaming: Enabled
[2017.06.06-05.29.47:143][  0]LogInit: Transaction tracking system initialized
[2017.06.06-05.29.47:451][  0]BlueprintLog: New page: Editor Load
[2017.06.06-05.29.48:739][  0]LocalizationService: Info Localization service is disabled
[2017.06.06-05.29.49:607][  0]LogConsoleResponse:Display: 
[2017.06.06-05.29.53:931][  0]LogFileCache: Scanning file cache for directory 'C:/Users/Demonic/Desktop/Blackhole/Content/' took 0.04s
[2017.06.06-05.29.53:931][  0]LogCook:Display: Max memory allowance for cook 8192mb
[2017.06.06-05.29.53:931][  0]LogCook:Display: Mobile HDR setting 0
[2017.06.06-05.29.57:284][  0]SourceControl: Info Source control is disabled
[2017.06.06-05.29.57:371][  0]Cmd: MAP LOAD FILE="../../../../../../Users/Demonic/Desktop/Blackhole/Content/Blackhole/BMaps/Map1.umap" TEMPLATE=0 SHOWPROGRESS=1 FEATURELEVEL=3
[2017.06.06-05.29.57:477][  0]LightingResults: New page: Lighting Build
[2017.06.06-05.29.57:635][  0]MapCheck: New page: Map Check
[2017.06.06-05.29.57:635][  0]LightingResults: New page: Lighting Build
[2017.06.06-05.30.04:346][  0]LogAIModule: Creating AISystem for world Map1
[2017.06.06-05.30.05:124][  0]LogEditorServer: Finished looking for orphan Actors (0.000 secs)
[2017.06.06-05.30.05:246][  0]Cmd: MAP CHECKDEP NOCLEARLOG
[2017.06.06-05.30.05:298][  0]MapCheck: Info Map check complete: 0 Error(s), 0 Warning(s), took 52.265ms to complete.
[2017.06.06-05.30.05:298][  0]LogFileHelpers: Loading map 'Map1' took 7.946
[2017.06.06-05.30.06:946][  0]LogCollectionManager: Loaded 0 collections in 0.018032 seconds
[2017.06.06-05.30.07:083][  0]LogFileCache: Scanning file cache for directory 'C:/Users/Demonic/Desktop/Blackhole/Saved/Collections/' took 0.01s
[2017.06.06-05.30.07:083][  0]LogFileCache: Scanning file cache for directory 'C:/Users/Demonic/Desktop/Blackhole/Content/Developers/Demonic/Collections/' took 0.01s
[2017.06.06-05.30.07:083][  0]LogFileCache: Scanning file cache for directory 'C:/Users/Demonic/Desktop/Blackhole/Content/Collections/' took 0.01s
[2017.06.06-05.30.07:083][  0]LogCollectionManager: Rebuilt the GUID cache for 0 collections in 0.000002 seconds
[2017.06.06-05.30.07:096][  0]LogContentBrowser: Native class hierarchy populated in 0.0093 seconds. Added 2047 classes and 369 folders.
[2017.06.06-05.30.07:151][  0]LogStats: UGameplayTagsManager::ConstructGameplayTagTree: Construct from data asset -  0.000 s
[2017.06.06-05.30.07:151][  0]LogStats: UGameplayTagsManager::ConstructGameplayTagTree: GameplayTagTreeChangedEvent.Broadcast -  0.000 s
[2017.06.06-05.30.07:152][  0]LogContentBrowser: Native class hierarchy updated for 'GameplayTags' in 0.0005 seconds. Added 12 classes and 0 folders.
[2017.06.06-05.30.07:209][  0]LogContentBrowser: Native class hierarchy updated for 'WidgetCarousel' in 0.0003 seconds. Added 0 classes and 0 folders.
[2017.06.06-05.30.08:998][  0]LogContentBrowser: Native class hierarchy updated for 'AddContentDialog' in 0.0004 seconds. Added 0 classes and 0 folders.
[2017.06.06-05.30.09:061][  0]LogContentBrowser: Native class hierarchy updated for 'SceneOutliner' in 0.0004 seconds. Added 1 classes and 2 folders.
[2017.06.06-05.30.09:795][  0]LogCrashTracker: Crashtracker disabled due to settings.
[2017.06.06-05.30.09:889][  0]LogUObjectGlobals:Warning: Failed to find object 'Class None.'
[2017.06.06-05.30.09:975][  0]LogContentBrowser: Native class hierarchy updated for 'HierarchicalLODOutliner' in 0.0004 seconds. Added 1 classes and 2 folders.
[2017.06.06-05.30.09:976][  0]LogLoad: Full Startup: 95.12 seconds (BP compile: 1.08 seconds)
[2017.06.06-05.30.09:976][  0]LogExternalProfiler: Found external profiler: VSPerf
[2017.06.06-05.30.09:976][  0]LogExternalProfiler: Using external profiler: VSPerf
[2017.06.06-05.30.10:352][  0]LogOcInput: OculusInput pre-init called
[2017.06.06-05.30.10:460][  0]LogContentStreaming: Texture pool size now 1000 MB
[2017.06.06-05.30.11:431][  0]LogRenderer: Reallocating scene render targets to support 1064x576 (Frame:2).
[2017.06.06-05.30.12:808][  4]LogAssetRegistry: Asset discovery search completed in 60.4095 seconds
[2017.06.06-05.30.12:808][  4]LogCollectionManager: Rebuilt the object cache for 0 collections in 0.000001 seconds (found 0 objects)
[2017.06.06-05.30.12:837][  4]LogCollectionManager: Fixed up redirectors for 0 collections in 0.027873 seconds (updated 0 objects)
[2017.06.06-06.14.52:447][ 42]LogBlueprintUserMessages: Early PlayInEditor Detection: Level '/Game/Blackhole/BMaps/Map1.Map1:PersistentLevel' has LevelScriptBlueprint '/Game/Blackhole/BMaps/Map1.Map1:PersistentLevel.Map1' with GeneratedClass '/Game/Blackhole/BMaps/Map1.Map1_C' with ClassGeneratedBy '/Game/Blackhole/BMaps/Map1.Map1:PersistentLevel.Map1'
[2017.06.06-06.14.52:447][ 42]LogPlayLevel: PlayLevel: No blueprints needed recompiling
[2017.06.06-06.14.52:941][ 42]PIE: New page: PIE session: Map1 (Jun 5, 2017, 3:14:52 PM)
[2017.06.06-06.14.52:941][ 42]LogPlayLevel: Creating play world package: /Game/Blackhole/BMaps/UEDPIE_0_Map1
[2017.06.06-06.14.53:179][ 42]LogPlayLevel: PIE: StaticDuplicateObject took: (0.237802s)
[2017.06.06-06.14.53:181][ 42]LogAIModule: Creating AISystem for world Map1
[2017.06.06-06.14.53:181][ 42]LogPlayLevel: PIE: World Init took: (0.002232s)
[2017.06.06-06.14.53:211][ 42]LogPlayLevel: PIE: Created PIE world by copying editor world from /Game/Blackhole/BMaps/Map1.Map1 to /Game/Blackhole/BMaps/UEDPIE_0_Map1.Map1 (0.269843s)
[2017.06.06-06.14.54:013][ 42]LogInit: XAudio2 using 'Speakers (USB  AUDIO  )' : 2 channels at 48 kHz using 16 bits per sample (channel mask 0x3)
[2017.06.06-06.14.54:018][ 42]LogInit: FAudioDevice initialized.
[2017.06.06-06.14.54:847][ 42]LogWorld: Game class is 'TopDownGameMode_C'
[2017.06.06-06.14.55:085][ 42]LogWorld: Bringing World /Game/Blackhole/BMaps/UEDPIE_0_Map1.Map1 up for play (max tick rate 0) at 2017.06.05-23.14.55
[2017.06.06-06.14.55:338][ 42]LogWorld: Bringing up level for play took: 0.256015
[2017.06.06-06.14.55:770][ 42]LogContentBrowser: Native class hierarchy updated for 'MovieSceneCapture' in 0.0005 seconds. Added 11 classes and 0 folders.
[2017.06.06-06.14.56:118][ 42]PIE: Info Play in editor start time for /Game/Blackhole/BMaps/UEDPIE_0_Map1 3.121
[2017.06.06-06.14.56:118][ 42]LogBlueprintUserMessages: Late PlayInEditor Detection: Level '/Game/Blackhole/BMaps/Map1.Map1:PersistentLevel' has LevelScriptBlueprint '/Game/Blackhole/BMaps/Map1.Map1:PersistentLevel.Map1' with GeneratedClass '/Game/Blackhole/BMaps/Map1.Map1_C' with ClassGeneratedBy '/Game/Blackhole/BMaps/Map1.Map1:PersistentLevel.Map1'
[2017.06.06-06.15.00:442][183]LogBlueprintUserMessages: Early EndPlayMap Detection: Level '/Game/Blackhole/BMaps/Map1.Map1:PersistentLevel' has LevelScriptBlueprint '/Game/Blackhole/BMaps/Map1.Map1:PersistentLevel.Map1' with GeneratedClass '/Game/Blackhole/BMaps/Map1.Map1_C' with ClassGeneratedBy '/Game/Blackhole/BMaps/Map1.Map1:PersistentLevel.Map1'
[2017.06.06-06.15.01:085][183]LogBlueprintUserMessages: Late EndPlayMap Detection: Level '/Game/Blackhole/BMaps/Map1.Map1:PersistentLevel' has LevelScriptBlueprint '/Game/Blackhole/BMaps/Map1.Map1:PersistentLevel.Map1' with GeneratedClass '/Game/Blackhole/BMaps/Map1.Map1_C' with ClassGeneratedBy '/Game/Blackhole/BMaps/Map1.Map1:PersistentLevel.Map1'
[2017.06.06-06.15.13:085][318]LogBlueprintUserMessages: Early PlayInEditor Detection: Level '/Game/Blackhole/BMaps/Map1.Map1:PersistentLevel' has LevelScriptBlueprint '/Game/Blackhole/BMaps/Map1.Map1:PersistentLevel.Map1' with GeneratedClass '/Game/Blackhole/BMaps/Map1.Map1_C' with ClassGeneratedBy '/Game/Blackhole/BMaps/Map1.Map1:PersistentLevel.Map1'
[2017.06.06-06.15.13:085][318]LogPlayLevel: PlayLevel: No blueprints needed recompiling
[2017.06.06-06.15.13:085][318]PIE: New page: PIE session: Map1 (Jun 5, 2017, 3:15:13 PM)
[2017.06.06-06.15.13:085][318]LogPlayLevel: Creating play world package: /Game/Blackhole/BMaps/UEDPIE_0_Map1
[2017.06.06-06.15.13:112][318]LogPlayLevel: PIE: StaticDuplicateObject took: (0.026506s)
[2017.06.06-06.15.13:113][318]LogAIModule: Creating AISystem for world Map1
[2017.06.06-06.15.13:113][318]LogPlayLevel: PIE: World Init took: (0.000927s)
[2017.06.06-06.15.13:113][318]LogPlayLevel: PIE: Created PIE world by copying editor world from /Game/Blackhole/BMaps/Map1.Map1 to /Game/Blackhole/BMaps/UEDPIE_0_Map1.Map1 (0.027683s)
[2017.06.06-06.15.13:129][318]LogInit: XAudio2 using 'Speakers (USB  AUDIO  )' : 2 channels at 48 kHz using 16 bits per sample (channel mask 0x3)
[2017.06.06-06.15.13:135][318]LogInit: FAudioDevice initialized.
[2017.06.06-06.15.13:218][318]LogWorld: Game class is 'TopDownGameMode_C'
[2017.06.06-06.15.13:222][318]LogWorld: Bringing World /Game/Blackhole/BMaps/UEDPIE_0_Map1.Map1 up for play (max tick rate 0) at 2017.06.05-23.15.13
[2017.06.06-06.15.13:223][318]LogWorld: Bringing up level for play took: 0.003473
[2017.06.06-06.15.13:224][318]PIE: Info Play in editor start time for /Game/Blackhole/BMaps/UEDPIE_0_Map1 0.227
[2017.06.06-06.15.13:224][318]LogBlueprintUserMessages: Late PlayInEditor Detection: Level '/Game/Blackhole/BMaps/Map1.Map1:PersistentLevel' has LevelScriptBlueprint '/Game/Blackhole/BMaps/Map1.Map1:PersistentLevel.Map1' with GeneratedClass '/Game/Blackhole/BMaps/Map1.Map1_C' with ClassGeneratedBy '/Game/Blackhole/BMaps/Map1.Map1:PersistentLevel.Map1'
[2017.06.06-06.15.33:750][237]LogBlueprintUserMessages: Early EndPlayMap Detection: Level '/Game/Blackhole/BMaps/Map1.Map1:PersistentLevel' has LevelScriptBlueprint '/Game/Blackhole/BMaps/Map1.Map1:PersistentLevel.Map1' with GeneratedClass '/Game/Blackhole/BMaps/Map1.Map1_C' with ClassGeneratedBy '/Game/Blackhole/BMaps/Map1.Map1:PersistentLevel.Map1'
[2017.06.06-06.15.33:795][237]LogBlueprintUserMessages: Late EndPlayMap Detection: Level '/Game/Blackhole/BMaps/Map1.Map1:PersistentLevel' has LevelScriptBlueprint '/Game/Blackhole/BMaps/Map1.Map1:PersistentLevel.Map1' with GeneratedClass '/Game/Blackhole/BMaps/Map1.Map1_C' with ClassGeneratedBy '/Game/Blackhole/BMaps/Map1.Map1:PersistentLevel.Map1'
[2017.06.06-06.17.22:049][302]LogContentBrowser: Native class hierarchy updated for 'BlueprintGraph' in 0.0009 seconds. Added 111 classes and 0 folders.
[2017.06.06-06.17.24:627][302]LogRenderer: Reallocating scene render targets to support 1172x712 (Frame:3618).
[2017.06.06-06.17.32:953][524]LogSlate:Warning: Prevented a slow task dialog from being summoned while a context menu was open
[2017.06.06-06.17.59:617][371]BlueprintLog: New page: Compile BlackHole_GameMode
[2017.06.06-06.18.00:021][371]BlueprintEditorCompileResults: Info [2965.11] Compile of BlackHole_GameMode successful! [in 403 ms] (/Game/Blackhole/Player/BlackHole_GameMode.BlackHole_GameMode)
[2017.06.06-06.19.44:930][551]BlueprintLog: New page: Compile GameMenu
[2017.06.06-06.19.45:227][551]BlueprintEditorCompileResults: Info [3070.32] Compile of GameMenu successful! [in 297 ms] (/Game/Blackhole/Player/GameMenu.GameMenu)
[2017.06.06-06.20.30:387][940]BlueprintLog: New page: Compile GameMenu
[2017.06.06-06.20.30:431][940]LogBlueprint:Warning: Compiler Warning 'GamemodeBlack' is already a 'Black Hole Game Mode', you don't need  Cast To BlackHole_GameMode .
[2017.06.06-06.20.30:517][940]LogBlueprint:Warning: Compiler Warning [3115.60] Compile of GameMenu successful, but with 1 Warning(s) [in 130 ms] (/Game/Blackhole/Player/GameMenu.GameMenu)
[2017.06.06-06.20.30:517][940]BlueprintEditorCompileResults:Warning: Warning 'GamemodeBlack' is already a 'Black Hole Game Mode', you don't need  Cast To BlackHole_GameMode .
[2017.06.06-06.20.30:517][940]BlueprintEditorCompileResults:Warning: Warning [3115.60] Compile of GameMenu successful, but with 1 Warning(s) [in 130 ms] (/Game/Blackhole/Player/GameMenu.GameMenu)
[2017.06.06-06.20.46:710][443]BlueprintLog: New page: Compile GameMenu
[2017.06.06-06.20.46:751][443]LogBlueprint:Error: Compiler Error The type of  Object  is undetermined.  Connect something to  Cast To BlackHole_GameMode  to imply a specific type.
[2017.06.06-06.20.46:751][443]LogBlueprint:Error: Compiler Error The current value of the ' Object ' pin is invalid: Unsupported type Wildcard on pin Object
[2017.06.06-06.20.46:902][443]LogBlueprint:Warning: Compiler Warning [3131.99] Compile of GameMenu failed. 2 Fatal Issue(s) 0 Warning(s) [in 191 ms] (/Game/Blackhole/Player/GameMenu.GameMenu)
[2017.06.06-06.20.46:902][443]BlueprintEditorCompileResults:Error: Error The type of  Object  is undetermined.  Connect something to  Cast To BlackHole_GameMode  to imply a specific type.
[2017.06.06-06.20.46:902][443]BlueprintEditorCompileResults:Error: Error The current value of the ' Object ' pin is invalid: Unsupported type Wildcard on pin Object
[2017.06.06-06.20.46:902][443]BlueprintEditorCompileResults:Warning: Warning [3131.99] Compile of GameMenu failed. 2 Fatal Issue(s) 0 Warning(s) [in 191 ms] (/Game/Blackhole/Player/GameMenu.GameMenu)
[2017.06.06-06.21.16:021][340]BlueprintLog: New page: Compile GameMenu
[2017.06.06-06.21.16:148][340]BlueprintEditorCompileResults: Info [3161.23] Compile of GameMenu successful! [in 126 ms] (/Game/Blackhole/Player/GameMenu.GameMenu)
[2017.06.06-06.21.29:734][820]LogSlate:Warning: Prevented a slow task dialog from being summoned while a context menu was open
[2017.06.06-06.25.44:297][712]Cmd: OBJ SAVEPACKAGE PACKAGE="/Game/Blackhole/Player/GameMenu" FILE="../../../../../../Users/Demonic/Desktop/Blackhole/Content/Blackhole/Player/GameMenu.uasset" SILENT=true
[2017.06.06-06.25.45:028][712]LogSavePackage: Save=88.44ms
[2017.06.06-06.25.45:028][712]LogSavePackage: Moving '../../../../../../Users/Demonic/Desktop/Blackhole/Saved/GameMenu11CDF2734018109831C1AEBC4341F8D8.tmp' to '../../../../../../Users/Demonic/Desktop/Blackhole/Content/Blackhole/Player/GameMenu.uasset'
[2017.06.06-06.25.45:029][712]LogSavePackage:Display: Finished SavePackage ../../../../../../Users/Demonic/Desktop/Blackhole/Content/Blackhole/Player/GameMenu.uasset
[2017.06.06-06.25.45:032][712]Cmd: OBJ SAVEPACKAGE PACKAGE="/Game/Blackhole/Player/BlackHole_GameMode" FILE="../../../../../../Users/Demonic/Desktop/Blackhole/Content/Blackhole/Player/BlackHole_GameMode.uasset" SILENT=true
[2017.06.06-06.25.45:041][712]LogSavePackage: Save=8.99ms
[2017.06.06-06.25.45:041][712]LogSavePackage: Moving '../../../../../../Users/Demonic/Desktop/Blackhole/Saved/BlackHole_GameMode25F8D4B04EAD05BA0E7134848236D4DF.tmp' to '../../../../../../Users/Demonic/Desktop/Blackhole/Content/Blackhole/Player/BlackHole_GameMode.uasset'
[2017.06.06-06.25.45:042][712]LogSavePackage:Display: Finished SavePackage ../../../../../../Users/Demonic/Desktop/Blackhole/Content/Blackhole/Player/BlackHole_GameMode.uasset
[2017.06.06-06.26.09:907][484]BlueprintLog: New page: Compile BlackHole_GameMode
[2017.06.06-06.26.10:075][484]BlueprintEditorCompileResults: Info [3455.16] Compile of BlackHole_GameMode successful! [in 168 ms] (/Game/Blackhole/Player/BlackHole_GameMode.BlackHole_GameMode)
[2017.06.06-06.26.14:973][641]BlueprintLog: New page: Compile BlackHole_GameMode
[2017.06.06-06.26.15:077][641]BlueprintEditorCompileResults: Info [3460.16] Compile of BlackHole_GameMode successful! [in 103 ms] (/Game/Blackhole/Player/BlackHole_GameMode.BlackHole_GameMode)
[2017.06.06-06.28.21:834][570]BlueprintLog: New page: Compile GameMenu
[2017.06.06-06.28.21:973][570]BlueprintEditorCompileResults: Info [3587.05] Compile of GameMenu successful! [in 139 ms] (/Game/Blackhole/Player/GameMenu.GameMenu)
[2017.06.06-06.28.31:203][849]LogProperty:Warning: ObjectProperty /Script/Engine.EdGraphPin:LinkedTo.LinkedTo: unresolved reference to 'EdGraphPin'K2Node_VariableGet_173.EdGraphPin_1045''
[2017.06.06-06.28.55:928][614]BlueprintLog: New page: Compile GameMenu
[2017.06.06-06.28.56:060][614]BlueprintEditorCompileResults: Info [3621.14] Compile of GameMenu successful! [in 132 ms] (/Game/Blackhole/Player/GameMenu.GameMenu)
[2017.06.06-06.29.21:323][393]LogFileHelpers: Editor autosave (incl. sublevels) for '/Game/Blackhole/BMaps/Map1' took 0.020
[2017.06.06-06.29.21:325][393]OBJ SavePackage: Generating thumbnails for [0] asset(s) in package [/Game/Blackhole/Player/GameMenu] ([1] browsable assets)...
[2017.06.06-06.29.21:325][393]OBJ SavePackage: Finished generating thumbnails for package [/Game/Blackhole/Player/GameMenu]
[2017.06.06-06.29.21:368][393]LogSavePackage: Save=38.17ms
[2017.06.06-06.29.21:368][393]LogSavePackage: Moving '../../../../../../Users/Demonic/Desktop/Blackhole/Saved/GameMenu_Auto1C72756714CD79FE4E086C399D6AFCC8F.tmp' to '../../../../../../Users/Demonic/Desktop/Blackhole/Saved/Autosaves/Game/Blackhole/Player/GameMenu_Auto1.uasset'
[2017.06.06-06.29.21:395][393]LogSavePackage:Display: Finished SavePackage ../../../../../../Users/Demonic/Desktop/Blackhole/Saved/Autosaves/Game/Blackhole/Player/GameMenu_Auto1.uasset
[2017.06.06-06.29.21:396][393]OBJ SavePackage: Generating thumbnails for [0] asset(s) in package [/Game/Blackhole/Player/BlackHole_GameMode] ([1] browsable assets)...
[2017.06.06-06.29.21:396][393]OBJ SavePackage: Finished generating thumbnails for package [/Game/Blackhole/Player/BlackHole_GameMode]
[2017.06.06-06.29.21:412][393]LogSavePackage: Save=11.03ms
[2017.06.06-06.29.21:412][393]LogSavePackage: Moving '../../../../../../Users/Demonic/Desktop/Blackhole/Saved/BlackHole_GameMode_Auto1453D51CD4774C88C9C3D588F3EB3C2F6.tmp' to '../../../../../../Users/Demonic/Desktop/Blackhole/Saved/Autosaves/Game/Blackhole/Player/BlackHole_GameMode_Auto1.uasset'
[2017.06.06-06.29.21:436][393]LogSavePackage:Display: Finished SavePackage ../../../../../../Users/Demonic/Desktop/Blackhole/Saved/Autosaves/Game/Blackhole/Player/BlackHole_GameMode_Auto1.uasset
[2017.06.06-06.29.21:436][393]LogFileHelpers: Auto-saving content packages took 0.112
[2017.06.06-06.29.39:045][963]Cmd: OBJ SAVEPACKAGE PACKAGE="/Game/Blackhole/Player/GameMenu" FILE="../../../../../../Users/Demonic/Desktop/Blackhole/Content/Blackhole/Player/GameMenu.uasset" SILENT=true
[2017.06.06-06.29.39:087][963]LogSavePackage: Save=38.03ms
[2017.06.06-06.29.39:087][963]LogSavePackage: Moving '../../../../../../Users/Demonic/Desktop/Blackhole/Saved/GameMenu228F84FF4C144CD4B1F3FBBF837BE619.tmp' to '../../../../../../Users/Demonic/Desktop/Blackhole/Content/Blackhole/Player/GameMenu.uasset'
[2017.06.06-06.29.39:089][963]LogSavePackage:Display: Finished SavePackage ../../../../../../Users/Demonic/Desktop/Blackhole/Content/Blackhole/Player/GameMenu.uasset
[2017.06.06-06.29.39:091][963]Cmd: OBJ SAVEPACKAGE PACKAGE="/Game/Blackhole/Player/BlackHole_GameMode" FILE="../../../../../../Users/Demonic/Desktop/Blackhole/Content/Blackhole/Player/BlackHole_GameMode.uasset" SILENT=true
[2017.06.06-06.29.39:104][963]LogSavePackage: Save=8.43ms
[2017.06.06-06.29.39:104][963]LogSavePackage: Moving '../../../../../../Users/Demonic/Desktop/Blackhole/Saved/BlackHole_GameMode961CAB9949373132CBAC3C9EC39A89E0.tmp' to '../../../../../../Users/Demonic/Desktop/Blackhole/Content/Blackhole/Player/BlackHole_GameMode.uasset'
[2017.06.06-06.29.39:105][963]LogSavePackage:Display: Finished SavePackage ../../../../../../Users/Demonic/Desktop/Blackhole/Content/Blackhole/Player/BlackHole_GameMode.uasset
[2017.06.06-06.29.40:632][ 26]LogBlueprintUserMessages: Early PlayInEditor Detection: Level '/Game/Blackhole/BMaps/Map1.Map1:PersistentLevel' has LevelScriptBlueprint '/Game/Blackhole/BMaps/Map1.Map1:PersistentLevel.Map1' with GeneratedClass '/Game/Blackhole/BMaps/Map1.Map1_C' with ClassGeneratedBy '/Game/Blackhole/BMaps/Map1.Map1:PersistentLevel.Map1'
[2017.06.06-06.29.40:632][ 26]LogPlayLevel: PlayLevel: No blueprints needed recompiling
[2017.06.06-06.29.40:633][ 26]PIE: New page: PIE session: Map1 (Jun 5, 2017, 3:29:40 PM)
[2017.06.06-06.29.40:633][ 26]LogPlayLevel: Creating play world package: /Game/Blackhole/BMaps/UEDPIE_0_Map1
[2017.06.06-06.29.40:662][ 26]LogPlayLevel: PIE: StaticDuplicateObject took: (0.029607s)
[2017.06.06-06.29.40:664][ 26]LogAIModule: Creating AISystem for world Map1
[2017.06.06-06.29.40:664][ 26]LogPlayLevel: PIE: World Init took: (0.001802s)
[2017.06.06-06.29.40:664][ 26]LogPlayLevel: PIE: Created PIE world by copying editor world from /Game/Blackhole/BMaps/Map1.Map1 to /Game/Blackhole/BMaps/UEDPIE_0_Map1.Map1 (0.031741s)
[2017.06.06-06.29.40:741][ 26]LogInit: XAudio2 using 'Speakers (USB  AUDIO  )' : 2 channels at 48 kHz using 16 bits per sample (channel mask 0x3)
[2017.06.06-06.29.40:746][ 26]LogInit: FAudioDevice initialized.
[2017.06.06-06.29.40:795][ 26]LogWorld: Game class is 'TopDownGameMode_C'
[2017.06.06-06.29.40:799][ 26]LogWorld: Bringing World /Game/Blackhole/BMaps/UEDPIE_0_Map1.Map1 up for play (max tick rate 0) at 2017.06.05-23.29.40
[2017.06.06-06.29.40:799][ 26]LogWorld: Bringing up level for play took: 0.003053
[2017.06.06-06.29.40:801][ 26]PIE: Info Play in editor start time for /Game/Blackhole/BMaps/UEDPIE_0_Map1 -0.213
[2017.06.06-06.29.40:801][ 26]LogBlueprintUserMessages: Late PlayInEditor Detection: Level '/Game/Blackhole/BMaps/Map1.Map1:PersistentLevel' has LevelScriptBlueprint '/Game/Blackhole/BMaps/Map1.Map1:PersistentLevel.Map1' with GeneratedClass '/Game/Blackhole/BMaps/Map1.Map1_C' with ClassGeneratedBy '/Game/Blackhole/BMaps/Map1.Map1:PersistentLevel.Map1'
[2017.06.06-06.29.43:977][171]LogScript:Warning: Accessed None trying to read property GamemodeBlack
	GameMenu_C /Engine/Transient.UnrealEdEngine_0:GameInstance_2.GameMenu_C_3
	Function /Game/Blackhole/Player/GameMenu.GameMenu_C:ExecuteUbergraph_GameMenu:0053
[2017.06.06-06.29.43:977][171]LogScript:Warning: Attempted to assign to None
	GameMenu_C /Engine/Transient.UnrealEdEngine_0:GameInstance_2.GameMenu_C_3
	Function /Game/Blackhole/Player/GameMenu.GameMenu_C:ExecuteUbergraph_GameMenu:0068
[2017.06.06-06.30.53:673][364]LogBlueprintUserMessages: Early EndPlayMap Detection: Level '/Game/Blackhole/BMaps/Map1.Map1:PersistentLevel' has LevelScriptBlueprint '/Game/Blackhole/BMaps/Map1.Map1:PersistentLevel.Map1' with GeneratedClass '/Game/Blackhole/BMaps/Map1.Map1_C' with ClassGeneratedBy '/Game/Blackhole/BMaps/Map1.Map1:PersistentLevel.Map1'
[2017.06.06-06.30.53:720][364]LogBlueprintUserMessages: Late EndPlayMap Detection: Level '/Game/Blackhole/BMaps/Map1.Map1:PersistentLevel' has LevelScriptBlueprint '/Game/Blackhole/BMaps/Map1.Map1:PersistentLevel.Map1' with GeneratedClass '/Game/Blackhole/BMaps/Map1.Map1_C' with ClassGeneratedBy '/Game/Blackhole/BMaps/Map1.Map1:PersistentLevel.Map1'
[2017.06.06-06.32.54:077][126]BlueprintLog: New page: Compile BlackHolePlayer
[2017.06.06-06.32.54:590][126]BlueprintEditorCompileResults: Info [3859.66] Compile of BlackHolePlayer successful! [in 513 ms] (/Game/Blackhole/Player/BlackHolePlayer.BlackHolePlayer)
[2017.06.06-06.33.00:946][340]Cmd: OBJ SAVEPACKAGE PACKAGE="/Game/Blackhole/BMaps/Map1" FILE="../../../../../../Users/Demonic/Desktop/Blackhole/Content/Blackhole/BMaps/Map1.umap" SILENT=true AUTOSAVING=false KEEPDIRTY=false
[2017.06.06-06.33.01:331][340]LogSavePackage: Save=274.37ms
[2017.06.06-06.33.01:331][340]LogSavePackage: Moving '../../../../../../Users/Demonic/Desktop/Blackhole/Saved/Map11BD336EB4AE452AC9E9442AEF2A493BD.tmp' to '../../../../../../Users/Demonic/Desktop/Blackhole/Content/Blackhole/BMaps/Map1.umap'
[2017.06.06-06.33.01:349][340]LogSavePackage:Display: Finished SavePackage ../../../../../../Users/Demonic/Desktop/Blackhole/Content/Blackhole/BMaps/Map1.umap
[2017.06.06-06.33.01:394][340]LogFileHelpers: Saving map 'Map1' took 0.513
[2017.06.06-06.33.01:396][340]Cmd: OBJ SAVEPACKAGE PACKAGE="/Game/Blackhole/Player/BlackHolePlayer" FILE="../../../../../../Users/Demonic/Desktop/Blackhole/Content/Blackhole/Player/BlackHolePlayer.uasset" SILENT=true
[2017.06.06-06.33.01:514][340]LogSavePackage: Save=113.11ms
[2017.06.06-06.33.01:514][340]LogSavePackage: Moving '../../../../../../Users/Demonic/Desktop/Blackhole/Saved/BlackHolePlayer4EB6B48B412E6F37EACE1A90AA722C69.tmp' to '../../../../../../Users/Demonic/Desktop/Blackhole/Content/Blackhole/Player/BlackHolePlayer.uasset'
[2017.06.06-06.33.01:515][340]LogSavePackage:Display: Finished SavePackage ../../../../../../Users/Demonic/Desktop/Blackhole/Content/Blackhole/Player/BlackHolePlayer.uasset
[2017.06.06-06.34.23:457][842]LogActorComponent: UnregisterComponent: (/Engine/Transient.EditorFloorComp) Not registered. Aborting.
[2017.06.06-06.34.28:016][843]Cmd: QUIT_EDITOR
[2017.06.06-06.34.30:306][843]LogExit: Preparing to exit.
[2017.06.06-06.34.33:485][843]LogExit: Editor shut down
[2017.06.06-06.34.33:486][843]LogExit: Transaction tracking system shut down
[2017.06.06-06.34.43:395][843]LogObj: Freed 0b from 0 cluster array pools.
[2017.06.06-06.34.43:395][843]LogExit: Object subsystem successfully closed.
[2017.06.06-06.34.43:994][843]LogD3D11RHI: Shutdown
[2017.06.06-06.34.43:998][843]LogD3D11RHI: CleanupD3DDevice
[2017.06.06-06.34.44:286][843]LogD3D11RHI: ~FD3D11DynamicRHI
[2017.06.06-06.34.46:943][843]LogModuleManager: Shutting down and abandoning module ExternalImagePicker (217)
[2017.06.06-06.34.46:943][843]LogModuleManager: Shutting down and abandoning module SequencerWidgets (216)
[2017.06.06-06.34.46:943][843]LogModuleManager: Shutting down and abandoning module BlueprintGraph (215)
[2017.06.06-06.34.46:943][843]LogModuleManager: Shutting down and abandoning module MovieSceneCapture (214)
[2017.06.06-06.34.46:943][843]LogModuleManager: Shutting down and abandoning module HierarchicalLODOutliner (213)
[2017.06.06-06.34.46:962][843]LogModuleManager: Shutting down and abandoning module CrashTracker (212)
[2017.06.06-06.34.46:962][843]LogModuleManager: Shutting down and abandoning module SceneOutliner (211)
[2017.06.06-06.34.47:079][843]LogModuleManager: Shutting down and abandoning module WidgetCarousel (210)
[2017.06.06-06.34.47:113][843]LogModuleManager: Shutting down and abandoning module AddContentDialog (209)
[2017.06.06-06.34.47:210][843]LogModuleManager: Shutting down and abandoning module GameplayTags (208)
[2017.06.06-06.34.47:210][843]LogModuleManager: Shutting down and abandoning module EditorWidgets (207)
[2017.06.06-06.34.47:210][843]LogModuleManager: Shutting down and abandoning module CollectionManager (206)
[2017.06.06-06.34.47:291][843]LogModuleManager: Shutting down and abandoning module StatsViewer (205)
[2017.06.06-06.34.47:362][843]LogModuleManager: Shutting down and abandoning module FoliageEdit (204)
[2017.06.06-06.34.47:362][843]LogModuleManager: Shutting down and abandoning module LandscapeEditor (203)
[2017.06.06-06.34.47:384][843]LogModuleManager: Shutting down and abandoning module SceneDepthPickerMode (202)
[2017.06.06-06.34.47:384][843]LogModuleManager: Shutting down and abandoning module ActorPickerMode (201)
[2017.06.06-06.34.47:384][843]LogModuleManager: Shutting down and abandoning module GeometryMode (200)
[2017.06.06-06.34.47:384][843]LogModuleManager: Shutting down and abandoning module TextureAlignMode (199)
[2017.06.06-06.34.47:384][843]LogModuleManager: Shutting down and abandoning module BspMode (198)
[2017.06.06-06.34.47:408][843]LogModuleManager: Shutting down and abandoning module HardwareSurvey (197)
[2017.06.06-06.34.47:408][843]LogModuleManager: Shutting down and abandoning module SequenceRecorderSections (196)
[2017.06.06-06.34.47:408][843]LogModuleManager: Shutting down and abandoning module SequenceRecorder (195)
[2017.06.06-06.34.47:435][843]LogModuleManager: Shutting down and abandoning module AutomationWorker (194)
[2017.06.06-06.34.47:435][843]LogModuleManager: Shutting down and abandoning module MatineeToLevelSequence (193)
[2017.06.06-06.34.47:435][843]LogModuleManager: Shutting down and abandoning module PlacementMode (192)
[2017.06.06-06.34.47:464][843]LogModuleManager: Shutting down and abandoning module LevelSequenceEditor (191)
[2017.06.06-06.34.47:555][843]LogModuleManager: Shutting down and abandoning module CharacterAI (190)
[2017.06.06-06.34.47:555][843]LogModuleManager: Shutting down and abandoning module SmartSnapping (189)
[2017.06.06-06.34.47:555][843]LogModuleManager: Shutting down and abandoning module SessionServices (188)
[2017.06.06-06.34.47:555][843]LogModuleManager: Shutting down and abandoning module ViewportSnapping (187)
[2017.06.06-06.34.47:555][843]LogModuleManager: Shutting down and abandoning module LogVisualizer (186)
[2017.06.06-06.34.47:631][843]LogModuleManager: Shutting down and abandoning module GameProjectGeneration (185)
[2017.06.06-06.34.47:762][843]LogModuleManager: Shutting down and abandoning module IntroTutorials (184)
[2017.06.06-06.34.47:799][843]LogModuleManager: Shutting down and abandoning module EditorLiveStreaming (183)
[2017.06.06-06.34.47:799][843]LogModuleManager: Shutting down and abandoning module IOSPlatformEditor (182)
[2017.06.06-06.34.47:834][843]LogModuleManager: Shutting down and abandoning module HTML5PlatformEditor (181)
[2017.06.06-06.34.47:834][843]LogModuleManager: Shutting down and abandoning module AndroidDeviceDetection (180)
[2017.06.06-06.34.48:336][843]LogModuleManager: Shutting down and abandoning module AndroidPlatformEditor (179)
[2017.06.06-06.34.48:374][843]LogModuleManager: Shutting down and abandoning module IOSRuntimeSettings (178)
[2017.06.06-06.34.48:374][843]LogModuleManager: Shutting down and abandoning module AndroidRuntimeSettings (177)
[2017.06.06-06.34.48:374][843]LogModuleManager: Shutting down and abandoning module MergeActors (176)
[2017.06.06-06.34.48:399][843]LogModuleManager: Shutting down and abandoning module SizeMap (175)
[2017.06.06-06.34.48:399][843]LogModuleManager: Shutting down and abandoning module TreeMap (174)
[2017.06.06-06.34.48:451][843]LogModuleManager: Shutting down and abandoning module ReferenceViewer (173)
[2017.06.06-06.34.48:480][843]LogModuleManager: Shutting down and abandoning module LocalizationService (172)
[2017.06.06-06.34.48:509][843]LogModuleManager: Shutting down and abandoning module LocalizationDashboard (171)
[2017.06.06-06.34.48:544][843]LogModuleManager: Shutting down and abandoning module HardwareTargeting (170)
[2017.06.06-06.34.48:570][843]LogModuleManager: Shutting down and abandoning module DeviceProfileEditor (169)
[2017.06.06-06.34.48:585][843]LogModuleManager: Shutting down and abandoning module UndoHistory (168)
[2017.06.06-06.34.48:614][843]LogModuleManager: Shutting down and abandoning module UserFeedback (167)
[2017.06.06-06.34.48:614][843]LogModuleManager: Shutting down and abandoning module XmlParser (166)
[2017.06.06-06.34.48:645][843]LogModuleManager: Shutting down and abandoning module Blutility (165)
[2017.06.06-06.34.48:684][843]LogModuleManager: Shutting down and abandoning module ProjectTargetPlatformEditor (164)
[2017.06.06-06.34.48:715][843]LogModuleManager: Shutting down and abandoning module ProjectSettingsViewer (163)
[2017.06.06-06.34.48:715][843]LogModuleManager: Shutting down and abandoning module InputBindingEditor (162)
[2017.06.06-06.34.48:799][843]LogModuleManager: Shutting down and abandoning module EditorSettingsViewer (161)
[2017.06.06-06.34.48:800][843]LogModuleManager: Shutting down and abandoning module SettingsEditor (160)
[2017.06.06-06.34.48:851][843]LogModuleManager: Shutting down and abandoning module ProjectLauncher (159)
[2017.06.06-06.34.48:948][843]LogModuleManager: Shutting down and abandoning module SessionFrontend (158)
[2017.06.06-06.34.49:020][843]LogModuleManager: Shutting down and abandoning module ProfilerClient (157)
[2017.06.06-06.34.49:045][843]LogModuleManager: Shutting down and abandoning module TargetDeviceServices (156)
[2017.06.06-06.34.49:045][843]LogModuleManager: Shutting down and abandoning module DeviceManager (155)
[2017.06.06-06.34.49:138][843]LogModuleManager: Shutting down and abandoning module AutomationController (154)
[2017.06.06-06.34.49:172][843]LogModuleManager: Shutting down and abandoning module AutomationWindow (153)
[2017.06.06-06.34.49:375][843]LogModuleManager: Shutting down and abandoning module Layers (152)
[2017.06.06-06.34.49:492][843]LogModuleManager: Shutting down and abandoning module ComponentVisualizers (151)
[2017.06.06-06.34.49:492][843]LogModuleManager: Shutting down and abandoning module DetailCustomizations (150)
[2017.06.06-06.34.49:505][843]LogModuleManager: Shutting down and abandoning module PackagesDialog (149)
[2017.06.06-06.34.49:506][843]LogModuleManager: Shutting down and abandoning module Persona (148)
[2017.06.06-06.34.49:779][843]LogModuleManager: Shutting down and abandoning module Kismet (147)
[2017.06.06-06.34.49:817][843]LogModuleManager: Shutting down and abandoning module GraphEditor (146)
[2017.06.06-06.34.49:817][843]LogModuleManager: Shutting down and abandoning module ClassViewer (145)
[2017.06.06-06.34.49:818][843]LogModuleManager: Shutting down and abandoning module Toolbox (144)
[2017.06.06-06.34.49:835][843]LogModuleManager: Shutting down and abandoning module ModuleUI (143)
[2017.06.06-06.34.49:867][843]LogModuleManager: Shutting down and abandoning module MovieSceneTools (142)
[2017.06.06-06.34.49:867][843]LogModuleManager: Shutting down and abandoning module OutputLog (141)
[2017.06.06-06.34.49:953][843]LogModuleManager: Shutting down and abandoning module GammaUI (140)
[2017.06.06-06.34.49:968][843]LogModuleManager: Shutting down and abandoning module Documentation (139)
[2017.06.06-06.34.49:969][843]LogModuleManager: Shutting down and abandoning module StreamingPauseRendering (138)
[2017.06.06-06.34.49:969][843]LogModuleManager: Shutting down and abandoning module AnalyticsET (137)
[2017.06.06-06.34.49:969][843]LogModuleManager: Shutting down and abandoning module Analytics (136)
[2017.06.06-06.34.49:969][843]LogModuleManager: Shutting down and abandoning module PortalServices (135)
[2017.06.06-06.34.49:969][843]LogModuleManager: Shutting down and abandoning module PortalRpc (134)
[2017.06.06-06.34.49:969][843]LogModuleManager: Shutting down and abandoning module MessagingRpc (133)
[2017.06.06-06.34.49:969][843]LogModuleManager: Shutting down and abandoning module GameplayDebugger (132)
[2017.06.06-06.34.50:009][843]LogModuleManager: Shutting down and abandoning module AITestSuite (131)
[2017.06.06-06.34.50:035][843]LogModuleManager: Shutting down and abandoning module AIModule (130)
[2017.06.06-06.34.50:035][843]LogModuleManager: Shutting down and abandoning module ProfilerService (129)
[2017.06.06-06.34.50:215][843]LogModuleManager: Shutting down and abandoning module TaskGraph (128)
[2017.06.06-06.34.50:284][843]LogModuleManager: Shutting down and abandoning module SlateRemote (127)
[2017.06.06-06.34.50:284][843]LogModuleManager: Shutting down and abandoning module SteamVRController (126)
[2017.06.06-06.34.50:284][843]LogModuleManager: Shutting down and abandoning module SteamVR (125)
[2017.06.06-06.34.50:284][843]LogModuleManager: Shutting down and abandoning module ProceduralMeshComponent (124)
[2017.06.06-06.34.50:284][843]LogModuleManager: Shutting down and abandoning module OculusLibrary (123)
[2017.06.06-06.34.50:284][843]LogModuleManager: Shutting down and abandoning module OculusInput (122)
[2017.06.06-06.34.50:284][843]LogModuleManager: Shutting down and abandoning module CustomMeshComponent (121)
[2017.06.06-06.34.50:304][843]LogModuleManager: Shutting down and abandoning module CableComponent (120)
[2017.06.06-06.34.50:304][843]LogModuleManager: Shutting down and abandoning module ArchVisCharacter (119)
[2017.06.06-06.34.50:304][843]LogModuleManager: Shutting down and abandoning module MediaPlayerEditor (118)
[2017.06.06-06.34.50:419][843]LogModuleManager: Shutting down and abandoning module HTML5Networking (117)
[2017.06.06-06.34.50:419][843]LogModuleManager: Shutting down and abandoning module SuperSearch (116)
[2017.06.06-06.34.50:419][843]LogModuleManager: Shutting down and abandoning module SuperSearchEditor (115)
[2017.06.06-06.34.50:419][843]LogModuleManager: Shutting down and abandoning module SpeedTreeImporter (114)
[2017.06.06-06.34.50:419][843]LogModuleManager: Shutting down and abandoning module PluginBrowser (113)
[2017.06.06-06.34.50:452][843]LogModuleManager: Shutting down and abandoning module EpicSurvey (112)
[2017.06.06-06.34.50:453][843]LogModuleManager: Shutting down and abandoning module DesktopPlatform (111)
[2017.06.06-06.34.50:558][843]LogModuleManager: Shutting down and abandoning module VisualStudioSourceCodeAccess (110)
[2017.06.06-06.34.50:558][843]LogModuleManager: Shutting down and abandoning module UObjectPlugin (109)
[2017.06.06-06.34.50:558][843]LogModuleManager: Shutting down and abandoning module SubversionSourceControl (108)
[2017.06.06-06.34.50:627][843]LogModuleManager: Shutting down and abandoning module PerforceSourceControl (107)
[2017.06.06-06.34.50:662][843]LogModuleManager: Shutting down and abandoning module SourceControl (106)
[2017.06.06-06.34.50:708][843]LogModuleManager: Shutting down and abandoning module GitSourceControl (105)
[2017.06.06-06.34.50:785][843]LogModuleManager: Shutting down and abandoning module LightPropagationVolumeEditor (104)
[2017.06.06-06.34.50:785][843]LogModuleManager: Shutting down and abandoning module PaperTiledImporter (103)
[2017.06.06-06.34.50:817][843]LogModuleManager: Shutting down and abandoning module PaperSpriteSheetImporter (102)
[2017.06.06-06.34.50:817][843]LogModuleManager: Shutting down and abandoning module MeshPaint (101)
[2017.06.06-06.34.50:849][843]LogModuleManager: Shutting down and abandoning module PixelInspectorModule (100)
[2017.06.06-06.34.50:893][843]LogModuleManager: Shutting down and abandoning module HotReload (99)
[2017.06.06-06.34.50:924][843]LogModuleManager: Shutting down and abandoning module MainFrame (98)
[2017.06.06-06.34.50:960][843]LogModuleManager: Shutting down and abandoning module LevelEditor (97)
[2017.06.06-06.34.50:997][843]LogModuleManager: Shutting down and abandoning module ContentBrowser (96)
[2017.06.06-06.34.50:997][843]LogModuleManager: Shutting down and abandoning module Paper2DEditor (95)
[2017.06.06-06.34.51:083][843]LogModuleManager: Shutting down and abandoning module UdpMessaging (94)
[2017.06.06-06.34.51:183][843]LogModuleManager: Shutting down and abandoning module LightPropagationVolumeRuntime (93)
[2017.06.06-06.34.51:183][843]LogModuleManager: Shutting down and abandoning module Paper2D (92)
[2017.06.06-06.34.51:208][843]LogModuleManager: Shutting down and abandoning module WindowsMoviePlayer (91)
[2017.06.06-06.34.51:208][843]LogModuleManager: Shutting down and abandoning module Media (90)
[2017.06.06-06.34.51:208][843]LogModuleManager: Shutting down and abandoning module WmfMedia (89)
[2017.06.06-06.34.51:316][843]LogModuleManager: Shutting down and abandoning module MediaAssets (88)
[2017.06.06-06.34.51:316][843]LogModuleManager: Shutting down and abandoning module GameLiveStreaming (87)
[2017.06.06-06.34.51:316][843]LogModuleManager: Shutting down and abandoning module GameplayTagsEditor (86)
[2017.06.06-06.34.51:316][843]LogModuleManager: Shutting down and abandoning module OnlineBlueprintSupport (85)
[2017.06.06-06.34.51:316][843]LogModuleManager: Shutting down and abandoning module VREditor (84)
[2017.06.06-06.34.51:346][843]LogModuleManager: Shutting down and abandoning module GameplayTasksEditor (83)
[2017.06.06-06.34.51:346][843]LogModuleManager: Shutting down and abandoning module PropertyEditor (82)
[2017.06.06-06.34.51:353][843]LogModuleManager: Shutting down and abandoning module BehaviorTreeEditor (81)
[2017.06.06-06.34.51:435][843]LogModuleManager: Shutting down and abandoning module FunctionalTesting (80)
[2017.06.06-06.34.51:435][843]LogModuleManager: Shutting down and abandoning module CollisionAnalyzer (79)
[2017.06.06-06.34.51:506][843]LogModuleManager: Shutting down and abandoning module Sequencer (78)
[2017.06.06-06.34.51:506][843]LogModuleManager: Shutting down and abandoning module WorkspaceMenuStructure (77)
[2017.06.06-06.34.51:506][843]LogModuleManager: Shutting down and abandoning module MessageLog (76)
[2017.06.06-06.34.51:506][843]LogModuleManager: Shutting down and abandoning module AssetTools (75)
[2017.06.06-06.34.51:570][843]LogModuleManager: Shutting down and abandoning module UMGEditor (74)
[2017.06.06-06.34.51:570][843]LogModuleManager: Shutting down and abandoning module UMG (73)
[2017.06.06-06.34.51:570][843]LogModuleManager: Shutting down and abandoning module SlateReflector (72)
[2017.06.06-06.34.51:620][843]LogModuleManager: Shutting down and abandoning module Slate (71)
[2017.06.06-06.34.51:621][843]LogModuleManager: Shutting down and abandoning module EditorStyle (70)
[2017.06.06-06.34.51:623][843]LogModuleManager: Shutting down and abandoning module SourceCodeAccess (69)
[2017.06.06-06.34.51:623][843]LogModuleManager: Shutting down and abandoning module HeadMountedDisplay (68)
[2017.06.06-06.34.51:623][843]LogModuleManager: Shutting down and abandoning module XAudio2 (67)
[2017.06.06-06.34.51:623][843]LogModuleManager: Shutting down and abandoning module Networking (65)
[2017.06.06-06.34.51:623][843]LogModuleManager: Shutting down and abandoning module Core (64)
[2017.06.06-06.34.51:623][843]LogModuleManager: Shutting down and abandoning module DirectoryWatcher (63)
[2017.06.06-06.34.51:623][843]LogModuleManager: Shutting down and abandoning module AssetRegistry (62)
[2017.06.06-06.34.51:779][843]LogModuleManager: Shutting down and abandoning module KismetCompiler (61)
[2017.06.06-06.34.51:779][843]LogModuleManager: Shutting down and abandoning module PhysXFormats (60)
[2017.06.06-06.34.51:779][843]LogModuleManager: Shutting down and abandoning module MeshUtilities (59)
[2017.06.06-06.34.51:847][843]LogModuleManager: Shutting down and abandoning module DerivedDataCache (58)
[2017.06.06-06.34.51:931][843]LogDerivedDataCache: Shutdown
[2017.06.06-06.34.51:931][843]LogModuleManager: Shutting down and abandoning module VulkanShaderFormat (57)
[2017.06.06-06.34.51:957][843]LogModuleManager: Shutting down and abandoning module ShaderFormatOpenGL (56)
[2017.06.06-06.34.51:961][843]LogModuleManager: Shutting down and abandoning module ShaderFormatD3D (55)
[2017.06.06-06.34.51:961][843]LogModuleManager: Shutting down and abandoning module MetalShaderFormat (54)
[2017.06.06-06.34.52:001][843]LogModuleManager: Shutting down and abandoning module TextureFormatUncompressed (53)
[2017.06.06-06.34.52:001][843]LogModuleManager: Shutting down and abandoning module TextureFormatPVR (52)
[2017.06.06-06.34.52:001][843]LogModuleManager: Shutting down and abandoning module TextureFormatIntelISPCTexComp (51)
[2017.06.06-06.34.52:001][843]LogModuleManager: Shutting down and abandoning module TextureFormatDXT (50)
[2017.06.06-06.34.52:001][843]LogModuleManager: Shutting down and abandoning module ImageWrapper (49)
[2017.06.06-06.34.52:001][843]LogModuleManager: Shutting down and abandoning module TextureFormatASTC (48)
[2017.06.06-06.34.52:001][843]LogModuleManager: Shutting down and abandoning module TextureFormatAndroid (47)
[2017.06.06-06.34.52:001][843]LogModuleManager: Shutting down and abandoning module AudioFormatOpus (46)
[2017.06.06-06.34.52:024][843]LogModuleManager: Shutting down and abandoning module AudioFormatOgg (45)
[2017.06.06-06.34.52:024][843]LogModuleManager: Shutting down and abandoning module AudioFormatADPCM (44)
[2017.06.06-06.34.52:024][843]LogModuleManager: Shutting down and abandoning module LinuxTargetPlatform (43)
[2017.06.06-06.34.52:024][843]LogModuleManager: Shutting down and abandoning module LinuxServerTargetPlatform (42)
[2017.06.06-06.34.52:024][843]LogModuleManager: Shutting down and abandoning module LinuxNoEditorTargetPlatform (41)
[2017.06.06-06.34.52:024][843]LogModuleManager: Shutting down and abandoning module TVOSTargetPlatform (40)
[2017.06.06-06.34.52:024][843]LogModuleManager: Shutting down and abandoning module Messaging (39)
[2017.06.06-06.34.52:024][843]LogModuleManager: Shutting down and abandoning module IOSTargetPlatform (38)
[2017.06.06-06.34.52:024][843]LogModuleManager: Shutting down and abandoning module HTML5TargetPlatform (37)
[2017.06.06-06.34.52:024][843]LogModuleManager: Shutting down and abandoning module Android_PVRTCTargetPlatform (36)
[2017.06.06-06.34.52:024][843]LogModuleManager: Shutting down and abandoning module Android_MultiTargetPlatform (35)
[2017.06.06-06.34.52:054][843]LogModuleManager: Shutting down and abandoning module Android_ETC2TargetPlatform (34)
[2017.06.06-06.34.52:054][843]LogModuleManager: Shutting down and abandoning module Android_ETC1TargetPlatform (33)
[2017.06.06-06.34.52:054][843]LogModuleManager: Shutting down and abandoning module Android_DXTTargetPlatform (32)
[2017.06.06-06.34.52:055][843]LogModuleManager: Shutting down and abandoning module Android_ATCTargetPlatform (31)
[2017.06.06-06.34.52:055][843]LogModuleManager: Shutting down and abandoning module Android_ASTCTargetPlatform (30)
[2017.06.06-06.34.52:055][843]LogModuleManager: Shutting down and abandoning module AndroidTargetPlatform (29)
[2017.06.06-06.34.52:055][843]LogModuleManager: Shutting down and abandoning module WindowsTargetPlatform (28)
[2017.06.06-06.34.52:055][843]LogModuleManager: Shutting down and abandoning module WindowsServerTargetPlatform (27)
[2017.06.06-06.34.52:055][843]LogModuleManager: Shutting down and abandoning module WindowsNoEditorTargetPlatform (26)
[2017.06.06-06.34.52:055][843]LogModuleManager: Shutting down and abandoning module WindowsClientTargetPlatform (25)
[2017.06.06-06.34.52:055][843]LogModuleManager: Shutting down and abandoning module AllDesktopTargetPlatform (24)
[2017.06.06-06.34.52:055][843]LogModuleManager: Shutting down and abandoning module TargetPlatform (23)
[2017.06.06-06.34.52:068][843]LogModuleManager: Shutting down and abandoning module InputCore (22)
[2017.06.06-06.34.52:068][843]LogModuleManager: Shutting down and abandoning module Settings (21)
[2017.06.06-06.34.52:068][843]LogModuleManager: Shutting down and abandoning module OnlineSubsystem (19)
[2017.06.06-06.34.52:094][843]LogModuleManager: Shutting down and abandoning module HTTP (18)
[2017.06.06-06.34.53:594][843]LogModuleManager: Shutting down and abandoning module XMPP (17)
[2017.06.06-06.34.53:634][843]LogModuleManager: Shutting down and abandoning module OculusRift (16)
[2017.06.06-06.34.53:715][843]LogModuleManager: Shutting down and abandoning module ExampleDeviceProfileSelector (15)
[2017.06.06-06.34.53:715][843]LogModuleManager: Shutting down and abandoning module TextureCompressor (14)
[2017.06.06-06.34.53:777][843]LogModuleManager: Shutting down and abandoning module ShaderCore (13)
[2017.06.06-06.34.53:777][843]LogModuleManager: Shutting down and abandoning module Landscape (12)
[2017.06.06-06.34.53:777][843]LogModuleManager: Shutting down and abandoning module SlateRHIRenderer (11)
[2017.06.06-06.34.53:843][843]LogModuleManager: Shutting down and abandoning module OpenGLDrv (10)
[2017.06.06-06.34.53:879][843]LogModuleManager: Shutting down and abandoning module D3D11RHI (9)
[2017.06.06-06.34.53:879][843]LogModuleManager: Shutting down and abandoning module AnimGraphRuntime (8)
[2017.06.06-06.34.53:879][843]LogModuleManager: Shutting down and abandoning module Renderer (7)
[2017.06.06-06.34.53:879][843]LogModuleManager: Shutting down and abandoning module Engine (6)
[2017.06.06-06.34.53:879][843]LogModuleManager: Shutting down and abandoning module CoreUObject (5)
[2017.06.06-06.34.53:880][843]LogModuleManager: Shutting down and abandoning module NetworkFile (4)
[2017.06.06-06.34.53:912][843]LogModuleManager: Shutting down and abandoning module StreamingFile (3)
[2017.06.06-06.34.53:912][843]LogModuleManager: Shutting down and abandoning module SandboxFile (2)
[2017.06.06-06.34.53:942][843]LogModuleManager: Shutting down and abandoning module PakFile (1)
[2017.06.06-06.34.54:127][843]LogExit: Exiting.
[2017.06.06-06.34.54:147][843]Log file closed, 06/05/17 23:34:54
