Log file open, 06/08/17 16:45:25
LogInit:Display: Running engine for game: BlackHole
LogPlatformFile: Not using cached read wrapper
LogInit:Display: RandInit(783166871) SRandInit(783166873).
LogTaskGraph: Started task graph with 4 named threads and 7 total threads with 1 sets of task threads.
LogStats: Stats thread started at 0.907446
LogInit: Version: 4.12.5-3039270+++UE4+Release-4.12
LogInit: API Version: 2992821
LogInit: Net Version: 3039270
LogDevObjectVersion: Number of dev versions registered: 13
LogDevObjectVersion:   Dev-Blueprints (B0D832E4-1F89-4F0D-ACCF-7EB736FD4AA2): 3
LogDevObjectVersion:   Dev-Build (E1C64328-A22C-4D53-A36C-8E866417BD8C): 0
LogDevObjectVersion:   Dev-Core (375EC13C-06E4-48FB-B500-84F0262A717E): 1
LogDevObjectVersion:   Dev-Editor (E4B068ED-F494-42E9-A231-DA0B2E46BB41): 2
LogDevObjectVersion:   Dev-Framework (CFFC743F-43B0-4480-9391-14DF171D2073): 6
LogDevObjectVersion:   Dev-Mobile (B02B49B5-BB20-44E9-A304-32B752E40360): 0
LogDevObjectVersion:   Dev-Networking (A4E4105C-59A1-49B5-A7C5-40C4547EDFEE): 0
LogDevObjectVersion:   Dev-Online (39C831C9-5AE6-47DC-9A44-9C173E1C8E7C): 0
LogDevObjectVersion:   Dev-Physics (78F01B33-EBEA-4F98-B9B4-84EACCB95AA2): 0
LogDevObjectVersion:   Dev-Platform (6631380F-2D4D-43E0-8009-CF276956A95A): 0
LogDevObjectVersion:   Dev-Rendering (12F88B9F-8875-4AFC-A67C-D90C383ABD29): 2
LogDevObjectVersion:   Dev-Sequencer (7B5AE74C-D270-4C10-A958-57980B212A5A): 0
LogDevObjectVersion:   Dev-VR (D7296918-1DD6-4BDD-9DE2-64A83CC13884): 0
LogInit: Compiled (64-bit): Jul  6 2016 09:09:46
LogInit: Compiled with Visual C++: 19.00.23026.00
LogInit: Build Configuration: Development
LogInit: Branch Name: ++UE4+Release-4.12
LogInit: Command line:  
LogInit: Base directory: C:/Program Files/Epic Games/4.12/Engine/Binaries/Win64/
LogInit: Installed Engine Build: 1
LogInit: Using libcurl 7.41.0
LogInit:  - built for x86_64-pc-win32
LogInit:  - supports SSL with WinSSL
LogInit:  - other features:
LogInit:      CURL_VERSION_SSL
LogInit:      CURL_VERSION_IPV6
LogInit:      CURL_VERSION_ASYNCHDNS
LogInit:      CURL_VERSION_LARGEFILE
LogInit:      CURL_VERSION_IDN
LogInit:  CurlRequestOptions (configurable via config and command line):
LogInit:  - bVerifyPeer = true  - Libcurl will verify peer certificate
LogInit:  - bUseHttpProxy = false  - Libcurl will NOT use HTTP proxy
LogInit:  - bDontReuseConnections = false  - Libcurl will reuse connections
LogInit:  - CertBundlePath = nullptr  - Libcurl will use whatever was configured at build time.
LogInit: Presizing for max 8388607 objects, including 0 objects not considered by GC, pre-allocating 0 bytes for permanent pool.
LogInit: Object subsystem initialized
[2017.06.08-23.45.26:670][  0]LogInit: Selected Device Profile: [Windows]
[2017.06.08-23.45.26:670][  0]LogInit: Applying CVar settings loaded from the selected device profile: [Windows]
[2017.06.08-23.45.26:744][  0]LogInit: Computer: GODLIKESYSTEM
[2017.06.08-23.45.26:744][  0]LogInit: User: Demonic
[2017.06.08-23.45.26:744][  0]LogInit: CPU Page size=65536, Cores=4
[2017.06.08-23.45.26:744][  0]LogInit: High frequency timer resolution =3.312861 MHz
[2017.06.08-23.45.26:755][  0]LogMemory: Memory total: Physical=8.0GB (8GB approx)
[2017.06.08-23.45.26:755][  0]LogMemory: Platform Memory Stats for Windows
[2017.06.08-23.45.26:755][  0]LogMemory: Process Physical Memory: 192.47 MB used, 192.47 MB peak
[2017.06.08-23.45.26:755][  0]LogMemory: Process Virtual Memory: 197.81 MB used, 197.81 MB peak
[2017.06.08-23.45.26:755][  0]LogMemory: Physical Memory: 5936.20 MB used, 8174.04 MB total
[2017.06.08-23.45.26:755][  0]LogMemory: Virtual Memory: 522.69 MB used, 8388608.00 MB total
[2017.06.08-23.45.27:785][  0]LogTextLocalizationManager: No specific translations for ('en-US') exist, so ('en') translations will be used.
[2017.06.08-23.45.28:858][  0]LogD3D11RHI: D3D11 adapters:
[2017.06.08-23.45.28:979][  0]LogD3D11RHI:    0. 'NVIDIA GeForce GT 440' (Feature Level 11_0)
[2017.06.08-23.45.28:979][  0]LogD3D11RHI:       1489/0/2559 MB DedicatedVideo/DedicatedSystem/SharedSystem, Outputs:1, VendorId:0x10de
[2017.06.08-23.45.28:979][  0]LogD3D11RHI: Chosen D3D11 Adapter: 0
[2017.06.08-23.45.29:005][  0]LogD3D11RHI: Creating new Direct3DDevice
[2017.06.08-23.45.29:006][  0]LogD3D11RHI:     GPU DeviceId: 0xdc0 (for the marketing name, search the web for "GPU Device Id")
[2017.06.08-23.45.29:009][  0]LogWindows: EnumDisplayDevices:
[2017.06.08-23.45.29:009][  0]LogWindows:    0. 'NVIDIA GeForce GT 440' (P:1 D:1)
[2017.06.08-23.45.29:009][  0]LogWindows:    1. 'NVIDIA GeForce GT 440' (P:0 D:0)
[2017.06.08-23.45.29:010][  0]LogWindows:    2. 'RDPDD Chained DD' (P:0 D:0)
[2017.06.08-23.45.29:010][  0]LogWindows:    3. 'RDP Encoder Mirror Driver' (P:0 D:0)
[2017.06.08-23.45.29:010][  0]LogWindows:    4. 'RDP Reflector Display Driver' (P:0 D:0)
[2017.06.08-23.45.29:010][  0]LogWindows: DebugString: GetVideoDriverDetailsInvalid PrimaryIsNotTheChoosenAdapter GetVideoDriverDetailsInvalid PrimaryIsNotTheChoosenAdapter GetVideoDriverDetailsInvalid PrimaryIsNotTheChoosenAdapter FoundDriverCount:2 
[2017.06.08-23.45.29:010][  0]LogD3D11RHI:     Adapter Name: NVIDIA GeForce GT 440
[2017.06.08-23.45.29:011][  0]LogD3D11RHI:   Driver Version: 364.72 (internal:10.18.13.6472, unified:364.72)
[2017.06.08-23.45.29:011][  0]LogD3D11RHI:      Driver Date: 3-21-2016
[2017.06.08-23.45.29:011][  0]LogRHI: Texture pool is 1042 MB (70% of 1489 MB)
[2017.06.08-23.45.29:024][  0]LogD3D11RHI: Async texture creation enabled
[2017.06.08-23.45.29:432][  0]LogD3D11RHI: GPU Timing Frequency: 1000.000000 (Debug: 2 2)
[2017.06.08-23.45.29:530][  0]LogShaderCompilers: Guid format shader working directory is -1 characters bigger than the processId version (../../../../../../Users/Demonic/Desktop/Blackhole/Intermediate/Shaders/WorkingDirectory/9840/).
[2017.06.08-23.45.29:530][  0]LogShaderCompilers: Cleaned the shader compiler working directory 'C:/Users/Demonic/AppData/Local/Temp/UnrealShaderWorkingDir/44E10E2F463A7DBB4FE120B1E8612A4B/'.
[2017.06.08-23.45.29:579][  0]LogShaderCompilers:Display: Using Local Shader Compiler.
[2017.06.08-23.45.37:554][  0]LogTemp:Display: Loaded TP AllDesktopTargetPlatform
[2017.06.08-23.45.37:611][  0]LogTemp:Display: Loaded TP WindowsClientTargetPlatform
[2017.06.08-23.45.37:634][  0]LogTemp:Display: Loaded TP WindowsNoEditorTargetPlatform
[2017.06.08-23.45.37:658][  0]LogTemp:Display: Loaded TP WindowsServerTargetPlatform
[2017.06.08-23.45.37:705][  0]LogTemp:Display: Loaded TP WindowsTargetPlatform
[2017.06.08-23.45.37:740][  0]LogTemp:Display: Loaded TP AndroidTargetPlatform
[2017.06.08-23.45.37:782][  0]LogTemp:Display: Loaded TP Android_ASTCTargetPlatform
[2017.06.08-23.45.37:818][  0]LogTemp:Display: Loaded TP Android_ATCTargetPlatform
[2017.06.08-23.45.37:850][  0]LogTemp:Display: Loaded TP Android_DXTTargetPlatform
[2017.06.08-23.45.37:885][  0]LogTemp:Display: Loaded TP Android_ETC1TargetPlatform
[2017.06.08-23.45.37:927][  0]LogTemp:Display: Loaded TP Android_ETC2TargetPlatform
[2017.06.08-23.45.38:035][  0]LogTemp:Display: Loaded TP Android_MultiTargetPlatform
[2017.06.08-23.45.38:035][  0]LogTemp:Display: Loaded TP Android_PVRTCTargetPlatform
[2017.06.08-23.45.38:078][  0]LogTemp:Display: Loaded TP HTML5TargetPlatform
[2017.06.08-23.45.38:230][  0]LogTemp:Display: Loaded TP IOSTargetPlatform
[2017.06.08-23.45.38:268][  0]LogTemp:Display: Loaded TP TVOSTargetPlatform
[2017.06.08-23.45.38:305][  0]LogTemp:Display: Loaded TP LinuxNoEditorTargetPlatform
[2017.06.08-23.45.38:332][  0]LogTemp:Display: Loaded TP LinuxServerTargetPlatform
[2017.06.08-23.45.38:383][  0]LogTemp:Display: Loaded TP LinuxTargetPlatform
[2017.06.08-23.45.38:446][  0]LogTargetPlatformManager:Display: Building Assets For Windows
[2017.06.08-23.45.39:690][  0]LogDerivedDataCache:Display: Max Cache Size: 512 MB
[2017.06.08-23.45.40:525][  0]LogDerivedDataCache: Loaded boot cache 0.82s 48MB C:/Users/Demonic/AppData/Local/UnrealEngine/4.12/DerivedDataCache/Boot.ddc.
[2017.06.08-23.45.40:525][  0]LogDerivedDataCache:Display: Loaded Boot cache: C:/Users/Demonic/AppData/Local/UnrealEngine/4.12/DerivedDataCache/Boot.ddc
[2017.06.08-23.45.40:525][  0]LogDerivedDataCache: FDerivedDataBackendGraph:  Pak pak cache file ../../../../../../Users/Demonic/Desktop/Blackhole/DerivedDataCache/DDC.ddp not found, will not use a pak cache.
[2017.06.08-23.45.40:525][  0]LogDerivedDataCache: Unable to find inner node Pak for hierarchical cache Hierarchy.
[2017.06.08-23.45.40:525][  0]LogDerivedDataCache: FDerivedDataBackendGraph:  CompressedPak pak cache file ../../../../../../Users/Demonic/Desktop/Blackhole/DerivedDataCache/Compressed.ddp not found, will not use a pak cache.
[2017.06.08-23.45.40:525][  0]LogDerivedDataCache: Unable to find inner node CompressedPak for hierarchical cache Hierarchy.
[2017.06.08-23.45.40:613][  0]LogDerivedDataCache:Display: Pak cache opened for reading ../../../Engine/DerivedDataCache/Compressed.ddp.
[2017.06.08-23.45.40:670][  0]LogDerivedDataCache: Using Local data cache path C:/Users/Demonic/AppData/Local/UnrealEngine/Common/DerivedDataCache: Writable
[2017.06.08-23.45.49:701][  0]LogInit: Selected Device Profile: [Windows]
[2017.06.08-23.45.49:912][  0]LogContentStreaming: Texture pool size is 0.00 MB
[2017.06.08-23.46.04:886][  0]LogMeshUtilities: No automatic mesh reduction module available
[2017.06.08-23.46.04:886][  0]LogMeshUtilities: No automatic mesh merging module available
[2017.06.08-23.46.04:886][  0]LogMeshUtilities: No distributed automatic mesh merging module available
[2017.06.08-23.46.25:334][  0]LogAssetRegistry: FAssetRegistry took 0.0237 seconds to start up
[2017.06.08-23.46.25:929][  0]LogPackageLocalizationCache: Processed 3 localized package path(s) for 2 prioritized culture(s) in 0.482737 seconds
[2017.06.08-23.46.26:076][  0]LogUObjectArray: 28739 objects as part of root set at end of initial load.
[2017.06.08-23.46.26:076][  0]LogUObjectAllocator: 5855624 out of 0 bytes used by permanent object pool.
[2017.06.08-23.46.26:076][  0]LogUObjectArray: CloseDisregardForGC: 0/0 objects in disregard for GC pool
[2017.06.08-23.46.26:349][  0]LogInit: WinSock: version 1.1 (2.2), MaxSocks=32767, MaxUdp=65467
[2017.06.08-23.46.33:109][  0]LogSlate: SlateFontCache - WITH_FREETYPE: 1, WITH_HARFBUZZ: 1
[2017.06.08-23.46.33:109][  0]LogSlate: SlateFontCache - WITH_FREETYPE: 1, WITH_HARFBUZZ: 1
[2017.06.08-23.47.17:875][  0]LogUdpMessaging: Initializing bridge on interface 0.0.0.0:0 to multicast group 230.0.0.1:6666.
[2017.06.08-23.47.21:795][  0]SourceControl: Info Source control is disabled
[2017.06.08-23.47.21:860][  0]SourceControl: Info Source control is disabled
[2017.06.08-23.47.21:929][  0]SourceControl: Info Source control is disabled
[2017.06.08-23.47.22:005][  0]SourceControl: Info Source control is disabled
[2017.06.08-23.47.23:721][  0]LogLinker:Warning: Can't find file '/Game/TopDownCPP/TopDownOverview'
[2017.06.08-23.47.23:721][  0]LogLinker:Warning: Can't find file '/Game/TopDownCPP/TopDownOverview'
[2017.06.08-23.47.23:721][  0]LogUObjectGlobals:Warning: Failed to find object 'Class /Game/TopDownCPP/TopDownOverview.TopDownOverview_C'
[2017.06.08-23.47.26:366][  0]LogEngine: Initializing Engine...
[2017.06.08-23.47.26:532][  0]LogHMD: SteamVR failed to initialize.  Err: 110
[2017.06.08-23.47.26:535][  0]LogHMD: SteamVR failed to initialize.  Err: 110
[2017.06.08-23.47.28:813][  0]LogAIModule: Creating AISystem for world NewWorld
[2017.06.08-23.47.29:189][  0]LogInit: XAudio2 using 'Speakers (USB  AUDIO  )' : 2 channels at 48 kHz using 16 bits per sample (channel mask 0x3)
[2017.06.08-23.47.29:266][  0]LogInit: FAudioDevice initialized.
[2017.06.08-23.47.29:293][  0]LogDerivedDataCache: Saved boot cache 0.03s 48MB C:/Users/Demonic/AppData/Local/UnrealEngine/4.12/DerivedDataCache/Boot.ddc.
[2017.06.08-23.47.29:301][  0]LogInit: Texture streaming: Enabled
[2017.06.08-23.47.29:770][  0]LogInit: Transaction tracking system initialized
[2017.06.08-23.47.30:112][  0]BlueprintLog: New page: Editor Load
[2017.06.08-23.47.32:838][  0]LocalizationService: Info Localization service is disabled
[2017.06.08-23.47.34:489][  0]LogConsoleResponse:Display: 
[2017.06.08-23.47.37:731][  0]LogFileCache: Scanning file cache for directory 'C:/Users/Demonic/Desktop/Blackhole/Content/' took 0.06s
[2017.06.08-23.47.37:731][  0]LogCook:Display: Max memory allowance for cook 8192mb
[2017.06.08-23.47.37:731][  0]LogCook:Display: Mobile HDR setting 0
[2017.06.08-23.47.39:802][  0]SourceControl: Info Source control is disabled
[2017.06.08-23.47.39:849][  0]Cmd: MAP LOAD FILE="../../../../../../Users/Demonic/Desktop/Blackhole/Content/Blackhole/BMaps/Map1.umap" TEMPLATE=0 SHOWPROGRESS=1 FEATURELEVEL=3
[2017.06.08-23.47.39:930][  0]LightingResults: New page: Lighting Build
[2017.06.08-23.47.40:111][  0]MapCheck: New page: Map Check
[2017.06.08-23.47.40:111][  0]LightingResults: New page: Lighting Build
[2017.06.08-23.47.46:319][  0]LogAIModule: Creating AISystem for world Map1
[2017.06.08-23.47.47:082][  0]LogEditorServer: Finished looking for orphan Actors (0.000 secs)
[2017.06.08-23.47.47:112][  0]Cmd: MAP CHECKDEP NOCLEARLOG
[2017.06.08-23.47.47:194][  0]MapCheck: Info Map check complete: 0 Error(s), 0 Warning(s), took 82.476ms to complete.
[2017.06.08-23.47.47:195][  0]LogFileHelpers: Loading map 'Map1' took 7.371
[2017.06.08-23.47.49:012][  0]LogCollectionManager: Loaded 0 collections in 0.015890 seconds
[2017.06.08-23.47.49:126][  0]LogFileCache: Scanning file cache for directory 'C:/Users/Demonic/Desktop/Blackhole/Saved/Collections/' took 0.01s
[2017.06.08-23.47.49:126][  0]LogFileCache: Scanning file cache for directory 'C:/Users/Demonic/Desktop/Blackhole/Content/Developers/Demonic/Collections/' took 0.01s
[2017.06.08-23.47.49:126][  0]LogFileCache: Scanning file cache for directory 'C:/Users/Demonic/Desktop/Blackhole/Content/Collections/' took 0.01s
[2017.06.08-23.47.49:126][  0]LogCollectionManager: Rebuilt the GUID cache for 0 collections in 0.000002 seconds
[2017.06.08-23.47.49:134][  0]LogContentBrowser: Native class hierarchy populated in 0.0082 seconds. Added 2047 classes and 369 folders.
[2017.06.08-23.47.49:235][  0]LogStats: UGameplayTagsManager::ConstructGameplayTagTree: Construct from data asset -  0.000 s
[2017.06.08-23.47.49:236][  0]LogStats: UGameplayTagsManager::ConstructGameplayTagTree: GameplayTagTreeChangedEvent.Broadcast -  0.000 s
[2017.06.08-23.47.49:237][  0]LogContentBrowser: Native class hierarchy updated for 'GameplayTags' in 0.0005 seconds. Added 12 classes and 0 folders.
[2017.06.08-23.47.49:291][  0]LogContentBrowser: Native class hierarchy updated for 'WidgetCarousel' in 0.0004 seconds. Added 0 classes and 0 folders.
[2017.06.08-23.47.50:681][  0]LogContentBrowser: Native class hierarchy updated for 'AddContentDialog' in 0.0004 seconds. Added 0 classes and 0 folders.
[2017.06.08-23.47.50:741][  0]LogContentBrowser: Native class hierarchy updated for 'SceneOutliner' in 0.0004 seconds. Added 1 classes and 2 folders.
[2017.06.08-23.47.51:640][  0]LogCrashTracker: Crashtracker disabled due to settings.
[2017.06.08-23.47.51:752][  0]LogUObjectGlobals:Warning: Failed to find object 'Class None.'
[2017.06.08-23.47.51:858][  0]LogContentBrowser: Native class hierarchy updated for 'HierarchicalLODOutliner' in 0.0004 seconds. Added 1 classes and 2 folders.
[2017.06.08-23.47.51:858][  0]LogLoad: Full Startup: 150.97 seconds (BP compile: 1.33 seconds)
[2017.06.08-23.47.51:858][  0]LogExternalProfiler: Found external profiler: VSPerf
[2017.06.08-23.47.51:858][  0]LogExternalProfiler: Using external profiler: VSPerf
[2017.06.08-23.47.52:220][  0]LogOcInput: OculusInput pre-init called
[2017.06.08-23.47.52:507][  0]LogContentStreaming: Texture pool size now 1000 MB
[2017.06.08-23.47.53:830][  0]LogRenderer: Reallocating scene render targets to support 1064x576 (Frame:2).
[2017.06.08-23.47.54:880][  2]LogAssetRegistry: Asset discovery search completed in 89.5677 seconds
[2017.06.08-23.47.54:880][  2]LogCollectionManager: Rebuilt the object cache for 0 collections in 0.000001 seconds (found 0 objects)
[2017.06.08-23.47.54:902][  2]LogCollectionManager: Fixed up redirectors for 0 collections in 0.021927 seconds (updated 0 objects)
[2017.06.08-23.55.01:337][330]Cmd: QUIT_EDITOR
[2017.06.08-23.55.02:002][330]LogExit: Preparing to exit.
[2017.06.08-23.55.04:066][330]LogExit: Editor shut down
[2017.06.08-23.55.04:066][330]LogExit: Transaction tracking system shut down
[2017.06.08-23.55.06:413][330]LogObj: Freed 0b from 0 cluster array pools.
[2017.06.08-23.55.06:413][330]LogExit: Object subsystem successfully closed.
[2017.06.08-23.55.06:774][330]LogD3D11RHI: Shutdown
[2017.06.08-23.55.06:775][330]LogD3D11RHI: CleanupD3DDevice
[2017.06.08-23.55.06:937][330]LogD3D11RHI: ~FD3D11DynamicRHI
[2017.06.08-23.55.07:931][330]LogModuleManager: Shutting down and abandoning module HierarchicalLODOutliner (213)
[2017.06.08-23.55.07:942][330]LogModuleManager: Shutting down and abandoning module CrashTracker (212)
[2017.06.08-23.55.07:942][330]LogModuleManager: Shutting down and abandoning module SceneOutliner (211)
[2017.06.08-23.55.07:942][330]LogModuleManager: Shutting down and abandoning module WidgetCarousel (210)
[2017.06.08-23.55.07:951][330]LogModuleManager: Shutting down and abandoning module AddContentDialog (209)
[2017.06.08-23.55.07:978][330]LogModuleManager: Shutting down and abandoning module GameplayTags (208)
[2017.06.08-23.55.07:978][330]LogModuleManager: Shutting down and abandoning module EditorWidgets (207)
[2017.06.08-23.55.07:978][330]LogModuleManager: Shutting down and abandoning module CollectionManager (206)
[2017.06.08-23.55.07:996][330]LogModuleManager: Shutting down and abandoning module StatsViewer (205)
[2017.06.08-23.55.08:019][330]LogModuleManager: Shutting down and abandoning module FoliageEdit (204)
[2017.06.08-23.55.08:026][330]LogModuleManager: Shutting down and abandoning module LandscapeEditor (203)
[2017.06.08-23.55.08:059][330]LogModuleManager: Shutting down and abandoning module SceneDepthPickerMode (202)
[2017.06.08-23.55.08:059][330]LogModuleManager: Shutting down and abandoning module ActorPickerMode (201)
[2017.06.08-23.55.08:059][330]LogModuleManager: Shutting down and abandoning module GeometryMode (200)
[2017.06.08-23.55.08:059][330]LogModuleManager: Shutting down and abandoning module TextureAlignMode (199)
[2017.06.08-23.55.08:059][330]LogModuleManager: Shutting down and abandoning module BspMode (198)
[2017.06.08-23.55.08:071][330]LogModuleManager: Shutting down and abandoning module HardwareSurvey (197)
[2017.06.08-23.55.08:086][330]LogModuleManager: Shutting down and abandoning module SequenceRecorderSections (196)
[2017.06.08-23.55.08:086][330]LogModuleManager: Shutting down and abandoning module SequenceRecorder (195)
[2017.06.08-23.55.08:105][330]LogModuleManager: Shutting down and abandoning module AutomationWorker (194)
[2017.06.08-23.55.08:105][330]LogModuleManager: Shutting down and abandoning module MatineeToLevelSequence (193)
[2017.06.08-23.55.08:116][330]LogModuleManager: Shutting down and abandoning module PlacementMode (192)
[2017.06.08-23.55.08:127][330]LogModuleManager: Shutting down and abandoning module LevelSequenceEditor (191)
[2017.06.08-23.55.08:190][330]LogModuleManager: Shutting down and abandoning module CharacterAI (190)
[2017.06.08-23.55.08:190][330]LogModuleManager: Shutting down and abandoning module SmartSnapping (189)
[2017.06.08-23.55.08:191][330]LogModuleManager: Shutting down and abandoning module SessionServices (188)
[2017.06.08-23.55.08:191][330]LogModuleManager: Shutting down and abandoning module ViewportSnapping (187)
[2017.06.08-23.55.08:191][330]LogModuleManager: Shutting down and abandoning module LogVisualizer (186)
[2017.06.08-23.55.08:209][330]LogModuleManager: Shutting down and abandoning module GameProjectGeneration (185)
[2017.06.08-23.55.08:225][330]LogModuleManager: Shutting down and abandoning module IntroTutorials (184)
[2017.06.08-23.55.08:249][330]LogModuleManager: Shutting down and abandoning module EditorLiveStreaming (183)
[2017.06.08-23.55.08:249][330]LogModuleManager: Shutting down and abandoning module IOSPlatformEditor (182)
[2017.06.08-23.55.08:264][330]LogModuleManager: Shutting down and abandoning module HTML5PlatformEditor (181)
[2017.06.08-23.55.08:264][330]LogModuleManager: Shutting down and abandoning module AndroidDeviceDetection (180)
[2017.06.08-23.55.08:886][330]LogModuleManager: Shutting down and abandoning module AndroidPlatformEditor (179)
[2017.06.08-23.55.08:896][330]LogModuleManager: Shutting down and abandoning module IOSRuntimeSettings (178)
[2017.06.08-23.55.08:896][330]LogModuleManager: Shutting down and abandoning module AndroidRuntimeSettings (177)
[2017.06.08-23.55.08:896][330]LogModuleManager: Shutting down and abandoning module MergeActors (176)
[2017.06.08-23.55.08:904][330]LogModuleManager: Shutting down and abandoning module SizeMap (175)
[2017.06.08-23.55.08:904][330]LogModuleManager: Shutting down and abandoning module TreeMap (174)
[2017.06.08-23.55.08:913][330]LogModuleManager: Shutting down and abandoning module ReferenceViewer (173)
[2017.06.08-23.55.08:919][330]LogModuleManager: Shutting down and abandoning module LocalizationService (172)
[2017.06.08-23.55.08:931][330]LogModuleManager: Shutting down and abandoning module LocalizationDashboard (171)
[2017.06.08-23.55.08:941][330]LogModuleManager: Shutting down and abandoning module HardwareTargeting (170)
[2017.06.08-23.55.08:951][330]LogModuleManager: Shutting down and abandoning module DeviceProfileEditor (169)
[2017.06.08-23.55.08:965][330]LogModuleManager: Shutting down and abandoning module UndoHistory (168)
[2017.06.08-23.55.08:977][330]LogModuleManager: Shutting down and abandoning module UserFeedback (167)
[2017.06.08-23.55.08:977][330]LogModuleManager: Shutting down and abandoning module XmlParser (166)
[2017.06.08-23.55.09:017][330]LogModuleManager: Shutting down and abandoning module Blutility (165)
[2017.06.08-23.55.09:031][330]LogModuleManager: Shutting down and abandoning module ProjectTargetPlatformEditor (164)
[2017.06.08-23.55.09:037][330]LogModuleManager: Shutting down and abandoning module ProjectSettingsViewer (163)
[2017.06.08-23.55.09:037][330]LogModuleManager: Shutting down and abandoning module InputBindingEditor (162)
[2017.06.08-23.55.09:105][330]LogModuleManager: Shutting down and abandoning module EditorSettingsViewer (161)
[2017.06.08-23.55.09:105][330]LogModuleManager: Shutting down and abandoning module SettingsEditor (160)
[2017.06.08-23.55.09:124][330]LogModuleManager: Shutting down and abandoning module ProjectLauncher (159)
[2017.06.08-23.55.09:138][330]LogModuleManager: Shutting down and abandoning module SessionFrontend (158)
[2017.06.08-23.55.09:156][330]LogModuleManager: Shutting down and abandoning module ProfilerClient (157)
[2017.06.08-23.55.09:175][330]LogModuleManager: Shutting down and abandoning module TargetDeviceServices (156)
[2017.06.08-23.55.09:200][330]LogModuleManager: Shutting down and abandoning module DeviceManager (155)
[2017.06.08-23.55.09:267][330]LogModuleManager: Shutting down and abandoning module AutomationController (154)
[2017.06.08-23.55.09:292][330]LogModuleManager: Shutting down and abandoning module AutomationWindow (153)
[2017.06.08-23.55.09:313][330]LogModuleManager: Shutting down and abandoning module Layers (152)
[2017.06.08-23.55.09:326][330]LogModuleManager: Shutting down and abandoning module ComponentVisualizers (151)
[2017.06.08-23.55.09:326][330]LogModuleManager: Shutting down and abandoning module DetailCustomizations (150)
[2017.06.08-23.55.09:344][330]LogModuleManager: Shutting down and abandoning module PackagesDialog (149)
[2017.06.08-23.55.09:365][330]LogModuleManager: Shutting down and abandoning module Persona (148)
[2017.06.08-23.55.09:418][330]LogModuleManager: Shutting down and abandoning module Kismet (147)
[2017.06.08-23.55.09:423][330]LogModuleManager: Shutting down and abandoning module GraphEditor (146)
[2017.06.08-23.55.09:461][330]LogModuleManager: Shutting down and abandoning module ClassViewer (145)
[2017.06.08-23.55.09:481][330]LogModuleManager: Shutting down and abandoning module Toolbox (144)
[2017.06.08-23.55.09:488][330]LogModuleManager: Shutting down and abandoning module ModuleUI (143)
[2017.06.08-23.55.09:506][330]LogModuleManager: Shutting down and abandoning module MovieSceneTools (142)
[2017.06.08-23.55.09:554][330]LogModuleManager: Shutting down and abandoning module OutputLog (141)
[2017.06.08-23.55.09:560][330]LogModuleManager: Shutting down and abandoning module GammaUI (140)
[2017.06.08-23.55.09:574][330]LogModuleManager: Shutting down and abandoning module Documentation (139)
[2017.06.08-23.55.09:574][330]LogModuleManager: Shutting down and abandoning module StreamingPauseRendering (138)
[2017.06.08-23.55.09:574][330]LogModuleManager: Shutting down and abandoning module AnalyticsET (137)
[2017.06.08-23.55.09:574][330]LogModuleManager: Shutting down and abandoning module Analytics (136)
[2017.06.08-23.55.09:574][330]LogModuleManager: Shutting down and abandoning module PortalServices (135)
[2017.06.08-23.55.09:574][330]LogModuleManager: Shutting down and abandoning module PortalRpc (134)
[2017.06.08-23.55.09:574][330]LogModuleManager: Shutting down and abandoning module MessagingRpc (133)
[2017.06.08-23.55.09:574][330]LogModuleManager: Shutting down and abandoning module GameplayDebugger (132)
[2017.06.08-23.55.09:589][330]LogModuleManager: Shutting down and abandoning module AITestSuite (131)
[2017.06.08-23.55.09:607][330]LogModuleManager: Shutting down and abandoning module AIModule (130)
[2017.06.08-23.55.09:607][330]LogModuleManager: Shutting down and abandoning module ProfilerService (129)
[2017.06.08-23.55.09:804][330]LogModuleManager: Shutting down and abandoning module TaskGraph (128)
[2017.06.08-23.55.09:827][330]LogModuleManager: Shutting down and abandoning module SlateRemote (127)
[2017.06.08-23.55.09:827][330]LogModuleManager: Shutting down and abandoning module SteamVRController (126)
[2017.06.08-23.55.09:827][330]LogModuleManager: Shutting down and abandoning module SteamVR (125)
[2017.06.08-23.55.09:827][330]LogModuleManager: Shutting down and abandoning module ProceduralMeshComponent (124)
[2017.06.08-23.55.09:827][330]LogModuleManager: Shutting down and abandoning module OculusLibrary (123)
[2017.06.08-23.55.09:827][330]LogModuleManager: Shutting down and abandoning module OculusInput (122)
[2017.06.08-23.55.09:827][330]LogModuleManager: Shutting down and abandoning module CustomMeshComponent (121)
[2017.06.08-23.55.09:827][330]LogModuleManager: Shutting down and abandoning module CableComponent (120)
[2017.06.08-23.55.09:827][330]LogModuleManager: Shutting down and abandoning module ArchVisCharacter (119)
[2017.06.08-23.55.09:827][330]LogModuleManager: Shutting down and abandoning module MediaPlayerEditor (118)
[2017.06.08-23.55.09:841][330]LogModuleManager: Shutting down and abandoning module HTML5Networking (117)
[2017.06.08-23.55.09:841][330]LogModuleManager: Shutting down and abandoning module SuperSearch (116)
[2017.06.08-23.55.09:841][330]LogModuleManager: Shutting down and abandoning module SuperSearchEditor (115)
[2017.06.08-23.55.09:841][330]LogModuleManager: Shutting down and abandoning module SpeedTreeImporter (114)
[2017.06.08-23.55.09:841][330]LogModuleManager: Shutting down and abandoning module PluginBrowser (113)
[2017.06.08-23.55.09:850][330]LogModuleManager: Shutting down and abandoning module EpicSurvey (112)
[2017.06.08-23.55.09:850][330]LogModuleManager: Shutting down and abandoning module DesktopPlatform (111)
[2017.06.08-23.55.09:861][330]LogModuleManager: Shutting down and abandoning module VisualStudioSourceCodeAccess (110)
[2017.06.08-23.55.09:869][330]LogModuleManager: Shutting down and abandoning module UObjectPlugin (109)
[2017.06.08-23.55.09:869][330]LogModuleManager: Shutting down and abandoning module SubversionSourceControl (108)
[2017.06.08-23.55.09:882][330]LogModuleManager: Shutting down and abandoning module PerforceSourceControl (107)
[2017.06.08-23.55.09:889][330]LogModuleManager: Shutting down and abandoning module SourceControl (106)
[2017.06.08-23.55.09:923][330]LogModuleManager: Shutting down and abandoning module GitSourceControl (105)
[2017.06.08-23.55.09:946][330]LogModuleManager: Shutting down and abandoning module LightPropagationVolumeEditor (104)
[2017.06.08-23.55.09:946][330]LogModuleManager: Shutting down and abandoning module PaperTiledImporter (103)
[2017.06.08-23.55.09:964][330]LogModuleManager: Shutting down and abandoning module PaperSpriteSheetImporter (102)
[2017.06.08-23.55.09:964][330]LogModuleManager: Shutting down and abandoning module MeshPaint (101)
[2017.06.08-23.55.09:971][330]LogModuleManager: Shutting down and abandoning module PixelInspectorModule (100)
[2017.06.08-23.55.09:984][330]LogModuleManager: Shutting down and abandoning module HotReload (99)
[2017.06.08-23.55.10:021][330]LogModuleManager: Shutting down and abandoning module MainFrame (98)
[2017.06.08-23.55.10:024][330]LogModuleManager: Shutting down and abandoning module LevelEditor (97)
[2017.06.08-23.55.10:035][330]LogModuleManager: Shutting down and abandoning module ContentBrowser (96)
[2017.06.08-23.55.10:036][330]LogModuleManager: Shutting down and abandoning module Paper2DEditor (95)
[2017.06.08-23.55.10:055][330]LogModuleManager: Shutting down and abandoning module UdpMessaging (94)
[2017.06.08-23.55.10:155][330]LogModuleManager: Shutting down and abandoning module LightPropagationVolumeRuntime (93)
[2017.06.08-23.55.10:155][330]LogModuleManager: Shutting down and abandoning module Paper2D (92)
[2017.06.08-23.55.10:164][330]LogModuleManager: Shutting down and abandoning module WindowsMoviePlayer (91)
[2017.06.08-23.55.10:164][330]LogModuleManager: Shutting down and abandoning module Media (90)
[2017.06.08-23.55.10:164][330]LogModuleManager: Shutting down and abandoning module WmfMedia (89)
[2017.06.08-23.55.10:188][330]LogModuleManager: Shutting down and abandoning module MediaAssets (88)
[2017.06.08-23.55.10:188][330]LogModuleManager: Shutting down and abandoning module GameLiveStreaming (87)
[2017.06.08-23.55.10:205][330]LogModuleManager: Shutting down and abandoning module GameplayTagsEditor (86)
[2017.06.08-23.55.10:205][330]LogModuleManager: Shutting down and abandoning module OnlineBlueprintSupport (85)
[2017.06.08-23.55.10:205][330]LogModuleManager: Shutting down and abandoning module VREditor (84)
[2017.06.08-23.55.10:210][330]LogModuleManager: Shutting down and abandoning module GameplayTasksEditor (83)
[2017.06.08-23.55.10:210][330]LogModuleManager: Shutting down and abandoning module PropertyEditor (82)
[2017.06.08-23.55.10:210][330]LogModuleManager: Shutting down and abandoning module BehaviorTreeEditor (81)
[2017.06.08-23.55.10:235][330]LogModuleManager: Shutting down and abandoning module FunctionalTesting (80)
[2017.06.08-23.55.10:235][330]LogModuleManager: Shutting down and abandoning module CollisionAnalyzer (79)
[2017.06.08-23.55.10:245][330]LogModuleManager: Shutting down and abandoning module Sequencer (78)
[2017.06.08-23.55.10:273][330]LogModuleManager: Shutting down and abandoning module WorkspaceMenuStructure (77)
[2017.06.08-23.55.10:273][330]LogModuleManager: Shutting down and abandoning module MessageLog (76)
[2017.06.08-23.55.10:293][330]LogModuleManager: Shutting down and abandoning module AssetTools (75)
[2017.06.08-23.55.10:309][330]LogModuleManager: Shutting down and abandoning module UMGEditor (74)
[2017.06.08-23.55.10:332][330]LogModuleManager: Shutting down and abandoning module UMG (73)
[2017.06.08-23.55.10:355][330]LogModuleManager: Shutting down and abandoning module SlateReflector (72)
[2017.06.08-23.55.10:385][330]LogModuleManager: Shutting down and abandoning module Slate (71)
[2017.06.08-23.55.10:405][330]LogModuleManager: Shutting down and abandoning module EditorStyle (70)
[2017.06.08-23.55.10:426][330]LogModuleManager: Shutting down and abandoning module SourceCodeAccess (69)
[2017.06.08-23.55.10:426][330]LogModuleManager: Shutting down and abandoning module HeadMountedDisplay (68)
[2017.06.08-23.55.10:426][330]LogModuleManager: Shutting down and abandoning module XAudio2 (67)
[2017.06.08-23.55.10:426][330]LogModuleManager: Shutting down and abandoning module Networking (65)
[2017.06.08-23.55.10:426][330]LogModuleManager: Shutting down and abandoning module Core (64)
[2017.06.08-23.55.10:426][330]LogModuleManager: Shutting down and abandoning module DirectoryWatcher (63)
[2017.06.08-23.55.10:427][330]LogModuleManager: Shutting down and abandoning module AssetRegistry (62)
[2017.06.08-23.55.10:671][330]LogModuleManager: Shutting down and abandoning module KismetCompiler (61)
[2017.06.08-23.55.10:671][330]LogModuleManager: Shutting down and abandoning module PhysXFormats (60)
[2017.06.08-23.55.10:697][330]LogModuleManager: Shutting down and abandoning module MeshUtilities (59)
[2017.06.08-23.55.10:736][330]LogModuleManager: Shutting down and abandoning module DerivedDataCache (58)
[2017.06.08-23.55.10:787][330]LogDerivedDataCache: Shutdown
[2017.06.08-23.55.10:787][330]LogModuleManager: Shutting down and abandoning module VulkanShaderFormat (57)
[2017.06.08-23.55.10:804][330]LogModuleManager: Shutting down and abandoning module ShaderFormatOpenGL (56)
[2017.06.08-23.55.10:808][330]LogModuleManager: Shutting down and abandoning module ShaderFormatD3D (55)
[2017.06.08-23.55.10:827][330]LogModuleManager: Shutting down and abandoning module MetalShaderFormat (54)
[2017.06.08-23.55.10:840][330]LogModuleManager: Shutting down and abandoning module TextureFormatUncompressed (53)
[2017.06.08-23.55.10:840][330]LogModuleManager: Shutting down and abandoning module TextureFormatPVR (52)
[2017.06.08-23.55.10:847][330]LogModuleManager: Shutting down and abandoning module TextureFormatIntelISPCTexComp (51)
[2017.06.08-23.55.10:852][330]LogModuleManager: Shutting down and abandoning module TextureFormatDXT (50)
[2017.06.08-23.55.10:860][330]LogModuleManager: Shutting down and abandoning module ImageWrapper (49)
[2017.06.08-23.55.10:860][330]LogModuleManager: Shutting down and abandoning module TextureFormatASTC (48)
[2017.06.08-23.55.10:860][330]LogModuleManager: Shutting down and abandoning module TextureFormatAndroid (47)
[2017.06.08-23.55.10:860][330]LogModuleManager: Shutting down and abandoning module AudioFormatOpus (46)
[2017.06.08-23.55.10:863][330]LogModuleManager: Shutting down and abandoning module AudioFormatOgg (45)
[2017.06.08-23.55.10:871][330]LogModuleManager: Shutting down and abandoning module AudioFormatADPCM (44)
[2017.06.08-23.55.10:881][330]LogModuleManager: Shutting down and abandoning module LinuxTargetPlatform (43)
[2017.06.08-23.55.10:881][330]LogModuleManager: Shutting down and abandoning module LinuxServerTargetPlatform (42)
[2017.06.08-23.55.10:886][330]LogModuleManager: Shutting down and abandoning module LinuxNoEditorTargetPlatform (41)
[2017.06.08-23.55.10:891][330]LogModuleManager: Shutting down and abandoning module TVOSTargetPlatform (40)
[2017.06.08-23.55.10:891][330]LogModuleManager: Shutting down and abandoning module Messaging (39)
[2017.06.08-23.55.10:891][330]LogModuleManager: Shutting down and abandoning module IOSTargetPlatform (38)
[2017.06.08-23.55.10:891][330]LogModuleManager: Shutting down and abandoning module HTML5TargetPlatform (37)
[2017.06.08-23.55.10:891][330]LogModuleManager: Shutting down and abandoning module Android_PVRTCTargetPlatform (36)
[2017.06.08-23.55.10:891][330]LogModuleManager: Shutting down and abandoning module Android_MultiTargetPlatform (35)
[2017.06.08-23.55.10:902][330]LogModuleManager: Shutting down and abandoning module Android_ETC2TargetPlatform (34)
[2017.06.08-23.55.10:902][330]LogModuleManager: Shutting down and abandoning module Android_ETC1TargetPlatform (33)
[2017.06.08-23.55.10:902][330]LogModuleManager: Shutting down and abandoning module Android_DXTTargetPlatform (32)
[2017.06.08-23.55.10:902][330]LogModuleManager: Shutting down and abandoning module Android_ATCTargetPlatform (31)
[2017.06.08-23.55.10:902][330]LogModuleManager: Shutting down and abandoning module Android_ASTCTargetPlatform (30)
[2017.06.08-23.55.10:902][330]LogModuleManager: Shutting down and abandoning module AndroidTargetPlatform (29)
[2017.06.08-23.55.10:902][330]LogModuleManager: Shutting down and abandoning module WindowsTargetPlatform (28)
[2017.06.08-23.55.10:902][330]LogModuleManager: Shutting down and abandoning module WindowsServerTargetPlatform (27)
[2017.06.08-23.55.10:917][330]LogModuleManager: Shutting down and abandoning module WindowsNoEditorTargetPlatform (26)
[2017.06.08-23.55.10:934][330]LogModuleManager: Shutting down and abandoning module WindowsClientTargetPlatform (25)
[2017.06.08-23.55.10:939][330]LogModuleManager: Shutting down and abandoning module AllDesktopTargetPlatform (24)
[2017.06.08-23.55.10:939][330]LogModuleManager: Shutting down and abandoning module TargetPlatform (23)
[2017.06.08-23.55.10:948][330]LogModuleManager: Shutting down and abandoning module InputCore (22)
[2017.06.08-23.55.10:948][330]LogModuleManager: Shutting down and abandoning module Settings (21)
[2017.06.08-23.55.10:948][330]LogModuleManager: Shutting down and abandoning module OnlineSubsystem (19)
[2017.06.08-23.55.10:948][330]LogModuleManager: Shutting down and abandoning module HTTP (18)
[2017.06.08-23.55.14:961][330]LogModuleManager: Shutting down and abandoning module XMPP (17)
[2017.06.08-23.55.14:987][330]LogModuleManager: Shutting down and abandoning module OculusRift (16)
[2017.06.08-23.55.15:026][330]LogModuleManager: Shutting down and abandoning module ExampleDeviceProfileSelector (15)
[2017.06.08-23.55.15:026][330]LogModuleManager: Shutting down and abandoning module TextureCompressor (14)
[2017.06.08-23.55.15:032][330]LogModuleManager: Shutting down and abandoning module ShaderCore (13)
[2017.06.08-23.55.15:032][330]LogModuleManager: Shutting down and abandoning module Landscape (12)
[2017.06.08-23.55.15:032][330]LogModuleManager: Shutting down and abandoning module SlateRHIRenderer (11)
[2017.06.08-23.55.15:061][330]LogModuleManager: Shutting down and abandoning module OpenGLDrv (10)
[2017.06.08-23.55.15:068][330]LogModuleManager: Shutting down and abandoning module D3D11RHI (9)
[2017.06.08-23.55.15:068][330]LogModuleManager: Shutting down and abandoning module AnimGraphRuntime (8)
[2017.06.08-23.55.15:068][330]LogModuleManager: Shutting down and abandoning module Renderer (7)
[2017.06.08-23.55.15:068][330]LogModuleManager: Shutting down and abandoning module Engine (6)
[2017.06.08-23.55.15:068][330]LogModuleManager: Shutting down and abandoning module CoreUObject (5)
[2017.06.08-23.55.15:068][330]LogModuleManager: Shutting down and abandoning module NetworkFile (4)
[2017.06.08-23.55.15:077][330]LogModuleManager: Shutting down and abandoning module StreamingFile (3)
[2017.06.08-23.55.15:090][330]LogModuleManager: Shutting down and abandoning module SandboxFile (2)
[2017.06.08-23.55.15:114][330]LogModuleManager: Shutting down and abandoning module PakFile (1)
[2017.06.08-23.55.15:275][330]LogExit: Exiting.
[2017.06.08-23.55.15:290][330]Log file closed, 06/08/17 16:55:15
