Log file open, 01/03/17 01:45:26
LogInit:Display: Running engine for game: BlackHole
LogPlatformFile: Not using cached read wrapper
LogInit:Display: RandInit(1706955901) SRandInit(1706955903).
LogTaskGraph: Started task graph with 4 named threads and 7 total threads with 1 sets of task threads.
LogStats: Stats thread started at 0.081107
LogInit: Version: 4.12.5-3039270+++UE4+Release-4.12
LogInit: API Version: 2992821
LogInit: Net Version: 3039270
LogDevObjectVersion: Number of dev versions registered: 13
LogDevObjectVersion:   Dev-Blueprints (B0D832E4-1F89-4F0D-ACCF-7EB736FD4AA2): 3
LogDevObjectVersion:   Dev-Build (E1C64328-A22C-4D53-A36C-8E866417BD8C): 0
LogDevObjectVersion:   Dev-Core (375EC13C-06E4-48FB-B500-84F0262A717E): 1
LogDevObjectVersion:   Dev-Editor (E4B068ED-F494-42E9-A231-DA0B2E46BB41): 2
LogDevObjectVersion:   Dev-Framework (CFFC743F-43B0-4480-9391-14DF171D2073): 6
LogDevObjectVersion:   Dev-Mobile (B02B49B5-BB20-44E9-A304-32B752E40360): 0
LogDevObjectVersion:   Dev-Networking (A4E4105C-59A1-49B5-A7C5-40C4547EDFEE): 0
LogDevObjectVersion:   Dev-Online (39C831C9-5AE6-47DC-9A44-9C173E1C8E7C): 0
LogDevObjectVersion:   Dev-Physics (78F01B33-EBEA-4F98-B9B4-84EACCB95AA2): 0
LogDevObjectVersion:   Dev-Platform (6631380F-2D4D-43E0-8009-CF276956A95A): 0
LogDevObjectVersion:   Dev-Rendering (12F88B9F-8875-4AFC-A67C-D90C383ABD29): 2
LogDevObjectVersion:   Dev-Sequencer (7B5AE74C-D270-4C10-A958-57980B212A5A): 0
LogDevObjectVersion:   Dev-VR (D7296918-1DD6-4BDD-9DE2-64A83CC13884): 0
LogInit: Compiled (64-bit): Jul  6 2016 09:09:46
LogInit: Compiled with Visual C++: 19.00.23026.00
LogInit: Build Configuration: Development
LogInit: Branch Name: ++UE4+Release-4.12
LogInit: Command line:  
LogInit: Base directory: C:/Program Files/Epic Games/4.12/Engine/Binaries/Win64/
LogInit: Installed Engine Build: 1
LogInit: Using libcurl 7.41.0
LogInit:  - built for x86_64-pc-win32
LogInit:  - supports SSL with WinSSL
LogInit:  - other features:
LogInit:      CURL_VERSION_SSL
LogInit:      CURL_VERSION_IPV6
LogInit:      CURL_VERSION_ASYNCHDNS
LogInit:      CURL_VERSION_LARGEFILE
LogInit:      CURL_VERSION_IDN
LogInit:  CurlRequestOptions (configurable via config and command line):
LogInit:  - bVerifyPeer = true  - Libcurl will verify peer certificate
LogInit:  - bUseHttpProxy = false  - Libcurl will NOT use HTTP proxy
LogInit:  - bDontReuseConnections = false  - Libcurl will reuse connections
LogInit:  - CertBundlePath = nullptr  - Libcurl will use whatever was configured at build time.
LogInit: Presizing for max 8388607 objects, including 0 objects not considered by GC, pre-allocating 0 bytes for permanent pool.
LogInit: Object subsystem initialized
[2017.01.03-09.45.26:496][  0]LogInit: Selected Device Profile: [Windows]
[2017.01.03-09.45.26:496][  0]LogInit: Applying CVar settings loaded from the selected device profile: [Windows]
[2017.01.03-09.45.26:526][  0]LogInit: Computer: GODLIKESYSTEM
[2017.01.03-09.45.26:526][  0]LogInit: User: Demonic
[2017.01.03-09.45.26:526][  0]LogInit: CPU Page size=65536, Cores=4
[2017.01.03-09.45.26:526][  0]LogInit: High frequency timer resolution =3.312851 MHz
[2017.01.03-09.45.26:526][  0]LogMemory: Memory total: Physical=8.0GB (8GB approx)
[2017.01.03-09.45.26:526][  0]LogMemory: Platform Memory Stats for Windows
[2017.01.03-09.45.26:526][  0]LogMemory: Process Physical Memory: 191.30 MB used, 191.30 MB peak
[2017.01.03-09.45.26:526][  0]LogMemory: Process Virtual Memory: 197.06 MB used, 197.06 MB peak
[2017.01.03-09.45.26:526][  0]LogMemory: Physical Memory: 5662.60 MB used, 8174.04 MB total
[2017.01.03-09.45.26:526][  0]LogMemory: Virtual Memory: 520.69 MB used, 8388608.00 MB total
[2017.01.03-09.45.26:607][  0]LogTextLocalizationManager: No specific translations for ('en-US') exist, so ('en') translations will be used.
[2017.01.03-09.45.27:428][  0]LogD3D11RHI: D3D11 adapters:
[2017.01.03-09.45.27:446][  0]LogD3D11RHI:    0. 'NVIDIA GeForce GT 440' (Feature Level 11_0)
[2017.01.03-09.45.27:446][  0]LogD3D11RHI:       1489/0/2559 MB DedicatedVideo/DedicatedSystem/SharedSystem, Outputs:1, VendorId:0x10de
[2017.01.03-09.45.27:446][  0]LogD3D11RHI: Chosen D3D11 Adapter: 0
[2017.01.03-09.45.27:450][  0]LogD3D11RHI: Creating new Direct3DDevice
[2017.01.03-09.45.27:450][  0]LogD3D11RHI:     GPU DeviceId: 0xdc0 (for the marketing name, search the web for "GPU Device Id")
[2017.01.03-09.45.27:450][  0]LogWindows: EnumDisplayDevices:
[2017.01.03-09.45.27:451][  0]LogWindows:    0. 'NVIDIA GeForce GT 440' (P:1 D:1)
[2017.01.03-09.45.27:451][  0]LogWindows:    1. 'NVIDIA GeForce GT 440' (P:0 D:0)
[2017.01.03-09.45.27:451][  0]LogWindows:    2. 'RDPDD Chained DD' (P:0 D:0)
[2017.01.03-09.45.27:451][  0]LogWindows:    3. 'RDP Encoder Mirror Driver' (P:0 D:0)
[2017.01.03-09.45.27:451][  0]LogWindows:    4. 'RDP Reflector Display Driver' (P:0 D:0)
[2017.01.03-09.45.27:451][  0]LogWindows: DebugString: GetVideoDriverDetailsInvalid PrimaryIsNotTheChoosenAdapter GetVideoDriverDetailsInvalid PrimaryIsNotTheChoosenAdapter GetVideoDriverDetailsInvalid PrimaryIsNotTheChoosenAdapter FoundDriverCount:2 
[2017.01.03-09.45.27:451][  0]LogD3D11RHI:     Adapter Name: NVIDIA GeForce GT 440
[2017.01.03-09.45.27:451][  0]LogD3D11RHI:   Driver Version: 364.72 (internal:10.18.13.6472, unified:364.72)
[2017.01.03-09.45.27:451][  0]LogD3D11RHI:      Driver Date: 3-21-2016
[2017.01.03-09.45.27:451][  0]LogRHI: Texture pool is 1042 MB (70% of 1489 MB)
[2017.01.03-09.45.27:458][  0]LogD3D11RHI: Async texture creation enabled
[2017.01.03-09.45.27:474][  0]LogD3D11RHI: GPU Timing Frequency: 1000.000000 (Debug: 2 2)
[2017.01.03-09.45.27:474][  0]LogShaderCompilers: Guid format shader working directory is -2 characters bigger than the processId version (../../../../../../Users/Demonic/Desktop/Blackhole/Intermediate/Shaders/WorkingDirectory/14976/).
[2017.01.03-09.45.27:474][  0]LogShaderCompilers: Cleaned the shader compiler working directory 'C:/Users/Demonic/AppData/Local/Temp/UnrealShaderWorkingDir/E45F84C74A3B1A0E072C6283936CADBC/'.
[2017.01.03-09.45.27:474][  0]LogShaderCompilers:Display: Using Local Shader Compiler.
[2017.01.03-09.45.28:903][  0]LogTemp:Display: Loaded TP AllDesktopTargetPlatform
[2017.01.03-09.45.28:913][  0]LogTemp:Display: Loaded TP WindowsClientTargetPlatform
[2017.01.03-09.45.28:923][  0]LogTemp:Display: Loaded TP WindowsNoEditorTargetPlatform
[2017.01.03-09.45.28:934][  0]LogTemp:Display: Loaded TP WindowsServerTargetPlatform
[2017.01.03-09.45.28:944][  0]LogTemp:Display: Loaded TP WindowsTargetPlatform
[2017.01.03-09.45.28:953][  0]LogTemp:Display: Loaded TP AndroidTargetPlatform
[2017.01.03-09.45.28:962][  0]LogTemp:Display: Loaded TP Android_ASTCTargetPlatform
[2017.01.03-09.45.28:970][  0]LogTemp:Display: Loaded TP Android_ATCTargetPlatform
[2017.01.03-09.45.28:979][  0]LogTemp:Display: Loaded TP Android_DXTTargetPlatform
[2017.01.03-09.45.28:988][  0]LogTemp:Display: Loaded TP Android_ETC1TargetPlatform
[2017.01.03-09.45.28:997][  0]LogTemp:Display: Loaded TP Android_ETC2TargetPlatform
[2017.01.03-09.45.29:015][  0]LogTemp:Display: Loaded TP Android_MultiTargetPlatform
[2017.01.03-09.45.29:015][  0]LogTemp:Display: Loaded TP Android_PVRTCTargetPlatform
[2017.01.03-09.45.29:017][  0]LogTemp:Display: Loaded TP HTML5TargetPlatform
[2017.01.03-09.45.29:041][  0]LogTemp:Display: Loaded TP IOSTargetPlatform
[2017.01.03-09.45.29:049][  0]LogTemp:Display: Loaded TP TVOSTargetPlatform
[2017.01.03-09.45.29:059][  0]LogTemp:Display: Loaded TP LinuxNoEditorTargetPlatform
[2017.01.03-09.45.29:067][  0]LogTemp:Display: Loaded TP LinuxServerTargetPlatform
[2017.01.03-09.45.29:102][  0]LogTemp:Display: Loaded TP LinuxTargetPlatform
[2017.01.03-09.45.29:103][  0]LogTargetPlatformManager:Display: Building Assets For Windows
[2017.01.03-09.45.29:188][  0]LogDerivedDataCache:Display: Max Cache Size: 512 MB
[2017.01.03-09.45.29:792][  0]LogDerivedDataCache: Loaded boot cache 0.60s 48MB C:/Users/Demonic/AppData/Local/UnrealEngine/4.12/DerivedDataCache/Boot.ddc.
[2017.01.03-09.45.29:792][  0]LogDerivedDataCache:Display: Loaded Boot cache: C:/Users/Demonic/AppData/Local/UnrealEngine/4.12/DerivedDataCache/Boot.ddc
[2017.01.03-09.45.29:792][  0]LogDerivedDataCache: FDerivedDataBackendGraph:  Pak pak cache file ../../../../../../Users/Demonic/Desktop/Blackhole/DerivedDataCache/DDC.ddp not found, will not use a pak cache.
[2017.01.03-09.45.29:792][  0]LogDerivedDataCache: Unable to find inner node Pak for hierarchical cache Hierarchy.
[2017.01.03-09.45.29:792][  0]LogDerivedDataCache: FDerivedDataBackendGraph:  CompressedPak pak cache file ../../../../../../Users/Demonic/Desktop/Blackhole/DerivedDataCache/Compressed.ddp not found, will not use a pak cache.
[2017.01.03-09.45.29:792][  0]LogDerivedDataCache: Unable to find inner node CompressedPak for hierarchical cache Hierarchy.
[2017.01.03-09.45.29:809][  0]LogDerivedDataCache:Display: Pak cache opened for reading ../../../Engine/DerivedDataCache/Compressed.ddp.
[2017.01.03-09.45.29:820][  0]LogDerivedDataCache: Using Local data cache path C:/Users/Demonic/AppData/Local/UnrealEngine/Common/DerivedDataCache: Writable
[2017.01.03-09.45.30:001][  0]LogInit: Selected Device Profile: [Windows]
[2017.01.03-09.45.30:002][  0]LogContentStreaming: Texture pool size is 0.00 MB
[2017.01.03-09.45.30:162][  0]LogMeshUtilities: No automatic mesh reduction module available
[2017.01.03-09.45.30:162][  0]LogMeshUtilities: No automatic mesh merging module available
[2017.01.03-09.45.30:162][  0]LogMeshUtilities: No distributed automatic mesh merging module available
[2017.01.03-09.45.30:489][  0]LogAssetRegistry: FAssetRegistry took 0.0203 seconds to start up
[2017.01.03-09.45.30:513][  0]LogPackageLocalizationCache: Processed 3 localized package path(s) for 2 prioritized culture(s) in 0.020457 seconds
[2017.01.03-09.45.30:519][  0]LogUObjectArray: 28739 objects as part of root set at end of initial load.
[2017.01.03-09.45.30:519][  0]LogUObjectAllocator: 5855624 out of 0 bytes used by permanent object pool.
[2017.01.03-09.45.30:519][  0]LogUObjectArray: CloseDisregardForGC: 0/0 objects in disregard for GC pool
[2017.01.03-09.45.30:527][  0]LogInit: WinSock: version 1.1 (2.2), MaxSocks=32767, MaxUdp=65467
[2017.01.03-09.45.30:936][  0]LogSlate: SlateFontCache - WITH_FREETYPE: 1, WITH_HARFBUZZ: 1
[2017.01.03-09.45.30:937][  0]LogSlate: SlateFontCache - WITH_FREETYPE: 1, WITH_HARFBUZZ: 1
[2017.01.03-09.45.34:184][  0]LogUdpMessaging: Initializing bridge on interface 0.0.0.0:0 to multicast group 230.0.0.1:6666.
[2017.01.03-09.45.34:391][  0]SourceControl: Info Source control is disabled
[2017.01.03-09.45.34:391][  0]SourceControl: Info Source control is disabled
[2017.01.03-09.45.34:399][  0]SourceControl: Info Source control is disabled
[2017.01.03-09.45.34:407][  0]SourceControl: Info Source control is disabled
[2017.01.03-09.45.34:456][  0]LogLinker:Warning: Can't find file '/Game/TopDownCPP/TopDownOverview'
[2017.01.03-09.45.34:456][  0]LogLinker:Warning: Can't find file '/Game/TopDownCPP/TopDownOverview'
[2017.01.03-09.45.34:456][  0]LogUObjectGlobals:Warning: Failed to find object 'Class /Game/TopDownCPP/TopDownOverview.TopDownOverview_C'
[2017.01.03-09.45.34:591][  0]LogEngine: Initializing Engine...
[2017.01.03-09.45.34:593][  0]LogHMD: SteamVR failed to initialize.  Err: 110
[2017.01.03-09.45.34:595][  0]LogHMD: SteamVR failed to initialize.  Err: 110
[2017.01.03-09.45.34:732][  0]LogAIModule: Creating AISystem for world NewWorld
[2017.01.03-09.45.34:738][  0]LogInit: XAudio2 using 'Speakers (USB  AUDIO  )' : 2 channels at 48 kHz using 16 bits per sample (channel mask 0x3)
[2017.01.03-09.45.34:760][  0]LogInit: FAudioDevice initialized.
[2017.01.03-09.45.34:783][  0]LogDerivedDataCache: Saved boot cache 0.02s 48MB C:/Users/Demonic/AppData/Local/UnrealEngine/4.12/DerivedDataCache/Boot.ddc.
[2017.01.03-09.45.34:791][  0]LogInit: Texture streaming: Enabled
[2017.01.03-09.45.34:817][  0]LogInit: Transaction tracking system initialized
[2017.01.03-09.45.34:848][  0]BlueprintLog: New page: Editor Load
[2017.01.03-09.45.34:937][  0]LocalizationService: Info Localization service is disabled
[2017.01.03-09.45.35:001][  0]LogConsoleResponse:Display: 
[2017.01.03-09.45.35:111][  0]LogCook:Display: Max memory allowance for cook 8192mb
[2017.01.03-09.45.35:111][  0]LogCook:Display: Mobile HDR setting 0
[2017.01.03-09.45.35:211][  0]LogFileCache: Scanning file cache for directory 'C:/Users/Demonic/Desktop/Blackhole/Content/' took 0.01s
[2017.01.03-09.45.35:211][  0]SourceControl: Info Source control is disabled
[2017.01.03-09.45.35:211][  0]Cmd: MAP LOAD FILE="../../../../../../Users/Demonic/Desktop/Blackhole/Content/TopDownBP/Maps/TopDownExampleMap.umap" TEMPLATE=0 SHOWPROGRESS=1 FEATURELEVEL=3
[2017.01.03-09.45.35:211][  0]LightingResults: New page: Lighting Build
[2017.01.03-09.45.35:215][  0]MapCheck: New page: Map Check
[2017.01.03-09.45.35:215][  0]LightingResults: New page: Lighting Build
[2017.01.03-09.45.36:258][  0]LogAIModule: Creating AISystem for world TopDownExampleMap
[2017.01.03-09.45.36:268][  0]LogEditorServer: Finished looking for orphan Actors (0.000 secs)
[2017.01.03-09.45.36:269][  0]Cmd: MAP CHECKDEP NOCLEARLOG
[2017.01.03-09.45.36:305][  0]MapCheck: Info Map check complete: 0 Error(s), 0 Warning(s), took 36.273ms to complete.
[2017.01.03-09.45.36:305][  0]LogFileHelpers: Loading map 'TopDownExampleMap' took 1.094
[2017.01.03-09.45.36:420][  0]LogCollectionManager: Loaded 0 collections in 0.001492 seconds
[2017.01.03-09.45.36:456][  0]LogFileCache: Scanning file cache for directory 'C:/Users/Demonic/Desktop/Blackhole/Saved/Collections/' took 0.01s
[2017.01.03-09.45.36:456][  0]LogFileCache: Scanning file cache for directory 'C:/Users/Demonic/Desktop/Blackhole/Content/Developers/Demonic/Collections/' took 0.01s
[2017.01.03-09.45.36:456][  0]LogFileCache: Scanning file cache for directory 'C:/Users/Demonic/Desktop/Blackhole/Content/Collections/' took 0.01s
[2017.01.03-09.45.36:456][  0]LogCollectionManager: Rebuilt the GUID cache for 0 collections in 0.000002 seconds
[2017.01.03-09.45.36:464][  0]LogContentBrowser: Native class hierarchy populated in 0.0080 seconds. Added 2047 classes and 369 folders.
[2017.01.03-09.45.36:469][  0]LogStats: UGameplayTagsManager::ConstructGameplayTagTree: Construct from data asset -  0.000 s
[2017.01.03-09.45.36:469][  0]LogStats: UGameplayTagsManager::ConstructGameplayTagTree: GameplayTagTreeChangedEvent.Broadcast -  0.000 s
[2017.01.03-09.45.36:469][  0]LogContentBrowser: Native class hierarchy updated for 'GameplayTags' in 0.0004 seconds. Added 12 classes and 0 folders.
[2017.01.03-09.45.36:475][  0]LogContentBrowser: Native class hierarchy updated for 'WidgetCarousel' in 0.0003 seconds. Added 0 classes and 0 folders.
[2017.01.03-09.45.36:510][  0]LogContentBrowser: Native class hierarchy updated for 'AddContentDialog' in 0.0004 seconds. Added 0 classes and 0 folders.
[2017.01.03-09.45.36:514][  0]LogContentBrowser: Native class hierarchy updated for 'SceneOutliner' in 0.0003 seconds. Added 1 classes and 2 folders.
[2017.01.03-09.45.36:566][  0]LogCrashTracker: Crashtracker disabled due to settings.
[2017.01.03-09.45.36:570][  0]LogUObjectGlobals:Warning: Failed to find object 'Class None.'
[2017.01.03-09.45.36:596][  0]LogContentBrowser: Native class hierarchy updated for 'HierarchicalLODOutliner' in 0.0004 seconds. Added 1 classes and 2 folders.
[2017.01.03-09.45.36:596][  0]LogLoad: Full Startup: 11.71 seconds (BP compile: 0.23 seconds)
[2017.01.03-09.45.36:596][  0]LogExternalProfiler: Found external profiler: VSPerf
[2017.01.03-09.45.36:596][  0]LogExternalProfiler: Using external profiler: VSPerf
[2017.01.03-09.45.36:935][  0]LogOcInput: OculusInput pre-init called
[2017.01.03-09.45.36:954][  0]LogContentStreaming: Texture pool size now 1000 MB
[2017.01.03-09.45.37:114][  0]LogRenderer: Reallocating scene render targets to support 704x540 (Frame:2).
[2017.01.03-09.45.37:285][  1]LogAssetRegistry: Asset discovery search completed in 6.8158 seconds
[2017.01.03-09.45.37:285][  1]LogCollectionManager: Rebuilt the object cache for 0 collections in 0.000001 seconds (found 0 objects)
[2017.01.03-09.45.37:285][  1]LogCollectionManager: Fixed up redirectors for 0 collections in 0.000030 seconds (updated 0 objects)
[2017.01.03-09.45.44:924][ 67]LogContentBrowser: Native class hierarchy updated for 'BlueprintGraph' in 0.0008 seconds. Added 111 classes and 0 folders.
[2017.01.03-09.45.47:228][134]LogRenderer: Reallocating scene render targets to support 776x668 (Frame:174).
[2017.01.03-09.46.30:917][149]Cmd: OBJ SAVEPACKAGE PACKAGE="/Game/Blackhole/Player/BlackHolePlayer2" FILE="../../../../../../Users/Demonic/Desktop/Blackhole/Content/Blackhole/Player/BlackHolePlayer2.uasset" SILENT=true
[2017.01.03-09.46.30:996][149]LogSavePackage: Save=77.43ms
[2017.01.03-09.46.30:996][149]LogSavePackage: Moving '../../../../../../Users/Demonic/Desktop/Blackhole/Saved/BlackHolePlayer2204823F84F81762A95545BBAD873C2B3.tmp' to '../../../../../../Users/Demonic/Desktop/Blackhole/Content/Blackhole/Player/BlackHolePlayer2.uasset'
[2017.01.03-09.46.30:997][149]LogSavePackage:Display: Finished SavePackage ../../../../../../Users/Demonic/Desktop/Blackhole/Content/Blackhole/Player/BlackHolePlayer2.uasset
[2017.01.03-09.47.01:190][100]BlueprintLog: New page: Compile BlackHolePlayer
[2017.01.03-09.47.01:409][100]BlueprintEditorCompileResults: Info [0096.52] Compile of BlackHolePlayer successful! [in 218 ms] (/Game/Blackhole/Player/BlackHolePlayer.BlackHolePlayer)
[2017.01.03-09.47.21:195][785]BlueprintLog: New page: Compile BlackHolePlayer
[2017.01.03-09.47.21:442][785]BlueprintEditorCompileResults: Info [0116.55] Compile of BlackHolePlayer successful! [in 246 ms] (/Game/Blackhole/Player/BlackHolePlayer.BlackHolePlayer)
[2017.01.03-09.47.37:977][461]BlueprintLog: New page: Compile BlackHolePlayer
[2017.01.03-09.47.38:210][461]BlueprintEditorCompileResults: Info [0133.32] Compile of BlackHolePlayer successful! [in 232 ms] (/Game/Blackhole/Player/BlackHolePlayer.BlackHolePlayer)
[2017.01.03-09.47.51:818][997]BlueprintLog: New page: Compile BlackHolePlayer
[2017.01.03-09.47.52:042][997]BlueprintEditorCompileResults: Info [0147.15] Compile of BlackHolePlayer successful! [in 222 ms] (/Game/Blackhole/Player/BlackHolePlayer.BlackHolePlayer)
[2017.01.03-09.48.08:966][556]BlueprintLog: New page: Compile BlackHolePlayer
[2017.01.03-09.48.09:194][556]BlueprintEditorCompileResults: Info [0164.30] Compile of BlackHolePlayer successful! [in 228 ms] (/Game/Blackhole/Player/BlackHolePlayer.BlackHolePlayer)
[2017.01.03-09.48.19:347][874]BlueprintLog: New page: Compile BlackHolePlayer
[2017.01.03-09.48.19:548][874]BlueprintEditorCompileResults: Info [0174.65] Compile of BlackHolePlayer successful! [in 200 ms] (/Game/Blackhole/Player/BlackHolePlayer.BlackHolePlayer)
[2017.01.03-09.48.42:979][700]BlueprintLog: New page: Compile BlackHolePlayer
[2017.01.03-09.48.43:305][700]BlueprintEditorCompileResults: Info [0198.41] Compile of BlackHolePlayer successful! [in 325 ms] (/Game/Blackhole/Player/BlackHolePlayer.BlackHolePlayer)
[2017.01.03-09.48.56:501][ 83]BlueprintLog: New page: Compile BlackHolePlayer
[2017.01.03-09.48.56:718][ 83]BlueprintEditorCompileResults: Info [0211.82] Compile of BlackHolePlayer successful! [in 216 ms] (/Game/Blackhole/Player/BlackHolePlayer.BlackHolePlayer)
[2017.01.03-09.49.16:513][754]BlueprintLog: New page: Compile BlackHolePlayer
[2017.01.03-09.49.16:541][754]LogBlueprint:Error: Compiler Error This blueprint (self) is not a SceneComponent, therefore ' Target ' must have a connection.
[2017.01.03-09.49.16:541][754]LogBlueprint:Error: Compiler Error This blueprint (self) is not a SceneComponent, therefore ' Target ' must have a connection.
[2017.01.03-09.49.17:131][754]LogBlueprint:Warning: Compiler Warning [0232.24] Compile of BlackHolePlayer failed. 2 Fatal Issue(s) 0 Warning(s) [in 618 ms] (/Game/Blackhole/Player/BlackHolePlayer.BlackHolePlayer)
[2017.01.03-09.49.17:131][754]BlueprintEditorCompileResults:Error: Error This blueprint (self) is not a SceneComponent, therefore ' Target ' must have a connection.
[2017.01.03-09.49.17:131][754]BlueprintEditorCompileResults:Error: Error This blueprint (self) is not a SceneComponent, therefore ' Target ' must have a connection.
[2017.01.03-09.49.17:131][754]BlueprintEditorCompileResults:Warning: Warning [0232.24] Compile of BlackHolePlayer failed. 2 Fatal Issue(s) 0 Warning(s) [in 618 ms] (/Game/Blackhole/Player/BlackHolePlayer.BlackHolePlayer)
[2017.01.03-09.49.55:879][911]LogD3D11RHI: Timed out while waiting for GPU to catch up. (0.5 s)
[2017.01.03-09.49.56:379][911]LogD3D11RHI: Timed out while waiting for GPU to catch up. (0.5 s)
[2017.01.03-09.49.57:690][966]BlueprintLog: New page: Compile BlackHolePlayer
[2017.01.03-09.49.57:839][966]BlueprintEditorCompileResults: Info [0272.94] Compile of BlackHolePlayer successful! [in 148 ms] (/Game/Blackhole/Player/BlackHolePlayer.BlackHolePlayer)
[2017.01.03-09.50.59:906][ 54]BlueprintLog: New page: Compile BlackHolePlayer
[2017.01.03-09.51.00:099][ 54]BlueprintEditorCompileResults: Info [0335.20] Compile of BlackHolePlayer successful! [in 193 ms] (/Game/Blackhole/Player/BlackHolePlayer.BlackHolePlayer)
[2017.01.03-09.51.11:141][416]BlueprintLog: New page: Compile BlackHolePlayer
[2017.01.03-09.51.11:289][416]BlueprintEditorCompileResults: Info [0346.39] Compile of BlackHolePlayer successful! [in 147 ms] (/Game/Blackhole/Player/BlackHolePlayer.BlackHolePlayer)
[2017.01.03-09.51.18:425][849]LogSavePackage: Save=185.84ms
[2017.01.03-09.51.18:425][849]LogSavePackage: Moving '../../../../../../Users/Demonic/Desktop/Blackhole/Saved/TopDownExampleMap0DBCD342432852938A15EC94DB30D7AE.tmp' to '../../../../../../Users/Demonic/Desktop/Blackhole/Content/TopDownBP/Maps/TopDownExampleMap.umap'
[2017.01.03-09.51.18:428][849]LogSavePackage:Display: Finished SavePackage ../../../../../../Users/Demonic/Desktop/Blackhole/Content/TopDownBP/Maps/TopDownExampleMap.umap
[2017.01.03-09.51.18:450][849]LogFileHelpers: Saving map 'TopDownExampleMap' took 0.285
[2017.01.03-09.51.18:475][849]Cmd: OBJ SAVEPACKAGE PACKAGE="/Game/Blackhole/Player/BlackHolePlayer" FILE="../../../../../../Users/Demonic/Desktop/Blackhole/Content/Blackhole/Player/BlackHolePlayer.uasset" SILENT=true
[2017.01.03-09.51.18:541][849]LogSavePackage: Save=61.96ms
[2017.01.03-09.51.18:541][849]LogSavePackage: Moving '../../../../../../Users/Demonic/Desktop/Blackhole/Saved/BlackHolePlayerA7C8000D4518F9F88266D49F0163278E.tmp' to '../../../../../../Users/Demonic/Desktop/Blackhole/Content/Blackhole/Player/BlackHolePlayer.uasset'
[2017.01.03-09.51.18:543][849]LogSavePackage:Display: Finished SavePackage ../../../../../../Users/Demonic/Desktop/Blackhole/Content/Blackhole/Player/BlackHolePlayer.uasset
[2017.01.03-09.51.45:690][546]LogBlueprintUserMessages: Early PlayInEditor Detection: Level '/Game/TopDownBP/Maps/TopDownExampleMap.TopDownExampleMap:PersistentLevel' has LevelScriptBlueprint '/Game/TopDownBP/Maps/TopDownExampleMap.TopDownExampleMap:PersistentLevel.TopDownExampleMap' with GeneratedClass '/Game/TopDownBP/Maps/TopDownExampleMap.TopDownExampleMap_C' with ClassGeneratedBy '/Game/TopDownBP/Maps/TopDownExampleMap.TopDownExampleMap:PersistentLevel.TopDownExampleMap'
[2017.01.03-09.51.45:691][546]LogPlayLevel: PlayLevel: No blueprints needed recompiling
[2017.01.03-09.51.45:691][546]PIE: New page: PIE session: TopDownExampleMap (Jan 2, 2017, 5:51:45 PM)
[2017.01.03-09.51.45:691][546]LogPlayLevel: Creating play world package: /Game/TopDownBP/Maps/UEDPIE_0_TopDownExampleMap
[2017.01.03-09.51.45:714][546]LogPlayLevel: PIE: StaticDuplicateObject took: (0.023096s)
[2017.01.03-09.51.45:715][546]LogAIModule: Creating AISystem for world TopDownExampleMap
[2017.01.03-09.51.45:715][546]LogPlayLevel: PIE: World Init took: (0.001150s)
[2017.01.03-09.51.45:716][546]LogPlayLevel: PIE: Created PIE world by copying editor world from /Game/TopDownBP/Maps/TopDownExampleMap.TopDownExampleMap to /Game/TopDownBP/Maps/UEDPIE_0_TopDownExampleMap.TopDownExampleMap (0.024588s)
[2017.01.03-09.51.45:741][546]LogInit: XAudio2 using 'Speakers (USB  AUDIO  )' : 2 channels at 48 kHz using 16 bits per sample (channel mask 0x3)
[2017.01.03-09.51.45:745][546]LogInit: FAudioDevice initialized.
[2017.01.03-09.51.45:803][546]LogWorld: Game class is 'TopDownGameMode_C'
[2017.01.03-09.51.45:807][546]LogWorld: Bringing World /Game/TopDownBP/Maps/UEDPIE_0_TopDownExampleMap.TopDownExampleMap up for play (max tick rate 0) at 2017.01.03-01.51.45
[2017.01.03-09.51.45:807][546]LogWorld: Bringing up level for play took: 0.003275
[2017.01.03-09.51.45:813][546]LogContentBrowser: Native class hierarchy updated for 'MovieSceneCapture' in 0.0007 seconds. Added 11 classes and 0 folders.
[2017.01.03-09.51.45:814][546]PIE: Info Play in editor start time for /Game/TopDownBP/Maps/UEDPIE_0_TopDownExampleMap -0.742
[2017.01.03-09.51.45:814][546]LogBlueprintUserMessages: Late PlayInEditor Detection: Level '/Game/TopDownBP/Maps/TopDownExampleMap.TopDownExampleMap:PersistentLevel' has LevelScriptBlueprint '/Game/TopDownBP/Maps/TopDownExampleMap.TopDownExampleMap:PersistentLevel.TopDownExampleMap' with GeneratedClass '/Game/TopDownBP/Maps/TopDownExampleMap.TopDownExampleMap_C' with ClassGeneratedBy '/Game/TopDownBP/Maps/TopDownExampleMap.TopDownExampleMap:PersistentLevel.TopDownExampleMap'
[2017.01.03-09.51.56:751][268]LogBlueprintUserMessages: Early EndPlayMap Detection: Level '/Game/TopDownBP/Maps/TopDownExampleMap.TopDownExampleMap:PersistentLevel' has LevelScriptBlueprint '/Game/TopDownBP/Maps/TopDownExampleMap.TopDownExampleMap:PersistentLevel.TopDownExampleMap' with GeneratedClass '/Game/TopDownBP/Maps/TopDownExampleMap.TopDownExampleMap_C' with ClassGeneratedBy '/Game/TopDownBP/Maps/TopDownExampleMap.TopDownExampleMap:PersistentLevel.TopDownExampleMap'
[2017.01.03-09.51.56:798][268]LogBlueprintUserMessages: Late EndPlayMap Detection: Level '/Game/TopDownBP/Maps/TopDownExampleMap.TopDownExampleMap:PersistentLevel' has LevelScriptBlueprint '/Game/TopDownBP/Maps/TopDownExampleMap.TopDownExampleMap:PersistentLevel.TopDownExampleMap' with GeneratedClass '/Game/TopDownBP/Maps/TopDownExampleMap.TopDownExampleMap_C' with ClassGeneratedBy '/Game/TopDownBP/Maps/TopDownExampleMap.TopDownExampleMap:PersistentLevel.TopDownExampleMap'
[2017.01.03-09.52.49:398][936]BlueprintLog: New page: Compile BlackHolePlayer
[2017.01.03-09.52.49:544][936]BlueprintEditorCompileResults: Info [0444.64] Compile of BlackHolePlayer successful! [in 146 ms] (/Game/Blackhole/Player/BlackHolePlayer.BlackHolePlayer)
[2017.01.03-09.53.07:463][536]LogEditorTransaction: Undo Attach Component
[2017.01.03-09.53.07:521][536]LogActorComponent: ~FComponentReregisterContext: (/Engine/Transient.World_5:PersistentLevel.BlackHolePlayer_C_1.CharacterMesh0) Component already registered.
[2017.01.03-09.53.07:523][536]LogActorComponent: ~FComponentReregisterContext: (/Engine/Transient.World_5:PersistentLevel.BlackHolePlayer_C_1.CharMoveComp) Component already registered.
[2017.01.03-09.53.07:524][536]LogActorComponent: ~FComponentReregisterContext: (/Engine/Transient.World_5:PersistentLevel.BlackHolePlayer_C_1.Arrow) Component already registered.
[2017.01.03-09.53.07:527][536]LogActorComponent: ~FComponentReregisterContext: (/Game/TopDownBP/Maps/TopDownExampleMap.TopDownExampleMap:PersistentLevel.TopDownCharacter.CharacterMesh0) Component already registered.
[2017.01.03-09.53.07:528][536]LogActorComponent: ~FComponentReregisterContext: (/Game/TopDownBP/Maps/TopDownExampleMap.TopDownExampleMap:PersistentLevel.TopDownCharacter.CharMoveComp) Component already registered.
[2017.01.03-09.53.07:529][536]LogActorComponent: ~FComponentReregisterContext: (/Game/TopDownBP/Maps/TopDownExampleMap.TopDownExampleMap:PersistentLevel.TopDownCharacter.Arrow) Component already registered.
[2017.01.03-09.53.12:324][699]BlueprintLog: New page: Compile BlackHolePlayer
[2017.01.03-09.53.12:469][699]BlueprintEditorCompileResults: Info [0467.57] Compile of BlackHolePlayer successful! [in 144 ms] (/Game/Blackhole/Player/BlackHolePlayer.BlackHolePlayer)
[2017.01.03-09.53.17:943][881]LogRenderer: Reallocating scene render targets to support 1016x864 (Frame:28672).
[2017.01.03-09.53.51:255][851]LogContentBrowser: Native class hierarchy updated for 'TextureEditor' in 0.0004 seconds. Added 1 classes and 2 folders.
[2017.01.03-09.54.29:385][145]LogContentBrowser: Native class hierarchy updated for 'Cascade' in 0.0004 seconds. Added 2 classes and 2 folders.
[2017.01.03-09.54.45:285][751]LogCascade: Quitting Cascade. FXSystem=0x00000000443882C0
[2017.01.03-09.55.50:258][579]Cmd: OBJ SAVEPACKAGE PACKAGE="/Game/Blackhole/Player/AHole1_Sprite" FILE="../../../../../../Users/Demonic/Desktop/Blackhole/Content/Blackhole/Player/AHole1_Sprite.uasset" SILENT=true
[2017.01.03-09.55.50:280][579]LogSavePackage: Save=12.42ms
[2017.01.03-09.55.50:280][579]LogSavePackage: Moving '../../../../../../Users/Demonic/Desktop/Blackhole/Saved/AHole1_SpriteA4D8839C45BD0AEFE8AF238DDA6C0136.tmp' to '../../../../../../Users/Demonic/Desktop/Blackhole/Content/Blackhole/Player/AHole1_Sprite.uasset'
[2017.01.03-09.55.50:281][579]LogSavePackage:Display: Finished SavePackage ../../../../../../Users/Demonic/Desktop/Blackhole/Content/Blackhole/Player/AHole1_Sprite.uasset
[2017.01.03-09.56.09:199][208]BlueprintLog: New page: Compile BlackHolePlayer
[2017.01.03-09.56.09:370][208]BlueprintEditorCompileResults: Info [0644.47] Compile of BlackHolePlayer successful! [in 170 ms] (/Game/Blackhole/Player/BlackHolePlayer.BlackHolePlayer)
[2017.01.03-09.56.44:001][381]BlueprintLog: New page: Compile BlackHolePlayer
[2017.01.03-09.56.44:147][381]BlueprintEditorCompileResults: Info [0679.24] Compile of BlackHolePlayer successful! [in 146 ms] (/Game/Blackhole/Player/BlackHolePlayer.BlackHolePlayer)
[2017.01.03-09.56.46:611][486]LogBlueprintUserMessages: Early PlayInEditor Detection: Level '/Game/TopDownBP/Maps/TopDownExampleMap.TopDownExampleMap:PersistentLevel' has LevelScriptBlueprint '/Game/TopDownBP/Maps/TopDownExampleMap.TopDownExampleMap:PersistentLevel.TopDownExampleMap' with GeneratedClass '/Game/TopDownBP/Maps/TopDownExampleMap.TopDownExampleMap_C' with ClassGeneratedBy '/Game/TopDownBP/Maps/TopDownExampleMap.TopDownExampleMap:PersistentLevel.TopDownExampleMap'
[2017.01.03-09.56.46:611][486]LogPlayLevel: PlayLevel: No blueprints needed recompiling
[2017.01.03-09.56.46:611][486]PIE: New page: PIE session: TopDownExampleMap (Jan 2, 2017, 5:56:46 PM)
[2017.01.03-09.56.46:611][486]LogPlayLevel: Creating play world package: /Game/TopDownBP/Maps/UEDPIE_0_TopDownExampleMap
[2017.01.03-09.56.46:633][486]LogPlayLevel: PIE: StaticDuplicateObject took: (0.021874s)
[2017.01.03-09.56.46:634][486]LogAIModule: Creating AISystem for world TopDownExampleMap
[2017.01.03-09.56.46:634][486]LogPlayLevel: PIE: World Init took: (0.001022s)
[2017.01.03-09.56.46:634][486]LogPlayLevel: PIE: Created PIE world by copying editor world from /Game/TopDownBP/Maps/TopDownExampleMap.TopDownExampleMap to /Game/TopDownBP/Maps/UEDPIE_0_TopDownExampleMap.TopDownExampleMap (0.023192s)
[2017.01.03-09.56.46:655][486]LogInit: XAudio2 using 'Speakers (USB  AUDIO  )' : 2 channels at 48 kHz using 16 bits per sample (channel mask 0x3)
[2017.01.03-09.56.46:659][486]LogInit: FAudioDevice initialized.
[2017.01.03-09.56.46:700][486]LogWorld: Game class is 'TopDownGameMode_C'
[2017.01.03-09.56.46:704][486]LogWorld: Bringing World /Game/TopDownBP/Maps/UEDPIE_0_TopDownExampleMap.TopDownExampleMap up for play (max tick rate 0) at 2017.01.03-01.56.46
[2017.01.03-09.56.46:705][486]LogWorld: Bringing up level for play took: 0.003484
[2017.01.03-09.56.46:706][486]PIE: Info Play in editor start time for /Game/TopDownBP/Maps/UEDPIE_0_TopDownExampleMap 0.145
[2017.01.03-09.56.46:706][486]LogBlueprintUserMessages: Late PlayInEditor Detection: Level '/Game/TopDownBP/Maps/TopDownExampleMap.TopDownExampleMap:PersistentLevel' has LevelScriptBlueprint '/Game/TopDownBP/Maps/TopDownExampleMap.TopDownExampleMap:PersistentLevel.TopDownExampleMap' with GeneratedClass '/Game/TopDownBP/Maps/TopDownExampleMap.TopDownExampleMap_C' with ClassGeneratedBy '/Game/TopDownBP/Maps/TopDownExampleMap.TopDownExampleMap:PersistentLevel.TopDownExampleMap'
[2017.01.03-09.57.29:248][315]LogBlueprintUserMessages: Early EndPlayMap Detection: Level '/Game/TopDownBP/Maps/TopDownExampleMap.TopDownExampleMap:PersistentLevel' has LevelScriptBlueprint '/Game/TopDownBP/Maps/TopDownExampleMap.TopDownExampleMap:PersistentLevel.TopDownExampleMap' with GeneratedClass '/Game/TopDownBP/Maps/TopDownExampleMap.TopDownExampleMap_C' with ClassGeneratedBy '/Game/TopDownBP/Maps/TopDownExampleMap.TopDownExampleMap:PersistentLevel.TopDownExampleMap'
[2017.01.03-09.57.29:288][315]LogBlueprintUserMessages: Late EndPlayMap Detection: Level '/Game/TopDownBP/Maps/TopDownExampleMap.TopDownExampleMap:PersistentLevel' has LevelScriptBlueprint '/Game/TopDownBP/Maps/TopDownExampleMap.TopDownExampleMap:PersistentLevel.TopDownExampleMap' with GeneratedClass '/Game/TopDownBP/Maps/TopDownExampleMap.TopDownExampleMap_C' with ClassGeneratedBy '/Game/TopDownBP/Maps/TopDownExampleMap.TopDownExampleMap:PersistentLevel.TopDownExampleMap'
[2017.01.03-09.57.32:317][476]LogSavePackage: Save=182.25ms
[2017.01.03-09.57.32:317][476]LogSavePackage: Moving '../../../../../../Users/Demonic/Desktop/Blackhole/Saved/TopDownExampleMapBBB462B24C079BFC95149DB980E74EA5.tmp' to '../../../../../../Users/Demonic/Desktop/Blackhole/Content/TopDownBP/Maps/TopDownExampleMap.umap'
[2017.01.03-09.57.32:320][476]LogSavePackage:Display: Finished SavePackage ../../../../../../Users/Demonic/Desktop/Blackhole/Content/TopDownBP/Maps/TopDownExampleMap.umap
[2017.01.03-09.57.32:348][476]LogFileHelpers: Saving map 'TopDownExampleMap' took 0.284
[2017.01.03-09.57.32:373][476]Cmd: OBJ SAVEPACKAGE PACKAGE="/Game/Blackhole/Player/BlackHolePlayer" FILE="../../../../../../Users/Demonic/Desktop/Blackhole/Content/Blackhole/Player/BlackHolePlayer.uasset" SILENT=true
[2017.01.03-09.57.32:431][476]LogSavePackage: Save=52.93ms
[2017.01.03-09.57.32:431][476]LogSavePackage: Moving '../../../../../../Users/Demonic/Desktop/Blackhole/Saved/BlackHolePlayerA1F1117F4E7E643EEB79F2B35B8C8080.tmp' to '../../../../../../Users/Demonic/Desktop/Blackhole/Content/Blackhole/Player/BlackHolePlayer.uasset'
[2017.01.03-09.57.32:432][476]LogSavePackage:Display: Finished SavePackage ../../../../../../Users/Demonic/Desktop/Blackhole/Content/Blackhole/Player/BlackHolePlayer.uasset
[2017.01.03-09.57.35:745][662]Cmd: QUIT_EDITOR
[2017.01.03-09.57.35:837][662]LogExit: Preparing to exit.
[2017.01.03-09.57.36:383][662]LogExit: Editor shut down
[2017.01.03-09.57.36:383][662]LogExit: Transaction tracking system shut down
[2017.01.03-09.57.36:539][662]LogObj: Freed 0b from 0 cluster array pools.
[2017.01.03-09.57.36:539][662]LogExit: Object subsystem successfully closed.
[2017.01.03-09.57.36:552][662]LogD3D11RHI: Shutdown
[2017.01.03-09.57.36:552][662]LogD3D11RHI: CleanupD3DDevice
[2017.01.03-09.57.36:616][662]LogD3D11RHI: ~FD3D11DynamicRHI
[2017.01.03-09.57.36:627][662]LogModuleManager: Shutting down and abandoning module DistCurveEditor (218)
[2017.01.03-09.57.36:627][662]LogModuleManager: Shutting down and abandoning module Cascade (217)
[2017.01.03-09.57.36:627][662]LogModuleManager: Shutting down and abandoning module TextureEditor (216)
[2017.01.03-09.57.36:627][662]LogModuleManager: Shutting down and abandoning module MovieSceneCapture (215)
[2017.01.03-09.57.36:627][662]LogModuleManager: Shutting down and abandoning module BlueprintGraph (214)
[2017.01.03-09.57.36:627][662]LogModuleManager: Shutting down and abandoning module HierarchicalLODOutliner (213)
[2017.01.03-09.57.36:627][662]LogModuleManager: Shutting down and abandoning module CrashTracker (212)
[2017.01.03-09.57.36:627][662]LogModuleManager: Shutting down and abandoning module SceneOutliner (211)
[2017.01.03-09.57.36:627][662]LogModuleManager: Shutting down and abandoning module WidgetCarousel (210)
[2017.01.03-09.57.36:627][662]LogModuleManager: Shutting down and abandoning module AddContentDialog (209)
[2017.01.03-09.57.36:628][662]LogModuleManager: Shutting down and abandoning module GameplayTags (208)
[2017.01.03-09.57.36:628][662]LogModuleManager: Shutting down and abandoning module EditorWidgets (207)
[2017.01.03-09.57.36:628][662]LogModuleManager: Shutting down and abandoning module CollectionManager (206)
[2017.01.03-09.57.36:628][662]LogModuleManager: Shutting down and abandoning module StatsViewer (205)
[2017.01.03-09.57.36:628][662]LogModuleManager: Shutting down and abandoning module FoliageEdit (204)
[2017.01.03-09.57.36:628][662]LogModuleManager: Shutting down and abandoning module LandscapeEditor (203)
[2017.01.03-09.57.36:629][662]LogModuleManager: Shutting down and abandoning module SceneDepthPickerMode (202)
[2017.01.03-09.57.36:629][662]LogModuleManager: Shutting down and abandoning module ActorPickerMode (201)
[2017.01.03-09.57.36:629][662]LogModuleManager: Shutting down and abandoning module GeometryMode (200)
[2017.01.03-09.57.36:629][662]LogModuleManager: Shutting down and abandoning module TextureAlignMode (199)
[2017.01.03-09.57.36:629][662]LogModuleManager: Shutting down and abandoning module BspMode (198)
[2017.01.03-09.57.36:629][662]LogModuleManager: Shutting down and abandoning module HardwareSurvey (197)
[2017.01.03-09.57.36:629][662]LogModuleManager: Shutting down and abandoning module SequenceRecorderSections (196)
[2017.01.03-09.57.36:629][662]LogModuleManager: Shutting down and abandoning module SequenceRecorder (195)
[2017.01.03-09.57.36:629][662]LogModuleManager: Shutting down and abandoning module AutomationWorker (194)
[2017.01.03-09.57.36:629][662]LogModuleManager: Shutting down and abandoning module MatineeToLevelSequence (193)
[2017.01.03-09.57.36:629][662]LogModuleManager: Shutting down and abandoning module PlacementMode (192)
[2017.01.03-09.57.36:629][662]LogModuleManager: Shutting down and abandoning module LevelSequenceEditor (191)
[2017.01.03-09.57.36:629][662]LogModuleManager: Shutting down and abandoning module CharacterAI (190)
[2017.01.03-09.57.36:629][662]LogModuleManager: Shutting down and abandoning module SmartSnapping (189)
[2017.01.03-09.57.36:629][662]LogModuleManager: Shutting down and abandoning module SessionServices (188)
[2017.01.03-09.57.36:629][662]LogModuleManager: Shutting down and abandoning module ViewportSnapping (187)
[2017.01.03-09.57.36:629][662]LogModuleManager: Shutting down and abandoning module LogVisualizer (186)
[2017.01.03-09.57.36:629][662]LogModuleManager: Shutting down and abandoning module GameProjectGeneration (185)
[2017.01.03-09.57.36:629][662]LogModuleManager: Shutting down and abandoning module IntroTutorials (184)
[2017.01.03-09.57.36:629][662]LogModuleManager: Shutting down and abandoning module EditorLiveStreaming (183)
[2017.01.03-09.57.36:629][662]LogModuleManager: Shutting down and abandoning module IOSPlatformEditor (182)
[2017.01.03-09.57.36:629][662]LogModuleManager: Shutting down and abandoning module HTML5PlatformEditor (181)
[2017.01.03-09.57.36:629][662]LogModuleManager: Shutting down and abandoning module AndroidDeviceDetection (180)
[2017.01.03-09.57.37:015][662]LogModuleManager: Shutting down and abandoning module AndroidPlatformEditor (179)
[2017.01.03-09.57.37:015][662]LogModuleManager: Shutting down and abandoning module IOSRuntimeSettings (178)
[2017.01.03-09.57.37:015][662]LogModuleManager: Shutting down and abandoning module AndroidRuntimeSettings (177)
[2017.01.03-09.57.37:015][662]LogModuleManager: Shutting down and abandoning module MergeActors (176)
[2017.01.03-09.57.37:015][662]LogModuleManager: Shutting down and abandoning module SizeMap (175)
[2017.01.03-09.57.37:015][662]LogModuleManager: Shutting down and abandoning module TreeMap (174)
[2017.01.03-09.57.37:015][662]LogModuleManager: Shutting down and abandoning module ReferenceViewer (173)
[2017.01.03-09.57.37:015][662]LogModuleManager: Shutting down and abandoning module LocalizationService (172)
[2017.01.03-09.57.37:015][662]LogModuleManager: Shutting down and abandoning module LocalizationDashboard (171)
[2017.01.03-09.57.37:015][662]LogModuleManager: Shutting down and abandoning module HardwareTargeting (170)
[2017.01.03-09.57.37:015][662]LogModuleManager: Shutting down and abandoning module DeviceProfileEditor (169)
[2017.01.03-09.57.37:015][662]LogModuleManager: Shutting down and abandoning module UndoHistory (168)
[2017.01.03-09.57.37:015][662]LogModuleManager: Shutting down and abandoning module UserFeedback (167)
[2017.01.03-09.57.37:015][662]LogModuleManager: Shutting down and abandoning module XmlParser (166)
[2017.01.03-09.57.37:015][662]LogModuleManager: Shutting down and abandoning module Blutility (165)
[2017.01.03-09.57.37:015][662]LogModuleManager: Shutting down and abandoning module ProjectTargetPlatformEditor (164)
[2017.01.03-09.57.37:015][662]LogModuleManager: Shutting down and abandoning module ProjectSettingsViewer (163)
[2017.01.03-09.57.37:015][662]LogModuleManager: Shutting down and abandoning module InputBindingEditor (162)
[2017.01.03-09.57.37:016][662]LogModuleManager: Shutting down and abandoning module EditorSettingsViewer (161)
[2017.01.03-09.57.37:016][662]LogModuleManager: Shutting down and abandoning module SettingsEditor (160)
[2017.01.03-09.57.37:016][662]LogModuleManager: Shutting down and abandoning module ProjectLauncher (159)
[2017.01.03-09.57.37:016][662]LogModuleManager: Shutting down and abandoning module SessionFrontend (158)
[2017.01.03-09.57.37:016][662]LogModuleManager: Shutting down and abandoning module ProfilerClient (157)
[2017.01.03-09.57.37:016][662]LogModuleManager: Shutting down and abandoning module TargetDeviceServices (156)
[2017.01.03-09.57.37:016][662]LogModuleManager: Shutting down and abandoning module DeviceManager (155)
[2017.01.03-09.57.37:066][662]LogModuleManager: Shutting down and abandoning module AutomationController (154)
[2017.01.03-09.57.37:066][662]LogModuleManager: Shutting down and abandoning module AutomationWindow (153)
[2017.01.03-09.57.37:066][662]LogModuleManager: Shutting down and abandoning module Layers (152)
[2017.01.03-09.57.37:066][662]LogModuleManager: Shutting down and abandoning module ComponentVisualizers (151)
[2017.01.03-09.57.37:066][662]LogModuleManager: Shutting down and abandoning module DetailCustomizations (150)
[2017.01.03-09.57.37:066][662]LogModuleManager: Shutting down and abandoning module PackagesDialog (149)
[2017.01.03-09.57.37:066][662]LogModuleManager: Shutting down and abandoning module Persona (148)
[2017.01.03-09.57.37:066][662]LogModuleManager: Shutting down and abandoning module Kismet (147)
[2017.01.03-09.57.37:066][662]LogModuleManager: Shutting down and abandoning module GraphEditor (146)
[2017.01.03-09.57.37:066][662]LogModuleManager: Shutting down and abandoning module ClassViewer (145)
[2017.01.03-09.57.37:066][662]LogModuleManager: Shutting down and abandoning module Toolbox (144)
[2017.01.03-09.57.37:066][662]LogModuleManager: Shutting down and abandoning module ModuleUI (143)
[2017.01.03-09.57.37:066][662]LogModuleManager: Shutting down and abandoning module MovieSceneTools (142)
[2017.01.03-09.57.37:066][662]LogModuleManager: Shutting down and abandoning module OutputLog (141)
[2017.01.03-09.57.37:066][662]LogModuleManager: Shutting down and abandoning module GammaUI (140)
[2017.01.03-09.57.37:066][662]LogModuleManager: Shutting down and abandoning module Documentation (139)
[2017.01.03-09.57.37:066][662]LogModuleManager: Shutting down and abandoning module StreamingPauseRendering (138)
[2017.01.03-09.57.37:066][662]LogModuleManager: Shutting down and abandoning module AnalyticsET (137)
[2017.01.03-09.57.37:066][662]LogModuleManager: Shutting down and abandoning module Analytics (136)
[2017.01.03-09.57.37:066][662]LogModuleManager: Shutting down and abandoning module PortalServices (135)
[2017.01.03-09.57.37:066][662]LogModuleManager: Shutting down and abandoning module PortalRpc (134)
[2017.01.03-09.57.37:066][662]LogModuleManager: Shutting down and abandoning module MessagingRpc (133)
[2017.01.03-09.57.37:066][662]LogModuleManager: Shutting down and abandoning module GameplayDebugger (132)
[2017.01.03-09.57.37:066][662]LogModuleManager: Shutting down and abandoning module AITestSuite (131)
[2017.01.03-09.57.37:066][662]LogModuleManager: Shutting down and abandoning module AIModule (130)
[2017.01.03-09.57.37:066][662]LogModuleManager: Shutting down and abandoning module ProfilerService (129)
[2017.01.03-09.57.37:123][662]LogModuleManager: Shutting down and abandoning module TaskGraph (128)
[2017.01.03-09.57.37:123][662]LogModuleManager: Shutting down and abandoning module SlateRemote (127)
[2017.01.03-09.57.37:123][662]LogModuleManager: Shutting down and abandoning module SteamVRController (126)
[2017.01.03-09.57.37:123][662]LogModuleManager: Shutting down and abandoning module SteamVR (125)
[2017.01.03-09.57.37:123][662]LogModuleManager: Shutting down and abandoning module ProceduralMeshComponent (124)
[2017.01.03-09.57.37:123][662]LogModuleManager: Shutting down and abandoning module OculusLibrary (123)
[2017.01.03-09.57.37:123][662]LogModuleManager: Shutting down and abandoning module OculusInput (122)
[2017.01.03-09.57.37:123][662]LogModuleManager: Shutting down and abandoning module CustomMeshComponent (121)
[2017.01.03-09.57.37:123][662]LogModuleManager: Shutting down and abandoning module CableComponent (120)
[2017.01.03-09.57.37:123][662]LogModuleManager: Shutting down and abandoning module ArchVisCharacter (119)
[2017.01.03-09.57.37:123][662]LogModuleManager: Shutting down and abandoning module MediaPlayerEditor (118)
[2017.01.03-09.57.37:123][662]LogModuleManager: Shutting down and abandoning module HTML5Networking (117)
[2017.01.03-09.57.37:123][662]LogModuleManager: Shutting down and abandoning module SuperSearch (116)
[2017.01.03-09.57.37:123][662]LogModuleManager: Shutting down and abandoning module SuperSearchEditor (115)
[2017.01.03-09.57.37:123][662]LogModuleManager: Shutting down and abandoning module SpeedTreeImporter (114)
[2017.01.03-09.57.37:123][662]LogModuleManager: Shutting down and abandoning module PluginBrowser (113)
[2017.01.03-09.57.37:124][662]LogModuleManager: Shutting down and abandoning module EpicSurvey (112)
[2017.01.03-09.57.37:124][662]LogModuleManager: Shutting down and abandoning module DesktopPlatform (111)
[2017.01.03-09.57.37:124][662]LogModuleManager: Shutting down and abandoning module VisualStudioSourceCodeAccess (110)
[2017.01.03-09.57.37:124][662]LogModuleManager: Shutting down and abandoning module UObjectPlugin (109)
[2017.01.03-09.57.37:124][662]LogModuleManager: Shutting down and abandoning module SubversionSourceControl (108)
[2017.01.03-09.57.37:124][662]LogModuleManager: Shutting down and abandoning module PerforceSourceControl (107)
[2017.01.03-09.57.37:124][662]LogModuleManager: Shutting down and abandoning module SourceControl (106)
[2017.01.03-09.57.37:124][662]LogModuleManager: Shutting down and abandoning module GitSourceControl (105)
[2017.01.03-09.57.37:124][662]LogModuleManager: Shutting down and abandoning module LightPropagationVolumeEditor (104)
[2017.01.03-09.57.37:124][662]LogModuleManager: Shutting down and abandoning module PaperTiledImporter (103)
[2017.01.03-09.57.37:124][662]LogModuleManager: Shutting down and abandoning module PaperSpriteSheetImporter (102)
[2017.01.03-09.57.37:124][662]LogModuleManager: Shutting down and abandoning module MeshPaint (101)
[2017.01.03-09.57.37:124][662]LogModuleManager: Shutting down and abandoning module PixelInspectorModule (100)
[2017.01.03-09.57.37:124][662]LogModuleManager: Shutting down and abandoning module HotReload (99)
[2017.01.03-09.57.37:124][662]LogModuleManager: Shutting down and abandoning module MainFrame (98)
[2017.01.03-09.57.37:124][662]LogModuleManager: Shutting down and abandoning module LevelEditor (97)
[2017.01.03-09.57.37:125][662]LogModuleManager: Shutting down and abandoning module ContentBrowser (96)
[2017.01.03-09.57.37:126][662]LogModuleManager: Shutting down and abandoning module Paper2DEditor (95)
[2017.01.03-09.57.37:126][662]LogModuleManager: Shutting down and abandoning module UdpMessaging (94)
[2017.01.03-09.57.37:226][662]LogModuleManager: Shutting down and abandoning module LightPropagationVolumeRuntime (93)
[2017.01.03-09.57.37:226][662]LogModuleManager: Shutting down and abandoning module Paper2D (92)
[2017.01.03-09.57.37:226][662]LogModuleManager: Shutting down and abandoning module WindowsMoviePlayer (91)
[2017.01.03-09.57.37:226][662]LogModuleManager: Shutting down and abandoning module Media (90)
[2017.01.03-09.57.37:226][662]LogModuleManager: Shutting down and abandoning module WmfMedia (89)
[2017.01.03-09.57.37:226][662]LogModuleManager: Shutting down and abandoning module MediaAssets (88)
[2017.01.03-09.57.37:226][662]LogModuleManager: Shutting down and abandoning module GameLiveStreaming (87)
[2017.01.03-09.57.37:226][662]LogModuleManager: Shutting down and abandoning module GameplayTagsEditor (86)
[2017.01.03-09.57.37:226][662]LogModuleManager: Shutting down and abandoning module OnlineBlueprintSupport (85)
[2017.01.03-09.57.37:226][662]LogModuleManager: Shutting down and abandoning module VREditor (84)
[2017.01.03-09.57.37:226][662]LogModuleManager: Shutting down and abandoning module GameplayTasksEditor (83)
[2017.01.03-09.57.37:226][662]LogModuleManager: Shutting down and abandoning module PropertyEditor (82)
[2017.01.03-09.57.37:226][662]LogModuleManager: Shutting down and abandoning module BehaviorTreeEditor (81)
[2017.01.03-09.57.37:226][662]LogModuleManager: Shutting down and abandoning module FunctionalTesting (80)
[2017.01.03-09.57.37:226][662]LogModuleManager: Shutting down and abandoning module CollisionAnalyzer (79)
[2017.01.03-09.57.37:226][662]LogModuleManager: Shutting down and abandoning module Sequencer (78)
[2017.01.03-09.57.37:226][662]LogModuleManager: Shutting down and abandoning module WorkspaceMenuStructure (77)
[2017.01.03-09.57.37:226][662]LogModuleManager: Shutting down and abandoning module MessageLog (76)
[2017.01.03-09.57.37:226][662]LogModuleManager: Shutting down and abandoning module AssetTools (75)
[2017.01.03-09.57.37:227][662]LogModuleManager: Shutting down and abandoning module UMGEditor (74)
[2017.01.03-09.57.37:227][662]LogModuleManager: Shutting down and abandoning module UMG (73)
[2017.01.03-09.57.37:227][662]LogModuleManager: Shutting down and abandoning module SlateReflector (72)
[2017.01.03-09.57.37:227][662]LogModuleManager: Shutting down and abandoning module Slate (71)
[2017.01.03-09.57.37:227][662]LogModuleManager: Shutting down and abandoning module EditorStyle (70)
[2017.01.03-09.57.37:229][662]LogModuleManager: Shutting down and abandoning module SourceCodeAccess (69)
[2017.01.03-09.57.37:229][662]LogModuleManager: Shutting down and abandoning module HeadMountedDisplay (68)
[2017.01.03-09.57.37:229][662]LogModuleManager: Shutting down and abandoning module XAudio2 (67)
[2017.01.03-09.57.37:229][662]LogModuleManager: Shutting down and abandoning module Networking (65)
[2017.01.03-09.57.37:229][662]LogModuleManager: Shutting down and abandoning module Core (64)
[2017.01.03-09.57.37:229][662]LogModuleManager: Shutting down and abandoning module DirectoryWatcher (63)
[2017.01.03-09.57.37:229][662]LogModuleManager: Shutting down and abandoning module AssetRegistry (62)
[2017.01.03-09.57.37:456][662]LogModuleManager: Shutting down and abandoning module KismetCompiler (61)
[2017.01.03-09.57.37:456][662]LogModuleManager: Shutting down and abandoning module PhysXFormats (60)
[2017.01.03-09.57.37:456][662]LogModuleManager: Shutting down and abandoning module MeshUtilities (59)
[2017.01.03-09.57.37:456][662]LogModuleManager: Shutting down and abandoning module DerivedDataCache (58)
[2017.01.03-09.57.37:554][662]LogDerivedDataCache: Shutdown
[2017.01.03-09.57.37:554][662]LogModuleManager: Shutting down and abandoning module VulkanShaderFormat (57)
[2017.01.03-09.57.37:554][662]LogModuleManager: Shutting down and abandoning module ShaderFormatOpenGL (56)
[2017.01.03-09.57.37:554][662]LogModuleManager: Shutting down and abandoning module ShaderFormatD3D (55)
[2017.01.03-09.57.37:554][662]LogModuleManager: Shutting down and abandoning module MetalShaderFormat (54)
[2017.01.03-09.57.37:554][662]LogModuleManager: Shutting down and abandoning module TextureFormatUncompressed (53)
[2017.01.03-09.57.37:554][662]LogModuleManager: Shutting down and abandoning module TextureFormatPVR (52)
[2017.01.03-09.57.37:554][662]LogModuleManager: Shutting down and abandoning module TextureFormatIntelISPCTexComp (51)
[2017.01.03-09.57.37:554][662]LogModuleManager: Shutting down and abandoning module TextureFormatDXT (50)
[2017.01.03-09.57.37:554][662]LogModuleManager: Shutting down and abandoning module ImageWrapper (49)
[2017.01.03-09.57.37:554][662]LogModuleManager: Shutting down and abandoning module TextureFormatASTC (48)
[2017.01.03-09.57.37:554][662]LogModuleManager: Shutting down and abandoning module TextureFormatAndroid (47)
[2017.01.03-09.57.37:554][662]LogModuleManager: Shutting down and abandoning module AudioFormatOpus (46)
[2017.01.03-09.57.37:554][662]LogModuleManager: Shutting down and abandoning module AudioFormatOgg (45)
[2017.01.03-09.57.37:554][662]LogModuleManager: Shutting down and abandoning module AudioFormatADPCM (44)
[2017.01.03-09.57.37:554][662]LogModuleManager: Shutting down and abandoning module LinuxTargetPlatform (43)
[2017.01.03-09.57.37:554][662]LogModuleManager: Shutting down and abandoning module LinuxServerTargetPlatform (42)
[2017.01.03-09.57.37:554][662]LogModuleManager: Shutting down and abandoning module LinuxNoEditorTargetPlatform (41)
[2017.01.03-09.57.37:554][662]LogModuleManager: Shutting down and abandoning module TVOSTargetPlatform (40)
[2017.01.03-09.57.37:554][662]LogModuleManager: Shutting down and abandoning module Messaging (39)
[2017.01.03-09.57.37:554][662]LogModuleManager: Shutting down and abandoning module IOSTargetPlatform (38)
[2017.01.03-09.57.37:554][662]LogModuleManager: Shutting down and abandoning module HTML5TargetPlatform (37)
[2017.01.03-09.57.37:554][662]LogModuleManager: Shutting down and abandoning module Android_PVRTCTargetPlatform (36)
[2017.01.03-09.57.37:554][662]LogModuleManager: Shutting down and abandoning module Android_MultiTargetPlatform (35)
[2017.01.03-09.57.37:554][662]LogModuleManager: Shutting down and abandoning module Android_ETC2TargetPlatform (34)
[2017.01.03-09.57.37:554][662]LogModuleManager: Shutting down and abandoning module Android_ETC1TargetPlatform (33)
[2017.01.03-09.57.37:554][662]LogModuleManager: Shutting down and abandoning module Android_DXTTargetPlatform (32)
[2017.01.03-09.57.37:554][662]LogModuleManager: Shutting down and abandoning module Android_ATCTargetPlatform (31)
[2017.01.03-09.57.37:554][662]LogModuleManager: Shutting down and abandoning module Android_ASTCTargetPlatform (30)
[2017.01.03-09.57.37:554][662]LogModuleManager: Shutting down and abandoning module AndroidTargetPlatform (29)
[2017.01.03-09.57.37:554][662]LogModuleManager: Shutting down and abandoning module WindowsTargetPlatform (28)
[2017.01.03-09.57.37:554][662]LogModuleManager: Shutting down and abandoning module WindowsServerTargetPlatform (27)
[2017.01.03-09.57.37:554][662]LogModuleManager: Shutting down and abandoning module WindowsNoEditorTargetPlatform (26)
[2017.01.03-09.57.37:555][662]LogModuleManager: Shutting down and abandoning module WindowsClientTargetPlatform (25)
[2017.01.03-09.57.37:555][662]LogModuleManager: Shutting down and abandoning module AllDesktopTargetPlatform (24)
[2017.01.03-09.57.37:555][662]LogModuleManager: Shutting down and abandoning module TargetPlatform (23)
[2017.01.03-09.57.37:555][662]LogModuleManager: Shutting down and abandoning module InputCore (22)
[2017.01.03-09.57.37:555][662]LogModuleManager: Shutting down and abandoning module Settings (21)
[2017.01.03-09.57.37:555][662]LogModuleManager: Shutting down and abandoning module OnlineSubsystem (19)
[2017.01.03-09.57.37:555][662]LogModuleManager: Shutting down and abandoning module HTTP (18)
[2017.01.03-09.57.40:555][662]LogModuleManager: Shutting down and abandoning module XMPP (17)
[2017.01.03-09.57.40:555][662]LogModuleManager: Shutting down and abandoning module OculusRift (16)
[2017.01.03-09.57.40:555][662]LogModuleManager: Shutting down and abandoning module ExampleDeviceProfileSelector (15)
[2017.01.03-09.57.40:555][662]LogModuleManager: Shutting down and abandoning module TextureCompressor (14)
[2017.01.03-09.57.40:556][662]LogModuleManager: Shutting down and abandoning module ShaderCore (13)
[2017.01.03-09.57.40:556][662]LogModuleManager: Shutting down and abandoning module Landscape (12)
[2017.01.03-09.57.40:556][662]LogModuleManager: Shutting down and abandoning module SlateRHIRenderer (11)
[2017.01.03-09.57.40:558][662]LogModuleManager: Shutting down and abandoning module OpenGLDrv (10)
[2017.01.03-09.57.40:558][662]LogModuleManager: Shutting down and abandoning module D3D11RHI (9)
[2017.01.03-09.57.40:558][662]LogModuleManager: Shutting down and abandoning module AnimGraphRuntime (8)
[2017.01.03-09.57.40:558][662]LogModuleManager: Shutting down and abandoning module Renderer (7)
[2017.01.03-09.57.40:558][662]LogModuleManager: Shutting down and abandoning module Engine (6)
[2017.01.03-09.57.40:558][662]LogModuleManager: Shutting down and abandoning module CoreUObject (5)
[2017.01.03-09.57.40:558][662]LogModuleManager: Shutting down and abandoning module NetworkFile (4)
[2017.01.03-09.57.40:558][662]LogModuleManager: Shutting down and abandoning module StreamingFile (3)
[2017.01.03-09.57.40:558][662]LogModuleManager: Shutting down and abandoning module SandboxFile (2)
[2017.01.03-09.57.40:558][662]LogModuleManager: Shutting down and abandoning module PakFile (1)
[2017.01.03-09.57.40:560][662]LogExit: Exiting.
[2017.01.03-09.57.40:561][662]Log file closed, 01/03/17 01:57:40
