Log file open, 07/12/17 10:30:45
LogInit:Display: Running engine for game: BlackHole
LogPlatformFile: Not using cached read wrapper
LogInit:Display: RandInit(-66641704) SRandInit(-66641701).
LogTaskGraph: Started task graph with 4 named threads and 7 total threads with 1 sets of task threads.
LogStats: Stats thread started at 12.376457
LogInit: Version: 4.12.5-3039270+++UE4+Release-4.12
LogInit: API Version: 2992821
LogInit: Net Version: 3039270
LogDevObjectVersion: Number of dev versions registered: 13
LogDevObjectVersion:   Dev-Blueprints (B0D832E4-1F89-4F0D-ACCF-7EB736FD4AA2): 3
LogDevObjectVersion:   Dev-Build (E1C64328-A22C-4D53-A36C-8E866417BD8C): 0
LogDevObjectVersion:   Dev-Core (375EC13C-06E4-48FB-B500-84F0262A717E): 1
LogDevObjectVersion:   Dev-Editor (E4B068ED-F494-42E9-A231-DA0B2E46BB41): 2
LogDevObjectVersion:   Dev-Framework (CFFC743F-43B0-4480-9391-14DF171D2073): 6
LogDevObjectVersion:   Dev-Mobile (B02B49B5-BB20-44E9-A304-32B752E40360): 0
LogDevObjectVersion:   Dev-Networking (A4E4105C-59A1-49B5-A7C5-40C4547EDFEE): 0
LogDevObjectVersion:   Dev-Online (39C831C9-5AE6-47DC-9A44-9C173E1C8E7C): 0
LogDevObjectVersion:   Dev-Physics (78F01B33-EBEA-4F98-B9B4-84EACCB95AA2): 0
LogDevObjectVersion:   Dev-Platform (6631380F-2D4D-43E0-8009-CF276956A95A): 0
LogDevObjectVersion:   Dev-Rendering (12F88B9F-8875-4AFC-A67C-D90C383ABD29): 2
LogDevObjectVersion:   Dev-Sequencer (7B5AE74C-D270-4C10-A958-57980B212A5A): 0
LogDevObjectVersion:   Dev-VR (D7296918-1DD6-4BDD-9DE2-64A83CC13884): 0
LogInit: Compiled (64-bit): Jul  6 2016 09:09:46
LogInit: Compiled with Visual C++: 19.00.23026.00
LogInit: Build Configuration: Development
LogInit: Branch Name: ++UE4+Release-4.12
LogInit: Command line:  
LogInit: Base directory: C:/Program Files/Epic Games/4.12/Engine/Binaries/Win64/
LogInit: Installed Engine Build: 1
LogInit: Using libcurl 7.41.0
LogInit:  - built for x86_64-pc-win32
LogInit:  - supports SSL with WinSSL
LogInit:  - other features:
LogInit:      CURL_VERSION_SSL
LogInit:      CURL_VERSION_IPV6
LogInit:      CURL_VERSION_ASYNCHDNS
LogInit:      CURL_VERSION_LARGEFILE
LogInit:      CURL_VERSION_IDN
LogInit:  CurlRequestOptions (configurable via config and command line):
LogInit:  - bVerifyPeer = true  - Libcurl will verify peer certificate
LogInit:  - bUseHttpProxy = false  - Libcurl will NOT use HTTP proxy
LogInit:  - bDontReuseConnections = false  - Libcurl will reuse connections
LogInit:  - CertBundlePath = nullptr  - Libcurl will use whatever was configured at build time.
LogInit: Presizing for max 8388607 objects, including 0 objects not considered by GC, pre-allocating 0 bytes for permanent pool.
LogInit: Object subsystem initialized
[2017.07.12-17.30.47:591][  0]LogInit: Selected Device Profile: [Windows]
[2017.07.12-17.30.47:591][  0]LogInit: Applying CVar settings loaded from the selected device profile: [Windows]
[2017.07.12-17.30.47:822][  0]LogInit: Computer: GODLIKESYSTEM
[2017.07.12-17.30.47:823][  0]LogInit: User: Demonic
[2017.07.12-17.30.47:823][  0]LogInit: CPU Page size=65536, Cores=4
[2017.07.12-17.30.47:823][  0]LogInit: High frequency timer resolution =3.312832 MHz
[2017.07.12-17.30.47:834][  0]LogMemory: Memory total: Physical=8.0GB (8GB approx)
[2017.07.12-17.30.47:834][  0]LogMemory: Platform Memory Stats for Windows
[2017.07.12-17.30.47:834][  0]LogMemory: Process Physical Memory: 192.75 MB used, 192.75 MB peak
[2017.07.12-17.30.47:834][  0]LogMemory: Process Virtual Memory: 197.80 MB used, 197.80 MB peak
[2017.07.12-17.30.47:834][  0]LogMemory: Physical Memory: 6065.04 MB used, 8174.04 MB total
[2017.07.12-17.30.47:834][  0]LogMemory: Virtual Memory: 522.69 MB used, 8388608.00 MB total
[2017.07.12-17.30.51:889][  0]LogTextLocalizationManager: No specific translations for ('en-US') exist, so ('en') translations will be used.
[2017.07.12-17.30.55:337][  0]LogD3D11RHI: D3D11 adapters:
[2017.07.12-17.30.55:607][  0]LogD3D11RHI:    0. 'NVIDIA GeForce GT 440' (Feature Level 11_0)
[2017.07.12-17.30.55:607][  0]LogD3D11RHI:       1489/0/2559 MB DedicatedVideo/DedicatedSystem/SharedSystem, Outputs:1, VendorId:0x10de
[2017.07.12-17.30.55:624][  0]LogD3D11RHI: Chosen D3D11 Adapter: 0
[2017.07.12-17.30.55:630][  0]LogD3D11RHI: Creating new Direct3DDevice
[2017.07.12-17.30.55:630][  0]LogD3D11RHI:     GPU DeviceId: 0xdc0 (for the marketing name, search the web for "GPU Device Id")
[2017.07.12-17.30.55:648][  0]LogWindows: EnumDisplayDevices:
[2017.07.12-17.30.55:648][  0]LogWindows:    0. 'NVIDIA GeForce GT 440' (P:1 D:1)
[2017.07.12-17.30.55:648][  0]LogWindows:    1. 'NVIDIA GeForce GT 440' (P:0 D:0)
[2017.07.12-17.30.55:648][  0]LogWindows:    2. 'RDPDD Chained DD' (P:0 D:0)
[2017.07.12-17.30.55:648][  0]LogWindows:    3. 'RDP Encoder Mirror Driver' (P:0 D:0)
[2017.07.12-17.30.55:648][  0]LogWindows:    4. 'RDP Reflector Display Driver' (P:0 D:0)
[2017.07.12-17.30.55:649][  0]LogWindows: DebugString: GetVideoDriverDetailsInvalid PrimaryIsNotTheChoosenAdapter GetVideoDriverDetailsInvalid PrimaryIsNotTheChoosenAdapter GetVideoDriverDetailsInvalid PrimaryIsNotTheChoosenAdapter FoundDriverCount:2 
[2017.07.12-17.30.55:649][  0]LogD3D11RHI:     Adapter Name: NVIDIA GeForce GT 440
[2017.07.12-17.30.55:664][  0]LogD3D11RHI:   Driver Version: 364.72 (internal:10.18.13.6472, unified:364.72)
[2017.07.12-17.30.55:664][  0]LogD3D11RHI:      Driver Date: 3-21-2016
[2017.07.12-17.30.55:664][  0]LogRHI: Texture pool is 1042 MB (70% of 1489 MB)
[2017.07.12-17.30.55:672][  0]LogD3D11RHI: Async texture creation enabled
[2017.07.12-17.30.57:198][  0]LogD3D11RHI: GPU Timing Frequency: 1000.000000 (Debug: 2 3)
[2017.07.12-17.30.57:585][  0]LogShaderCompilers: Guid format shader working directory is -1 characters bigger than the processId version (../../../../../../Users/Demonic/Desktop/Blackhole/Intermediate/Shaders/WorkingDirectory/3040/).
[2017.07.12-17.30.57:586][  0]LogShaderCompilers: Cleaned the shader compiler working directory 'C:/Users/Demonic/AppData/Local/Temp/UnrealShaderWorkingDir/1FE4ADD9420ADA1E90DD76AFF411ADC5/'.
[2017.07.12-17.30.57:643][  0]LogShaderCompilers:Display: Using Local Shader Compiler.
[2017.07.12-17.31.26:685][  0]LogTemp:Display: Loaded TP AllDesktopTargetPlatform
[2017.07.12-17.31.26:809][  0]LogTemp:Display: Loaded TP WindowsClientTargetPlatform
[2017.07.12-17.31.26:864][  0]LogTemp:Display: Loaded TP WindowsNoEditorTargetPlatform
[2017.07.12-17.31.26:890][  0]LogTemp:Display: Loaded TP WindowsServerTargetPlatform
[2017.07.12-17.31.26:915][  0]LogTemp:Display: Loaded TP WindowsTargetPlatform
[2017.07.12-17.31.26:944][  0]LogTemp:Display: Loaded TP AndroidTargetPlatform
[2017.07.12-17.31.26:963][  0]LogTemp:Display: Loaded TP Android_ASTCTargetPlatform
[2017.07.12-17.31.27:038][  0]LogTemp:Display: Loaded TP Android_ATCTargetPlatform
[2017.07.12-17.31.27:142][  0]LogTemp:Display: Loaded TP Android_DXTTargetPlatform
[2017.07.12-17.31.27:209][  0]LogTemp:Display: Loaded TP Android_ETC1TargetPlatform
[2017.07.12-17.31.27:289][  0]LogTemp:Display: Loaded TP Android_ETC2TargetPlatform
[2017.07.12-17.31.27:460][  0]LogTemp:Display: Loaded TP Android_MultiTargetPlatform
[2017.07.12-17.31.27:460][  0]LogTemp:Display: Loaded TP Android_PVRTCTargetPlatform
[2017.07.12-17.31.27:567][  0]LogTemp:Display: Loaded TP HTML5TargetPlatform
[2017.07.12-17.31.27:713][  0]LogTemp:Display: Loaded TP IOSTargetPlatform
[2017.07.12-17.31.27:722][  0]LogTemp:Display: Loaded TP TVOSTargetPlatform
[2017.07.12-17.31.27:750][  0]LogTemp:Display: Loaded TP LinuxNoEditorTargetPlatform
[2017.07.12-17.31.27:778][  0]LogTemp:Display: Loaded TP LinuxServerTargetPlatform
[2017.07.12-17.31.27:913][  0]LogTemp:Display: Loaded TP LinuxTargetPlatform
[2017.07.12-17.31.27:913][  0]LogTargetPlatformManager:Display: Building Assets For Windows
[2017.07.12-17.31.30:444][  0]LogDerivedDataCache:Display: Max Cache Size: 512 MB
[2017.07.12-17.31.34:543][  0]LogDerivedDataCache: Loaded boot cache 3.99s 48MB C:/Users/Demonic/AppData/Local/UnrealEngine/4.12/DerivedDataCache/Boot.ddc.
[2017.07.12-17.31.34:543][  0]LogDerivedDataCache:Display: Loaded Boot cache: C:/Users/Demonic/AppData/Local/UnrealEngine/4.12/DerivedDataCache/Boot.ddc
[2017.07.12-17.31.34:544][  0]LogDerivedDataCache: FDerivedDataBackendGraph:  Pak pak cache file ../../../../../../Users/Demonic/Desktop/Blackhole/DerivedDataCache/DDC.ddp not found, will not use a pak cache.
[2017.07.12-17.31.34:544][  0]LogDerivedDataCache: Unable to find inner node Pak for hierarchical cache Hierarchy.
[2017.07.12-17.31.34:544][  0]LogDerivedDataCache: FDerivedDataBackendGraph:  CompressedPak pak cache file ../../../../../../Users/Demonic/Desktop/Blackhole/DerivedDataCache/Compressed.ddp not found, will not use a pak cache.
[2017.07.12-17.31.34:544][  0]LogDerivedDataCache: Unable to find inner node CompressedPak for hierarchical cache Hierarchy.
[2017.07.12-17.31.34:735][  0]LogDerivedDataCache:Display: Pak cache opened for reading ../../../Engine/DerivedDataCache/Compressed.ddp.
[2017.07.12-17.31.34:806][  0]LogDerivedDataCache: Using Local data cache path C:/Users/Demonic/AppData/Local/UnrealEngine/Common/DerivedDataCache: Writable
[2017.07.12-17.32.00:974][  0]LogInit: Selected Device Profile: [Windows]
[2017.07.12-17.32.01:358][  0]LogContentStreaming: Texture pool size is 0.00 MB
[2017.07.12-17.32.11:448][  0]LogMeshUtilities: No automatic mesh reduction module available
[2017.07.12-17.32.11:448][  0]LogMeshUtilities: No automatic mesh merging module available
[2017.07.12-17.32.11:448][  0]LogMeshUtilities: No distributed automatic mesh merging module available
[2017.07.12-17.32.28:685][  0]LogAssetRegistry: FAssetRegistry took 0.0480 seconds to start up
[2017.07.12-17.32.35:968][  0]LogPackageLocalizationCache: Processed 3 localized package path(s) for 2 prioritized culture(s) in 7.025326 seconds
[2017.07.12-17.32.36:113][  0]LogUObjectArray: 28739 objects as part of root set at end of initial load.
[2017.07.12-17.32.36:113][  0]LogUObjectAllocator: 5855632 out of 0 bytes used by permanent object pool.
[2017.07.12-17.32.36:113][  0]LogUObjectArray: CloseDisregardForGC: 0/0 objects in disregard for GC pool
[2017.07.12-17.32.36:251][  0]LogInit: WinSock: version 1.1 (2.2), MaxSocks=32767, MaxUdp=65467
[2017.07.12-17.32.53:244][  0]LogSlate: SlateFontCache - WITH_FREETYPE: 1, WITH_HARFBUZZ: 1
[2017.07.12-17.32.53:252][  0]LogSlate: SlateFontCache - WITH_FREETYPE: 1, WITH_HARFBUZZ: 1
[2017.07.12-17.34.09:080][  0]LogUdpMessaging: Initializing bridge on interface 0.0.0.0:0 to multicast group 230.0.0.1:6666.
[2017.07.12-17.34.15:249][  0]SourceControl: Info Source control is disabled
[2017.07.12-17.34.15:255][  0]SourceControl: Info Source control is disabled
[2017.07.12-17.34.15:478][  0]SourceControl: Info Source control is disabled
[2017.07.12-17.34.15:601][  0]SourceControl: Info Source control is disabled
[2017.07.12-17.34.17:367][  0]LogLinker:Warning: Can't find file '/Game/TopDownCPP/TopDownOverview'
[2017.07.12-17.34.17:369][  0]LogLinker:Warning: Can't find file '/Game/TopDownCPP/TopDownOverview'
[2017.07.12-17.34.17:369][  0]LogUObjectGlobals:Warning: Failed to find object 'Class /Game/TopDownCPP/TopDownOverview.TopDownOverview_C'
[2017.07.12-17.34.21:039][  0]LogEngine: Initializing Engine...
[2017.07.12-17.34.21:240][  0]LogHMD: SteamVR failed to initialize.  Err: 110
[2017.07.12-17.34.21:272][  0]LogHMD: SteamVR failed to initialize.  Err: 110
[2017.07.12-17.34.24:838][  0]LogAIModule: Creating AISystem for world NewWorld
[2017.07.12-17.34.25:665][  0]LogInit: XAudio2 using 'Speakers (USB  AUDIO  )' : 2 channels at 48 kHz using 16 bits per sample (channel mask 0x3)
[2017.07.12-17.34.26:538][  0]LogInit: FAudioDevice initialized.
[2017.07.12-17.34.26:597][  0]LogDerivedDataCache: Saved boot cache 0.06s 48MB C:/Users/Demonic/AppData/Local/UnrealEngine/4.12/DerivedDataCache/Boot.ddc.
[2017.07.12-17.34.26:606][  0]LogInit: Texture streaming: Enabled
[2017.07.12-17.34.27:723][  0]LogInit: Transaction tracking system initialized
[2017.07.12-17.34.29:767][  0]BlueprintLog: New page: Editor Load
[2017.07.12-17.34.35:153][  0]LocalizationService: Info Localization service is disabled
[2017.07.12-17.34.37:885][  0]LogConsoleResponse:Display: 
[2017.07.12-17.34.45:626][  0]LogCook:Display: Max memory allowance for cook 8192mb
[2017.07.12-17.34.45:626][  0]LogCook:Display: Mobile HDR setting 0
[2017.07.12-17.34.47:247][  0]LogFileCache: Scanning file cache for directory 'C:/Users/Demonic/Desktop/Blackhole/Content/' took 0.24s
[2017.07.12-17.34.53:405][  0]SourceControl: Info Source control is disabled
[2017.07.12-17.34.53:661][  0]Cmd: MAP LOAD FILE="../../../../../../Users/Demonic/Desktop/Blackhole/Content/Blackhole/BMaps/Map1.umap" TEMPLATE=0 SHOWPROGRESS=1 FEATURELEVEL=3
[2017.07.12-17.34.53:927][  0]LightingResults: New page: Lighting Build
[2017.07.12-17.34.55:159][  0]MapCheck: New page: Map Check
[2017.07.12-17.34.55:159][  0]LightingResults: New page: Lighting Build
[2017.07.12-17.35.10:966][  0]LogAIModule: Creating AISystem for world Map1
[2017.07.12-17.35.13:529][  0]LogEditorServer: Finished looking for orphan Actors (0.020 secs)
[2017.07.12-17.35.13:872][  0]Cmd: MAP CHECKDEP NOCLEARLOG
[2017.07.12-17.35.13:990][  0]MapCheck: Info Map check complete: 0 Error(s), 0 Warning(s), took 118.137ms to complete.
[2017.07.12-17.35.13:990][  0]LogFileHelpers: Loading map 'Map1' took 20.485
[2017.07.12-17.35.19:908][  0]LogCollectionManager: Loaded 0 collections in 0.002159 seconds
[2017.07.12-17.35.20:616][  0]LogFileCache: Scanning file cache for directory 'C:/Users/Demonic/Desktop/Blackhole/Saved/Collections/' took 0.01s
[2017.07.12-17.35.20:616][  0]LogFileCache: Scanning file cache for directory 'C:/Users/Demonic/Desktop/Blackhole/Content/Developers/Demonic/Collections/' took 0.01s
[2017.07.12-17.35.20:616][  0]LogFileCache: Scanning file cache for directory 'C:/Users/Demonic/Desktop/Blackhole/Content/Collections/' took 0.01s
[2017.07.12-17.35.20:616][  0]LogCollectionManager: Rebuilt the GUID cache for 0 collections in 0.000003 seconds
[2017.07.12-17.35.20:692][  0]LogContentBrowser: Native class hierarchy populated in 0.0275 seconds. Added 2047 classes and 369 folders.
[2017.07.12-17.35.20:904][  0]LogStats: UGameplayTagsManager::ConstructGameplayTagTree: Construct from data asset -  0.000 s
[2017.07.12-17.35.20:904][  0]LogStats: UGameplayTagsManager::ConstructGameplayTagTree: GameplayTagTreeChangedEvent.Broadcast -  0.001 s
[2017.07.12-17.35.20:908][  0]LogContentBrowser: Native class hierarchy updated for 'GameplayTags' in 0.0005 seconds. Added 12 classes and 0 folders.
[2017.07.12-17.35.21:087][  0]LogContentBrowser: Native class hierarchy updated for 'WidgetCarousel' in 0.0005 seconds. Added 0 classes and 0 folders.
[2017.07.12-17.35.25:542][  0]LogContentBrowser: Native class hierarchy updated for 'AddContentDialog' in 0.0004 seconds. Added 0 classes and 0 folders.
[2017.07.12-17.35.25:850][  0]LogContentBrowser: Native class hierarchy updated for 'SceneOutliner' in 0.0004 seconds. Added 1 classes and 2 folders.
[2017.07.12-17.35.29:977][  0]LogCrashTracker: Crashtracker disabled due to settings.
[2017.07.12-17.35.30:843][  0]LogUObjectGlobals:Warning: Failed to find object 'Class None.'
[2017.07.12-17.35.31:147][  0]LogContentBrowser: Native class hierarchy updated for 'HierarchicalLODOutliner' in 0.0004 seconds. Added 1 classes and 2 folders.
[2017.07.12-17.35.31:147][  0]LogLoad: Full Startup: 314.35 seconds (BP compile: 4.62 seconds)
[2017.07.12-17.35.31:147][  0]LogExternalProfiler: Found external profiler: VSPerf
[2017.07.12-17.35.31:147][  0]LogExternalProfiler: Using external profiler: VSPerf
[2017.07.12-17.35.31:749][  0]LogOcInput: OculusInput pre-init called
[2017.07.12-17.35.33:253][  0]LogContentStreaming: Texture pool size now 1000 MB
[2017.07.12-17.35.37:234][  0]LogRenderer: Reallocating scene render targets to support 1064x576 (Frame:2).
[2017.07.12-17.35.42:536][  6]LogAssetRegistry: Asset discovery search completed in 193.8704 seconds
[2017.07.12-17.35.42:536][  6]LogCollectionManager: Rebuilt the object cache for 0 collections in 0.000001 seconds (found 0 objects)
[2017.07.12-17.35.42:581][  6]LogCollectionManager: Fixed up redirectors for 0 collections in 0.043708 seconds (updated 0 objects)
[2017.07.12-17.36.12:458][715]LogContentBrowser: Native class hierarchy updated for 'BlueprintGraph' in 0.0008 seconds. Added 111 classes and 0 folders.
[2017.07.12-17.36.37:308][ 98]LogRenderer: Reallocating scene render targets to support 1172x712 (Frame:1397).
[2017.07.12-17.37.39:687][547]BlueprintLog: New page: Compile A_Star
[2017.07.12-17.37.44:274][547]BlueprintEditorCompileResults: Info [0447.35] Compile of A_Star successful! [in 4,466 ms] (/Game/Blackhole/Enemies/A_Star.A_Star)
[2017.07.12-17.38.29:147][538]BlueprintLog: New page: Compile A_Star
[2017.07.12-17.38.29:260][538]BlueprintEditorCompileResults: Info [0492.46] Compile of A_Star successful! [in 113 ms] (/Game/Blackhole/Enemies/A_Star.A_Star)
[2017.07.12-17.39.18:820][424]LogMaterial: Missing cached shader map for material Star_Material, compiling. 
[2017.07.12-17.39.21:317][424]LogMaterial: Missing cached shader map for material Star_Material, compiling. 
[2017.07.12-17.39.21:372][424]LogMaterial: 0.00 seconds spent updating 1 materials, 1 interfaces, 0 instances, 0 with static permutations.
[2017.07.12-17.39.33:067][854]MaterialEditorStats: Info Base pass shader with only dynamic lighting: 22 instructions
[2017.07.12-17.39.33:067][854]MaterialEditorStats: Info Vertex shader: 29 instructions
[2017.07.12-17.39.33:067][854]MaterialEditorStats: Info Texture samplers: 0/16
[2017.07.12-17.39.44:741][592]LogMaterial: Missing cached shader map for material Star_Material, compiling. 
[2017.07.12-17.39.44:748][592]LogMaterial: 0.00 seconds spent updating 1 materials, 1 interfaces, 0 instances, 0 with static permutations.
[2017.07.12-17.39.44:776][592]LogMaterial: Missing cached shader map for material FMatExpressionPreview MaterialExpressionTextureSample_0, compiling. 
[2017.07.12-17.39.45:559][610]MaterialEditorStats: Info Base pass shader with only dynamic lighting: 22 instructions
[2017.07.12-17.39.45:559][610]MaterialEditorStats: Info Vertex shader: 29 instructions
[2017.07.12-17.39.45:559][610]MaterialEditorStats: Info Texture samplers: 0/16
[2017.07.12-17.39.50:849][847]LogMaterial: Missing cached shader map for material Star_Material, compiling. 
[2017.07.12-17.39.50:856][847]LogMaterial: 0.00 seconds spent updating 1 materials, 1 interfaces, 0 instances, 0 with static permutations.
[2017.07.12-17.39.50:882][847]LogMaterial: Missing cached shader map for material FMatExpressionPreview MaterialExpressionTextureSample_0, compiling. 
[2017.07.12-17.39.51:729][869]MaterialEditorStats: Info Base pass shader with only dynamic lighting: 22 instructions
[2017.07.12-17.39.51:729][869]MaterialEditorStats: Info Vertex shader: 29 instructions
[2017.07.12-17.39.51:729][869]MaterialEditorStats: Info Texture samplers: 0/16
[2017.07.12-17.39.59:691][274]LogMaterial: Missing cached shader map for material Star_Material, compiling. 
[2017.07.12-17.39.59:698][274]LogMaterial: 0.00 seconds spent updating 1 materials, 1 interfaces, 0 instances, 0 with static permutations.
[2017.07.12-17.40.00:583][297]MaterialEditorStats: Info Base pass shader with only dynamic lighting: 22 instructions
[2017.07.12-17.40.00:583][297]MaterialEditorStats: Info Vertex shader: 29 instructions
[2017.07.12-17.40.00:583][297]MaterialEditorStats: Info Texture samplers: 0/16
[2017.07.12-17.40.04:603][491]LogMaterial: Missing cached shader map for material Star_Material, compiling. 
[2017.07.12-17.40.04:610][491]LogMaterial: 0.00 seconds spent updating 1 materials, 1 interfaces, 0 instances, 0 with static permutations.
[2017.07.12-17.40.04:736][491]LogMaterial: Missing cached shader map for material FMatExpressionPreview MaterialExpressionTextureSample_0, compiling. 
[2017.07.12-17.40.05:439][511]MaterialEditorStats: Info Base pass shader with only dynamic lighting: 22 instructions
[2017.07.12-17.40.05:439][511]MaterialEditorStats: Info Vertex shader: 29 instructions
[2017.07.12-17.40.05:439][511]MaterialEditorStats: Info Texture samplers: 0/16
[2017.07.12-17.40.10:949][666]LogMaterial: Missing cached shader map for material Star_Material, compiling. 
[2017.07.12-17.40.10:957][666]LogMaterial: 0.00 seconds spent updating 1 materials, 1 interfaces, 0 instances, 0 with static permutations.
[2017.07.12-17.40.11:753][688]MaterialEditorStats: Info Base pass shader with only dynamic lighting: 22 instructions
[2017.07.12-17.40.11:753][688]MaterialEditorStats: Info Vertex shader: 29 instructions
[2017.07.12-17.40.11:753][688]MaterialEditorStats: Info Texture samplers: 0/16
[2017.07.12-17.40.14:031][750]LogMaterial: Missing cached shader map for material Star_Material, compiling. 
[2017.07.12-17.40.14:039][750]LogMaterial: 0.00 seconds spent updating 1 materials, 1 interfaces, 0 instances, 0 with static permutations.
[2017.07.12-17.40.14:886][775]MaterialEditorStats: Info Base pass shader with only dynamic lighting: 22 instructions
[2017.07.12-17.40.14:886][775]MaterialEditorStats: Info Vertex shader: 29 instructions
[2017.07.12-17.40.14:886][775]MaterialEditorStats: Info Texture samplers: 0/16
[2017.07.12-17.40.20:547][ 80]LogMaterial: Missing cached shader map for material Star_Material, compiling. 
[2017.07.12-17.40.20:555][ 80]LogMaterial: 0.00 seconds spent updating 1 materials, 1 interfaces, 0 instances, 0 with static permutations.
[2017.07.12-17.40.20:557][ 80]LogMaterial: Missing cached shader map for material Star_Material, compiling. 
[2017.07.12-17.40.20:564][ 80]LogMaterial: 0.00 seconds spent updating 1 materials, 1 interfaces, 0 instances, 0 with static permutations.
[2017.07.12-17.40.20:614][ 80]LogMaterial: Missing cached shader map for material FMatExpressionPreview MaterialExpressionTextureSample_0, compiling. 
[2017.07.12-17.40.21:433][103]MaterialEditorStats: Info Base pass shader with only dynamic lighting: 22 instructions
[2017.07.12-17.40.21:433][103]MaterialEditorStats: Info Vertex shader: 29 instructions
[2017.07.12-17.40.21:433][103]MaterialEditorStats: Info Texture samplers: 0/16
[2017.07.12-17.40.29:102][362]LogProperty:Warning: ObjectProperty /Script/Engine.EdGraphPin:LinkedTo.LinkedTo: unresolved reference to 'EdGraphPin'MaterialGraphNode_1.EdGraphPin_28875''
[2017.07.12-17.40.29:102][362]LogProperty:Warning: ObjectProperty /Script/Engine.ExpressionInput:Expression: unresolved reference to 'MaterialExpressionPanner'MaterialGraphNode_1.MaterialExpressionPanner_1')'
[2017.07.12-17.40.29:156][362]LogMaterial: Missing cached shader map for material Star_Material, compiling. 
[2017.07.12-17.40.29:164][362]LogMaterial: 0.00 seconds spent updating 1 materials, 1 interfaces, 0 instances, 0 with static permutations.
[2017.07.12-17.40.29:213][362]LogMaterial: Missing cached shader map for material FMatExpressionPreview MaterialExpressionTextureSample_2, compiling. 
[2017.07.12-17.40.29:219][362]LogMaterial: Missing cached shader map for material FMatExpressionPreview MaterialExpressionTextureSample_3, compiling. 
[2017.07.12-17.40.29:991][382]MaterialEditorStats: Info Base pass shader with only dynamic lighting: 22 instructions
[2017.07.12-17.40.29:991][382]MaterialEditorStats: Info Vertex shader: 29 instructions
[2017.07.12-17.40.29:991][382]MaterialEditorStats: Info Texture samplers: 0/16
[2017.07.12-17.40.34:385][574]LogMaterial: Missing cached shader map for material Star_Material, compiling. 
[2017.07.12-17.40.34:392][574]LogMaterial: 0.00 seconds spent updating 1 materials, 1 interfaces, 0 instances, 0 with static permutations.
[2017.07.12-17.40.34:418][574]LogMaterial: Missing cached shader map for material FMatExpressionPreview MaterialExpressionTextureSample_3, compiling. 
[2017.07.12-17.40.35:267][598]MaterialEditorStats: Info Base pass shader with only dynamic lighting: 22 instructions
[2017.07.12-17.40.35:267][598]MaterialEditorStats: Info Vertex shader: 29 instructions
[2017.07.12-17.40.35:267][598]MaterialEditorStats: Info Texture samplers: 0/16
[2017.07.12-17.40.40:072][733]LogMaterial: Missing cached shader map for material Star_Material, compiling. 
[2017.07.12-17.40.40:079][733]LogMaterial: 0.00 seconds spent updating 1 materials, 1 interfaces, 0 instances, 0 with static permutations.
[2017.07.12-17.40.40:898][756]MaterialEditorStats: Info Base pass shader with only dynamic lighting: 22 instructions
[2017.07.12-17.40.40:898][756]MaterialEditorStats: Info Vertex shader: 29 instructions
[2017.07.12-17.40.40:898][756]MaterialEditorStats: Info Texture samplers: 0/16
[2017.07.12-17.40.44:754][866]LogMaterial: Missing cached shader map for material Star_Material, compiling. 
[2017.07.12-17.40.44:761][866]LogMaterial: 0.00 seconds spent updating 1 materials, 1 interfaces, 0 instances, 0 with static permutations.
[2017.07.12-17.40.45:571][890]MaterialEditorStats: Info Base pass shader with only dynamic lighting: 22 instructions
[2017.07.12-17.40.45:571][890]MaterialEditorStats: Info Vertex shader: 29 instructions
[2017.07.12-17.40.45:571][890]MaterialEditorStats: Info Texture samplers: 0/16
[2017.07.12-17.40.51:823][ 61]LogMaterial: Missing cached shader map for material Star_Material, compiling. 
[2017.07.12-17.40.51:830][ 61]LogMaterial: 0.00 seconds spent updating 1 materials, 1 interfaces, 0 instances, 0 with static permutations.
[2017.07.12-17.40.52:682][ 88]MaterialEditorStats: Info Base pass shader with only dynamic lighting: 22 instructions
[2017.07.12-17.40.52:682][ 88]MaterialEditorStats: Info Vertex shader: 29 instructions
[2017.07.12-17.40.52:682][ 88]MaterialEditorStats: Info Texture samplers: 0/16
[2017.07.12-17.40.55:289][159]LogMaterial: Missing cached shader map for material Star_Material, compiling. 
[2017.07.12-17.40.55:296][159]LogMaterial: 0.00 seconds spent updating 1 materials, 1 interfaces, 0 instances, 0 with static permutations.
[2017.07.12-17.40.56:140][184]MaterialEditorStats: Info Base pass shader with only dynamic lighting: 22 instructions
[2017.07.12-17.40.56:140][184]MaterialEditorStats: Info Vertex shader: 29 instructions
[2017.07.12-17.40.56:140][184]MaterialEditorStats: Info Texture samplers: 0/16
[2017.07.12-17.40.58:805][305]LogMaterial: Missing cached shader map for material Star_Material, compiling. 
[2017.07.12-17.40.58:813][305]LogMaterial: 0.00 seconds spent updating 1 materials, 1 interfaces, 0 instances, 0 with static permutations.
[2017.07.12-17.40.59:743][332]MaterialEditorStats: Info Base pass shader with only dynamic lighting: 26 instructions
[2017.07.12-17.40.59:743][332]MaterialEditorStats: Info Vertex shader: 31 instructions
[2017.07.12-17.40.59:743][332]MaterialEditorStats: Info Texture samplers: 1/16
[2017.07.12-17.41.13:823][740]LogMaterialEditor: Saving and Compiling material Star_Material
[2017.07.12-17.41.16:125][740]LogMaterial: Missing cached shader map for material Star_Material, compiling. 
[2017.07.12-17.41.16:143][740]LogMaterial: 0.00 seconds spent updating 1 materials, 1 interfaces, 0 instances, 0 with static permutations.
[2017.07.12-17.41.16:239][740]LogMaterial: Missing cached shader map for material Star_Material, compiling. 
[2017.07.12-17.41.16:313][740]LogMaterial: Missing cached shader map for material Star_Material, compiling. 
[2017.07.12-17.41.16:327][740]LogMaterial: 0.00 seconds spent updating 1 materials, 1 interfaces, 0 instances, 0 with static permutations.
[2017.07.12-17.41.18:802][740]Cmd: OBJ SAVEPACKAGE PACKAGE="/Game/Blackhole/Enemies/Star_Material" FILE="../../../../../../Users/Demonic/Desktop/Blackhole/Content/Blackhole/Enemies/Star_Material.uasset" SILENT=true
[2017.07.12-17.41.18:964][740]LogSavePackage: Save=130.36ms
[2017.07.12-17.41.18:964][740]LogSavePackage: Moving '../../../../../../Users/Demonic/Desktop/Blackhole/Saved/Star_Material4C00CD854E57A21229D0E3B7FE1DC816.tmp' to '../../../../../../Users/Demonic/Desktop/Blackhole/Content/Blackhole/Enemies/Star_Material.uasset'
[2017.07.12-17.41.19:196][740]LogSavePackage:Display: Finished SavePackage ../../../../../../Users/Demonic/Desktop/Blackhole/Content/Blackhole/Enemies/Star_Material.uasset
[2017.07.12-17.41.19:201][740]MaterialEditorStats: Info Base pass shader with only dynamic lighting: 62 instructions
[2017.07.12-17.41.19:201][740]MaterialEditorStats: Info Vertex shader: 31 instructions
[2017.07.12-17.41.19:201][740]MaterialEditorStats: Info Texture samplers: 4/16
[2017.07.12-17.41.41:764][762]BlueprintLog: New page: Compile A_Star
[2017.07.12-17.41.41:888][762]BlueprintEditorCompileResults: Info [0685.08] Compile of A_Star successful! [in 124 ms] (/Game/Blackhole/Enemies/A_Star.A_Star)
[2017.07.12-17.41.52:322][101]LogBlueprintUserMessages: Early PlayInEditor Detection: Level '/Game/Blackhole/BMaps/Map1.Map1:PersistentLevel' has LevelScriptBlueprint '/Game/Blackhole/BMaps/Map1.Map1:PersistentLevel.Map1' with GeneratedClass '/Game/Blackhole/BMaps/Map1.Map1_C' with ClassGeneratedBy '/Game/Blackhole/BMaps/Map1.Map1:PersistentLevel.Map1'
[2017.07.12-17.41.52:322][101]LogPlayLevel: PlayLevel: No blueprints needed recompiling
[2017.07.12-17.41.52:539][101]PIE: New page: PIE session: Map1 (Jul 12, 2017, 2:41:52 AM)
[2017.07.12-17.41.52:539][101]LogPlayLevel: Creating play world package: /Game/Blackhole/BMaps/UEDPIE_0_Map1
[2017.07.12-17.41.52:697][101]LogPlayLevel: PIE: StaticDuplicateObject took: (0.158266s)
[2017.07.12-17.41.52:698][101]LogAIModule: Creating AISystem for world Map1
[2017.07.12-17.41.52:698][101]LogPlayLevel: PIE: World Init took: (0.000980s)
[2017.07.12-17.41.52:704][101]LogPlayLevel: PIE: Created PIE world by copying editor world from /Game/Blackhole/BMaps/Map1.Map1 to /Game/Blackhole/BMaps/UEDPIE_0_Map1.Map1 (0.165368s)
[2017.07.12-17.41.52:748][101]LogInit: XAudio2 using 'Speakers (USB  AUDIO  )' : 2 channels at 48 kHz using 16 bits per sample (channel mask 0x3)
[2017.07.12-17.41.52:769][101]LogInit: FAudioDevice initialized.
[2017.07.12-17.41.53:080][101]LogWorld: Game class is 'TopDownGameMode_C'
[2017.07.12-17.41.53:208][101]LogWorld: Bringing World /Game/Blackhole/BMaps/UEDPIE_0_Map1.Map1 up for play (max tick rate 0) at 2017.07.12-10.41.53
[2017.07.12-17.41.53:274][101]LogWorld: Bringing up level for play took: 0.069674
[2017.07.12-17.41.53:558][101]LogContentBrowser: Native class hierarchy updated for 'MovieSceneCapture' in 0.0005 seconds. Added 11 classes and 0 folders.
[2017.07.12-17.41.53:732][101]PIE: Info Play in editor start time for /Game/Blackhole/BMaps/UEDPIE_0_Map1 2.186
[2017.07.12-17.41.53:732][101]LogBlueprintUserMessages: Late PlayInEditor Detection: Level '/Game/Blackhole/BMaps/Map1.Map1:PersistentLevel' has LevelScriptBlueprint '/Game/Blackhole/BMaps/Map1.Map1:PersistentLevel.Map1' with GeneratedClass '/Game/Blackhole/BMaps/Map1.Map1_C' with ClassGeneratedBy '/Game/Blackhole/BMaps/Map1.Map1:PersistentLevel.Map1'
[2017.07.12-17.42.32:795][686]LogBlueprintUserMessages: Early EndPlayMap Detection: Level '/Game/Blackhole/BMaps/Map1.Map1:PersistentLevel' has LevelScriptBlueprint '/Game/Blackhole/BMaps/Map1.Map1:PersistentLevel.Map1' with GeneratedClass '/Game/Blackhole/BMaps/Map1.Map1_C' with ClassGeneratedBy '/Game/Blackhole/BMaps/Map1.Map1:PersistentLevel.Map1'
[2017.07.12-17.42.32:988][686]LogBlueprintUserMessages: Late EndPlayMap Detection: Level '/Game/Blackhole/BMaps/Map1.Map1:PersistentLevel' has LevelScriptBlueprint '/Game/Blackhole/BMaps/Map1.Map1:PersistentLevel.Map1' with GeneratedClass '/Game/Blackhole/BMaps/Map1.Map1_C' with ClassGeneratedBy '/Game/Blackhole/BMaps/Map1.Map1:PersistentLevel.Map1'
[2017.07.12-17.42.37:252][849]Cmd: OBJ SAVEPACKAGE PACKAGE="/Game/Blackhole/BMaps/Map1" FILE="../../../../../../Users/Demonic/Desktop/Blackhole/Content/Blackhole/BMaps/Map1.umap" SILENT=true AUTOSAVING=false KEEPDIRTY=false
[2017.07.12-17.42.37:834][849]LogSavePackage: Save=250.68ms
[2017.07.12-17.42.37:834][849]LogSavePackage: Moving '../../../../../../Users/Demonic/Desktop/Blackhole/Saved/Map1A75A5DAD4CE649E219F722933CC0A4E7.tmp' to '../../../../../../Users/Demonic/Desktop/Blackhole/Content/Blackhole/BMaps/Map1.umap'
[2017.07.12-17.42.37:862][849]LogSavePackage:Display: Finished SavePackage ../../../../../../Users/Demonic/Desktop/Blackhole/Content/Blackhole/BMaps/Map1.umap
[2017.07.12-17.42.37:894][849]LogFileHelpers: Saving map 'Map1' took 0.886
[2017.07.12-17.42.37:919][849]Cmd: OBJ SAVEPACKAGE PACKAGE="/Game/Blackhole/Enemies/A_Star" FILE="../../../../../../Users/Demonic/Desktop/Blackhole/Content/Blackhole/Enemies/A_Star.uasset" SILENT=true
[2017.07.12-17.42.37:957][849]LogSavePackage: Save=30.44ms
[2017.07.12-17.42.37:957][849]LogSavePackage: Moving '../../../../../../Users/Demonic/Desktop/Blackhole/Saved/A_Star3DB086C84E5708B1B1F3E1AAEB4777DE.tmp' to '../../../../../../Users/Demonic/Desktop/Blackhole/Content/Blackhole/Enemies/A_Star.uasset'
[2017.07.12-17.42.37:960][849]LogSavePackage:Display: Finished SavePackage ../../../../../../Users/Demonic/Desktop/Blackhole/Content/Blackhole/Enemies/A_Star.uasset
[2017.07.12-17.42.47:632][ 30]Cmd: QUIT_EDITOR
[2017.07.12-17.42.48:147][ 30]LogExit: Preparing to exit.
[2017.07.12-17.42.49:695][ 30]LogExit: Editor shut down
[2017.07.12-17.42.49:695][ 30]LogExit: Transaction tracking system shut down
[2017.07.12-17.42.52:878][ 30]LogObj: Freed 0b from 0 cluster array pools.
[2017.07.12-17.42.52:879][ 30]LogExit: Object subsystem successfully closed.
[2017.07.12-17.42.53:486][ 30]LogD3D11RHI: Shutdown
[2017.07.12-17.42.53:487][ 30]LogD3D11RHI: CleanupD3DDevice
[2017.07.12-17.42.53:762][ 30]LogD3D11RHI: ~FD3D11DynamicRHI
[2017.07.12-17.42.54:977][ 30]LogModuleManager: Shutting down and abandoning module MovieSceneCapture (217)
[2017.07.12-17.42.54:977][ 30]LogModuleManager: Shutting down and abandoning module MaterialEditor (216)
[2017.07.12-17.42.54:977][ 30]LogModuleManager: Shutting down and abandoning module HierarchicalLODUtilities (215)
[2017.07.12-17.42.55:021][ 30]LogModuleManager: Shutting down and abandoning module BlueprintGraph (214)
[2017.07.12-17.42.55:047][ 30]LogModuleManager: Shutting down and abandoning module HierarchicalLODOutliner (213)
[2017.07.12-17.42.55:062][ 30]LogModuleManager: Shutting down and abandoning module CrashTracker (212)
[2017.07.12-17.42.55:062][ 30]LogModuleManager: Shutting down and abandoning module SceneOutliner (211)
[2017.07.12-17.42.55:062][ 30]LogModuleManager: Shutting down and abandoning module WidgetCarousel (210)
[2017.07.12-17.42.55:071][ 30]LogModuleManager: Shutting down and abandoning module AddContentDialog (209)
[2017.07.12-17.42.55:115][ 30]LogModuleManager: Shutting down and abandoning module GameplayTags (208)
[2017.07.12-17.42.55:115][ 30]LogModuleManager: Shutting down and abandoning module EditorWidgets (207)
[2017.07.12-17.42.55:115][ 30]LogModuleManager: Shutting down and abandoning module CollectionManager (206)
[2017.07.12-17.42.55:283][ 30]LogModuleManager: Shutting down and abandoning module StatsViewer (205)
[2017.07.12-17.42.55:371][ 30]LogModuleManager: Shutting down and abandoning module FoliageEdit (204)
[2017.07.12-17.42.55:379][ 30]LogModuleManager: Shutting down and abandoning module LandscapeEditor (203)
[2017.07.12-17.42.55:411][ 30]LogModuleManager: Shutting down and abandoning module SceneDepthPickerMode (202)
[2017.07.12-17.42.55:411][ 30]LogModuleManager: Shutting down and abandoning module ActorPickerMode (201)
[2017.07.12-17.42.55:411][ 30]LogModuleManager: Shutting down and abandoning module GeometryMode (200)
[2017.07.12-17.42.55:411][ 30]LogModuleManager: Shutting down and abandoning module TextureAlignMode (199)
[2017.07.12-17.42.55:411][ 30]LogModuleManager: Shutting down and abandoning module BspMode (198)
[2017.07.12-17.42.55:434][ 30]LogModuleManager: Shutting down and abandoning module HardwareSurvey (197)
[2017.07.12-17.42.55:456][ 30]LogModuleManager: Shutting down and abandoning module SequenceRecorderSections (196)
[2017.07.12-17.42.55:456][ 30]LogModuleManager: Shutting down and abandoning module SequenceRecorder (195)
[2017.07.12-17.42.55:484][ 30]LogModuleManager: Shutting down and abandoning module AutomationWorker (194)
[2017.07.12-17.42.55:484][ 30]LogModuleManager: Shutting down and abandoning module MatineeToLevelSequence (193)
[2017.07.12-17.42.55:495][ 30]LogModuleManager: Shutting down and abandoning module PlacementMode (192)
[2017.07.12-17.42.55:522][ 30]LogModuleManager: Shutting down and abandoning module LevelSequenceEditor (191)
[2017.07.12-17.42.55:559][ 30]LogModuleManager