Log file open, 06/01/17 23:39:44
LogInit:Display: Running engine for game: BlackHole
LogPlatformFile: Not using cached read wrapper
LogInit:Display: RandInit(-1195389532) SRandInit(-1195389529).
LogTaskGraph: Started task graph with 4 named threads and 7 total threads with 1 sets of task threads.
LogStats: Stats thread started at 3.572745
LogInit: Version: 4.12.5-3039270+++UE4+Release-4.12
LogInit: API Version: 2992821
LogInit: Net Version: 3039270
LogDevObjectVersion: Number of dev versions registered: 13
LogDevObjectVersion:   Dev-Blueprints (B0D832E4-1F89-4F0D-ACCF-7EB736FD4AA2): 3
LogDevObjectVersion:   Dev-Build (E1C64328-A22C-4D53-A36C-8E866417BD8C): 0
LogDevObjectVersion:   Dev-Core (375EC13C-06E4-48FB-B500-84F0262A717E): 1
LogDevObjectVersion:   Dev-Editor (E4B068ED-F494-42E9-A231-DA0B2E46BB41): 2
LogDevObjectVersion:   Dev-Framework (CFFC743F-43B0-4480-9391-14DF171D2073): 6
LogDevObjectVersion:   Dev-Mobile (B02B49B5-BB20-44E9-A304-32B752E40360): 0
LogDevObjectVersion:   Dev-Networking (A4E4105C-59A1-49B5-A7C5-40C4547EDFEE): 0
LogDevObjectVersion:   Dev-Online (39C831C9-5AE6-47DC-9A44-9C173E1C8E7C): 0
LogDevObjectVersion:   Dev-Physics (78F01B33-EBEA-4F98-B9B4-84EACCB95AA2): 0
LogDevObjectVersion:   Dev-Platform (6631380F-2D4D-43E0-8009-CF276956A95A): 0
LogDevObjectVersion:   Dev-Rendering (12F88B9F-8875-4AFC-A67C-D90C383ABD29): 2
LogDevObjectVersion:   Dev-Sequencer (7B5AE74C-D270-4C10-A958-57980B212A5A): 0
LogDevObjectVersion:   Dev-VR (D7296918-1DD6-4BDD-9DE2-64A83CC13884): 0
LogInit: Compiled (64-bit): Jul  6 2016 09:09:46
LogInit: Compiled with Visual C++: 19.00.23026.00
LogInit: Build Configuration: Development
LogInit: Branch Name: ++UE4+Release-4.12
LogInit: Command line:  
LogInit: Base directory: C:/Program Files/Epic Games/4.12/Engine/Binaries/Win64/
LogInit: Installed Engine Build: 1
LogInit: Using libcurl 7.41.0
LogInit:  - built for x86_64-pc-win32
LogInit:  - supports SSL with WinSSL
LogInit:  - other features:
LogInit:      CURL_VERSION_SSL
LogInit:      CURL_VERSION_IPV6
LogInit:      CURL_VERSION_ASYNCHDNS
LogInit:      CURL_VERSION_LARGEFILE
LogInit:      CURL_VERSION_IDN
LogInit:  CurlRequestOptions (configurable via config and command line):
LogInit:  - bVerifyPeer = true  - Libcurl will verify peer certificate
LogInit:  - bUseHttpProxy = false  - Libcurl will NOT use HTTP proxy
LogInit:  - bDontReuseConnections = false  - Libcurl will reuse connections
LogInit:  - CertBundlePath = nullptr  - Libcurl will use whatever was configured at build time.
LogInit: Presizing for max 8388607 objects, including 0 objects not considered by GC, pre-allocating 0 bytes for permanent pool.
LogInit: Object subsystem initialized
[2017.06.02-06.39.45:663][  0]LogInit: Selected Device Profile: [Windows]
[2017.06.02-06.39.45:663][  0]LogInit: Applying CVar settings loaded from the selected device profile: [Windows]
[2017.06.02-06.39.45:828][  0]LogInit: Computer: GODLIKESYSTEM
[2017.06.02-06.39.45:829][  0]LogInit: User: Demonic
[2017.06.02-06.39.45:829][  0]LogInit: CPU Page size=65536, Cores=4
[2017.06.02-06.39.45:829][  0]LogInit: High frequency timer resolution =3.312822 MHz
[2017.06.02-06.39.45:832][  0]LogMemory: Memory total: Physical=8.0GB (8GB approx)
[2017.06.02-06.39.45:832][  0]LogMemory: Platform Memory Stats for Windows
[2017.06.02-06.39.45:832][  0]LogMemory: Process Physical Memory: 192.52 MB used, 192.52 MB peak
[2017.06.02-06.39.45:832][  0]LogMemory: Process Virtual Memory: 197.80 MB used, 197.80 MB peak
[2017.06.02-06.39.45:832][  0]LogMemory: Physical Memory: 4736.27 MB used, 8174.04 MB total
[2017.06.02-06.39.45:832][  0]LogMemory: Virtual Memory: 522.69 MB used, 8388608.00 MB total
[2017.06.02-06.39.47:430][  0]LogTextLocalizationManager: No specific translations for ('en-US') exist, so ('en') translations will be used.
[2017.06.02-06.39.48:536][  0]LogD3D11RHI: D3D11 adapters:
[2017.06.02-06.39.48:558][  0]LogD3D11RHI:    0. 'NVIDIA GeForce GT 440' (Feature Level 11_0)
[2017.06.02-06.39.48:558][  0]LogD3D11RHI:       1489/0/2559 MB DedicatedVideo/DedicatedSystem/SharedSystem, Outputs:1, VendorId:0x10de
[2017.06.02-06.39.48:558][  0]LogD3D11RHI: Chosen D3D11 Adapter: 0
[2017.06.02-06.39.48:607][  0]LogD3D11RHI: Creating new Direct3DDevice
[2017.06.02-06.39.48:607][  0]LogD3D11RHI:     GPU DeviceId: 0xdc0 (for the marketing name, search the web for "GPU Device Id")
[2017.06.02-06.39.48:646][  0]LogWindows: EnumDisplayDevices:
[2017.06.02-06.39.48:667][  0]LogWindows:    0. 'NVIDIA GeForce GT 440' (P:1 D:1)
[2017.06.02-06.39.48:667][  0]LogWindows:    1. 'NVIDIA GeForce GT 440' (P:0 D:0)
[2017.06.02-06.39.48:667][  0]LogWindows:    2. 'RDPDD Chained DD' (P:0 D:0)
[2017.06.02-06.39.48:667][  0]LogWindows:    3. 'RDP Encoder Mirror Driver' (P:0 D:0)
[2017.06.02-06.39.48:667][  0]LogWindows:    4. 'RDP Reflector Display Driver' (P:0 D:0)
[2017.06.02-06.39.48:667][  0]LogWindows: DebugString: GetVideoDriverDetailsInvalid PrimaryIsNotTheChoosenAdapter GetVideoDriverDetailsInvalid PrimaryIsNotTheChoosenAdapter GetVideoDriverDetailsInvalid PrimaryIsNotTheChoosenAdapter FoundDriverCount:2 
[2017.06.02-06.39.48:667][  0]LogD3D11RHI:     Adapter Name: NVIDIA GeForce GT 440
[2017.06.02-06.39.48:668][  0]LogD3D11RHI:   Driver Version: 364.72 (internal:10.18.13.6472, unified:364.72)
[2017.06.02-06.39.48:668][  0]LogD3D11RHI:      Driver Date: 3-21-2016
[2017.06.02-06.39.48:668][  0]LogRHI: Texture pool is 1042 MB (70% of 1489 MB)
[2017.06.02-06.39.48:677][  0]LogD3D11RHI: Async texture creation enabled
[2017.06.02-06.39.49:086][  0]LogD3D11RHI: GPU Timing Frequency: 1000.000000 (Debug: 2 2)
[2017.06.02-06.39.49:178][  0]LogShaderCompilers: Guid format shader working directory is -1 characters bigger than the processId version (../../../../../../Users/Demonic/Desktop/Blackhole/Intermediate/Shaders/WorkingDirectory/9916/).
[2017.06.02-06.39.49:179][  0]LogShaderCompilers: Cleaned the shader compiler working directory 'C:/Users/Demonic/AppData/Local/Temp/UnrealShaderWorkingDir/C600C3AB4E8741E5932785B98C5E1A22/'.
[2017.06.02-06.39.49:208][  0]LogShaderCompilers:Display: Using Local Shader Compiler.
[2017.06.02-06.40.02:040][  0]LogTemp:Display: Loaded TP AllDesktopTargetPlatform
[2017.06.02-06.40.02:051][  0]LogTemp:Display: Loaded TP WindowsClientTargetPlatform
[2017.06.02-06.40.02:062][  0]LogTemp:Display: Loaded TP WindowsNoEditorTargetPlatform
[2017.06.02-06.40.02:072][  0]LogTemp:Display: Loaded TP WindowsServerTargetPlatform
[2017.06.02-06.40.02:084][  0]LogTemp:Display: Loaded TP WindowsTargetPlatform
[2017.06.02-06.40.02:094][  0]LogTemp:Display: Loaded TP AndroidTargetPlatform
[2017.06.02-06.40.02:105][  0]LogTemp:Display: Loaded TP Android_ASTCTargetPlatform
[2017.06.02-06.40.02:115][  0]LogTemp:Display: Loaded TP Android_ATCTargetPlatform
[2017.06.02-06.40.02:126][  0]LogTemp:Display: Loaded TP Android_DXTTargetPlatform
[2017.06.02-06.40.02:137][  0]LogTemp:Display: Loaded TP Android_ETC1TargetPlatform
[2017.06.02-06.40.02:147][  0]LogTemp:Display: Loaded TP Android_ETC2TargetPlatform
[2017.06.02-06.40.02:168][  0]LogTemp:Display: Loaded TP Android_MultiTargetPlatform
[2017.06.02-06.40.02:168][  0]LogTemp:Display: Loaded TP Android_PVRTCTargetPlatform
[2017.06.02-06.40.02:170][  0]LogTemp:Display: Loaded TP HTML5TargetPlatform
[2017.06.02-06.40.02:254][  0]LogTemp:Display: Loaded TP IOSTargetPlatform
[2017.06.02-06.40.02:262][  0]LogTemp:Display: Loaded TP TVOSTargetPlatform
[2017.06.02-06.40.02:272][  0]LogTemp:Display: Loaded TP LinuxNoEditorTargetPlatform
[2017.06.02-06.40.02:282][  0]LogTemp:Display: Loaded TP LinuxServerTargetPlatform
[2017.06.02-06.40.02:302][  0]LogTemp:Display: Loaded TP LinuxTargetPlatform
[2017.06.02-06.40.02:302][  0]LogTargetPlatformManager:Display: Building Assets For Windows
[2017.06.02-06.40.03:064][  0]LogDerivedDataCache:Display: Max Cache Size: 512 MB
[2017.06.02-06.40.03:819][  0]LogDerivedDataCache: Loaded boot cache 0.74s 48MB C:/Users/Demonic/AppData/Local/UnrealEngine/4.12/DerivedDataCache/Boot.ddc.
[2017.06.02-06.40.03:819][  0]LogDerivedDataCache:Display: Loaded Boot cache: C:/Users/Demonic/AppData/Local/UnrealEngine/4.12/DerivedDataCache/Boot.ddc
[2017.06.02-06.40.03:820][  0]LogDerivedDataCache: FDerivedDataBackendGraph:  Pak pak cache file ../../../../../../Users/Demonic/Desktop/Blackhole/DerivedDataCache/DDC.ddp not found, will not use a pak cache.
[2017.06.02-06.40.03:820][  0]LogDerivedDataCache: Unable to find inner node Pak for hierarchical cache Hierarchy.
[2017.06.02-06.40.03:820][  0]LogDerivedDataCache: FDerivedDataBackendGraph:  CompressedPak pak cache file ../../../../../../Users/Demonic/Desktop/Blackhole/DerivedDataCache/Compressed.ddp not found, will not use a pak cache.
[2017.06.02-06.40.03:820][  0]LogDerivedDataCache: Unable to find inner node CompressedPak for hierarchical cache Hierarchy.
[2017.06.02-06.40.03:912][  0]LogDerivedDataCache:Display: Pak cache opened for reading ../../../Engine/DerivedDataCache/Compressed.ddp.
[2017.06.02-06.40.03:946][  0]LogDerivedDataCache: Using Local data cache path C:/Users/Demonic/AppData/Local/UnrealEngine/Common/DerivedDataCache: Writable
[2017.06.02-06.40.11:730][  0]LogInit: Selected Device Profile: [Windows]
[2017.06.02-06.40.11:882][  0]LogContentStreaming: Texture pool size is 0.00 MB
[2017.06.02-06.40.16:203][  0]LogMeshUtilities: No automatic mesh reduction module available
[2017.06.02-06.40.16:203][  0]LogMeshUtilities: No automatic mesh merging module available
[2017.06.02-06.40.16:203][  0]LogMeshUtilities: No distributed automatic mesh merging module available
[2017.06.02-06.40.22:624][  0]LogAssetRegistry: FAssetRegistry took 0.0308 seconds to start up
[2017.06.02-06.40.22:838][  0]LogPackageLocalizationCache: Processed 3 localized package path(s) for 2 prioritized culture(s) in 0.129572 seconds
[2017.06.02-06.40.22:955][  0]LogUObjectArray: 28739 objects as part of root set at end of initial load.
[2017.06.02-06.40.22:955][  0]LogUObjectAllocator: 5855624 out of 0 bytes used by permanent object pool.
[2017.06.02-06.40.22:955][  0]LogUObjectArray: CloseDisregardForGC: 0/0 objects in disregard for GC pool
[2017.06.02-06.40.23:060][  0]LogInit: WinSock: version 1.1 (2.2), MaxSocks=32767, MaxUdp=65467
[2017.06.02-06.40.31:831][  0]LogSlate: SlateFontCache - WITH_FREETYPE: 1, WITH_HARFBUZZ: 1
[2017.06.02-06.40.31:831][  0]LogSlate: SlateFontCache - WITH_FREETYPE: 1, WITH_HARFBUZZ: 1
[2017.06.02-06.40.52:693][  0]LogUdpMessaging: Initializing bridge on interface 0.0.0.0:0 to multicast group 230.0.0.1:6666.
[2017.06.02-06.40.54:792][  0]SourceControl: Info Source control is disabled
[2017.06.02-06.40.54:842][  0]SourceControl: Info Source control is disabled
[2017.06.02-06.40.54:985][  0]SourceControl: Info Source control is disabled
[2017.06.02-06.40.55:029][  0]SourceControl: Info Source control is disabled
[2017.06.02-06.40.55:717][  0]LogLinker:Warning: Can't find file '/Game/TopDownCPP/TopDownOverview'
[2017.06.02-06.40.55:717][  0]LogLinker:Warning: Can't find file '/Game/TopDownCPP/TopDownOverview'
[2017.06.02-06.40.55:717][  0]LogUObjectGlobals:Warning: Failed to find object 'Class /Game/TopDownCPP/TopDownOverview.TopDownOverview_C'
[2017.06.02-06.40.56:820][  0]LogEngine: Initializing Engine...
[2017.06.02-06.40.56:928][  0]LogHMD: SteamVR failed to initialize.  Err: 110
[2017.06.02-06.40.56:930][  0]LogHMD: SteamVR failed to initialize.  Err: 110
[2017.06.02-06.40.58:286][  0]LogAIModule: Creating AISystem for world NewWorld
[2017.06.02-06.40.58:525][  0]LogInit: XAudio2 using 'Speakers (USB  AUDIO  )' : 2 channels at 48 kHz using 16 bits per sample (channel mask 0x3)
[2017.06.02-06.40.58:564][  0]LogInit: FAudioDevice initialized.
[2017.06.02-06.40.58:614][  0]LogDerivedDataCache: Saved boot cache 0.05s 48MB C:/Users/Demonic/AppData/Local/UnrealEngine/4.12/DerivedDataCache/Boot.ddc.
[2017.06.02-06.40.58:622][  0]LogInit: Texture streaming: Enabled
[2017.06.02-06.40.58:849][  0]LogInit: Transaction tracking system initialized
[2017.06.02-06.40.59:359][  0]BlueprintLog: New page: Editor Load
[2017.06.02-06.41.00:766][  0]LocalizationService: Info Localization service is disabled
[2017.06.02-06.41.01:710][  0]LogConsoleResponse:Display: 
[2017.06.02-06.41.05:876][  0]LogFileCache: Scanning file cache for directory 'C:/Users/Demonic/Desktop/Blackhole/Content/' took 0.04s
[2017.06.02-06.41.05:876][  0]LogCook:Display: Max memory allowance for cook 8192mb
[2017.06.02-06.41.05:876][  0]LogCook:Display: Mobile HDR setting 0
[2017.06.02-06.41.09:363][  0]SourceControl: Info Source control is disabled
[2017.06.02-06.41.09:453][  0]Cmd: MAP LOAD FILE="../../../../../../Users/Demonic/Desktop/Blackhole/Content/Blackhole/BMaps/Map1.umap" TEMPLATE=0 SHOWPROGRESS=1 FEATURELEVEL=3
[2017.06.02-06.41.09:632][  0]LightingResults: New page: Lighting Build
[2017.06.02-06.41.10:020][  0]MapCheck: New page: Map Check
[2017.06.02-06.41.10:020][  0]LightingResults: New page: Lighting Build
[2017.06.02-06.41.17:049][  0]LogAIModule: Creating AISystem for world Map1
[2017.06.02-06.41.17:969][  0]LogEditorServer: Finished looking for orphan Actors (0.000 secs)
[2017.06.02-06.41.18:020][  0]Cmd: MAP CHECKDEP NOCLEARLOG
[2017.06.02-06.41.18:084][  0]MapCheck: Info Map check complete: 0 Error(s), 0 Warning(s), took 64.172ms to complete.
[2017.06.02-06.41.18:084][  0]LogFileHelpers: Loading map 'Map1' took 8.674
[2017.06.02-06.41.19:774][  0]LogCollectionManager: Loaded 0 collections in 0.018060 seconds
[2017.06.02-06.41.19:941][  0]LogFileCache: Scanning file cache for directory 'C:/Users/Demonic/Desktop/Blackhole/Saved/Collections/' took 0.01s
[2017.06.02-06.41.19:941][  0]LogFileCache: Scanning file cache for directory 'C:/Users/Demonic/Desktop/Blackhole/Content/Developers/Demonic/Collections/' took 0.01s
[2017.06.02-06.41.19:941][  0]LogFileCache: Scanning file cache for directory 'C:/Users/Demonic/Desktop/Blackhole/Content/Collections/' took 0.01s
[2017.06.02-06.41.19:941][  0]LogCollectionManager: Rebuilt the GUID cache for 0 collections in 0.000002 seconds
[2017.06.02-06.41.19:952][  0]LogContentBrowser: Native class hierarchy populated in 0.0091 seconds. Added 2047 classes and 369 folders.
[2017.06.02-06.41.19:996][  0]LogStats: UGameplayTagsManager::ConstructGameplayTagTree: Construct from data asset -  0.000 s
[2017.06.02-06.41.19:996][  0]LogStats: UGameplayTagsManager::ConstructGameplayTagTree: GameplayTagTreeChangedEvent.Broadcast -  0.000 s
[2017.06.02-06.41.19:996][  0]LogContentBrowser: Native class hierarchy updated for 'GameplayTags' in 0.0004 seconds. Added 12 classes and 0 folders.
[2017.06.02-06.41.20:028][  0]LogContentBrowser: Native class hierarchy updated for 'WidgetCarousel' in 0.0004 seconds. Added 0 classes and 0 folders.
[2017.06.02-06.41.21:876][  0]LogContentBrowser: Native class hierarchy updated for 'AddContentDialog' in 0.0004 seconds. Added 0 classes and 0 folders.
[2017.06.02-06.41.22:008][  0]LogContentBrowser: Native class hierarchy updated for 'SceneOutliner' in 0.0004 seconds. Added 1 classes and 2 folders.
[2017.06.02-06.41.22:823][  0]LogCrashTracker: Crashtracker disabled due to settings.
[2017.06.02-06.41.22:971][  0]LogUObjectGlobals:Warning: Failed to find object 'Class None.'
[2017.06.02-06.41.23:087][  0]LogContentBrowser: Native class hierarchy updated for 'HierarchicalLODOutliner' in 0.0004 seconds. Added 1 classes and 2 folders.
[2017.06.02-06.41.23:087][  0]LogLoad: Full Startup: 108.08 seconds (BP compile: 1.07 seconds)
[2017.06.02-06.41.23:087][  0]LogExternalProfiler: Found external profiler: VSPerf
[2017.06.02-06.41.23:087][  0]LogExternalProfiler: Using external profiler: VSPerf
[2017.06.02-06.41.23:455][  0]LogOcInput: OculusInput pre-init called
[2017.06.02-06.41.23:565][  0]LogContentStreaming: Texture pool size now 1000 MB
[2017.06.02-06.41.24:671][  0]LogRenderer: Reallocating scene render targets to support 1064x576 (Frame:2).
[2017.06.02-06.41.25:776][  2]LogAssetRegistry: Asset discovery search completed in 63.1732 seconds
[2017.06.02-06.41.25:777][  2]LogCollectionManager: Rebuilt the object cache for 0 collections in 0.000001 seconds (found 0 objects)
[2017.06.02-06.41.25:777][  2]LogCollectionManager: Fixed up redirectors for 0 collections in 0.000033 seconds (updated 0 objects)
[2017.06.02-07.09.40:210][608]LogEditorFactories: Performing atomic reimport of [C:/Users/Demonic/Desktop/Blackholegame_Graphics/UMG_Easy.png]
[2017.06.02-07.09.40:225][608]LogFactory: FactoryCreateFile: Texture2D with ReimportTextureFactory (0 0 C:/Users/Demonic/Desktop/Blackholegame_Graphics/UMG_Easy.png)
[2017.06.02-07.09.40:302][608]LogTexture:Display: Building textures: UMG_Easy (AutoDXT)
[2017.06.02-07.09.40:433][608]LogEditorFactories: -- imported successfully
[2017.06.02-07.09.43:846][808]LogBlueprintUserMessages: Early PlayInEditor Detection: Level '/Game/Blackhole/BMaps/Map1.Map1:PersistentLevel' has LevelScriptBlueprint '/Game/Blackhole/BMaps/Map1.Map1:PersistentLevel.Map1' with GeneratedClass '/Game/Blackhole/BMaps/Map1.Map1_C' with ClassGeneratedBy '/Game/Blackhole/BMaps/Map1.Map1:PersistentLevel.Map1'
[2017.06.02-07.09.43:848][808]LogPlayLevel: PlayLevel: No blueprints needed recompiling
[2017.06.02-07.09.43:918][808]PIE: New page: PIE session: Map1 (Jun 1, 2017, 4:09:43 PM)
[2017.06.02-07.09.43:918][808]LogPlayLevel: Creating play world package: /Game/Blackhole/BMaps/UEDPIE_0_Map1
[2017.06.02-07.09.43:945][808]LogPlayLevel: PIE: StaticDuplicateObject took: (0.026515s)
[2017.06.02-07.09.43:946][808]LogAIModule: Creating AISystem for world Map1
[2017.06.02-07.09.43:946][808]LogPlayLevel: PIE: World Init took: (0.001258s)
[2017.06.02-07.09.43:946][808]LogPlayLevel: PIE: Created PIE world by copying editor world from /Game/Blackhole/BMaps/Map1.Map1 to /Game/Blackhole/BMaps/UEDPIE_0_Map1.Map1 (0.028205s)
[2017.06.02-07.09.44:070][808]LogInit: XAudio2 using 'Speakers (USB  AUDIO  )' : 2 channels at 48 kHz using 16 bits per sample (channel mask 0x3)
[2017.06.02-07.09.44:075][808]LogInit: FAudioDevice initialized.
[2017.06.02-07.09.44:212][808]LogWorld: Game class is 'TopDownGameMode_C'
[2017.06.02-07.09.44:274][808]LogWorld: Bringing World /Game/Blackhole/BMaps/UEDPIE_0_Map1.Map1 up for play (max tick rate 0) at 2017.06.02-00.09.44
[2017.06.02-07.09.44:329][808]LogWorld: Bringing up level for play took: 0.057947
[2017.06.02-07.09.44:463][808]LogContentBrowser: Native class hierarchy updated for 'MovieSceneCapture' in 0.0004 seconds. Added 11 classes and 0 folders.
[2017.06.02-07.09.44:515][808]PIE: Info Play in editor start time for /Game/Blackhole/BMaps/UEDPIE_0_Map1 -0.175
[2017.06.02-07.09.44:515][808]LogBlueprintUserMessages: Late PlayInEditor Detection: Level '/Game/Blackhole/BMaps/Map1.Map1:PersistentLevel' has LevelScriptBlueprint '/Game/Blackhole/BMaps/Map1.Map1:PersistentLevel.Map1' with GeneratedClass '/Game/Blackhole/BMaps/Map1.Map1_C' with ClassGeneratedBy '/Game/Blackhole/BMaps/Map1.Map1:PersistentLevel.Map1'
[2017.06.02-07.09.55:884][350]LogBlueprintUserMessages: Early EndPlayMap Detection: Level '/Game/Blackhole/BMaps/Map1.Map1:PersistentLevel' has LevelScriptBlueprint '/Game/Blackhole/BMaps/Map1.Map1:PersistentLevel.Map1' with GeneratedClass '/Game/Blackhole/BMaps/Map1.Map1_C' with ClassGeneratedBy '/Game/Blackhole/BMaps/Map1.Map1:PersistentLevel.Map1'
[2017.06.02-07.09.56:028][350]LogBlueprintUserMessages: Late EndPlayMap Detection: Level '/Game/Blackhole/BMaps/Map1.Map1:PersistentLevel' has LevelScriptBlueprint '/Game/Blackhole/BMaps/Map1.Map1:PersistentLevel.Map1' with GeneratedClass '/Game/Blackhole/BMaps/Map1.Map1_C' with ClassGeneratedBy '/Game/Blackhole/BMaps/Map1.Map1:PersistentLevel.Map1'
[2017.06.02-07.10.21:967][479]LogFileHelpers: Editor autosave (incl. sublevels) for '/Game/Blackhole/BMaps/Map1' took 0.008
[2017.06.02-07.10.21:983][479]OBJ SavePackage: Generating thumbnails for [1] asset(s) in package [/Game/Blackhole/Player/UMG_Easy] ([1] browsable assets)...
[2017.06.02-07.10.22:013][479]OBJ SavePackage:     Rendered thumbnail for [Texture2D /Game/Blackhole/Player/UMG_Easy.UMG_Easy]
[2017.06.02-07.10.22:014][479]OBJ SavePackage: Finished generating thumbnails for package [/Game/Blackhole/Player/UMG_Easy]
[2017.06.02-07.10.22:554][479]LogSavePackage: Save=62.50ms
[2017.06.02-07.10.22:554][479]LogSavePackage: Moving '../../../../../../Users/Demonic/Desktop/Blackhole/Saved/UMG_Easy_Auto1CC82B8B54E1ABA863BB6EEBB9E049079.tmp' to '../../../../../../Users/Demonic/Desktop/Blackhole/Saved/Autosaves/Game/Blackhole/Player/UMG_Easy_Auto1.uasset'
[2017.06.02-07.10.22:574][479]LogSavePackage:Display: Finished SavePackage ../../../../../../Users/Demonic/Desktop/Blackhole/Saved/Autosaves/Game/Blackhole/Player/UMG_Easy_Auto1.uasset
[2017.06.02-07.10.22:574][479]LogFileHelpers: Auto-saving content packages took 0.605
[2017.06.02-07.13.59:159][218]LogEditorFactories: Performing atomic reimport of [C:/Users/Demonic/Desktop/Blackholegame_Graphics/UMG_Easy.png]
[2017.06.02-07.13.59:159][218]LogFactory: FactoryCreateFile: Texture2D with ReimportTextureFactory (0 0 C:/Users/Demonic/Desktop/Blackholegame_Graphics/UMG_Easy.png)
[2017.06.02-07.13.59:160][218]LogTexture:Display: Building textures: UMG_Easy (BGRA8)
[2017.06.02-07.13.59:162][218]LogEditorFactories: -- imported successfully
[2017.06.02-07.14.04:783][450]Cmd: OBJ SAVEPACKAGE PACKAGE="/Game/Blackhole/Player/UMG_Easy" FILE="../../../../../../Users/Demonic/Desktop/Blackhole/Content/Blackhole/Player/UMG_Easy.uasset" SILENT=true
[2017.06.02-07.14.04:809][450]LogSavePackage: Save=11.89ms
[2017.06.02-07.14.04:809][450]LogSavePackage: Moving '../../../../../../Users/Demonic/Desktop/Blackhole/Saved/UMG_Easy43D676504118D71FECDB0A8B5D2E669E.tmp' to '../../../../../../Users/Demonic/Desktop/Blackhole/Content/Blackhole/Player/UMG_Easy.uasset'
[2017.06.02-07.14.04:810][450]LogSavePackage:Display: Finished SavePackage ../../../../../../Users/Demonic/Desktop/Blackhole/Content/Blackhole/Player/UMG_Easy.uasset
[2017.06.02-07.14.06:508][524]LogBlueprintUserMessages: Early PlayInEditor Detection: Level '/Game/Blackhole/BMaps/Map1.Map1:PersistentLevel' has LevelScriptBlueprint '/Game/Blackhole/BMaps/Map1.Map1:PersistentLevel.Map1' with GeneratedClass '/Game/Blackhole/BMaps/Map1.Map1_C' with ClassGeneratedBy '/Game/Blackhole/BMaps/Map1.Map1:PersistentLevel.Map1'
[2017.06.02-07.14.06:508][524]LogPlayLevel: PlayLevel: No blueprints needed recompiling
[2017.06.02-07.14.06:508][524]PIE: New page: PIE session: Map1 (Jun 1, 2017, 4:14:06 PM)
[2017.06.02-07.14.06:509][524]LogPlayLevel: Creating play world package: /Game/Blackhole/BMaps/UEDPIE_0_Map1
[2017.06.02-07.14.06:530][524]LogPlayLevel: PIE: StaticDuplicateObject took: (0.021801s)
[2017.06.02-07.14.06:531][524]LogAIModule: Creating AISystem for world Map1
[2017.06.02-07.14.06:531][524]LogPlayLevel: PIE: World Init took: (0.000903s)
[2017.06.02-07.14.06:531][524]LogPlayLevel: PIE: Created PIE world by copying editor world from /Game/Blackhole/BMaps/Map1.Map1 to /Game/Blackhole/BMaps/UEDPIE_0_Map1.Map1 (0.022944s)
[2017.06.02-07.14.06:545][524]LogInit: XAudio2 using 'Speakers (USB  AUDIO  )' : 2 channels at 48 kHz using 16 bits per sample (channel mask 0x3)
[2017.06.02-07.14.06:550][524]LogInit: FAudioDevice initialized.
[2017.06.02-07.14.06:598][524]LogWorld: Game class is 'TopDownGameMode_C'
[2017.06.02-07.14.06:602][524]LogWorld: Bringing World /Game/Blackhole/BMaps/UEDPIE_0_Map1.Map1 up for play (max tick rate 0) at 2017.06.02-00.14.06
[2017.06.02-07.14.06:603][524]LogWorld: Bringing up level for play took: 0.003020
[2017.06.02-07.14.06:604][524]PIE: Info Play in editor start time for /Game/Blackhole/BMaps/UEDPIE_0_Map1 -0.089
[2017.06.02-07.14.06:604][524]LogBlueprintUserMessages: Late PlayInEditor Detection: Level '/Game/Blackhole/BMaps/Map1.Map1:PersistentLevel' has LevelScriptBlueprint '/Game/Blackhole/BMaps/Map1.Map1:PersistentLevel.Map1' with GeneratedClass '/Game/Blackhole/BMaps/Map1.Map1_C' with ClassGeneratedBy '/Game/Blackhole/BMaps/Map1.Map1:PersistentLevel.Map1'
[2017.06.02-07.14.14:442][894]LogBlueprintUserMessages: Early EndPlayMap Detection: Level '/Game/Blackhole/BMaps/Map1.Map1:PersistentLevel' has LevelScriptBlueprint '/Game/Blackhole/BMaps/Map1.Map1:PersistentLevel.Map1' with GeneratedClass '/Game/Blackhole/BMaps/Map1.Map1_C' with ClassGeneratedBy '/Game/Blackhole/BMaps/Map1.Map1:PersistentLevel.Map1'
[2017.06.02-07.14.14:487][894]LogBlueprintUserMessages: Late EndPlayMap Detection: Level '/Game/Blackhole/BMaps/Map1.Map1:PersistentLevel' has LevelScriptBlueprint '/Game/Blackhole/BMaps/Map1.Map1:PersistentLevel.Map1' with GeneratedClass '/Game/Blackhole/BMaps/Map1.Map1_C' with ClassGeneratedBy '/Game/Blackhole/BMaps/Map1.Map1:PersistentLevel.Map1'
[2017.06.02-07.14.53:668][199]LogEditorFactories: Performing atomic reimport of [C:/Users/Demonic/Desktop/Blackholegame_Graphics/UMG_Easy.png]
[2017.06.02-07.14.53:668][199]LogFactory: FactoryCreateFile: Texture2D with ReimportTextureFactory (0 0 C:/Users/Demonic/Desktop/Blackholegame_Graphics/UMG_Easy.png)
[2017.06.02-07.14.53:670][199]LogTexture:Display: Building textures: UMG_Easy (AutoDXT)
[2017.06.02-07.14.53:672][199]LogEditorFactories: -- imported successfully
[2017.06.02-07.14.59:629][420]Cmd: OBJ SAVEPACKAGE PACKAGE="/Game/Blackhole/Player/UMG_Easy" FILE="../../../../../../Users/Demonic/Desktop/Blackhole/Content/Blackhole/Player/UMG_Easy.uasset" SILENT=true
[2017.06.02-07.14.59:638][420]LogSavePackage: Save=2.79ms
[2017.06.02-07.14.59:638][420]LogSavePackage: Moving '../../../../../../Users/Demonic/Desktop/Blackhole/Saved/UMG_Easy485F647A4E27BA8996D3549B9E2A47FA.tmp' to '../../../../../../Users/Demonic/Desktop/Blackhole/Content/Blackhole/Player/UMG_Easy.uasset'
[2017.06.02-07.14.59:639][420]LogSavePackage:Display: Finished SavePackage ../../../../../../Users/Demonic/Desktop/Blackhole/Content/Blackhole/Player/UMG_Easy.uasset
[2017.06.02-07.15.00:914][472]LogBlueprintUserMessages: Early PlayInEditor Detection: Level '/Game/Blackhole/BMaps/Map1.Map1:PersistentLevel' has LevelScriptBlueprint '/Game/Blackhole/BMaps/Map1.Map1:PersistentLevel.Map1' with GeneratedClass '/Game/Blackhole/BMaps/Map1.Map1_C' with ClassGeneratedBy '/Game/Blackhole/BMaps/Map1.Map1:PersistentLevel.Map1'
[2017.06.02-07.15.00:915][472]LogPlayLevel: PlayLevel: No blueprints needed recompiling
[2017.06.02-07.15.00:915][472]PIE: New page: PIE session: Map1 (Jun 1, 2017, 4:15:00 PM)
[2017.06.02-07.15.00:915][472]LogPlayLevel: Creating play world package: /Game/Blackhole/BMaps/UEDPIE_0_Map1
[2017.06.02-07.15.00:935][472]LogPlayLevel: PIE: StaticDuplicateObject took: (0.019790s)
[2017.06.02-07.15.00:935][472]LogAIModule: Creating AISystem for world Map1
[2017.06.02-07.15.00:935][472]LogPlayLevel: PIE: World Init took: (0.000792s)
[2017.06.02-07.15.00:936][472]LogPlayLevel: PIE: Created PIE world by copying editor world from /Game/Blackhole/BMaps/Map1.Map1 to /Game/Blackhole/BMaps/UEDPIE_0_Map1.Map1 (0.020828s)
[2017.06.02-07.15.00:949][472]LogInit: XAudio2 using 'Speakers (USB  AUDIO  )' : 2 channels at 48 kHz using 16 bits per sample (channel mask 0x3)
[2017.06.02-07.15.00:953][472]LogInit: FAudioDevice initialized.
[2017.06.02-07.15.01:002][472]LogWorld: Game class is 'TopDownGameMode_C'
[2017.06.02-07.15.01:005][472]LogWorld: Bringing World /Game/Blackhole/BMaps/UEDPIE_0_Map1.Map1 up for play (max tick rate 0) at 2017.06.02-00.15.01
[2017.06.02-07.15.01:006][472]LogWorld: Bringing up level for play took: 0.002897
[2017.06.02-07.15.01:007][472]PIE: Info Play in editor start time for /Game/Blackhole/BMaps/UEDPIE_0_Map1 0.314
[2017.06.02-07.15.01:007][472]LogBlueprintUserMessages: Late PlayInEditor Detection: Level '/Game/Blackhole/BMaps/Map1.Map1:PersistentLevel' has LevelScriptBlueprint '/Game/Blackhole/BMaps/Map1.Map1:PersistentLevel.Map1' with GeneratedClass '/Game/Blackhole/BMaps/Map1.Map1_C' with ClassGeneratedBy '/Game/Blackhole/BMaps/Map1.Map1:PersistentLevel.Map1'
[2017.06.02-07.15.01:075][473]LogScript:Warning: UGameplayStatics::BeginSpawningActorFromClass: can not spawn an actor from a NULL class
[2017.06.02-07.15.10:486][925]LogBlueprintUserMessages: Early EndPlayMap Detection: Level '/Game/Blackhole/BMaps/Map1.Map1:PersistentLevel' has LevelScriptBlueprint '/Game/Blackhole/BMaps/Map1.Map1:PersistentLevel.Map1' with GeneratedClass '/Game/Blackhole/BMaps/Map1.Map1_C' with ClassGeneratedBy '/Game/Blackhole/BMaps/Map1.Map1:PersistentLevel.Map1'
[2017.06.02-07.15.10:529][925]LogBlueprintUserMessages: Late EndPlayMap Detection: Level '/Game/Blackhole/BMaps/Map1.Map1:PersistentLevel' has LevelScriptBlueprint '/Game/Blackhole/BMaps/Map1.Map1:PersistentLevel.Map1' with GeneratedClass '/Game/Blackhole/BMaps/Map1.Map1_C' with ClassGeneratedBy '/Game/Blackhole/BMaps/Map1.Map1:PersistentLevel.Map1'
[2017.06.02-07.15.27:492][519]LogBlueprintUserMessages: Early PlayInEditor Detection: Level '/Game/Blackhole/BMaps/Map1.Map1:PersistentLevel' has LevelScriptBlueprint '/Game/Blackhole/BMaps/Map1.Map1:PersistentLevel.Map1' with GeneratedClass '/Game/Blackhole/BMaps/Map1.Map1_C' with ClassGeneratedBy '/Game/Blackhole/BMaps/Map1.Map1:PersistentLevel.Map1'
[2017.06.02-07.15.27:492][519]LogPlayLevel: PlayLevel: No blueprints needed recompiling
[2017.06.02-07.15.27:492][519]PIE: New page: PIE session: Map1 (Jun 1, 2017, 4:15:27 PM)
[2017.06.02-07.15.27:492][519]LogPlayLevel: Creating play world package: /Game/Blackhole/BMaps/UEDPIE_0_Map1
[2017.06.02-07.15.27:512][519]LogPlayLevel: PIE: StaticDuplicateObject took: (0.019423s)
[2017.06.02-07.15.27:513][519]LogAIModule: Creating AISystem for world Map1
[2017.06.02-07.15.27:513][519]LogPlayLevel: PIE: World Init took: (0.000998s)
[2017.06.02-07.15.27:513][519]LogPlayLevel: PIE: Created PIE world by copying editor world from /Game/Blackhole/BMaps/Map1.Map1 to /Game/Blackhole/BMaps/UEDPIE_0_Map1.Map1 (0.020661s)
[2017.06.02-07.15.27:528][519]LogInit: XAudio2 using 'Speakers (USB  AUDIO  )' : 2 channels at 48 kHz using 16 bits per sample (channel mask 0x3)
[2017.06.02-07.15.27:532][519]LogInit: FAudioDevice initialized.
[2017.06.02-07.15.27:581][519]LogWorld: Game class is 'TopDownGameMode_C'
[2017.06.02-07.15.27:585][519]LogWorld: Bringing World /Game/Blackhole/BMaps/UEDPIE_0_Map1.Map1 up for play (max tick rate 0) at 2017.06.02-00.15.27
[2017.06.02-07.15.27:585][519]LogWorld: Bringing up level for play took: 0.002971
[2017.06.02-07.15.27:587][519]PIE: Info Play in editor start time for /Game/Blackhole/BMaps/UEDPIE_0_Map1 0.893
[2017.06.02-07.15.27:587][519]LogBlueprintUserMessages: Late PlayInEditor Detection: Level '/Game/Blackhole/BMaps/Map1.Map1:PersistentLevel' has LevelScriptBlueprint '/Game/Blackhole/BMaps/Map1.Map1:PersistentLevel.Map1' with GeneratedClass '/Game/Blackhole/BMaps/Map1.Map1_C' with ClassGeneratedBy '/Game/Blackhole/BMaps/Map1.Map1:PersistentLevel.Map1'
[2017.06.02-07.16.19:711][915]LogBlueprintUserMessages: Early EndPlayMap Detection: Level '/Game/Blackhole/BMaps/Map1.Map1:PersistentLevel' has LevelScriptBlueprint '/Game/Blackhole/BMaps/Map1.Map1:PersistentLevel.Map1' with GeneratedClass '/Game/Blackhole/BMaps/Map1.Map1_C' with ClassGeneratedBy '/Game/Blackhole/BMaps/Map1.Map1:PersistentLevel.Map1'
[2017.06.02-07.16.19:758][915]LogBlueprintUserMessages: Late EndPlayMap Detection: Level '/Game/Blackhole/BMaps/Map1.Map1:PersistentLevel' has LevelScriptBlueprint '/Game/Blackhole/BMaps/Map1.Map1:PersistentLevel.Map1' with GeneratedClass '/Game/Blackhole/BMaps/Map1.Map1_C' with ClassGeneratedBy '/Game/Blackhole/BMaps/Map1.Map1:PersistentLevel.Map1'
[2017.06.02-07.16.24:885][128]Cmd: OBJ SAVEPACKAGE PACKAGE="/Game/Blackhole/BMaps/Map1" FILE="../../../../../../Users/Demonic/Desktop/Blackhole/Content/Blackhole/BMaps/Map1.umap" SILENT=true AUTOSAVING=false KEEPDIRTY=false
[2017.06.02-07.16.25:330][128]LogSavePackage: Save=393.05ms
[2017.06.02-07.16.25:330][128]LogSavePackage: Moving '../../../../../../Users/Demonic/Desktop/Blackhole/Saved/Map1B4B8360045E7CE1BC73866AE13215BC4.tmp' to '../../../../../../Users/Demonic/Desktop/Blackhole/Content/Blackhole/BMaps/Map1.umap'
[2017.06.02-07.16.25:350][128]LogSavePackage:Display: Finished SavePackage ../../../../../../Users/Demonic/Desktop/Blackhole/Content/Blackhole/BMaps/Map1.umap
[2017.06.02-07.16.25:384][128]LogFileHelpers: Saving map 'Map1' took 0.538
[2017.06.02-07.22.15:390][ 21]Cmd: OBJ SAVEPACKAGE PACKAGE="/Game/Blackhole/Player/UMGs/UMG_Easy" FILE="../../../../../../Users/Demonic/Desktop/Blackhole/Content/Blackhole/Player/UMGs/UMG_Easy.uasset" SILENT=true
[2017.06.02-07.22.15:393][ 21]LogSavePackage: Save=2.52ms
[2017.06.02-07.22.15:393][ 21]LogSavePackage: Moving '../../../../../../Users/Demonic/Desktop/Blackhole/Saved/UMG_EasyDDC233114F23C390AC20308E302F3304.tmp' to '../../../../../../Users/Demonic/Desktop/Blackhole/Content/Blackhole/Player/UMGs/UMG_Easy.uasset'
[2017.06.02-07.22.15:394][ 21]LogSavePackage:Display: Finished SavePackage ../../../../../../Users/Demonic/Desktop/Blackhole/Content/Blackhole/Player/UMGs/UMG_Easy.uasset
[2017.06.02-07.22.15:404][ 21]Cmd: OBJ SAVEPACKAGE PACKAGE="/Game/Blackhole/Player/UMGs/UMG_NG" FILE="../../../../../../Users/Demonic/Desktop/Blackhole/Content/Blackhole/Player/UMGs/UMG_NG.uasset" SILENT=true
[2017.06.02-07.22.15:408][ 21]LogSavePackage: Save=3.40ms
[2017.06.02-07.22.15:408][ 21]LogSavePackage: Moving '../../../../../../Users/Demonic/Desktop/Blackhole/Saved/UMG_NGB2AAF513445E01A4AE1D24AFEDDAF97A.tmp' to '../../../../../../Users/Demonic/Desktop/Blackhole/Content/Blackhole/Player/UMGs/UMG_NG.uasset'
[2017.06.02-07.22.15:409][ 21]LogSavePackage:Display: Finished SavePackage ../../../../../../Users/Demonic/Desktop/Blackhole/Content/Blackhole/Player/UMGs/UMG_NG.uasset
[2017.06.02-07.22.15:551][ 21]Cmd: OBJ SAVEPACKAGE PACKAGE="/Game/Blackhole/Player/GameMenu" FILE="../../../../../../Users/Demonic/Desktop/Blackhole/Content/Blackhole/Player/GameMenu.uasset" SILENT=true
[2017.06.02-07.22.15:593][ 21]LogSavePackage: Save=27.18ms
[2017.06.02-07.22.15:593][ 21]LogSavePackage: Moving '../../../../../../Users/Demonic/Desktop/Blackhole/Saved/GameMenu62BDFC324CE76F6CBEA02D8EFC4E8621.tmp' to '../../../../../../Users/Demonic/Desktop/Blackhole/Content/Blackhole/Player/GameMenu.uasset'
[2017.06.02-07.22.15:594][ 21]LogSavePackage:Display: Finished SavePackage ../../../../../../Users/Demonic/Desktop/Blackhole/Content/Blackhole/Player/GameMenu.uasset
[2017.06.02-07.22.15:597][ 21]Cmd: OBJ SAVEPACKAGE PACKAGE="/Game/Blackhole/Player/GameMenu" FILE="../../../../../../Users/Demonic/Desktop/Blackhole/Content/Blackhole/Player/GameMenu.uasset" SILENT=true
[2017.06.02-07.22.15:623][ 21]LogSavePackage: Save=21.62ms
[2017.06.02-07.22.15:623][ 21]LogSavePackage: Moving '../../../../../../Users/Demonic/Desktop/Blackhole/Saved/GameMenu33F669A14F7190DF113EA1B68AE36659.tmp' to '../../../../../../Users/Demonic/Desktop/Blackhole/Content/Blackhole/Player/GameMenu.uasset'
[2017.06.02-07.22.15:624][ 21]LogSavePackage:Display: Finished SavePackage ../../../../../../Users/Demonic/Desktop/Blackhole/Content/Blackhole/Player/GameMenu.uasset
[2017.06.02-07.22.23:376][211]LogFactory: FactoryCreateFile: Texture with ReimportTextureFactory (0 0 ../../../../../../Users/Demonic/Desktop/Blackholegame_Graphics/UMG_Norm.png)
[2017.06.02-07.22.23:398][211]LogTexture:Display: Building textures: UMG_Norm (AutoDXT)
[2017.06.02-07.22.42:135][914]LogContentBrowser: Native class hierarchy updated for 'BlueprintGraph' in 0.0008 seconds. Added 111 classes and 0 folders.
[2017.06.02-07.23.48:608][946]LogEditorTransaction: Undo Edit Bottom
[2017.06.02-07.23.49:202][962]Cmd: TRANSACTION UNDO
[2017.06.02-07.23.49:202][962]LogEditorTransaction: Undo Edit Right
[2017.06.02-07.24.24:115][ 50]BlueprintLog: New page: Compile GameMenu
[2017.06.02-07.24.24:286][ 50]BlueprintEditorCompileResults: Info [2689.24] Compile of GameMenu successful! [in 163 ms] (/Game/Blackhole/Player/GameMenu.GameMenu)
[2017.06.02-07.24.30:276][243]LogBlueprintUserMessages: Early PlayInEditor Detection: Level '/Game/Blackhole/BMaps/Map1.Map1:PersistentLevel' has LevelScriptBlueprint '/Game/Blackhole/BMaps/Map1.Map1:PersistentLevel.Map1' with GeneratedClass '/Game/Blackhole/BMaps/Map1.Map1_C' with ClassGeneratedBy '/Game/Blackhole/BMaps/Map1.Map1:PersistentLevel.Map1'
[2017.06.02-07.24.30:276][243]LogPlayLevel: PlayLevel: No blueprints needed recompiling
[2017.06.02-07.24.30:277][243]PIE: New page: PIE session: Map1 (Jun 1, 2017, 4:24:30 PM)
[2017.06.02-07.24.30:277][243]LogPlayLevel: Creating play world package: /Game/Blackhole/BMaps/UEDPIE_0_Map1
[2017.06.02-07.24.30:298][243]LogPlayLevel: PIE: StaticDuplicateObject took: (0.021395s)
[2017.06.02-07.24.30:299][243]LogAIModule: Creating AISystem for world Map1
[2017.06.02-07.24.30:299][243]LogPlayLevel: PIE: World Init took: (0.000903s)
[2017.06.02-07.24.30:299][243]LogPlayLevel: PIE: Created PIE world by copying editor world from /Game/Blackhole/BMaps/Map1.Map1 to /Game/Blackhole/BMaps/UEDPIE_0_Map1.Map1 (0.022622s)
[2017.06.02-07.24.30:319][243]LogInit: XAudio2 using 'Speakers (USB  AUDIO  )' : 2 channels at 48 kHz using 16 bits per sample (channel mask 0x3)
[2017.06.02-07.24.30:324][243]LogInit: FAudioDevice initialized.
[2017.06.02-07.24.30:372][243]LogWorld: Game class is 'TopDownGameMode_C'
[2017.06.02-07.24.30:376][243]LogWorld: Bringing World /Game/Blackhole/BMaps/UEDPIE_0_Map1.Map1 up for play (max tick rate 0) at 2017.06.02-00.24.30
[2017.06.02-07.24.30:377][243]LogWorld: Bringing up level for play took: 0.003057
[2017.06.02-07.24.30:378][243]PIE: Info Play in editor start time for /Game/Blackhole/BMaps/UEDPIE_0_Map1 -0.322
[2017.06.02-07.24.30:378][243]LogBlueprintUserMessages: Late PlayInEditor Detection: Level '/Game/Blackhole/BMaps/Map1.Map1:PersistentLevel' has LevelScriptBlueprint '/Game/Blackhole/BMaps/Map1.Map1:PersistentLevel.Map1' with GeneratedClass '/Game/Blackhole/BMaps/Map1.Map1_C' with ClassGeneratedBy '/Game/Blackhole/BMaps/Map1.Map1:PersistentLevel.Map1'
[2017.06.02-07.24.42:154][781]LogBlueprintUserMessages: Early EndPlayMap Detection: Level '/Game/Blackhole/BMaps/Map1.Map1:PersistentLevel' has LevelScriptBlueprint '/Game/Blackhole/BMaps/Map1.Map1:PersistentLevel.Map1' with GeneratedClass '/Game/Blackhole/BMaps/Map1.Map1_C' with ClassGeneratedBy '/Game/Blackhole/BMaps/Map1.Map1:PersistentLevel.Map1'
[2017.06.02-07.24.42:201][781]LogBlueprintUserMessages: Late EndPlayMap Detection: Level '/Game/Blackhole/BMaps/Map1.Map1:PersistentLevel' has LevelScriptBlueprint '/Game/Blackhole/BMaps/Map1.Map1:PersistentLevel.Map1' with GeneratedClass '/Game/Blackhole/BMaps/Map1.Map1_C' with ClassGeneratedBy '/Game/Blackhole/BMaps/Map1.Map1:PersistentLevel.Map1'
[2017.06.02-07.25.56:947][105]BlueprintLog: New page: Compile GameMenu
[2017.06.02-07.25.57:098][105]BlueprintEditorCompileResults: Info [2782.06] Compile of GameMenu successful! [in 150 ms] (/Game/Blackhole/Player/GameMenu.GameMenu)
[2017.06.02-07.26.02:692][275]BlueprintLog: New page: Compile GameMenu
[2017.06.02-07.26.02:837][275]BlueprintEditorCompileResults: Info [2787.80] Compile of GameMenu successful! [in 145 ms] (/Game/Blackhole/Player/GameMenu.GameMenu)
[2017.06.02-07.26.05:957][381]LogBlueprintUserMessages: Early PlayInEditor Detection: Level '/Game/Blackhole/BMaps/Map1.Map1:PersistentLevel' has LevelScriptBlueprint '/Game/Blackhole/BMaps/Map1.Map1:PersistentLevel.Map1' with GeneratedClass '/Game/Blackhole/BMaps/Map1.Map1_C' with ClassGeneratedBy '/Game/Blackhole/BMaps/Map1.Map1:PersistentLevel.Map1'
[2017.06.02-07.26.05:957][381]LogPlayLevel: PlayLevel: No blueprints needed recompiling
[2017.06.02-07.26.05:957][381]PIE: New page: PIE session: Map1 (Jun 1, 2017, 4:26:05 PM)
[2017.06.02-07.26.05:957][381]LogPlayLevel: Creating play world package: /Game/Blackhole/BMaps/UEDPIE_0_Map1
[2017.06.02-07.26.05:979][381]LogPlayLevel: PIE: StaticDuplicateObject took: (0.021073s)
[2017.06.02-07.26.05:979][381]LogAIModule: Creating AISystem for world Map1
[2017.06.02-07.26.05:979][381]LogPlayLevel: PIE: World Init took: (0.000776s)
[2017.06.02-07.26.05:979][381]LogPlayLevel: PIE: Created PIE world by copying editor world from /Game/Blackhole/BMaps/Map1.Map1 to /Game/Blackhole/BMaps/UEDPIE_0_Map1.Map1 (0.022079s)
[2017.06.02-07.26.06:000][381]LogInit: XAudio2 using 'Speakers (USB  AUDIO  )' : 2 channels at 48 kHz using 16 bits per sample (channel mask 0x3)
[2017.06.02-07.26.06:004][381]LogInit: FAudioDevice initialized.
[2017.06.02-07.26.06:052][381]LogWorld: Game class is 'TopDownGameMode_C'
[2017.06.02-07.26.06:055][381]LogWorld: Bringing World /Game/Blackhole/BMaps/UEDPIE_0_Map1.Map1 up for play (max tick rate 0) at 2017.06.02-00.26.06
[2017.06.02-07.26.06:056][381]LogWorld: Bringing up level for play took: 0.002975
[2017.06.02-07.26.06:057][381]PIE: Info Play in editor start time for /Game/Blackhole/BMaps/UEDPIE_0_Map1 -0.643
[2017.06.02-07.26.06:057][381]LogBlueprintUserMessages: Late PlayInEditor Detection: Level '/Game/Blackhole/BMaps/Map1.Map1:PersistentLevel' has LevelScriptBlueprint '/Game/Blackhole/BMaps/Map1.Map1:PersistentLevel.Map1' with GeneratedClass '/Game/Blackhole/BMaps/Map1.Map1_C' with ClassGeneratedBy '/Game/Blackhole/BMaps/Map1.Map1:PersistentLevel.Map1'
[2017.06.02-07.26.06:121][382]LogScript:Warning: UGameplayStatics::BeginSpawningActorFromClass: can not spawn an actor from a NULL class
[2017.06.02-07.26.13:344][717]LogBlueprintUserMessages: Early EndPlayMap Detection: Level '/Game/Blackhole/BMaps/Map1.Map1:PersistentLevel' has LevelScriptBlueprint '/Game/Blackhole/BMaps/Map1.Map1:PersistentLevel.Map1' with GeneratedClass '/Game/Blackhole/BMaps/Map1.Map1_C' with ClassGeneratedBy '/Game/Blackhole/BMaps/Map1.Map1:PersistentLevel.Map1'
[2017.06.02-07.26.13:389][717]LogBlueprintUserMessages: Late EndPlayMap Detection: Level '/Game/Blackhole/BMaps/Map1.Map1:PersistentLevel' has LevelScriptBlueprint '/Game/Blackhole/BMaps/Map1.Map1:PersistentLevel.Map1' with GeneratedClass '/Game/Blackhole/BMaps/Map1.Map1_C' with ClassGeneratedBy '/Game/Blackhole/BMaps/Map1.Map1:PersistentLevel.Map1'
[2017.06.02-07.27.24:742][841]BlueprintLog: New page: Compile GameMenu
[2017.06.02-07.27.24:962][841]BlueprintEditorCompileResults: Info [2869.92] Compile of GameMenu successful! [in 219 ms] (/Game/Blackhole/Player/GameMenu.GameMenu)
[2017.06.02-07.28.34:014][964]BlueprintLog: New page: Compile GameMenu
[2017.06.02-07.28.34:172][964]BlueprintEditorCompileResults: Info [2939.13] Compile of GameMenu successful! [in 157 ms] (/Game/Blackhole/Player/GameMenu.GameMenu)
[2017.06.02-07.28.38:798][104]LogFileHelpers: Editor autosave (incl. sublevels) for '/Game/Blackhole/BMaps/Map1' took 0.017
[2017.06.02-07.28.38:799][104]OBJ SavePackage: Generating thumbnails for [0] asset(s) in package [/Game/Blackhole/Player/GameMenu] ([1] browsable assets)...
[2017.06.02-07.28.38:799][104]OBJ SavePackage: Finished generating thumbnails for package [/Game/Blackhole/Player/GameMenu]
[2017.06.02-07.28.38:835][104]LogSavePackage: Save=23.82ms
[2017.06.02-07.28.38:835][104]LogSavePackage: Moving '../../../../../../Users/Demonic/Desktop/Blackhole/Saved/GameMenu_Auto25ED86A434F72A1D57A84578C18C1042D.tmp' to '../../../../../../Users/Demonic/Desktop/Blackhole/Saved/Autosaves/Game/Blackhole/Player/GameMenu_Auto2.uasset'
[2017.06.02-07.28.38:836][104]LogSavePackage:Display: Finished SavePackage ../../../../../../Users/Demonic/Desktop/Blackhole/Saved/Autosaves/Game/Blackhole/Player/GameMenu_Auto2.uasset
[2017.06.02-07.28.38:836][104]OBJ SavePackage: Generating thumbnails for [1] asset(s) in package [/Game/Blackhole/Player/UMGs/UMG_Norm] ([1] browsable assets)...
[2017.06.02-07.28.38:839][104]OBJ SavePackage:     Rendered thumbnail for [Texture2D /Game/Blackhole/Player/UMGs/UMG_Norm.UMG_Norm]
[2017.06.02-07.28.38:839][104]OBJ SavePackage: Finished generating thumbnails for package [/Game/Blackhole/Player/UMGs/UMG_Norm]
[2017.06.02-07.28.38:841][104]LogSavePackage: Save=1.95ms
[2017.06.02-07.28.38:841][104]LogSavePackage: Moving '../../../../../../Users/Demonic/Desktop/Blackhole/Saved/UMG_Norm_Auto2B86B064B44089100B015FFAC604D4506.tmp' to '../../../../../../Users/Demonic/Desktop/Blackhole/Saved/Autosaves/Game/Blackhole/Player/UMGs/UMG_Norm_Auto2.uasset'
[2017.06.02-07.28.38:842][104]LogSavePackage:Display: Finished SavePackage ../../../../../../Users/Demonic/Desktop/Blackhole/Saved/Autosaves/Game/Blackhole/Player/UMGs/UMG_Norm_Auto2.uasset
[2017.06.02-07.28.38:842][104]LogFileHelpers: Auto-saving content packages took 0.043
[2017.06.02-07.29.04:491][891]LogProperty:Warning: ObjectProperty /Script/Engine.EdGraphPin:LinkedTo.LinkedTo: unresolved reference to 'EdGraphPin'K2Node_VariableGet_76.EdGraphPin_41''
[2017.06.02-07.29.04:491][891]LogUObjectHash:Warning: Ambiguous search, could be K2Node_CallFunction /Game/Blackhole/Player/GameMenu.GameMenu:EventGraph.K2Node_CallFunction_538 or K2Node_CallFunction /Engine/Transient.PROTO_BP_Blueprint_0:UserConstructionScript.K2Node_CallFunction_538
[2017.06.02-07.29.04:491][891]LogProperty:Warning: ObjectProperty /Script/Engine.EdGraphPin:LinkedTo.LinkedTo: unresolved reference to 'EdGraphPin'K2Node_CallFunction_538.EdGraphPin_155''
[2017.06.02-07.29.04:491][891]LogProperty:Warning: ObjectProperty /Script/Engine.EdGraphPin:LinkedTo.LinkedTo: unresolved reference to 'EdGraphPin'K2Node_VariableGet_176.EdGraphPin_160''
[2017.06.02-07.29.04:492][891]LogUObjectHash:Warning: Ambiguous search, could be K2Node_VariableGet /Game/Blackhole/Player/GameMenu.GameMenu:EventGraph.K2Node_VariableGet_127 or K2Node_VariableGet /Game/Blackhole/Player/GameMenu.GameMenu:ExecuteUbergraph_GameMenu.K2Node_VariableGet_127
[2017.06.02-07.29.04:492][891]LogProperty:Warning: ObjectProperty /Script/Engine.EdGraphPin:LinkedTo.LinkedTo: unresolved reference to 'EdGraphPin'K2Node_VariableGet_127.EdGraphPin_92''
[2017.06.02-07.29.47:905][214]BlueprintLog: New page: Compile GameMenu
[2017.06.02-07.29.48:061][214]BlueprintEditorCompileResults: Info [3013.02] Compile of GameMenu successful! [in 155 ms] (/Game/Blackhole/Player/GameMenu.GameMenu)
[2017.06.02-07.29.50:634][302]LogBlueprintUserMessages: Early PlayInEditor Detection: Level '/Game/Blackhole/BMaps/Map1.Map1:PersistentLevel' has LevelScriptBlueprint '/Game/Blackhole/BMaps/Map1.Map1:PersistentLevel.Map1' with GeneratedClass '/Game/Blackhole/BMaps/Map1.Map1_C' with ClassGeneratedBy '/Game/Blackhole/BMaps/Map1.Map1:PersistentLevel.Map1'
[2017.06.02-07.29.50:634][302]LogPlayLevel: PlayLevel: No blueprints needed recompiling
[2017.06.02-07.29.50:634][302]PIE: New page: PIE session: Map1 (Jun 1, 2017, 4:29:50 PM)
[2017.06.02-07.29.50:634][302]LogPlayLevel: Creating play world package: /Game/Blackhole/BMaps/UEDPIE_0_Map1
[2017.06.02-07.29.50:660][302]LogPlayLevel: PIE: StaticDuplicateObject took: (0.025933s)
[2017.06.02-07.29.50:661][302]LogAIModule: Creating AISystem for world Map1
[2017.06.02-07.29.50:661][302]LogPlayLevel: PIE: World Init took: (0.000954s)
[2017.06.02-07.29.50:661][302]LogPlayLevel: PIE: Created PIE world by copying editor world from /Game/Blackhole/BMaps/Map1.Map1 to /Game/Blackhole/BMaps/UEDPIE_0_Map1.Map1 (0.027167s)
[2017.06.02-07.29.50:681][302]LogInit: XAudio2 using 'Speakers (USB  AUDIO  )' : 2 channels at 48 kHz using 16 bits per sample (channel mask 0x3)
[2017.06.02-07.29.50:685][302]LogInit: FAudioDevice initialized.
[2017.06.02-07.29.50:737][302]LogWorld: Game class is 'TopDownGameMode_C'
[2017.06.02-07.29.50:741][302]LogWorld: Bringing World /Game/Blackhole/BMaps/UEDPIE_0_Map1.Map1 up for play (max tick rate 0) at 2017.06.02-00.29.50
[2017.06.02-07.29.50:741][302]LogWorld: Bringing up level for play took: 0.003346
[2017.06.02-07.29.50:744][302]PIE: Info Play in editor start time for /Game/Blackhole/BMaps/UEDPIE_0_Map1 0.041
[2017.06.02-07.29.50:744][302]LogBlueprintUserMessages: Late PlayInEditor Detection: Level '/Game/Blackhole/BMaps/Map1.Map1:PersistentLevel' has LevelScriptBlueprint '/Game/Blackhole/BMaps/Map1.Map1:PersistentLevel.Map1' with GeneratedClass '/Game/Blackhole/BMaps/Map1.Map1_C' with ClassGeneratedBy '/Game/Blackhole/BMaps/Map1.Map1:PersistentLevel.Map1'
[2017.06.02-07.30.31:031][154]LogBlueprintUserMessages: Early EndPlayMap Detection: Level '/Game/Blackhole/BMaps/Map1.Map1:PersistentLevel' has LevelScriptBlueprint '/Game/Blackhole/BMaps/Map1.Map1:PersistentLevel.Map1' with GeneratedClass '/Game/Blackhole/BMaps/Map1.Map1_C' with ClassGeneratedBy '/Game/Blackhole/BMaps/Map1.Map1:PersistentLevel.Map1'
[2017.06.02-07.30.31:080][154]LogBlueprintUserMessages: Late EndPlayMap Detection: Level '/Game/Blackhole/BMaps/Map1.Map1:PersistentLevel' has LevelScriptBlueprint '/Game/Blackhole/BMaps/Map1.Map1:PersistentLevel.Map1' with GeneratedClass '/Game/Blackhole/BMaps/Map1.Map1_C' with ClassGeneratedBy '/Game/Blackhole/BMaps/Map1.Map1:PersistentLevel.Map1'
[2017.06.02-07.39.20:047][280]LogFileHelpers: Editor autosave (incl. sublevels) for '/Game/Blackhole/BMaps/Map1' took 0.024
[2017.06.02-07.39.20:049][280]OBJ SavePackage: Generating thumbnails for [0] asset(s) in package [/Game/Blackhole/Player/GameMenu] ([1] browsable assets)...
[2017.06.02-07.39.20:049][280]OBJ SavePackage: Finished generating thumbnails for package [/Game/Blackhole/Player/GameMenu]
[2017.06.02-07.39.20:102][280]LogSavePackage: Save=39.75ms
[2017.06.02-07.39.20:102][280]LogSavePackage: Moving '../../../../../../Users/Demonic/Desktop/Blackhole/Saved/GameMenu_Auto301367DF14D9D18814A2C94ACED33966F.tmp' to '../../../../../../Users/Demonic/Desktop/Blackhole/Saved/Autosaves/Game/Blackhole/Player/GameMenu_Auto3.uasset'
[2017.06.02-07.39.20:106][280]LogSavePackage:Display: Finished SavePackage ../../../../../../Users/Demonic/Desktop/Blackhole/Saved/Autosaves/Game/Blackhole/Player/GameMenu_Auto3.uasset
[2017.06.02-07.39.20:106][280]LogFileHelpers: Auto-saving content packages took 0.058
[2017.06.02-08.04.02:893][885]Cmd: OBJ SAVEPACKAGE PACKAGE="/Game/Blackhole/Player/GameMenu" FILE="../../../../../../Users/Demonic/Desktop/Blackhole/Content/Blackhole/Player/GameMenu.uasset" SILENT=true
[2017.06.02-08.04.02:935][885]LogSavePackage: Save=30.15ms
[2017.06.02-08.04.02:935][885]LogSavePackage: Moving '../../../../../../Users/Demonic/Desktop/Blackhole/Saved/GameMenuD62CCE254D8A717314C0DE8549DD354A.tmp' to '../../../../../../Users/Demonic/Desktop/Blackhole/Content/Blackhole/Player/GameMenu.uasset'
[2017.06.02-08.04.02:936][885]LogSavePackage:Display: Finished SavePackage ../../../../../../Users/Demonic/Desktop/Blackhole/Content/Blackhole/Player/GameMenu.uasset
[2017.06.02-08.04.02:941][885]Cmd: OBJ SAVEPACKAGE PACKAGE="/Game/Blackhole/Player/UMGs/UMG_Norm" FILE="../../../../../../Users/Demonic/Desktop/Blackhole/Content/Blackhole/Player/UMGs/UMG_Norm.uasset" SILENT=true
[2017.06.02-08.04.02:945][885]LogSavePackage: Save=2.80ms
[2017.06.02-08.04.02:945][885]LogSavePackage: Moving '../../../../../../Users/Demonic/Desktop/Blackhole/Saved/UMG_NormA23F1D974E95977BB1A050A9DF7288D2.tmp' to '../../../../../../Users/Demonic/Desktop/Blackhole/Content/Blackhole/Player/UMGs/UMG_Norm.uasset'
[2017.06.02-08.04.02:946][885]LogSavePackage:Display: Finished SavePackage ../../../../../../Users/Demonic/Desktop/Blackhole/Content/Blackhole/Player/UMGs/UMG_Norm.uasset
[2017.06.02-08.04.05:410][974]Cmd: QUIT_EDITOR
[2017.06.02-08.04.05:625][974]LogExit: Preparing to exit.
[2017.06.02-08.04.06:214][974]LogExit: Editor shut down
[2017.06.02-08.04.06:214][974]LogExit: Transaction tracking system shut down
[2017.06.02-08.04.06:748][974]LogObj: Freed 0b from 0 cluster array pools.
[2017.06.02-08.04.06:748][974]LogExit: Object subsystem successfully closed.
[2017.06.02-08.04.06:836][974]LogD3D11RHI: Shutdown
[2017.06.02-08.04.06:836][974]LogD3D11RHI: CleanupD3DDevice
[2017.06.02-08.04.06:963][974]LogD3D11RHI: ~FD3D11DynamicRHI
[2017.06.02-08.04.07:316][974]LogModuleManager: Shutting down and abandoning module SequencerWidgets (216)
[2017.06.02-08.04.07:316][974]LogModuleManager: Shutting down and abandoning module BlueprintGraph (215)
[2017.06.02-08.04.07:316][974]LogModuleManager: Shutting down and abandoning module MovieSceneCapture (214)
[2017.06.02-08.04.07:316][974]LogModuleManager: Shutting down and abandoning module HierarchicalLODOutliner (213)
[2017.06.02-08.04.07:328][974]LogModuleManager: Shutting down and abandoning module CrashTracker (212)
[2017.06.02-08.04.07:328][974]LogModuleManager: Shutting down and abandoning module SceneOutliner (211)
[2017.06.02-08.04.07:328][974]LogModuleManager: Shutting down and abandoning module WidgetCarousel (210)
[2017.06.02-08.04.07:328][974]LogModuleManager: Shutting down and abandoning module AddContentDialog (209)
[2017.06.02-08.04.07:329][974]LogModuleManager: Shutting down and abandoning module GameplayTags (208)
[2017.06.02-08.04.07:329][974]LogModuleManager: Shutting down and abandoning module EditorWidgets (207)
[2017.06.02-08.04.07:329][974]LogModuleManager: Shutting down and abandoning module CollectionManager (206)
[2017.06.02-08.04.07:329][974]LogModuleManager: Shutting down and abandoning module StatsViewer (205)
[2017.06.02-08.04.07:356][974]LogModuleManager: Shutting down and abandoning module FoliageEdit (204)
[2017.06.02-08.04.07:356][974]LogModuleManager: Shutting down and abandoning module LandscapeEditor (203)
[2017.06.02-08.04.07:370][974]LogModuleManager: Shutting down and abandoning module SceneDepthPickerMode (202)
[2017.06.02-08.04.07:370][974]LogModuleManager: Shutting down and abandoning module ActorPickerMode (201)
[2017.06.02-08.04.07:370][974]LogModuleManager: Shutting down and abandoning module GeometryMode (200)
[2017.06.02-08.04.07:370][974]LogModuleManager: Shutting down and abandoning module TextureAlignMode (199)
[2017.06.02-08.04.07:370][974]LogModuleManager: Shutting down and abandoning module BspMode (198)
[2017.06.02-08.04.07:370][974]LogModuleManager: Shutting down and abandoning module HardwareSurvey (197)
[2017.06.02-08.04.07:399][974]LogModuleManager: Shutting down and abandoning module SequenceRecorderSections (196)
[2017.06.02-08.04.07:399][974]LogModuleManager: Shutting down and abandoning module SequenceRecorder (195)
[2017.06.02-08.04.07:419][974]LogModuleManager: Shutting down and abandoning module AutomationWorker (194)
[2017.06.02-08.04.07:419][974]LogModuleManager: Shutting down and abandoning module MatineeToLevelSequence (193)
[2017.06.02-08.04.07:419][974]LogModuleManager: Shutting down and abandoning module PlacementMode (192)
[2017.06.02-08.04.07:424][974]LogModuleManager: Shutting down and abandoning module LevelSequenceEditor (191)
[2017.06.02-08.04.07:452][974]LogModuleManager: Shutting down and abandoning module CharacterAI (190)
[2017.06.02-08.04.07:452][974]LogModuleManager: Shutting down and abandoning module SmartSnapping (189)
[2017.06.02-08.04.07:452][974]LogModuleManager: Shutting down and abandoning module SessionServices (188)
[2017.06.02-08.04.07:452][974]LogModuleManager: Shutting down and abandoning module ViewportSnapping (187)
[2017.06.02-08.04.07:452][974]LogModuleManager: Shutting down and abandoning module LogVisualizer (186)
[2017.06.02-08.04.07:478][974]LogModuleManager: Shutting down and abandoning module GameProjectGeneration (185)
[2017.06.02-08.04.07:489][974]LogModuleManager: Shutting down and abandoning module IntroTutorials (184)
[2017.06.02-08.04.07:489][974]LogModuleManager: Shutting down and abandoning module EditorLiveStreaming (183)
[2017.06.02-08.04.07:489][974]LogModuleManager: Shutting down and abandoning module IOSPlatformEditor (182)
[2017.06.02-08.04.07:489][974]LogModuleManager: Shutting down and abandoning module HTML5PlatformEditor (181)
[2017.06.02-08.04.07:489][974]LogModuleManager: Shutting down and abandoning module AndroidDeviceDetection (180)
[2017.06.02-08.04.08:401][974]LogModuleManager: Shutting down and abandoning module AndroidPlatformEditor (179)
[2017.06.02-08.04.08:410][974]LogModuleManager: Shutting down and abandoning module IOSRuntimeSettings (178)
[2017.06.02-08.04.08:410][974]LogModuleManager: Shutting down and abandoning module AndroidRuntimeSettings (177)
[2017.06.02-08.04.08:410][974]LogModuleManager: Shutting down and abandoning module MergeActors (176)
[2017.06.02-08.04.08:417][974]LogModuleManager: Shutting down and abandoning module SizeMap (175)
[2017.06.02-08.04.08:417][974]LogModuleManager: Shutting down and abandoning module TreeMap (174)
[2017.06.02-08.04.08:426][974]LogModuleManager: Shutting down and abandoning module ReferenceViewer (173)
[2017.06.02-08.04.08:426][974]LogModuleManager: Shutting down and abandoning module LocalizationService (172)
[2017.06.02-08.04.08:436][974]LogModuleManager: Shutting down and abandoning module LocalizationDashboard (171)
[2017.06.02-08.04.08:444][974]LogModuleManager: Shutting down and abandoning module HardwareTargeting (170)
[2017.06.02-08.04.08:444][974]LogModuleManager: Shutting down and abandoning module DeviceProfileEditor (169)
[2017.06.02-08.04.08:452][974]LogModuleManager: Shutting down and abandoning module UndoHistory (168)
[2017.06.02-08.04.08:466][974]LogModuleManager: Shutting down and abandoning module UserFeedback (167)
[2017.06.02-08.04.08:466][974]LogModuleManager: Shutting down and abandoning module XmlParser (166)
[2017.06.02-08.04.08:481][974]LogModuleManager: Shutting down and abandoning module Blutility (165)
[2017.06.02-08.04.08:481][974]LogModuleManager: Shutting down and abandoning module ProjectTargetPlatformEditor (164)
[2017.06.02-08.04.08:481][974]LogModuleManager: Shutting down and abandoning module ProjectSettingsViewer (163)
[2017.06.02-08.04.08:481][974]LogModuleManager: Shutting down and abandoning module InputBindingEditor (162)
[2017.06.02-08.04.08:496][974]LogModuleManager: Shutting down and abandoning module EditorSettingsViewer (161)
[2017.06.02-08.04.08:496][974]LogModuleManager: Shutting down and abandoning module SettingsEditor (160)
[2017.06.02-08.04.08:509][974]LogModuleManager: Shutting down and abandoning module ProjectLauncher (159)
[2017.06.02-08.04.08:518][974]LogModuleManager: Shutting down and abandoning module SessionFrontend (158)
[2017.06.02-08.04.08:528][974]LogModuleManager: Shutting down and abandoning module ProfilerClient (157)
[2017.06.02-08.04.08:538][974]LogModuleManager: Shutting down and abandoning module TargetDeviceServices (156)
[2017.06.02-08.04.08:538][974]LogModuleManager: Shutting down and abandoning module DeviceManager (155)
[2017.06.02-08.04.08:597][974]LogModuleManager: Shutting down and abandoning module AutomationController (154)
[2017.06.02-08.04.08:597][974]LogModuleManager: Shutting down and abandoning module AutomationWindow (153)
[2017.06.02-08.04.08:602][974]LogModuleManager: Shutting down and abandoning module Layers (152)
[2017.06.02-08.04.08:631][974]LogModuleManager: Shutting down and abandoning module ComponentVisualizers (151)
[2017.06.02-08.04.08:631][974]LogModuleManager: Shutting down and abandoning module DetailCustomizations (150)
[2017.06.02-08.04.08:650][974]LogModuleManager: Shutting down and abandoning module PackagesDialog (149)
[2017.06.02-08.04.08:650][974]LogModuleManager: Shutting down and abandoning module Persona (148)
[2017.06.02-08.04.08:673][974]LogModuleManager: Shutting down and abandoning module Kismet (147)
[2017.06.02-08.04.08:674][974]LogModuleManager: Shutting down and abandoning module GraphEditor (146)
[2017.06.02-08.04.08:674][974]LogModuleManager: Shutting down and abandoning module ClassViewer (145)
[2017.06.02-08.04.08:686][974]LogModuleManager: Shutting down and abandoning module Toolbox (144)
[2017.06.02-08.04.08:686][974]LogModuleManager: Shutting down and abandoning module ModuleUI (143)
[2017.06.02-08.04.08:703][974]LogModuleManager: Shutting down and abandoning module MovieSceneTools (142)
[2017.06.02-08.04.08:703][974]LogModuleManager: Shutting down and abandoning module OutputLog (141)
[2017.06.02-08.04.08:703][974]LogModuleManager: Shutting down and abandoning module GammaUI (140)
[2017.06.02-08.04.08:720][974]LogModuleManager: Shutting down and abandoning module Documentation (139)
[2017.06.02-08.04.08:721][974]LogModuleManager: Shutting down and abandoning module StreamingPauseRendering (138)
[2017.06.02-08.04.08:721][974]LogModuleManager: Shutting down and abandoning module AnalyticsET (137)
[2017.06.02-08.04.08:721][974]LogModuleManager: Shutting down and abandoning module Analytics (136)
[2017.06.02-08.04.08:721][974]LogModuleManager: Shutting down and abandoning module PortalServices (135)
[2017.06.02-08.04.08:721][974]LogModuleManager: Shutting down and abandoning module PortalRpc (134)
[2017.06.02-08.04.08:721][974]LogModuleManager: Shutting down and abandoning module MessagingRpc (133)
[2017.06.02-08.04.08:721][974]LogModuleManager: Shutting down and abandoning module GameplayDebugger (132)
[2017.06.02-08.04.08:721][974]LogModuleManager: Shutting down and abandoning module AITestSuite (131)
[2017.06.02-08.04.08:721][974]LogModuleManager: Shutting down and abandoning module AIModule (130)
[2017.06.02-08.04.08:721][974]LogModuleManager: Shutting down and abandoning module ProfilerService (129)
[2017.06.02-08.04.08:782][974]LogModuleManager: Shutting down and abandoning module TaskGraph (128)
[2017.06.02-08.04.08:797][974]LogModuleManager: Shutting down and abandoning module SlateRemote (127)
[2017.06.02-08.04.08:797][974]LogModuleManager: Shutting down and abandoning module SteamVRController (126)
[2017.06.02-08.04.08:797][974]LogModuleManager: Shutting down and abandoning module SteamVR (125)
[2017.06.02-08.04.08:797][974]LogModuleManager: Shutting down and abandoning module ProceduralMeshComponent (124)
[2017.06.02-08.04.08:797][974]LogModuleManager: Shutting down and abandoning module OculusLibrary (123)
[2017.06.02-08.04.08:797][974]LogModuleManager: Shutting down and abandoning module OculusInput (122)
[2017.06.02-08.04.08:797][974]LogModuleManager: Shutting down and abandoning module CustomMeshComponent (121)
[2017.06.02-08.04.08:797][974]LogModuleManager: Shutting down and abandoning module CableComponent (120)
[2017.06.02-08.04.08:797][974]LogModuleManager: Shutting down and abandoning module ArchVisCharacter (119)
[2017.06.02-08.04.08:797][974]LogModuleManager: Shutting down and abandoning module MediaPlayerEditor (118)
[2017.06.02-08.04.08:813][974]LogModuleManager: Shutting down and abandoning module HTML5Networking (117)
[2017.06.02-08.04.08:813][974]LogModuleManager: Shutting down and abandoning module SuperSearch (116)
[2017.06.02-08.04.08:813][974]LogModuleManager: Shutting down and abandoning module SuperSearchEditor (115)
[2017.06.02-08.04.08:813][974]LogModuleManager: Shutting down and abandoning module SpeedTreeImporter (114)
[2017.06.02-08.04.08:813][974]LogModuleManager: Shutting down and abandoning module PluginBrowser (113)
[2017.06.02-08.04.08:818][974]LogModuleManager: Shutting down and abandoning module EpicSurvey (112)
[2017.06.02-08.04.08:818][974]LogModuleManager: Shutting down and abandoning module DesktopPlatform (111)
[2017.06.02-08.04.08:824][974]LogModuleManager: Shutting down and abandoning module VisualStudioSourceCodeAccess (110)
[2017.06.02-08.04.08:833][974]LogModuleManager: Shutting down and abandoning module UObjectPlugin (109)
[2017.06.02-08.04.08:833][974]LogModuleManager: Shutting down and abandoning module SubversionSourceControl (108)
[2017.06.02-08.04.08:838][974]LogModuleManager: Shutting down and abandoning module PerforceSourceControl (107)
[2017.06.02-08.04.08:844][974]LogModuleManager: Shutting down and abandoning module SourceControl (106)
[2017.06.02-08.04.08:852][974]LogModuleManager: Shutting down and abandoning module GitSourceControl (105)
[2017.06.02-08.04.08:852][974]LogModuleManager: Shutting down and abandoning module LightPropagationVolumeEditor (104)
[2017.06.02-08.04.08:852][974]LogModuleManager: Shutting down and abandoning module PaperTiledImporter (103)
[2017.06.02-08.04.08:852][974]LogModuleManager: Shutting down and abandoning module PaperSpriteSheetImporter (102)
[2017.06.02-08.04.08:870][974]LogModuleManager: Shutting down and abandoning module MeshPaint (101)
[2017.06.02-08.04.08:877][974]LogModuleManager: Shutting down and abandoning module PixelInspectorModule (100)
[2017.06.02-08.04.08:880][974]LogModuleManager: Shutting down and abandoning module HotReload (99)
[2017.06.02-08.04.08:881][974]LogModuleManager: Shutting down and abandoning module MainFrame (98)
[2017.06.02-08.04.08:881][974]LogModuleManager: Shutting down and abandoning module LevelEditor (97)
[2017.06.02-08.04.08:882][974]LogModuleManager: Shutting down and abandoning module ContentBrowser (96)
[2017.06.02-08.04.08:882][974]LogModuleManager: Shutting down and abandoning module Paper2DEditor (95)
[2017.06.02-08.04.08:897][974]LogModuleManager: Shutting down and abandoning module UdpMessaging (94)
[2017.06.02-08.04.08:997][974]LogModuleManager: Shutting down and abandoning module LightPropagationVolumeRuntime (93)
[2017.06.02-08.04.08:997][974]LogModuleManager: Shutting down and abandoning module Paper2D (92)
[2017.06.02-08.04.08:997][974]LogModuleManager: Shutting down and abandoning module WindowsMoviePlayer (91)
[2017.06.02-08.04.08:997][974]LogModuleManager: Shutting down and abandoning module Media (90)
[2017.06.02-08.04.08:997][974]LogModuleManager: Shutting down and abandoning module WmfMedia (89)
[2017.06.02-08.04.09:018][974]LogModuleManager: Shutting down and abandoning module MediaAssets (88)
[2017.06.02-08.04.09:018][974]LogModuleManager: Shutting down and abandoning module GameLiveStreaming (87)
[2017.06.02-08.04.09:018][974]LogModuleManager: Shutting down and abandoning module GameplayTagsEditor (86)
[2017.06.02-08.04.09:018][974]LogModuleManager: Shutting down and abandoning module OnlineBlueprintSupport (85)
[2017.06.02-08.04.09:018][974]LogModuleManager: Shutting down and abandoning module VREditor (84)
[2017.06.02-08.04.09:032][974]LogModuleManager: Shutting down and abandoning module GameplayTasksEditor (83)
[2017.06.02-08.04.09:032][974]LogModuleManager: Shutting down and abandoning module PropertyEditor (82)
[2017.06.02-08.04.09:039][974]LogModuleManager: Shutting down and abandoning module BehaviorTreeEditor (81)
[2017.06.02-08.04.09:056][974]LogModuleManager: Shutting down and abandoning module FunctionalTesting (80)
[2017.06.02-08.04.09:056][974]LogModuleManager: Shutting down and abandoning module CollisionAnalyzer (79)
[2017.06.02-08.04.09:064][974]LogModuleManager: Shutting down and abandoning module Sequencer (78)
[2017.06.02-08.04.09:064][974]LogModuleManager: Shutting down and abandoning module WorkspaceMenuStructure (77)
[2017.06.02-08.04.09:064][974]LogModuleManager: Shutting down and abandoning module MessageLog (76)
[2017.06.02-08.04.09:064][974]LogModuleManager: Shutting down and abandoning module AssetTools (75)
[2017.06.02-08.04.09:064][974]LogModuleManager: Shutting down and abandoning module UMGEditor (74)
[2017.06.02-08.04.09:064][974]LogModuleManager: Shutting down and abandoning module UMG (73)
[2017.06.02-08.04.09:064][974]LogModuleManager: Shutting down and abandoning module SlateReflector (72)
[2017.06.02-08.04.09:084][974]LogModuleManager: Shutting down and abandoning module Slate (71)
[2017.06.02-08.04.09:084][974]LogModuleManager: Shutting down and abandoning module EditorStyle (70)
[2017.06.02-08.04.09:086][974]LogModuleManager: Shutting down and abandoning module SourceCodeAccess (69)
[2017.06.02-08.04.09:086][974]LogModuleManager: Shutting down and abandoning module HeadMountedDisplay (68)
[2017.06.02-08.04.09:086][974]LogModuleManager: Shutting down and abandoning module XAudio2 (67)
[2017.06.02-08.04.09:086][974]LogModuleManager: Shutting down and abandoning module Networking (65)
[2017.06.02-08.04.09:086][974]LogModuleManager: Shutting down and abandoning module Core (64)
[2017.06.02-08.04.09:086][974]LogModuleManager: Shutting down and abandoning module DirectoryWatcher (63)
[2017.06.02-08.04.09:088][974]LogModuleManager: Shutting down and abandoning module AssetRegistry (62)
[2017.06.02-08.04.09:276][974]LogModuleManager: Shutting down and abandoning module KismetCompiler (61)
[2017.06.02-08.04.09:276][974]LogModuleManager: Shutting down and abandoning module PhysXFormats (60)
[2017.06.02-08.04.09:276][974]LogModuleManager: Shutting down and abandoning module MeshUtilities (59)
[2017.06.02-08.04.09:294][974]LogModuleManager: Shutting down and abandoning module DerivedDataCache (58)
[2017.06.02-08.04.09:389][974]LogDerivedDataCache: Shutdown
[2017.06.02-08.04.09:389][974]LogModuleManager: Shutting down and abandoning module VulkanShaderFormat (57)
[2017.06.02-08.04.09:389][974]LogModuleManager: Shutting down and abandoning module ShaderFormatOpenGL (56)
[2017.06.02-08.04.09:464][974]LogModuleManager: Shutting down and abandoning module ShaderFormatD3D (55)
[2017.06.02-08.04.09:464][974]LogModuleManager: Shutting down and abandoning module MetalShaderFormat (54)
[2017.06.02-08.04.09:471][974]LogModuleManager: Shutting down and abandoning module TextureFormatUncompressed (53)
[2017.06.02-08.04.09:471][974]LogModuleManager: Shutting down and abandoning module TextureFormatPVR (52)
[2017.06.02-08.04.09:471][974]LogModuleManager: Shutting down and abandoning module TextureFormatIntelISPCTexComp (51)
[2017.06.02-08.04.09:471][974]LogModuleManager: Shutting down and abandoning module TextureFormatDXT (50)
[2017.06.02-08.04.09:471][974]LogModuleManager: Shutting down and abandoning module ImageWrapper (49)
[2017.06.02-08.04.09:471][974]LogModuleManager: Shutting down and abandoning module TextureFormatASTC (48)
[2017.06.02-08.04.09:471][974]LogModuleManager: Shutting down and abandoning module TextureFormatAndroid (47)
[2017.06.02-08.04.09:471][974]LogModuleManager: Shutting down and abandoning module AudioFormatOpus (46)
[2017.06.02-08.04.09:510][974]LogModuleManager: Shutting down and abandoning module AudioFormatOgg (45)
[2017.06.02-08.04.09:518][974]LogModuleManager: Shutting down and abandoning module AudioFormatADPCM (44)
[2017.06.02-08.04.09:528][974]LogModuleManager: Shutting down and abandoning module LinuxTargetPlatform (43)
[2017.06.02-08.04.09:528][974]LogModuleManager: Shutting down and abandoning module LinuxServerTargetPlatform (42)
[2017.06.02-08.04.09:528][974]LogModuleManager: Shutting down and abandoning module LinuxNoEditorTargetPlatform (41)
[2017.06.02-08.04.09:555][974]LogModuleManager: Shutting down and abandoning module TVOSTargetPlatform (40)
[2017.06.02-08.04.09:555][974]LogModuleManager: Shutting down and abandoning module Messaging (39)
[2017.06.02-08.04.09:555][974]LogModuleManager: Shutting down and abandoning module IOSTargetPlatform (38)
[2017.06.02-08.04.09:555][974]LogModuleManager: Shutting down and abandoning module HTML5TargetPlatform (37)
[2017.06.02-08.04.09:555][974]LogModuleManager: Shutting down and abandoning module Android_PVRTCTargetPlatform (36)
[2017.06.02-08.04.09:555][974]LogModuleManager: Shutting down and abandoning module Android_MultiTargetPlatform (35)
[2017.06.02-08.04.09:555][974]LogModuleManager: Shutting down and abandoning module Android_ETC2TargetPlatform (34)
[2017.06.02-08.04.09:555][974]LogModuleManager: Shutting down and abandoning module Android_ETC1TargetPlatform (33)
[2017.06.02-08.04.09:555][974]LogModuleManager: Shutting down and abandoning module Android_DXTTargetPlatform (32)
[2017.06.02-08.04.09:555][974]LogModuleManager: Shutting down and abandoning module Android_ATCTargetPlatform (31)
[2017.06.02-08.04.09:555][974]LogModuleManager: Shutting down and abandoning module Android_ASTCTargetPlatform (30)
[2017.06.02-08.04.09:555][974]LogModuleManager: Shutting down and abandoning module AndroidTargetPlatform (29)
[2017.06.02-08.04.09:555][974]LogModuleManager: Shutting down and abandoning module WindowsTargetPlatform (28)
[2017.06.02-08.04.09:555][974]LogModuleManager: Shutting down and abandoning module WindowsServerTargetPlatform (27)
[2017.06.02-08.04.09:555][974]LogModuleManager: Shutting down and abandoning module WindowsNoEditorTargetPlatform (26)
[2017.06.02-08.04.09:555][974]LogModuleManager: Shutting down and abandoning module WindowsClientTargetPlatform (25)
[2017.06.02-08.04.09:555][974]LogModuleManager: Shutting down and abandoning module AllDesktopTargetPlatform (24)
[2017.06.02-08.04.09:555][974]LogModuleManager: Shutting down and abandoning module TargetPlatform (23)
[2017.06.02-08.04.09:555][974]LogModuleManager: Shutting down and abandoning module InputCore (22)
[2017.06.02-08.04.09:555][974]LogModuleManager: Shutting down and abandoning module Settings (21)
[2017.06.02-08.04.09:555][974]LogModuleManager: Shutting down and abandoning module OnlineSubsystem (19)
[2017.06.02-08.04.09:555][974]LogModuleManager: Shutting down and abandoning module HTTP (18)
[2017.06.02-08.04.13:563][974]LogModuleManager: Shutting down and abandoning module XMPP (17)
[2017.06.02-08.04.13:578][974]LogModuleManager: Shutting down and abandoning module OculusRift (16)
[2017.06.02-08.04.13:595][974]LogModuleManager: Shutting down and abandoning module ExampleDeviceProfileSelector (15)
[2017.06.02-08.04.13:595][974]LogModuleManager: Shutting down and abandoning module TextureCompressor (14)
[2017.06.02-08.04.13:595][974]LogModuleManager: Shutting down and abandoning module ShaderCore (13)
[2017.06.02-08.04.13:595][974]LogModuleManager: Shutting down and abandoning module Landscape (12)
[2017.06.02-08.04.13:595][974]LogModuleManager: Shutting down and abandoning module SlateRHIRenderer (11)
[2017.06.02-08.04.13:604][974]LogModuleManager: Shutting down and abandoning module OpenGLDrv (10)
[2017.06.02-08.04.13:615][974]LogModuleManager: Shutting down and abandoning module D3D11RHI (9)
[2017.06.02-08.04.13:615][974]LogModuleManager: Shutting down and abandoning module AnimGraphRuntime (8)
[2017.06.02-08.04.13:615][974]LogModuleManager: Shutting down and abandoning module Renderer (7)
[2017.06.02-08.04.13:615][974]LogModuleManager: Shutting down and abandoning module Engine (6)
[2017.06.02-08.04.13:615][974]LogModuleManager: Shutting down and abandoning module CoreUObject (5)
[2017.06.02-08.04.13:615][974]LogModuleManager: Shutting down and abandoning module NetworkFile (4)
[2017.06.02-08.04.13:615][974]LogModuleManager: Shutting down and abandoning module StreamingFile (3)
[2017.06.02-08.04.13:633][974]LogModuleManager: Shutting down and abandoning module SandboxFile (2)
[2017.06.02-08.04.13:633][974]LogModuleManager: Shutting down and abandoning module PakFile (1)
[2017.06.02-08.04.13:721][974]LogExit: Exiting.
[2017.06.02-08.04.13:738][974]Log file closed, 06/02/17 01:04:13
