Log file open, 05/17/17 22:58:39
LogInit:Display: Running engine for game: BlackHole
LogPlatformFile: Not using cached read wrapper
LogInit:Display: RandInit(1199376330) SRandInit(1199376334).
LogTaskGraph: Started task graph with 4 named threads and 7 total threads with 1 sets of task threads.
LogStats: Stats thread started at 11.434718
LogInit: Version: 4.12.5-3039270+++UE4+Release-4.12
LogInit: API Version: 2992821
LogInit: Net Version: 3039270
LogDevObjectVersion: Number of dev versions registered: 13
LogDevObjectVersion:   Dev-Blueprints (B0D832E4-1F89-4F0D-ACCF-7EB736FD4AA2): 3
LogDevObjectVersion:   Dev-Build (E1C64328-A22C-4D53-A36C-8E866417BD8C): 0
LogDevObjectVersion:   Dev-Core (375EC13C-06E4-48FB-B500-84F0262A717E): 1
LogDevObjectVersion:   Dev-Editor (E4B068ED-F494-42E9-A231-DA0B2E46BB41): 2
LogDevObjectVersion:   Dev-Framework (CFFC743F-43B0-4480-9391-14DF171D2073): 6
LogDevObjectVersion:   Dev-Mobile (B02B49B5-BB20-44E9-A304-32B752E40360): 0
LogDevObjectVersion:   Dev-Networking (A4E4105C-59A1-49B5-A7C5-40C4547EDFEE): 0
LogDevObjectVersion:   Dev-Online (39C831C9-5AE6-47DC-9A44-9C173E1C8E7C): 0
LogDevObjectVersion:   Dev-Physics (78F01B33-EBEA-4F98-B9B4-84EACCB95AA2): 0
LogDevObjectVersion:   Dev-Platform (6631380F-2D4D-43E0-8009-CF276956A95A): 0
LogDevObjectVersion:   Dev-Rendering (12F88B9F-8875-4AFC-A67C-D90C383ABD29): 2
LogDevObjectVersion:   Dev-Sequencer (7B5AE74C-D270-4C10-A958-57980B212A5A): 0
LogDevObjectVersion:   Dev-VR (D7296918-1DD6-4BDD-9DE2-64A83CC13884): 0
LogInit: Compiled (64-bit): Jul  6 2016 09:09:46
LogInit: Compiled with Visual C++: 19.00.23026.00
LogInit: Build Configuration: Development
LogInit: Branch Name: ++UE4+Release-4.12
LogInit: Command line:  
LogInit: Base directory: C:/Program Files/Epic Games/4.12/Engine/Binaries/Win64/
LogInit: Installed Engine Build: 1
LogInit: Using libcurl 7.41.0
LogInit:  - built for x86_64-pc-win32
LogInit:  - supports SSL with WinSSL
LogInit:  - other features:
LogInit:      CURL_VERSION_SSL
LogInit:      CURL_VERSION_IPV6
LogInit:      CURL_VERSION_ASYNCHDNS
LogInit:      CURL_VERSION_LARGEFILE
LogInit:      CURL_VERSION_IDN
LogInit:  CurlRequestOptions (configurable via config and command line):
LogInit:  - bVerifyPeer = true  - Libcurl will verify peer certificate
LogInit:  - bUseHttpProxy = false  - Libcurl will NOT use HTTP proxy
LogInit:  - bDontReuseConnections = false  - Libcurl will reuse connections
LogInit:  - CertBundlePath = nullptr  - Libcurl will use whatever was configured at build time.
LogInit: Presizing for max 8388607 objects, including 0 objects not considered by GC, pre-allocating 0 bytes for permanent pool.
LogInit: Object subsystem initialized
[2017.05.18-05.58.41:528][  0]LogInit: Selected Device Profile: [Windows]
[2017.05.18-05.58.41:528][  0]LogInit: Applying CVar settings loaded from the selected device profile: [Windows]
[2017.05.18-05.58.41:776][  0]LogInit: Computer: GODLIKESYSTEM
[2017.05.18-05.58.41:776][  0]LogInit: User: Demonic
[2017.05.18-05.58.41:776][  0]LogInit: CPU Page size=65536, Cores=4
[2017.05.18-05.58.41:776][  0]LogInit: High frequency timer resolution =3.312851 MHz
[2017.05.18-05.58.41:779][  0]LogMemory: Memory total: Physical=8.0GB (8GB approx)
[2017.05.18-05.58.41:779][  0]LogMemory: Platform Memory Stats for Windows
[2017.05.18-05.58.41:779][  0]LogMemory: Process Physical Memory: 192.62 MB used, 192.62 MB peak
[2017.05.18-05.58.41:779][  0]LogMemory: Process Virtual Memory: 197.81 MB used, 197.81 MB peak
[2017.05.18-05.58.41:779][  0]LogMemory: Physical Memory: 6248.88 MB used, 8174.04 MB total
[2017.05.18-05.58.41:779][  0]LogMemory: Virtual Memory: 522.70 MB used, 8388608.00 MB total
[2017.05.18-05.58.45:551][  0]LogTextLocalizationManager: No specific translations for ('en-US') exist, so ('en') translations will be used.
[2017.05.18-05.58.48:561][  0]LogD3D11RHI: D3D11 adapters:
[2017.05.18-05.58.48:616][  0]LogD3D11RHI:    0. 'NVIDIA GeForce GT 440' (Feature Level 11_0)
[2017.05.18-05.58.48:616][  0]LogD3D11RHI:       1489/0/2559 MB DedicatedVideo/DedicatedSystem/SharedSystem, Outputs:1, VendorId:0x10de
[2017.05.18-05.58.48:620][  0]LogD3D11RHI: Chosen D3D11 Adapter: 0
[2017.05.18-05.58.48:640][  0]LogD3D11RHI: Creating new Direct3DDevice
[2017.05.18-05.58.48:640][  0]LogD3D11RHI:     GPU DeviceId: 0xdc0 (for the marketing name, search the web for "GPU Device Id")
[2017.05.18-05.58.48:667][  0]LogWindows: EnumDisplayDevices:
[2017.05.18-05.58.48:667][  0]LogWindows:    0. 'NVIDIA GeForce GT 440' (P:1 D:1)
[2017.05.18-05.58.48:667][  0]LogWindows:    1. 'NVIDIA GeForce GT 440' (P:0 D:0)
[2017.05.18-05.58.48:667][  0]LogWindows:    2. 'RDPDD Chained DD' (P:0 D:0)
[2017.05.18-05.58.48:668][  0]LogWindows:    3. 'RDP Encoder Mirror Driver' (P:0 D:0)
[2017.05.18-05.58.48:668][  0]LogWindows:    4. 'RDP Reflector Display Driver' (P:0 D:0)
[2017.05.18-05.58.48:668][  0]LogWindows: DebugString: GetVideoDriverDetailsInvalid PrimaryIsNotTheChoosenAdapter GetVideoDriverDetailsInvalid PrimaryIsNotTheChoosenAdapter GetVideoDriverDetailsInvalid PrimaryIsNotTheChoosenAdapter FoundDriverCount:2 
[2017.05.18-05.58.48:668][  0]LogD3D11RHI:     Adapter Name: NVIDIA GeForce GT 440
[2017.05.18-05.58.48:680][  0]LogD3D11RHI:   Driver Version: 364.72 (internal:10.18.13.6472, unified:364.72)
[2017.05.18-05.58.48:680][  0]LogD3D11RHI:      Driver Date: 3-21-2016
[2017.05.18-05.58.48:680][  0]LogRHI: Texture pool is 1042 MB (70% of 1489 MB)
[2017.05.18-05.58.48:686][  0]LogD3D11RHI: Async texture creation enabled
[2017.05.18-05.58.49:672][  0]LogD3D11RHI: GPU Timing Frequency: 1000.000000 (Debug: 2 2)
[2017.05.18-05.58.49:955][  0]LogShaderCompilers: Guid format shader working directory is -2 characters bigger than the processId version (../../../../../../Users/Demonic/Desktop/Blackhole/Intermediate/Shaders/WorkingDirectory/11988/).
[2017.05.18-05.58.49:955][  0]LogShaderCompilers: Cleaned the shader compiler working directory 'C:/Users/Demonic/AppData/Local/Temp/UnrealShaderWorkingDir/55BBDC6144F217E38FD32582C625FE2F/'.
[2017.05.18-05.58.49:979][  0]LogShaderCompilers:Display: Using Local Shader Compiler.
[2017.05.18-05.59.23:854][  0]LogTemp:Display: Loaded TP AllDesktopTargetPlatform
[2017.05.18-05.59.23:916][  0]LogTemp:Display: Loaded TP WindowsClientTargetPlatform
[2017.05.18-05.59.23:968][  0]LogTemp:Display: Loaded TP WindowsNoEditorTargetPlatform
[2017.05.18-05.59.24:029][  0]LogTemp:Display: Loaded TP WindowsServerTargetPlatform
[2017.05.18-05.59.24:088][  0]LogTemp:Display: Loaded TP WindowsTargetPlatform
[2017.05.18-05.59.24:144][  0]LogTemp:Display: Loaded TP AndroidTargetPlatform
[2017.05.18-05.59.24:223][  0]LogTemp:Display: Loaded TP Android_ASTCTargetPlatform
[2017.05.18-05.59.24:434][  0]LogTemp:Display: Loaded TP Android_ATCTargetPlatform
[2017.05.18-05.59.24:493][  0]LogTemp:Display: Loaded TP Android_DXTTargetPlatform
[2017.05.18-05.59.24:553][  0]LogTemp:Display: Loaded TP Android_ETC1TargetPlatform
[2017.05.18-05.59.24:621][  0]LogTemp:Display: Loaded TP Android_ETC2TargetPlatform
[2017.05.18-05.59.24:802][  0]LogTemp:Display: Loaded TP Android_MultiTargetPlatform
[2017.05.18-05.59.24:802][  0]LogTemp:Display: Loaded TP Android_PVRTCTargetPlatform
[2017.05.18-05.59.24:863][  0]LogTemp:Display: Loaded TP HTML5TargetPlatform
[2017.05.18-05.59.25:119][  0]LogTemp:Display: Loaded TP IOSTargetPlatform
[2017.05.18-05.59.25:128][  0]LogTemp:Display: Loaded TP TVOSTargetPlatform
[2017.05.18-05.59.25:166][  0]LogTemp:Display: Loaded TP LinuxNoEditorTargetPlatform
[2017.05.18-05.59.25:186][  0]LogTemp:Display: Loaded TP LinuxServerTargetPlatform
[2017.05.18-05.59.25:232][  0]LogTemp:Display: Loaded TP LinuxTargetPlatform
[2017.05.18-05.59.25:232][  0]LogTargetPlatformManager:Display: Building Assets For Windows
[2017.05.18-05.59.27:384][  0]LogDerivedDataCache:Display: Max Cache Size: 512 MB
[2017.05.18-05.59.30:575][  0]LogDerivedDataCache: Loaded boot cache 3.18s 48MB C:/Users/Demonic/AppData/Local/UnrealEngine/4.12/DerivedDataCache/Boot.ddc.
[2017.05.18-05.59.30:575][  0]LogDerivedDataCache:Display: Loaded Boot cache: C:/Users/Demonic/AppData/Local/UnrealEngine/4.12/DerivedDataCache/Boot.ddc
[2017.05.18-05.59.30:576][  0]LogDerivedDataCache: FDerivedDataBackendGraph:  Pak pak cache file ../../../../../../Users/Demonic/Desktop/Blackhole/DerivedDataCache/DDC.ddp not found, will not use a pak cache.
[2017.05.18-05.59.30:576][  0]LogDerivedDataCache: Unable to find inner node Pak for hierarchical cache Hierarchy.
[2017.05.18-05.59.30:576][  0]LogDerivedDataCache: FDerivedDataBackendGraph:  CompressedPak pak cache file ../../../../../../Users/Demonic/Desktop/Blackhole/DerivedDataCache/Compressed.ddp not found, will not use a pak cache.
[2017.05.18-05.59.30:576][  0]LogDerivedDataCache: Unable to find inner node CompressedPak for hierarchical cache Hierarchy.
[2017.05.18-05.59.30:709][  0]LogDerivedDataCache:Display: Pak cache opened for reading ../../../Engine/DerivedDataCache/Compressed.ddp.
[2017.05.18-05.59.30:793][  0]LogDerivedDataCache: Using Local data cache path C:/Users/Demonic/AppData/Local/UnrealEngine/Common/DerivedDataCache: Writable
[2017.05.18-05.59.52:952][  0]LogInit: Selected Device Profile: [Windows]
[2017.05.18-05.59.53:320][  0]LogContentStreaming: Texture pool size is 0.00 MB
[2017.05.18-06.00.02:023][  0]LogMeshUtilities: No automatic mesh reduction module available
[2017.05.18-06.00.02:023][  0]LogMeshUtilities: No automatic mesh merging module available
[2017.05.18-06.00.02:023][  0]LogMeshUtilities: No distributed automatic mesh merging module available
[2017.05.18-06.00.19:555][  0]LogAssetRegistry: FAssetRegistry took 0.0311 seconds to start up
[2017.05.18-06.00.20:246][  0]LogPackageLocalizationCache: Processed 3 localized package path(s) for 2 prioritized culture(s) in 0.492301 seconds
[2017.05.18-06.00.20:592][  0]LogUObjectArray: 28739 objects as part of root set at end of initial load.
[2017.05.18-06.00.20:592][  0]LogUObjectAllocator: 5855624 out of 0 bytes used by permanent object pool.
[2017.05.18-06.00.20:592][  0]LogUObjectArray: CloseDisregardForGC: 0/0 objects in disregard for GC pool
[2017.05.18-06.00.20:813][  0]LogInit: WinSock: version 1.1 (2.2), MaxSocks=32767, MaxUdp=65467
[2017.05.18-06.00.35:617][  0]LogSlate: SlateFontCache - WITH_FREETYPE: 1, WITH_HARFBUZZ: 1
[2017.05.18-06.00.35:656][  0]LogSlate: SlateFontCache - WITH_FREETYPE: 1, WITH_HARFBUZZ: 1
[2017.05.18-06.01.31:808][  0]LogUdpMessaging: Initializing bridge on interface 0.0.0.0:0 to multicast group 230.0.0.1:6666.
[2017.05.18-06.01.39:136][  0]SourceControl: Info Source control is disabled
[2017.05.18-06.01.39:172][  0]SourceControl: Info Source control is disabled
[2017.05.18-06.01.39:440][  0]SourceControl: Info Source control is disabled
[2017.05.18-06.01.39:563][  0]SourceControl: Info Source control is disabled
[2017.05.18-06.01.41:404][  0]LogLinker:Warning: Can't find file '/Game/TopDownCPP/TopDownOverview'
[2017.05.18-06.01.41:406][  0]LogLinker:Warning: Can't find file '/Game/TopDownCPP/TopDownOverview'
[2017.05.18-06.01.41:406][  0]LogUObjectGlobals:Warning: Failed to find object 'Class /Game/TopDownCPP/TopDownOverview.TopDownOverview_C'
[2017.05.18-06.01.45:607][  0]LogEngine: Initializing Engine...
[2017.05.18-06.01.45:836][  0]LogHMD: SteamVR failed to initialize.  Err: 110
[2017.05.18-06.01.45:890][  0]LogHMD: SteamVR failed to initialize.  Err: 110
[2017.05.18-06.01.50:709][  0]LogAIModule: Creating AISystem for world NewWorld
[2017.05.18-06.01.51:856][  0]LogInit: XAudio2 using 'Speakers (USB  AUDIO  )' : 2 channels at 48 kHz using 16 bits per sample (channel mask 0x3)
[2017.05.18-06.01.52:000][  0]LogInit: FAudioDevice initialized.
[2017.05.18-06.01.52:083][  0]LogDerivedDataCache: Saved boot cache 0.08s 48MB C:/Users/Demonic/AppData/Local/UnrealEngine/4.12/DerivedDataCache/Boot.ddc.
[2017.05.18-06.01.52:091][  0]LogInit: Texture streaming: Enabled
[2017.05.18-06.01.53:529][  0]LogInit: Transaction tracking system initialized
[2017.05.18-06.01.55:782][  0]BlueprintLog: New page: Editor Load
[2017.05.18-06.02.00:549][  0]LocalizationService: Info Localization service is disabled
[2017.05.18-06.02.03:013][  0]LogConsoleResponse:Display: 
[2017.05.18-06.02.11:334][  0]LogCook:Display: Max memory allowance for cook 8192mb
[2017.05.18-06.02.11:334][  0]LogCook:Display: Mobile HDR setting 0
[2017.05.18-06.02.13:034][  0]LogFileCache: Scanning file cache for directory 'C:/Users/Demonic/Desktop/Blackhole/Content/' took 0.75s
[2017.05.18-06.02.18:109][  0]SourceControl: Info Source control is disabled
[2017.05.18-06.02.18:749][  0]Cmd: MAP LOAD FILE="../../../../../../Users/Demonic/Desktop/Blackhole/Content/TopDownBP/Maps/TopDownExampleMap.umap" TEMPLATE=0 SHOWPROGRESS=1 FEATURELEVEL=3
[2017.05.18-06.02.19:156][  0]LightingResults: New page: Lighting Build
[2017.05.18-06.02.19:846][  0]MapCheck: New page: Map Check
[2017.05.18-06.02.19:846][  0]LightingResults: New page: Lighting Build
[2017.05.18-06.02.36:195][  0]LogAIModule: Creating AISystem for world TopDownExampleMap
[2017.05.18-06.02.39:481][  0]LogEditorServer: Finished looking for orphan Actors (0.001 secs)
[2017.05.18-06.02.39:859][  0]Cmd: MAP CHECKDEP NOCLEARLOG
[2017.05.18-06.02.40:069][  0]MapCheck: Info Map check complete: 0 Error(s), 0 Warning(s), took 210.445ms to complete.
[2017.05.18-06.02.40:070][  0]LogFileHelpers: Loading map 'TopDownExampleMap' took 21.615
[2017.05.18-06.02.46:803][  0]LogCollectionManager: Loaded 0 collections in 0.059006 seconds
[2017.05.18-06.02.47:313][  0]LogFileCache: Scanning file cache for directory 'C:/Users/Demonic/Desktop/Blackhole/Saved/Collections/' took 0.01s
[2017.05.18-06.02.47:313][  0]LogFileCache: Scanning file cache for directory 'C:/Users/Demonic/Desktop/Blackhole/Content/Developers/Demonic/Collections/' took 0.01s
[2017.05.18-06.02.47:313][  0]LogFileCache: Scanning file cache for directory 'C:/Users/Demonic/Desktop/Blackhole/Content/Collections/' took 0.01s
[2017.05.18-06.02.47:313][  0]LogCollectionManager: Rebuilt the GUID cache for 0 collections in 0.000003 seconds
[2017.05.18-06.02.47:325][  0]LogContentBrowser: Native class hierarchy populated in 0.0095 seconds. Added 2047 classes and 369 folders.
[2017.05.18-06.02.47:426][  0]LogStats: UGameplayTagsManager::ConstructGameplayTagTree: Construct from data asset -  0.000 s
[2017.05.18-06.02.47:426][  0]LogStats: UGameplayTagsManager::ConstructGameplayTagTree: GameplayTagTreeChangedEvent.Broadcast -  0.000 s
[2017.05.18-06.02.47:427][  0]LogContentBrowser: Native class hierarchy updated for 'GameplayTags' in 0.0005 seconds. Added 12 classes and 0 folders.
[2017.05.18-06.02.47:549][  0]LogContentBrowser: Native class hierarchy updated for 'WidgetCarousel' in 0.0004 seconds. Added 0 classes and 0 folders.
[2017.05.18-06.02.52:404][  0]LogContentBrowser: Native class hierarchy updated for 'AddContentDialog' in 0.0004 seconds. Added 0 classes and 0 folders.
[2017.05.18-06.02.52:888][  0]LogContentBrowser: Native class hierarchy updated for 'SceneOutliner' in 0.0004 seconds. Added 1 classes and 2 folders.
[2017.05.18-06.02.56:905][  0]LogCrashTracker: Crashtracker disabled due to settings.
[2017.05.18-06.02.57:505][  0]LogUObjectGlobals:Warning: Failed to find object 'Class None.'
[2017.05.18-06.02.57:631][  0]LogContentBrowser: Native class hierarchy updated for 'HierarchicalLODOutliner' in 0.0004 seconds. Added 1 classes and 2 folders.
[2017.05.18-06.02.57:631][  0]LogLoad: Full Startup: 285.50 seconds (BP compile: 3.80 seconds)
[2017.05.18-06.02.57:631][  0]LogExternalProfiler: Found external profiler: VSPerf
[2017.05.18-06.02.57:631][  0]LogExternalProfiler: Using external profiler: VSPerf
[2017.05.18-06.02.58:499][  0]LogOcInput: OculusInput pre-init called
[2017.05.18-06.02.59:965][  0]LogContentStreaming: Texture pool size now 1000 MB
[2017.05.18-06.03.05:413][  0]LogRenderer: Reallocating scene render targets to support 1064x576 (Frame:2).
[2017.05.18-06.03.10:934][  6]LogAssetRegistry: Asset discovery search completed in 171.3971 seconds
[2017.05.18-06.03.10:934][  6]LogCollectionManager: Rebuilt the object cache for 0 collections in 0.000001 seconds (found 0 objects)
[2017.05.18-06.03.10:968][  6]LogCollectionManager: Fixed up redirectors for 0 collections in 0.033212 seconds (updated 0 objects)
[2017.05.18-06.04.13:918][393]LogBlueprintUserMessages: Early PlayInEditor Detection: Level '/Game/TopDownBP/Maps/TopDownExampleMap.TopDownExampleMap:PersistentLevel' has LevelScriptBlueprint '/Game/TopDownBP/Maps/TopDownExampleMap.TopDownExampleMap:PersistentLevel.TopDownExampleMap' with GeneratedClass '/Game/TopDownBP/Maps/TopDownExampleMap.TopDownExampleMap_C' with ClassGeneratedBy '/Game/TopDownBP/Maps/TopDownExampleMap.TopDownExampleMap:PersistentLevel.TopDownExampleMap'
[2017.05.18-06.04.13:918][393]LogPlayLevel: PlayLevel: No blueprints needed recompiling
[2017.05.18-06.04.15:188][393]PIE: New page: PIE session: TopDownExampleMap (May 17, 2017, 3:04:14 PM)
[2017.05.18-06.04.15:188][393]LogPlayLevel: Creating play world package: /Game/TopDownBP/Maps/UEDPIE_0_TopDownExampleMap
[2017.05.18-06.04.16:956][393]LogPlayLevel: PIE: StaticDuplicateObject took: (1.768233s)
[2017.05.18-06.04.16:957][393]LogAIModule: Creating AISystem for world TopDownExampleMap
[2017.05.18-06.04.16:957][393]LogPlayLevel: PIE: World Init took: (0.000951s)
[2017.05.18-06.04.17:058][393]LogPlayLevel: PIE: Created PIE world by copying editor world from /Game/TopDownBP/Maps/TopDownExampleMap.TopDownExampleMap to /Game/TopDownBP/Maps/UEDPIE_0_TopDownExampleMap.TopDownExampleMap (1.869954s)
[2017.05.18-06.04.17:806][393]LogInit: XAudio2 using 'Speakers (USB  AUDIO  )' : 2 channels at 48 kHz using 16 bits per sample (channel mask 0x3)
[2017.05.18-06.04.17:810][393]LogInit: FAudioDevice initialized.
[2017.05.18-06.04.19:281][393]LogWorld: Game class is 'TopDownGameMode_C'
[2017.05.18-06.04.19:715][393]LogWorld: Bringing World /Game/TopDownBP/Maps/UEDPIE_0_TopDownExampleMap.TopDownExampleMap up for play (max tick rate 0) at 2017.05.17-23.04.19
[2017.05.18-06.04.19:923][393]LogWorld: Bringing up level for play took: 0.211324
[2017.05.18-06.04.21:210][393]LogContentBrowser: Native class hierarchy updated for 'MovieSceneCapture' in 0.0005 seconds. Added 11 classes and 0 folders.
[2017.05.18-06.04.21:694][393]PIE: Info Play in editor start time for /Game/TopDownBP/Maps/UEDPIE_0_TopDownExampleMap 8.746
[2017.05.18-06.04.21:694][393]LogBlueprintUserMessages: Late PlayInEditor Detection: Level '/Game/TopDownBP/Maps/TopDownExampleMap.TopDownExampleMap:PersistentLevel' has LevelScriptBlueprint '/Game/TopDownBP/Maps/TopDownExampleMap.TopDownExampleMap:PersistentLevel.TopDownExampleMap' with GeneratedClass '/Game/TopDownBP/Maps/TopDownExampleMap.TopDownExampleMap_C' with ClassGeneratedBy '/Game/TopDownBP/Maps/TopDownExampleMap.TopDownExampleMap:PersistentLevel.TopDownExampleMap'
[2017.05.18-06.05.20:900][993]LogBlueprintUserMessages: Early EndPlayMap Detection: Level '/Game/TopDownBP/Maps/TopDownExampleMap.TopDownExampleMap:PersistentLevel' has LevelScriptBlueprint '/Game/TopDownBP/Maps/TopDownExampleMap.TopDownExampleMap:PersistentLevel.TopDownExampleMap' with GeneratedClass '/Game/TopDownBP/Maps/TopDownExampleMap.TopDownExampleMap_C' with ClassGeneratedBy '/Game/TopDownBP/Maps/TopDownExampleMap.TopDownExampleMap:PersistentLevel.TopDownExampleMap'
[2017.05.18-06.05.21:625][993]LogBlueprintUserMessages: Late EndPlayMap Detection: Level '/Game/TopDownBP/Maps/TopDownExampleMap.TopDownExampleMap:PersistentLevel' has LevelScriptBlueprint '/Game/TopDownBP/Maps/TopDownExampleMap.TopDownExampleMap:PersistentLevel.TopDownExampleMap' with GeneratedClass '/Game/TopDownBP/Maps/TopDownExampleMap.TopDownExampleMap_C' with ClassGeneratedBy '/Game/TopDownBP/Maps/TopDownExampleMap.TopDownExampleMap:PersistentLevel.TopDownExampleMap'
[2017.05.18-06.05.47:459][583]LogContentBrowser: Native class hierarchy updated for 'BlueprintGraph' in 0.0009 seconds. Added 111 classes and 0 folders.
[2017.05.18-06.05.55:596][583]LogBlueprintUserMessages: [BlackHolePlayer_C_0] Stingy Ass Nigga
[2017.05.18-06.07.28:194][196]BlueprintLog: New page: Compile BlackHolePlayer
[2017.05.18-06.07.42:023][196]BlueprintEditorCompileResults: Info [0569.88] Compile of BlackHolePlayer successful! [in 13,819 ms] (/Game/Blackhole/Player/BlackHolePlayer.BlackHolePlayer)
[2017.05.18-06.14.06:724][737]LogSavePackage: Save=480.91ms
[2017.05.18-06.14.06:724][737]LogSavePackage: Moving '../../../../../../Users/Demonic/Desktop/Blackhole/Saved/TopDownExampleMap_Auto17A2E16684EE1D620A9FC83BAF22ECDAF.tmp' to '../../../../../../Users/Demonic/Desktop/Blackhole/Saved/Autosaves/Game/TopDownBP/Maps/TopDownExampleMap_Auto1.umap'
[2017.05.18-06.14.06:731][737]LogSavePackage:Display: Finished SavePackage ../../../../../../Users/Demonic/Desktop/Blackhole/Saved/Autosaves/Game/TopDownBP/Maps/TopDownExampleMap_Auto1.umap
[2017.05.18-06.14.06:763][737]LogFileHelpers: Editor autosave (incl. sublevels) for '/Game/TopDownBP/Maps/TopDownExampleMap' took 2.011
[2017.05.18-06.14.06:763][737]LogFileHelpers: Editor autosave (incl. sublevels) for all levels took 2.011
[2017.05.18-06.14.06:774][737]OBJ SavePackage: Generating thumbnails for [0] asset(s) in package [/Game/Blackhole/Player/BlackHolePlayer] ([1] browsable assets)...
[2017.05.18-06.14.06:774][737]OBJ SavePackage: Finished generating thumbnails for package [/Game/Blackhole/Player/BlackHolePlayer]
[2017.05.18-06.14.06:899][737]LogSavePackage: Save=59.44ms
[2017.05.18-06.14.06:899][737]LogSavePackage: Moving '../../../../../../Users/Demonic/Desktop/Blackhole/Saved/BlackHolePlayer_Auto1F18AAB7E451D11F77C695498789CF628.tmp' to '../../../../../../Users/Demonic/Desktop/Blackhole/Saved/Autosaves/Game/Blackhole/Player/BlackHolePlayer_Auto1.uasset'
[2017.05.18-06.14.06:948][737]LogSavePackage:Display: Finished SavePackage ../../../../../../Users/Demonic/Desktop/Blackhole/Saved/Autosaves/Game/Blackhole/Player/BlackHolePlayer_Auto1.uasset
[2017.05.18-06.14.06:948][737]LogFileHelpers: Auto-saving content packages took 0.175
[2017.05.18-06.28.57:713][895]BlueprintLog: New page: Compile BlackHolePlayer
[2017.05.18-06.28.57:860][895]BlueprintEditorCompileResults: Info [1845.70] Compile of BlackHolePlayer successful! [in 146 ms] (/Game/Blackhole/Player/BlackHolePlayer.BlackHolePlayer)
[2017.05.18-06.29.05:583][153]LogBlueprintUserMessages: Early PlayInEditor Detection: Level '/Game/TopDownBP/Maps/TopDownExampleMap.TopDownExampleMap:PersistentLevel' has LevelScriptBlueprint '/Game/TopDownBP/Maps/TopDownExampleMap.TopDownExampleMap:PersistentLevel.TopDownExampleMap' with GeneratedClass '/Game/TopDownBP/Maps/TopDownExampleMap.TopDownExampleMap_C' with ClassGeneratedBy '/Game/TopDownBP/Maps/TopDownExampleMap.TopDownExampleMap:PersistentLevel.TopDownExampleMap'
[2017.05.18-06.29.05:589][153]LogPlayLevel: PlayLevel: No blueprints needed recompiling
[2017.05.18-06.29.05:589][153]PIE: New page: PIE session: TopDownExampleMap (May 17, 2017, 3:29:05 PM)
[2017.05.18-06.29.05:589][153]LogPlayLevel: Creating play world package: /Game/TopDownBP/Maps/UEDPIE_0_TopDownExampleMap
[2017.05.18-06.29.05:750][153]LogPlayLevel: PIE: StaticDuplicateObject took: (0.160870s)
[2017.05.18-06.29.05:751][153]LogAIModule: Creating AISystem for world TopDownExampleMap
[2017.05.18-06.29.05:751][153]LogPlayLevel: PIE: World Init took: (0.000991s)
[2017.05.18-06.29.05:751][153]LogPlayLevel: PIE: Created PIE world by copying editor world from /Game/TopDownBP/Maps/TopDownExampleMap.TopDownExampleMap to /Game/TopDownBP/Maps/UEDPIE_0_TopDownExampleMap.TopDownExampleMap (0.162129s)
[2017.05.18-06.29.05:809][153]LogInit: XAudio2 using 'Speakers (USB  AUDIO  )' : 2 channels at 48 kHz using 16 bits per sample (channel mask 0x3)
[2017.05.18-06.29.05:814][153]LogInit: FAudioDevice initialized.
[2017.05.18-06.29.05:873][153]LogWorld: Game class is 'TopDownGameMode_C'
[2017.05.18-06.29.05:877][153]LogWorld: Bringing World /Game/TopDownBP/Maps/UEDPIE_0_TopDownExampleMap.TopDownExampleMap up for play (max tick rate 0) at 2017.05.17-23.29.05
[2017.05.18-06.29.05:877][153]LogWorld: Bringing up level for play took: 0.003270
[2017.05.18-06.29.05:879][153]PIE: Info Play in editor start time for /Game/TopDownBP/Maps/UEDPIE_0_TopDownExampleMap 0.903
[2017.05.18-06.29.05:879][153]LogBlueprintUserMessages: Late PlayInEditor Detection: Level '/Game/TopDownBP/Maps/TopDownExampleMap.TopDownExampleMap:PersistentLevel' has LevelScriptBlueprint '/Game/TopDownBP/Maps/TopDownExampleMap.TopDownExampleMap:PersistentLevel.TopDownExampleMap' with GeneratedClass '/Game/TopDownBP/Maps/TopDownExampleMap.TopDownExampleMap_C' with ClassGeneratedBy '/Game/TopDownBP/Maps/TopDownExampleMap.TopDownExampleMap:PersistentLevel.TopDownExampleMap'
[2017.05.18-06.29.57:184][608]LogBlueprintUserMessages: Early EndPlayMap Detection: Level '/Game/TopDownBP/Maps/TopDownExampleMap.TopDownExampleMap:PersistentLevel' has LevelScriptBlueprint '/Game/TopDownBP/Maps/TopDownExampleMap.TopDownExampleMap:PersistentLevel.TopDownExampleMap' with GeneratedClass '/Game/TopDownBP/Maps/TopDownExampleMap.TopDownExampleMap_C' with ClassGeneratedBy '/Game/TopDownBP/Maps/TopDownExampleMap.TopDownExampleMap:PersistentLevel.TopDownExampleMap'
[2017.05.18-06.29.57:238][608]LogBlueprintUserMessages: Late EndPlayMap Detection: Level '/Game/TopDownBP/Maps/TopDownExampleMap.TopDownExampleMap:PersistentLevel' has LevelScriptBlueprint '/Game/TopDownBP/Maps/TopDownExampleMap.TopDownExampleMap:PersistentLevel.TopDownExampleMap' with GeneratedClass '/Game/TopDownBP/Maps/TopDownExampleMap.TopDownExampleMap_C' with ClassGeneratedBy '/Game/TopDownBP/Maps/TopDownExampleMap.TopDownExampleMap:PersistentLevel.TopDownExampleMap'
[2017.05.18-06.31.50:621][258]0.348141
[2017.05.18-06.31.50:622][258]0.398020
[2017.05.18-06.31.50:641][259]0.488252
[2017.05.18-06.31.50:662][260]0.540564
[2017.05.18-06.31.50:694][261]0.695425
[2017.05.18-06.31.50:727][262]0.798830
[2017.05.18-06.31.50:760][263]0.825484
[2017.05.18-06.31.50:859][266]0.842656
[2017.05.18-06.31.50:892][267]0.844329
[2017.05.18-06.31.50:925][268]0.868590
[2017.05.18-06.31.50:958][269]0.913168
[2017.05.18-06.31.50:992][270]0.932277
[2017.05.18-06.31.51:025][271]0.944878
[2017.05.18-06.31.51:058][272]0.980330
[2017.05.18-06.31.51:159][275]0.990405
[2017.05.18-06.31.51:192][276]1.015932
[2017.05.18-06.31.51:225][277]1.025975
[2017.05.18-06.31.51:259][278]1.061683
[2017.05.18-06.31.51:291][279]1.071702
[2017.05.18-06.31.51:325][280]1.094593
[2017.05.18-06.31.51:425][283]1.107503
[2017.05.18-06.32.00:044][559]0.856260
[2017.05.18-06.32.00:075][560]0.864834
[2017.05.18-06.32.00:111][561]0.901869
[2017.05.18-06.32.00:144][562]0.930821
[2017.05.18-06.32.00:177][563]0.990460
[2017.05.18-06.32.00:216][564]1.083383
[2017.05.18-06.32.00:253][565]1.104363
[2017.05.18-06.32.00:289][566]1.135608
[2017.05.18-06.32.00:327][567]1.146023
[2017.05.18-06.33.51:619][149]BlueprintLog: New page: Compile BlackHoleHud
[2017.05.18-06.33.51:778][149]BlueprintEditorCompileResults: Info [2139.61] Compile of BlackHoleHud successful! [in 158 ms] (/Game/Blackhole/Player/BlackHoleHud.BlackHoleHud)
[2017.05.18-06.35.39:309][610]BlueprintLog: New page: Compile A_Enemy
[2017.05.18-06.35.39:356][610]LogBlueprint:Warning: USimpleConstructionScript::FixupRootNodeParentReferences() - Couldn't find inherited parent component 'Sensor' for 'PaperSprite' in BlueprintGeneratedClass 'REINST_A_Star_C_116' (it may have been removed)
[2017.05.18-06.35.39:532][610]BlueprintEditorCompileResults: Info [2247.36] Compile of A_Enemy successful! [in 222 ms] (/Game/Blackhole/Enemies/A_Enemy.A_Enemy)
[2017.05.18-06.36.04:021][394]BlueprintLog: New page: Compile A_Enemy
[2017.05.18-06.36.04:052][394]LogBlueprint:Warning: USimpleConstructionScript::FixupRootNodeParentReferences() - Couldn't find inherited parent component 'Sensor' for 'PaperSprite' in BlueprintGeneratedClass 'REINST_A_Star_C_144' (it may have been removed)
[2017.05.18-06.36.04:386][394]BlueprintEditorCompileResults: Info [2272.22] Compile of A_Enemy successful! [in 365 ms] (/Game/Blackhole/Enemies/A_Enemy.A_Enemy)
[2017.05.18-06.36.08:548][526]BlueprintLog: New page: Compile A_Enemy
[2017.05.18-06.36.08:578][526]LogBlueprint:Warning: USimpleConstructionScript::FixupRootNodeParentReferences() - Couldn't find inherited parent component 'Sensor' for 'PaperSprite' in BlueprintGeneratedClass 'REINST_A_Star_C_160' (it may have been removed)
[2017.05.18-06.36.08:911][526]BlueprintEditorCompileResults: Info [2276.74] Compile of A_Enemy successful! [in 362 ms] (/Game/Blackhole/Enemies/A_Enemy.A_Enemy)
[2017.05.18-06.36.13:632][677]BlueprintLog: New page: Compile A_Enemy
[2017.05.18-06.36.13:661][677]LogBlueprint:Warning: USimpleConstructionScript::FixupRootNodeParentReferences() - Couldn't find inherited parent component 'Sensor' for 'PaperSprite' in BlueprintGeneratedClass 'REINST_A_Star_C_176' (it may have been removed)
[2017.05.18-06.36.13:870][677]BlueprintEditorCompileResults: Info [2281.70] Compile of A_Enemy successful! [in 238 ms] (/Game/Blackhole/Enemies/A_Enemy.A_Enemy)
[2017.05.18-06.36.56:955][ 55]BlueprintLog: New page: Compile A_Enemy
[2017.05.18-06.36.56:986][ 55]LogBlueprint:Warning: USimpleConstructionScript::FixupRootNodeParentReferences() - Couldn't find inherited parent component 'Sensor' for 'PaperSprite' in BlueprintGeneratedClass 'REINST_A_Star_C_188' (it may have been removed)
[2017.05.18-06.36.57:157][ 55]BlueprintEditorCompileResults: Info [2324.99] Compile of A_Enemy successful! [in 202 ms] (/Game/Blackhole/Enemies/A_Enemy.A_Enemy)
[2017.05.18-06.37.05:040][307]BlueprintLog: New page: Compile A_Enemy
[2017.05.18-06.37.05:071][307]LogBlueprint:Warning: USimpleConstructionScript::FixupRootNodeParentReferences() - Couldn't find inherited parent component 'Sensor' for 'PaperSprite' in BlueprintGeneratedClass 'REINST_A_Star_C_196' (it may have been removed)
[2017.05.18-06.37.05:248][307]BlueprintEditorCompileResults: Info [2333.08] Compile of A_Enemy successful! [in 208 ms] (/Game/Blackhole/Enemies/A_Enemy.A_Enemy)
[2017.05.18-06.37.22:064][852]BlueprintLog: New page: Compile BlackHolePlayer
[2017.05.18-06.37.22:238][852]BlueprintEditorCompileResults: Info [2350.07] Compile of BlackHolePlayer successful! [in 173 ms] (/Game/Blackhole/Player/BlackHolePlayer.BlackHolePlayer)
[2017.05.18-06.37.37:387][339]BlueprintLog: New page: Compile BlackHolePlayer
[2017.05.18-06.37.37:551][339]BlueprintEditorCompileResults: Info [2365.38] Compile of BlackHolePlayer successful! [in 163 ms] (/Game/Blackhole/Player/BlackHolePlayer.BlackHolePlayer)
[2017.05.18-06.38.19:006][675]BlueprintLog: New page: Compile A_Star
[2017.05.18-06.38.19:102][675]BlueprintEditorCompileResults: Info [2406.93] Compile of A_Star successful! [in 95 ms] (/Game/Blackhole/Enemies/A_Star.A_Star)
[2017.05.18-06.38.23:701][824]BlueprintLog: New page: Compile A_Enemy
[2017.05.18-06.38.23:738][824]LogBlueprint:Warning: USimpleConstructionScript::FixupRootNodeParentReferences() - Couldn't find inherited parent component 'Sensor' for 'PaperSprite' in BlueprintGeneratedClass 'REINST_A_Star_C_228' (it may have been removed)
[2017.05.18-06.38.23:923][824]BlueprintEditorCompileResults: Info [2411.75] Compile of A_Enemy successful! [in 222 ms] (/Game/Blackhole/Enemies/A_Enemy.A_Enemy)
[2017.05.18-06.38.26:944][934]LogBlueprintUserMessages: Early PlayInEditor Detection: Level '/Game/TopDownBP/Maps/TopDownExampleMap.TopDownExampleMap:PersistentLevel' has LevelScriptBlueprint '/Game/TopDownBP/Maps/TopDownExampleMap.TopDownExampleMap:PersistentLevel.TopDownExampleMap' with GeneratedClass '/Game/TopDownBP/Maps/TopDownExampleMap.TopDownExampleMap_C' with ClassGeneratedBy '/Game/TopDownBP/Maps/TopDownExampleMap.TopDownExampleMap:PersistentLevel.TopDownExampleMap'
[2017.05.18-06.38.26:944][934]LogPlayLevel: PlayLevel: No blueprints needed recompiling
[2017.05.18-06.38.26:944][934]PIE: New page: PIE session: TopDownExampleMap (May 17, 2017, 3:38:26 PM)
[2017.05.18-06.38.26:944][934]LogPlayLevel: Creating play world package: /Game/TopDownBP/Maps/UEDPIE_0_TopDownExampleMap
[2017.05.18-06.38.26:965][934]LogPlayLevel: PIE: StaticDuplicateObject took: (0.020867s)
[2017.05.18-06.38.26:966][934]LogAIModule: Creating AISystem for world TopDownExampleMap
[2017.05.18-06.38.26:966][934]LogPlayLevel: PIE: World Init took: (0.001129s)
[2017.05.18-06.38.26:966][934]LogPlayLevel: PIE: Created PIE world by copying editor world from /Game/TopDownBP/Maps/TopDownExampleMap.TopDownExampleMap to /Game/TopDownBP/Maps/UEDPIE_0_TopDownExampleMap.TopDownExampleMap (0.022248s)
[2017.05.18-06.38.26:990][934]LogInit: XAudio2 using 'Speakers (USB  AUDIO  )' : 2 channels at 48 kHz using 16 bits per sample (channel mask 0x3)
[2017.05.18-06.38.26:994][934]LogInit: FAudioDevice initialized.
[2017.05.18-06.38.27:043][934]LogWorld: Game class is 'TopDownGameMode_C'
[2017.05.18-06.38.27:046][934]LogWorld: Bringing World /Game/TopDownBP/Maps/UEDPIE_0_TopDownExampleMap.TopDownExampleMap up for play (max tick rate 0) at 2017.05.17-23.38.27
[2017.05.18-06.38.27:047][934]LogWorld: Bringing up level for play took: 0.003265
[2017.05.18-06.38.27:061][934]PIE: Info Play in editor start time for /Game/TopDownBP/Maps/UEDPIE_0_TopDownExampleMap 0.074
[2017.05.18-06.38.27:061][934]LogBlueprintUserMessages: Late PlayInEditor Detection: Level '/Game/TopDownBP/Maps/TopDownExampleMap.TopDownExampleMap:PersistentLevel' has LevelScriptBlueprint '/Game/TopDownBP/Maps/TopDownExampleMap.TopDownExampleMap:PersistentLevel.TopDownExampleMap' with GeneratedClass '/Game/TopDownBP/Maps/TopDownExampleMap.TopDownExampleMap_C' with ClassGeneratedBy '/Game/TopDownBP/Maps/TopDownExampleMap.TopDownExampleMap:PersistentLevel.TopDownExampleMap'
[2017.05.18-06.38.42:840][681]LogBlueprintUserMessages: Early EndPlayMap Detection: Level '/Game/TopDownBP/Maps/TopDownExampleMap.TopDownExampleMap:PersistentLevel' has LevelScriptBlueprint '/Game/TopDownBP/Maps/TopDownExampleMap.TopDownExampleMap:PersistentLevel.TopDownExampleMap' with GeneratedClass '/Game/TopDownBP/Maps/TopDownExampleMap.TopDownExampleMap_C' with ClassGeneratedBy '/Game/TopDownBP/Maps/TopDownExampleMap.TopDownExampleMap:PersistentLevel.TopDownExampleMap'
[2017.05.18-06.38.42:900][681]LogBlueprintUserMessages: Late EndPlayMap Detection: Level '/Game/TopDownBP/Maps/TopDownExampleMap.TopDownExampleMap:PersistentLevel' has LevelScriptBlueprint '/Game/TopDownBP/Maps/TopDownExampleMap.TopDownExampleMap:PersistentLevel.TopDownExampleMap' with GeneratedClass '/Game/TopDownBP/Maps/TopDownExampleMap.TopDownExampleMap_C' with ClassGeneratedBy '/Game/TopDownBP/Maps/TopDownExampleMap.TopDownExampleMap:PersistentLevel.TopDownExampleMap'
[2017.05.18-06.39.15:419][734]BlueprintLog: New page: Compile BlackHoleHud
[2017.05.18-06.39.15:588][734]BlueprintEditorCompileResults: Info [2463.41] Compile of BlackHoleHud successful! [in 168 ms] (/Game/Blackhole/Player/BlackHoleHud.BlackHoleHud)
[2017.05.18-06.39.27:541][129]BlueprintLog: New page: Compile BlackHoleHud
[2017.05.18-06.39.27:693][129]BlueprintEditorCompileResults: Info [2475.52] Compile of BlackHoleHud successful! [in 151 ms] (/Game/Blackhole/Player/BlackHoleHud.BlackHoleHud)
[2017.05.18-06.39.34:530][359]LogSavePackage: Save=196.45ms
[2017.05.18-06.39.34:530][359]LogSavePackage: Moving '../../../../../../Users/Demonic/Desktop/Blackhole/Saved/TopDownExampleMap1C1FC7CC422449EB1B7B87B599B857C8.tmp' to '../../../../../../Users/Demonic/Desktop/Blackhole/Content/TopDownBP/Maps/TopDownExampleMap.umap'
[2017.05.18-06.39.34:532][359]LogSavePackage:Display: Finished SavePackage ../../../../../../Users/Demonic/Desktop/Blackhole/Content/TopDownBP/Maps/TopDownExampleMap.umap
[2017.05.18-06.39.34:580][359]LogFileHelpers: Saving map 'TopDownExampleMap' took 0.386
[2017.05.18-06.39.34:583][359]Cmd: OBJ SAVEPACKAGE PACKAGE="/Game/Blackhole/Player/BlackHolePlayer" FILE="../../../../../../Users/Demonic/Desktop/Blackhole/Content/Blackhole/Player/BlackHolePlayer.uasset" SILENT=true
[2017.05.18-06.39.34:644][359]LogSavePackage: Save=53.87ms
[2017.05.18-06.39.34:644][359]LogSavePackage: Moving '../../../../../../Users/Demonic/Desktop/Blackhole/Saved/BlackHolePlayerB2DA293349132E07F5A8ECBA71C95994.tmp' to '../../../../../../Users/Demonic/Desktop/Blackhole/Content/Blackhole/Player/BlackHolePlayer.uasset'
[2017.05.18-06.39.34:673][359]LogSavePackage:Display: Finished SavePackage ../../../../../../Users/Demonic/Desktop/Blackhole/Content/Blackhole/Player/BlackHolePlayer.uasset
[2017.05.18-06.39.34:680][359]Cmd: OBJ SAVEPACKAGE PACKAGE="/Game/Blackhole/Enemies/A_Enemy" FILE="../../../../../../Users/Demonic/Desktop/Blackhole/Content/Blackhole/Enemies/A_Enemy.uasset" SILENT=true
[2017.05.18-06.39.34:735][359]LogSavePackage: Save=48.47ms
[2017.05.18-06.39.34:735][359]LogSavePackage: Moving '../../../../../../Users/Demonic/Desktop/Blackhole/Saved/A_Enemy663BA04240A49A8A8CB43EACA7FF2AE7.tmp' to '../../../../../../Users/Demonic/Desktop/Blackhole/Content/Blackhole/Enemies/A_Enemy.uasset'
[2017.05.18-06.39.34:736][359]LogSavePackage:Display: Finished SavePackage ../../../../../../Users/Demonic/Desktop/Blackhole/Content/Blackhole/Enemies/A_Enemy.uasset
[2017.05.18-06.39.34:742][359]Cmd: OBJ SAVEPACKAGE PACKAGE="/Game/Blackhole/Player/BlackHoleHud" FILE="../../../../../../Users/Demonic/Desktop/Blackhole/Content/Blackhole/Player/BlackHoleHud.uasset" SILENT=true
[2017.05.18-06.39.34:770][359]LogSavePackage: Save=20.49ms
[2017.05.18-06.39.34:770][359]LogSavePackage: Moving '../../../../../../Users/Demonic/Desktop/Blackhole/Saved/BlackHoleHud335927084B7862F78DD49F96A9FA7297.tmp' to '../../../../../../Users/Demonic/Desktop/Blackhole/Content/Blackhole/Player/BlackHoleHud.uasset'
[2017.05.18-06.39.34:771][359]LogSavePackage:Display: Finished SavePackage ../../../../../../Users/Demonic/Desktop/Blackhole/Content/Blackhole/Player/BlackHoleHud.uasset
[2017.05.18-06.39.34:773][359]Cmd: OBJ SAVEPACKAGE PACKAGE="/Game/Blackhole/Enemies/A_Star" FILE="../../../../../../Users/Demonic/Desktop/Blackhole/Content/Blackhole/Enemies/A_Star.uasset" SILENT=true
[2017.05.18-06.39.34:793][359]LogSavePackage: Save=12.75ms
[2017.05.18-06.39.34:793][359]LogSavePackage: Moving '../../../../../../Users/Demonic/Desktop/Blackhole/Saved/A_Star22A0851341EFF76F8F4A96A69A8A82D1.tmp' to '../../../../../../Users/Demonic/Desktop/Blackhole/Content/Blackhole/Enemies/A_Star.uasset'
[2017.05.18-06.39.34:794][359]LogSavePackage:Display: Finished SavePackage ../../../../../../Users/Demonic/Desktop/Blackhole/Content/Blackhole/Enemies/A_Star.uasset
[2017.05.18-06.39.35:711][398]LogBlueprintUserMessages: Early PlayInEditor Detection: Level '/Game/TopDownBP/Maps/TopDownExampleMap.TopDownExampleMap:PersistentLevel' has LevelScriptBlueprint '/Game/TopDownBP/Maps/TopDownExampleMap.TopDownExampleMap:PersistentLevel.TopDownExampleMap' with GeneratedClass '/Game/TopDownBP/Maps/TopDownExampleMap.TopDownExampleMap_C' with ClassGeneratedBy '/Game/TopDownBP/Maps/TopDownExampleMap.TopDownExampleMap:PersistentLevel.TopDownExampleMap'
[2017.05.18-06.39.35:711][398]LogPlayLevel: PlayLevel: No blueprints needed recompiling
[2017.05.18-06.39.35:712][398]PIE: New page: PIE session: TopDownExampleMap (May 17, 2017, 3:39:35 PM)
[2017.05.18-06.39.35:712][398]LogPlayLevel: Creating play world package: /Game/TopDownBP/Maps/UEDPIE_0_TopDownExampleMap
[2017.05.18-06.39.35:732][398]LogPlayLevel: PIE: StaticDuplicateObject took: (0.020038s)
[2017.05.18-06.39.35:732][398]LogAIModule: Creating AISystem for world TopDownExampleMap
[2017.05.18-06.39.35:733][398]LogPlayLevel: PIE: World Init took: (0.000834s)
[2017.05.18-06.39.35:733][398]LogPlayLevel: PIE: Created PIE world by copying editor world from /Game/TopDownBP/Maps/TopDownExampleMap.TopDownExampleMap to /Game/TopDownBP/Maps/UEDPIE_0_TopDownExampleMap.TopDownExampleMap (0.021127s)
[2017.05.18-06.39.35:764][398]LogInit: XAudio2 using 'Speakers (USB  AUDIO  )' : 2 channels at 48 kHz using 16 bits per sample (channel mask 0x3)
[2017.05.18-06.39.35:768][398]LogInit: FAudioDevice initialized.
[2017.05.18-06.39.35:821][398]LogWorld: Game class is 'TopDownGameMode_C'
[2017.05.18-06.39.35:825][398]LogWorld: Bringing World /Game/TopDownBP/Maps/UEDPIE_0_TopDownExampleMap.TopDownExampleMap up for play (max tick rate 0) at 2017.05.17-23.39.35
[2017.05.18-06.39.35:826][398]LogWorld: Bringing up level for play took: 0.003227
[2017.05.18-06.39.35:828][398]PIE: Info Play in editor start time for /Game/TopDownBP/Maps/UEDPIE_0_TopDownExampleMap 0.839
[2017.05.18-06.39.35:828][398]LogBlueprintUserMessages: Late PlayInEditor Detection: Level '/Game/TopDownBP/Maps/TopDownExampleMap.TopDownExampleMap:PersistentLevel' has LevelScriptBlueprint '/Game/TopDownBP/Maps/TopDownExampleMap.TopDownExampleMap:PersistentLevel.TopDownExampleMap' with GeneratedClass '/Game/TopDownBP/Maps/TopDownExampleMap.TopDownExampleMap_C' with ClassGeneratedBy '/Game/TopDownBP/Maps/TopDownExampleMap.TopDownExampleMap:PersistentLevel.TopDownExampleMap'
[2017.05.18-06.39.35:892][399]LogScript:Warning: UGameplayStatics::BeginSpawningActorFromClass: can not spawn an actor from a NULL class
[2017.05.18-06.39.36:102][406]LogScript:Warning: UGameplayStatics::BeginSpawningActorFromClass: can not spawn an actor from a NULL class
[2017.05.18-06.39.42:848][729]LogBlueprintUserMessages: Early EndPlayMap Detection: Level '/Game/TopDownBP/Maps/TopDownExampleMap.TopDownExampleMap:PersistentLevel' has LevelScriptBlueprint '/Game/TopDownBP/Maps/TopDownExampleMap.TopDownExampleMap:PersistentLevel.TopDownExampleMap' with GeneratedClass '/Game/TopDownBP/Maps/TopDownExampleMap.TopDownExampleMap_C' with ClassGeneratedBy '/Game/TopDownBP/Maps/TopDownExampleMap.TopDownExampleMap:PersistentLevel.TopDownExampleMap'
[2017.05.18-06.39.42:906][729]LogBlueprintUserMessages: Late EndPlayMap Detection: Level '/Game/TopDownBP/Maps/TopDownExampleMap.TopDownExampleMap:PersistentLevel' has LevelScriptBlueprint '/Game/TopDownBP/Maps/TopDownExampleMap.TopDownExampleMap:PersistentLevel.TopDownExampleMap' with GeneratedClass '/Game/TopDownBP/Maps/TopDownExampleMap.TopDownExampleMap_C' with ClassGeneratedBy '/Game/TopDownBP/Maps/TopDownExampleMap.TopDownExampleMap:PersistentLevel.TopDownExampleMap'
[2017.05.18-06.40.38:048][510]BlueprintLog: New page: Compile BlackHoleHud
[2017.05.18-06.40.38:204][510]BlueprintEditorCompileResults: Info [2546.03] Compile of BlackHoleHud successful! [in 156 ms] (/Game/Blackhole/Player/BlackHoleHud.BlackHoleHud)
[2017.05.18-06.40.42:069][637]BlueprintLog: New page: Compile BlackHoleHud
[2017.05.18-06.40.42:216][637]BlueprintEditorCompileResults: Info [2550.04] Compile of BlackHoleHud successful! [in 147 ms] (/Game/Blackhole/Player/BlackHoleHud.BlackHoleHud)
[2017.05.18-06.41.57:969][ 55]BlueprintLog: New page: Compile A_Enemy
[2017.05.18-06.41.58:007][ 55]LogBlueprint:Warning: USimpleConstructionScript::FixupRootNodeParentReferences() - Couldn't find inherited parent component 'Sensor' for 'PaperSprite' in BlueprintGeneratedClass 'REINST_A_Star_C_249' (it may have been removed)
[2017.05.18-06.41.58:194][ 55]BlueprintEditorCompileResults: Info [2626.02] Compile of A_Enemy successful! [in 225 ms] (/Game/Blackhole/Enemies/A_Enemy.A_Enemy)
[2017.05.18-06.42.03:012][208]BlueprintLog: New page: Compile A_Enemy
[2017.05.18-06.42.03:045][208]LogBlueprint:Warning: USimpleConstructionScript::FixupRootNodeParentReferences() - Couldn't find inherited parent component 'Sensor' for 'PaperSprite' in BlueprintGeneratedClass 'REINST_A_Star_C_257' (it may have been removed)
[2017.05.18-06.42.03:217][208]BlueprintEditorCompileResults: Info [2631.04] Compile of A_Enemy successful! [in 204 ms] (/Game/Blackhole/Enemies/A_Enemy.A_Enemy)
[2017.05.18-06.42.06:341][317]LogBlueprintUserMessages: Early PlayInEditor Detection: Level '/Game/TopDownBP/Maps/TopDownExampleMap.TopDownExampleMap:PersistentLevel' has LevelScriptBlueprint '/Game/TopDownBP/Maps/TopDownExampleMap.TopDownExampleMap:PersistentLevel.TopDownExampleMap' with GeneratedClass '/Game/TopDownBP/Maps/TopDownExampleMap.TopDownExampleMap_C' with ClassGeneratedBy '/Game/TopDownBP/Maps/TopDownExampleMap.TopDownExampleMap:PersistentLevel.TopDownExampleMap'
[2017.05.18-06.42.06:341][317]LogPlayLevel: PlayLevel: No blueprints needed recompiling
[2017.05.18-06.42.06:341][317]PIE: New page: PIE session: TopDownExampleMap (May 17, 2017, 3:42:06 PM)
[2017.05.18-06.42.06:341][317]LogPlayLevel: Creating play world package: /Game/TopDownBP/Maps/UEDPIE_0_TopDownExampleMap
[2017.05.18-06.42.06:362][317]LogPlayLevel: PIE: StaticDuplicateObject took: (0.020978s)
[2017.05.18-06.42.06:363][317]LogAIModule: Creating AISystem for world TopDownExampleMap
[2017.05.18-06.42.06:363][317]LogPlayLevel: PIE: World Init took: (0.000957s)
[2017.05.18-06.42.06:364][317]LogPlayLevel: PIE: Created PIE world by copying editor world from /Game/TopDownBP/Maps/TopDownExampleMap.TopDownExampleMap to /Game/TopDownBP/Maps/UEDPIE_0_TopDownExampleMap.TopDownExampleMap (0.022209s)
[2017.05.18-06.42.06:385][317]LogInit: XAudio2 using 'Speakers (USB  AUDIO  )' : 2 channels at 48 kHz using 16 bits per sample (channel mask 0x3)
[2017.05.18-06.42.06:389][317]LogInit: FAudioDevice initialized.
[2017.05.18-06.42.06:442][317]LogWorld: Game class is 'TopDownGameMode_C'
[2017.05.18-06.42.06:446][317]LogWorld: Bringing World /Game/TopDownBP/Maps/UEDPIE_0_TopDownExampleMap.TopDownExampleMap up for play (max tick rate 0) at 2017.05.17-23.42.06
[2017.05.18-06.42.06:446][317]LogWorld: Bringing up level for play took: 0.003267
[2017.05.18-06.42.06:448][317]PIE: Info Play in editor start time for /Game/TopDownBP/Maps/UEDPIE_0_TopDownExampleMap -0.544
[2017.05.18-06.42.06:448][317]LogBlueprintUserMessages: Late PlayInEditor Detection: Level '/Game/TopDownBP/Maps/TopDownExampleMap.TopDownExampleMap:PersistentLevel' has LevelScriptBlueprint '/Game/TopDownBP/Maps/TopDownExampleMap.TopDownExampleMap:PersistentLevel.TopDownExampleMap' with GeneratedClass '/Game/TopDownBP/Maps/TopDownExampleMap.TopDownExampleMap_C' with ClassGeneratedBy '/Game/TopDownBP/Maps/TopDownExampleMap.TopDownExampleMap:PersistentLevel.TopDownExampleMap'
[2017.05.18-06.42.26:578][277]LogBlueprintUserMessages: Early EndPlayMap Detection: Level '/Game/TopDownBP/Maps/TopDownExampleMap.TopDownExampleMap:PersistentLevel' has LevelScriptBlueprint '/Game/TopDownBP/Maps/TopDownExampleMap.TopDownExampleMap:PersistentLevel.TopDownExampleMap' with GeneratedClass '/Game/TopDownBP/Maps/TopDownExampleMap.TopDownExampleMap_C' with ClassGeneratedBy '/Game/TopDownBP/Maps/TopDownExampleMap.TopDownExampleMap:PersistentLevel.TopDownExampleMap'
[2017.05.18-06.42.26:630][277]LogBlueprintUserMessages: Late EndPlayMap Detection: Level '/Game/TopDownBP/Maps/TopDownExampleMap.TopDownExampleMap:PersistentLevel' has LevelScriptBlueprint '/Game/TopDownBP/Maps/TopDownExampleMap.TopDownExampleMap:PersistentLevel.TopDownExampleMap' with GeneratedClass '/Game/TopDownBP/Maps/TopDownExampleMap.TopDownExampleMap_C' with ClassGeneratedBy '/Game/TopDownBP/Maps/TopDownExampleMap.TopDownExampleMap:PersistentLevel.TopDownExampleMap'
[2017.05.18-06.42.30:051][410]LogSavePackage: Save=188.54ms
[2017.05.18-06.42.30:051][410]LogSavePackage: Moving '../../../../../../Users/Demonic/Desktop/Blackhole/Saved/TopDownExampleMap6BD0640A45E5B7A9EEB9189AD0778B19.tmp' to '../../../../../../Users/Demonic/Desktop/Blackhole/Content/TopDownBP/Maps/TopDownExampleMap.umap'
[2017.05.18-06.42.30:054][410]LogSavePackage:Display: Finished SavePackage ../../../../../../Users/Demonic/Desktop/Blackhole/Content/TopDownBP/Maps/TopDownExampleMap.umap
[2017.05.18-06.42.30:085][410]LogFileHelpers: Saving map 'TopDownExampleMap' took 0.291
[2017.05.18-06.42.30:087][410]Cmd: OBJ SAVEPACKAGE PACKAGE="/Game/Blackhole/Enemies/A_Enemy" FILE="../../../../../../Users/Demonic/Desktop/Blackhole/Content/Blackhole/Enemies/A_Enemy.uasset" SILENT=true
[2017.05.18-06.42.30:157][410]LogSavePackage: Save=62.66ms
[2017.05.18-06.42.30:157][410]LogSavePackage: Moving '../../../../../../Users/Demonic/Desktop/Blackhole/Saved/A_EnemyD2B40DC1450C54E918090F88BAD2CE73.tmp' to '../../../../../../Users/Demonic/Desktop/Blackhole/Content/Blackhole/Enemies/A_Enemy.uasset'
[2017.05.18-06.42.30:158][410]LogSavePackage:Display: Finished SavePackage ../../../../../../Users/Demonic/Desktop/Blackhole/Content/Blackhole/Enemies/A_Enemy.uasset
[2017.05.18-06.42.30:163][410]Cmd: OBJ SAVEPACKAGE PACKAGE="/Game/Blackhole/Player/BlackHoleHud" FILE="../../../../../../Users/Demonic/Desktop/Blackhole/Content/Blackhole/Player/BlackHoleHud.uasset" SILENT=true
[2017.05.18-06.42.30:190][410]LogSavePackage: Save=20.93ms
[2017.05.18-06.42.30:190][410]LogSavePackage: Moving '../../../../../../Users/Demonic/Desktop/Blackhole/Saved/BlackHoleHudDF3D1286438FA3827668578396652E46.tmp' to '../../../../../../Users/Demonic/Desktop/Blackhole/Content/Blackhole/Player/BlackHoleHud.uasset'
[2017.05.18-06.42.30:191][410]LogSavePackage:Display: Finished SavePackage ../../../../../../Users/Demonic/Desktop/Blackhole/Content/Blackhole/Player/BlackHoleHud.uasset
[2017.05.18-06.42.33:390][544]LogWindows: LaunchURL http://answers.unrealengine.com
[2017.05.18-06.46.22:655][525]BlueprintLog: New page: Compile BlackHoleHud
[2017.05.18-06.46.22:808][525]BlueprintEditorCompileResults: Info [2890.63] Compile of BlackHoleHud successful! [in 153 ms] (/Game/Blackhole/Player/BlackHoleHud.BlackHoleHud)
[2017.05.18-06.46.25:487][617]LogBlueprintUserMessages: Early PlayInEditor Detection: Level '/Game/TopDownBP/Maps/TopDownExampleMap.TopDownExampleMap:PersistentLevel' has LevelScriptBlueprint '/Game/TopDownBP/Maps/TopDownExampleMap.TopDownExampleMap:PersistentLevel.TopDownExampleMap' with GeneratedClass '/Game/TopDownBP/Maps/TopDownExampleMap.TopDownExampleMap_C' with ClassGeneratedBy '/Game/TopDownBP/Maps/TopDownExampleMap.TopDownExampleMap:PersistentLevel.TopDownExampleMap'
[2017.05.18-06.46.25:487][617]LogPlayLevel: PlayLevel: No blueprints needed recompiling
[2017.05.18-06.46.25:487][617]PIE: New page: PIE session: TopDownExampleMap (May 17, 2017, 3:46:25 PM)
[2017.05.18-06.46.25:487][617]LogPlayLevel: Creating play world package: /Game/TopDownBP/Maps/UEDPIE_0_TopDownExampleMap
[2017.05.18-06.46.25:508][617]LogPlayLevel: PIE: StaticDuplicateObject took: (0.020565s)
[2017.05.18-06.46.25:509][617]LogAIModule: Creating AISystem for world TopDownExampleMap
[2017.05.18-06.46.25:509][617]LogPlayLevel: PIE: World Init took: (0.000932s)
[2017.05.18-06.46.25:509][617]LogPlayLevel: PIE: Created PIE world by copying editor world from /Game/TopDownBP/Maps/TopDownExampleMap.TopDownExampleMap to /Game/TopDownBP/Maps/UEDPIE_0_TopDownExampleMap.TopDownExampleMap (0.021737s)
[2017.05.18-06.46.25:529][617]LogInit: XAudio2 using 'Speakers (USB  AUDIO  )' : 2 channels at 48 kHz using 16 bits per sample (channel mask 0x3)
[2017.05.18-06.46.25:534][617]LogInit: FAudioDevice initialized.
[2017.05.18-06.46.25:587][617]LogWorld: Game class is 'TopDownGameMode_C'
[2017.05.18-06.46.25:591][617]LogWorld: Bringing World /Game/TopDownBP/Maps/UEDPIE_0_TopDownExampleMap.TopDownExampleMap up for play (max tick rate 0) at 2017.05.17-23.46.25
[2017.05.18-06.46.25:591][617]LogWorld: Bringing up level for play took: 0.003324
[2017.05.18-06.46.25:593][617]PIE: Info Play in editor start time for /Game/TopDownBP/Maps/UEDPIE_0_TopDownExampleMap 0.596
[2017.05.18-06.46.25:593][617]LogBlueprintUserMessages: Late PlayInEditor Detection: Level '/Game/TopDownBP/Maps/TopDownExampleMap.TopDownExampleMap:PersistentLevel' has LevelScriptBlueprint '/Game/TopDownBP/Maps/TopDownExampleMap.TopDownExampleMap:PersistentLevel.TopDownExampleMap' with GeneratedClass '/Game/TopDownBP/Maps/TopDownExampleMap.TopDownExampleMap_C' with ClassGeneratedBy '/Game/TopDownBP/Maps/TopDownExampleMap.TopDownExampleMap:PersistentLevel.TopDownExampleMap'
[2017.05.18-06.46.44:244][492]LogBlueprintUserMessages: Early EndPlayMap Detection: Level '/Game/TopDownBP/Maps/TopDownExampleMap.TopDownExampleMap:PersistentLevel' has LevelScriptBlueprint '/Game/TopDownBP/Maps/TopDownExampleMap.TopDownExampleMap:PersistentLevel.TopDownExampleMap' with GeneratedClass '/Game/TopDownBP/Maps/TopDownExampleMap.TopDownExampleMap_C' with ClassGeneratedBy '/Game/TopDownBP/Maps/TopDownExampleMap.TopDownExampleMap:PersistentLevel.TopDownExampleMap'
[2017.05.18-06.46.44:296][492]LogBlueprintUserMessages: Late EndPlayMap Detection: Level '/Game/TopDownBP/Maps/TopDownExampleMap.TopDownExampleMap:PersistentLevel' has LevelScriptBlueprint '/Game/TopDownBP/Maps/TopDownExampleMap.TopDownExampleMap:PersistentLevel.TopDownExampleMap' with GeneratedClass '/Game/TopDownBP/Maps/TopDownExampleMap.TopDownExampleMap_C' with ClassGeneratedBy '/Game/TopDownBP/Maps/TopDownExampleMap.TopDownExampleMap:PersistentLevel.TopDownExampleMap'
[2017.05.18-06.49.32:432][138]LogSavePackage: Save=196.17ms
[2017.05.18-06.49.32:432][138]LogSavePackage: Moving '../../../../../../Users/Demonic/Desktop/Blackhole/Saved/TopDownExampleMapF0B67B1D417072FC0D15EF9C21BE7EDD.tmp' to '../../../../../../Users/Demonic/Desktop/Blackhole/Content/TopDownBP/Maps/TopDownExampleMap.umap'
[2017.05.18-06.49.32:434][138]LogSavePackage:Display: Finished SavePackage ../../../../../../Users/Demonic/Desktop/Blackhole/Content/TopDownBP/Maps/TopDownExampleMap.umap
[2017.05.18-06.49.32:524][138]LogFileHelpers: Saving map 'TopDownExampleMap' took 0.372
[2017.05.18-06.49.32:525][138]Cmd: OBJ SAVEPACKAGE PACKAGE="/Game/Blackhole/Player/BlackHoleHud" FILE="../../../../../../Users/Demonic/Desktop/Blackhole/Content/Blackhole/Player/BlackHoleHud.uasset" SILENT=true
[2017.05.18-06.49.32:552][138]LogSavePackage: Save=20.32ms
[2017.05.18-06.49.32:552][138]LogSavePackage: Moving '../../../../../../Users/Demonic/Desktop/Blackhole/Saved/BlackHoleHud6E2124F549D246173C26F8B32DBD0C66.tmp' to '../../../../../../Users/Demonic/Desktop/Blackhole/Content/Blackhole/Player/BlackHoleHud.uasset'
[2017.05.18-06.49.32:554][138]LogSavePackage:Display: Finished SavePackage ../../../../../../Users/Demonic/Desktop/Blackhole/Content/Blackhole/Player/BlackHoleHud.uasset
[2017.05.18-06.55.30:238][933]BlueprintLog: New page: Compile BlackHoleHud
[2017.05.18-06.55.30:377][933]BlueprintEditorCompileResults: Info [3438.18] Compile of BlackHoleHud successful! [in 139 ms] (/Game/Blackhole/Player/BlackHoleHud.BlackHoleHud)
[2017.05.18-06.55.32:587][ 10]LogBlueprintUserMessages: Early PlayInEditor Detection: Level '/Game/TopDownBP/Maps/TopDownExampleMap.TopDownExampleMap:PersistentLevel' has LevelScriptBlueprint '/Game/TopDownBP/Maps/TopDownExampleMap.TopDownExampleMap:PersistentLevel.TopDownExampleMap' with GeneratedClass '/Game/TopDownBP/Maps/TopDownExampleMap.TopDownExampleMap_C' with ClassGeneratedBy '/Game/TopDownBP/Maps/TopDownExampleMap.TopDownExampleMap:PersistentLevel.TopDownExampleMap'
[2017.05.18-06.55.32:587][ 10]LogPlayLevel: PlayLevel: No blueprints needed recompiling
[2017.05.18-06.55.32:587][ 10]PIE: New page: PIE session: TopDownExampleMap (May 17, 2017, 3:55:32 PM)
[2017.05.18-06.55.32:588][ 10]LogPlayLevel: Creating play world package: /Game/TopDownBP/Maps/UEDPIE_0_TopDownExampleMap
[2017.05.18-06.55.32:609][ 10]LogPlayLevel: PIE: StaticDuplicateObject took: (0.021588s)
[2017.05.18-06.55.32:610][ 10]LogAIModule: Creating AISystem for world TopDownExampleMap
[2017.05.18-06.55.32:610][ 10]LogPlayLevel: PIE: World Init took: (0.000948s)
[2017.05.18-06.55.32:610][ 10]LogPlayLevel: PIE: Created PIE world by copying editor world from /Game/TopDownBP/Maps/TopDownExampleMap.TopDownExampleMap to /Game/TopDownBP/Maps/UEDPIE_0_TopDownExampleMap.TopDownExampleMap (0.022777s)
[2017.05.18-06.55.32:632][ 10]LogInit: XAudio2 using 'Speakers (USB  AUDIO  )' : 2 channels at 48 kHz using 16 bits per sample (channel mask 0x3)
[2017.05.18-06.55.32:636][ 10]LogInit: FAudioDevice initialized.
[2017.05.18-06.55.32:688][ 10]LogWorld: Game class is 'TopDownGameMode_C'
[2017.05.18-06.55.32:692][ 10]LogWorld: Bringing World /Game/TopDownBP/Maps/UEDPIE_0_TopDownExampleMap.TopDownExampleMap up for play (max tick rate 0) at 2017.05.17-23.55.32
[2017.05.18-06.55.32:693][ 10]LogWorld: Bringing up level for play took: 0.003259
[2017.05.18-06.55.32:694][ 10]PIE: Info Play in editor start time for /Game/TopDownBP/Maps/UEDPIE_0_TopDownExampleMap -0.313
[2017.05.18-06.55.32:694][ 10]LogBlueprintUserMessages: Late PlayInEditor Detection: Level '/Game/TopDownBP/Maps/TopDownExampleMap.TopDownExampleMap:PersistentLevel' has LevelScriptBlueprint '/Game/TopDownBP/Maps/TopDownExampleMap.TopDownExampleMap:PersistentLevel.TopDownExampleMap' with GeneratedClass '/Game/TopDownBP/Maps/TopDownExampleMap.TopDownExampleMap_C' with ClassGeneratedBy '/Game/TopDownBP/Maps/TopDownExampleMap.TopDownExampleMap:PersistentLevel.TopDownExampleMap'
[2017.05.18-06.55.39:888][349]LogBlueprintUserMessages: Early EndPlayMap Detection: Level '/Game/TopDownBP/Maps/TopDownExampleMap.TopDownExampleMap:PersistentLevel' has LevelScriptBlueprint '/Game/TopDownBP/Maps/TopDownExampleMap.TopDownExampleMap:PersistentLevel.TopDownExampleMap' with GeneratedClass '/Game/TopDownBP/Maps/TopDownExampleMap.TopDownExampleMap_C' with ClassGeneratedBy '/Game/TopDownBP/Maps/TopDownExampleMap.TopDownExampleMap:PersistentLevel.TopDownExampleMap'
[2017.05.18-06.55.39:940][349]LogBlueprintUserMessages: Late EndPlayMap Detection: Level '/Game/TopDownBP/Maps/TopDownExampleMap.TopDownExampleMap:PersistentLevel' has LevelScriptBlueprint '/Game/TopDownBP/Maps/TopDownExampleMap.TopDownExampleMap:PersistentLevel.TopDownExampleMap' with GeneratedClass '/Game/TopDownBP/Maps/TopDownExampleMap.TopDownExampleMap_C' with ClassGeneratedBy '/Game/TopDownBP/Maps/TopDownExampleMap.TopDownExampleMap:PersistentLevel.TopDownExampleMap'
[2017.05.18-06.55.44:802][532]LogSavePackage: Save=185.16ms
[2017.05.18-06.55.44:802][532]LogSavePackage: Moving '../../../../../../Users/Demonic/Desktop/Blackhole/Saved/TopDownExampleMap86A68C144590C6DF729495ACD46B1D1F.tmp' to '../../../../../../Users/Demonic/Desktop/Blackhole/Content/TopDownBP/Maps/TopDownExampleMap.umap'
[2017.05.18-06.55.44:805][532]LogSavePackage:Display: Finished SavePackage ../../../../../../Users/Demonic/Desktop/Blackhole/Content/TopDownBP/Maps/TopDownExampleMap.umap
[2017.05.18-06.55.44:829][532]LogFileHelpers: Saving map 'TopDownExampleMap' took 0.405
[2017.05.18-06.55.44:830][532]Cmd: OBJ SAVEPACKAGE PACKAGE="/Game/Blackhole/Player/BlackHoleHud" FILE="../../../../../../Users/Demonic/Desktop/Blackhole/Content/Blackhole/Player/BlackHoleHud.uasset" SILENT=true
[2017.05.18-06.55.44:858][532]LogSavePackage: Save=19.50ms
[2017.05.18-06.55.44:858][532]LogSavePackage: Moving '../../../../../../Users/Demonic/Desktop/Blackhole/Saved/BlackHoleHud34926C42434AF0A09F7F3E93B4CC5AAB.tmp' to '../../../../../../Users/Demonic/Desktop/Blackhole/Content/Blackhole/Player/BlackHoleHud.uasset'
[2017.05.18-06.55.44:859][532]LogSavePackage:Display: Finished SavePackage ../../../../../../Users/Demonic/Desktop/Blackhole/Content/Blackhole/Player/BlackHoleHud.uasset
[2017.05.18-06.58.55:651][ 76]BlueprintLog: New page: Compile A_Enemy
[2017.05.18-06.58.55:690][ 76]LogBlueprint:Warning: USimpleConstructionScript::FixupRootNodeParentReferences() - Couldn't find inherited parent component 'Sensor' for 'PaperSprite' in BlueprintGeneratedClass 'REINST_A_Star_C_281' (it may have been removed)
[2017.05.18-06.58.55:865][ 76]BlueprintEditorCompileResults: Info [3643.67] Compile of A_Enemy successful! [in 213 ms] (/Game/Blackhole/Enemies/A_Enemy.A_Enemy)
[2017.05.18-06.58.58:809][180]LogBlueprintUserMessages: Early PlayInEditor Detection: Level '/Game/TopDownBP/Maps/TopDownExampleMap.TopDownExampleMap:PersistentLevel' has LevelScriptBlueprint '/Game/TopDownBP/Maps/TopDownExampleMap.TopDownExampleMap:PersistentLevel.TopDownExampleMap' with GeneratedClass '/Game/TopDownBP/Maps/TopDownExampleMap.TopDownExampleMap_C' with ClassGeneratedBy '/Game/TopDownBP/Maps/TopDownExampleMap.TopDownExampleMap:PersistentLevel.TopDownExampleMap'
[2017.05.18-06.58.58:809][180]LogPlayLevel: PlayLevel: No blueprints needed recompiling
[2017.05.18-06.58.58:809][180]PIE: New page: PIE session: TopDownExampleMap (May 17, 2017, 3:58:58 PM)
[2017.05.18-06.58.58:809][180]LogPlayLevel: Creating play world package: /Game/TopDownBP/Maps/UEDPIE_0_TopDownExampleMap
[2017.05.18-06.58.58:830][180]LogPlayLevel: PIE: StaticDuplicateObject took: (0.021093s)
[2017.05.18-06.58.58:831][180]LogAIModule: Creating AISystem for world TopDownExampleMap
[2017.05.18-06.58.58:831][180]LogPlayLevel: PIE: World Init took: (0.001068s)
[2017.05.18-06.58.58:831][180]LogPlayLevel: PIE: Created PIE world by copying editor world from /Game/TopDownBP/Maps/TopDownExampleMap.TopDownExampleMap to /Game/TopDownBP/Maps/UEDPIE_0_TopDownExampleMap.TopDownExampleMap (0.022438s)
[2017.05.18-06.58.58:852][180]LogInit: XAudio2 using 'Speakers (USB  AUDIO  )' : 2 channels at 48 kHz using 16 bits per sample (channel mask 0x3)
[2017.05.18-06.58.58:856][180]LogInit: FAudioDevice initialized.
[2017.05.18-06.58.58:904][180]LogWorld: Game class is 'TopDownGameMode_C'
[2017.05.18-06.58.58:908][180]LogWorld: Bringing World /Game/TopDownBP/Maps/UEDPIE_0_TopDownExampleMap.TopDownExampleMap up for play (max tick rate 0) at 2017.05.17-23.58.58
[2017.05.18-06.58.58:909][180]LogWorld: Bringing up level for play took: 0.003373
[2017.05.18-06.58.58:910][180]PIE: Info Play in editor start time for /Game/TopDownBP/Maps/UEDPIE_0_TopDownExampleMap -0.101
[2017.05.18-06.58.58:911][180]LogBlueprintUserMessages: Late PlayInEditor Detection: Level '/Game/TopDownBP/Maps/TopDownExampleMap.TopDownExampleMap:PersistentLevel' has LevelScriptBlueprint '/Game/TopDownBP/Maps/TopDownExampleMap.TopDownExampleMap:PersistentLevel.TopDownExampleMap' with GeneratedClass '/Game/TopDownBP/Maps/TopDownExampleMap.TopDownExampleMap_C' with ClassGeneratedBy '/Game/TopDownBP/Maps/TopDownExampleMap.TopDownExampleMap:PersistentLevel.TopDownExampleMap'
[2017.05.18-06.59.01:647][300]LogBlueprintUserMessages: Early EndPlayMap Detection: Level '/Game/TopDownBP/Maps/TopDownExampleMap.TopDownExampleMap:PersistentLevel' has LevelScriptBlueprint '/Game/TopDownBP/Maps/TopDownExampleMap.TopDownExampleMap:PersistentLevel.TopDownExampleMap' with GeneratedClass '/Game/TopDownBP/Maps/TopDownExampleMap.TopDownExampleMap_C' with ClassGeneratedBy '/Game/TopDownBP/Maps/TopDownExampleMap.TopDownExampleMap:PersistentLevel.TopDownExampleMap'
[2017.05.18-06.59.01:698][300]LogBlueprintUserMessages: Late EndPlayMap Detection: Level '/Game/TopDownBP/Maps/TopDownExampleMap.TopDownExampleMap:PersistentLevel' has LevelScriptBlueprint '/Game/TopDownBP/Maps/TopDownExampleMap.TopDownExampleMap:PersistentLevel.TopDownExampleMap' with GeneratedClass '/Game/TopDownBP/Maps/TopDownExampleMap.TopDownExampleMap_C' with ClassGeneratedBy '/Game/TopDownBP/Maps/TopDownExampleMap.TopDownExampleMap:PersistentLevel.TopDownExampleMap'
[2017.05.18-07.00.06:063][324]BlueprintLog: New page: Compile BlackHoleHud
[2017.05.18-07.00.06:218][324]BlueprintEditorCompileResults: Info [3714.02] Compile of BlackHoleHud successful! [in 153 ms] (/Game/Blackhole/Player/BlackHoleHud.BlackHoleHud)
[2017.05.18-07.00.10:253][456]LogSavePackage: Save=180.92ms
[2017.05.18-07.00.10:253][456]LogSavePackage: Moving '../../../../../../Users/Demonic/Desktop/Blackhole/Saved/TopDownExampleMap44C9DE8B46B25B7C2C74F5AC3A1D6A54.tmp' to '../../../../../../Users/Demonic/Desktop/Blackhole/Content/TopDownBP/Maps/TopDownExampleMap.umap'
[2017.05.18-07.00.10:256][456]LogSavePackage:Display: Finished SavePackage ../../../../../../Users/Demonic/Desktop/Blackhole/Content/TopDownBP/Maps/TopDownExampleMap.umap
[2017.05.18-07.00.10:280][456]LogFileHelpers: Saving map 'TopDownExampleMap' took 0.420
[2017.05.18-07.00.10:281][456]Cmd: OBJ SAVEPACKAGE PACKAGE="/Game/Blackhole/Enemies/A_Enemy" FILE="../../../../../../Users/Demonic/Desktop/Blackhole/Content/Blackhole/Enemies/A_Enemy.uasset" SILENT=true
[2017.05.18-07.00.10:338][456]LogSavePackage: Save=48.65ms
[2017.05.18-07.00.10:338][456]LogSavePackage: Moving '../../../../../../Users/Demonic/Desktop/Blackhole/Saved/A_Enemy3816C84D4FC9D5A727A51489CA97CEC6.tmp' to '../../../../../../Users/Demonic/Desktop/Blackhole/Content/Blackhole/Enemies/A_Enemy.uasset'
[2017.05.18-07.00.10:340][456]LogSavePackage:Display: Finished SavePackage ../../../../../../Users/Demonic/Desktop/Blackhole/Content/Blackhole/Enemies/A_Enemy.uasset
[2017.05.18-07.03.41:072][685]BlueprintLog: New page: Compile BlackHoleHud
[2017.05.18-07.03.41:229][685]BlueprintEditorCompileResults: Info [3929.03] Compile of BlackHoleHud successful! [in 156 ms] (/Game/Blackhole/Player/BlackHoleHud.BlackHoleHud)
[2017.05.18-07.03.43:810][775]LogBlueprintUserMessages: Early PlayInEditor Detection: Level '/Game/TopDownBP/Maps/TopDownExampleMap.TopDownExampleMap:PersistentLevel' has LevelScriptBlueprint '/Game/TopDownBP/Maps/TopDownExampleMap.TopDownExampleMap:PersistentLevel.TopDownExampleMap' with GeneratedClass '/Game/TopDownBP/Maps/TopDownExampleMap.TopDownExampleMap_C' with ClassGeneratedBy '/Game/TopDownBP/Maps/TopDownExampleMap.TopDownExampleMap:PersistentLevel.TopDownExampleMap'
[2017.05.18-07.03.43:810][775]LogPlayLevel: PlayLevel: No blueprints needed recompiling
[2017.05.18-07.03.43:811][775]PIE: New page: PIE session: TopDownExampleMap (May 17, 2017, 4:03:43 PM)
[2017.05.18-07.03.43:811][775]LogPlayLevel: Creating play world package: /Game/TopDownBP/Maps/UEDPIE_0_TopDownExampleMap
[2017.05.18-07.03.43:832][775]LogPlayLevel: PIE: StaticDuplicateObject took: (0.020964s)
[2017.05.18-07.03.43:833][775]LogAIModule: Creating AISystem for world TopDownExampleMap
[2017.05.18-07.03.43:833][775]LogPlayLevel: PIE: World Init took: (0.001020s)
[2017.05.18-07.03.43:833][775]LogPlayLevel: PIE: Created PIE world by copying editor world from /Game/TopDownBP/Maps/TopDownExampleMap.TopDownExampleMap to /Game/TopDownBP/Maps/UEDPIE_0_TopDownExampleMap.TopDownExampleMap (0.022248s)
[2017.05.18-07.03.43:856][775]LogInit: XAudio2 using 'Speakers (USB  AUDIO  )' : 2 channels at 48 kHz using 16 bits per sample (channel mask 0x3)
[2017.05.18-07.03.43:860][775]LogInit: FAudioDevice initialized.
[2017.05.18-07.03.43:912][775]LogWorld: Game class is 'TopDownGameMode_C'
[2017.05.18-07.03.43:916][775]LogWorld: Bringing World /Game/TopDownBP/Maps/UEDPIE_0_TopDownExampleMap.TopDownExampleMap up for play (max tick rate 0) at 2017.05.18-00.03.43
[2017.05.18-07.03.43:916][775]LogWorld: Bringing up level for play took: 0.003385
[2017.05.18-07.03.43:918][775]PIE: Info Play in editor start time for /Game/TopDownBP/Maps/UEDPIE_0_TopDownExampleMap 0.902
[2017.05.18-07.03.43:918][775]LogBlueprintUserMessages: Late PlayInEditor Detection: Level '/Game/TopDownBP/Maps/TopDownExampleMap.TopDownExampleMap:PersistentLevel' has LevelScriptBlueprint '/Game/TopDownBP/Maps/TopDownExampleMap.TopDownExampleMap:PersistentLevel.TopDownExampleMap' with GeneratedClass '/Game/TopDownBP/Maps/TopDownExampleMap.TopDownExampleMap_C' with ClassGeneratedBy '/Game/TopDownBP/Maps/TopDownExampleMap.TopDownExampleMap:PersistentLevel.TopDownExampleMap'
[2017.05.18-07.03.43:984][776]LogScript:Warning: UGameplayStatics::BeginSpawningActorFromClass: can not spawn an actor from a NULL class
[2017.05.18-07.03.49:569][ 37]LogBlueprintUserMessages: Early EndPlayMap Detection: Level '/Game/TopDownBP/Maps/TopDownExampleMap.TopDownExampleMap:PersistentLevel' has LevelScriptBlueprint '/Game/TopDownBP/Maps/TopDownExampleMap.TopDownExampleMap:PersistentLevel.TopDownExampleMap' with GeneratedClass '/Game/TopDownBP/Maps/TopDownExampleMap.TopDownExampleMap_C' with ClassGeneratedBy '/Game/TopDownBP/Maps/TopDownExampleMap.TopDownExampleMap:PersistentLevel.TopDownExampleMap'
[2017.05.18-07.03.49:627][ 37]LogBlueprintUserMessages: Late EndPlayMap Detection: Level '/Game/TopDownBP/Maps/TopDownExampleMap.TopDownExampleMap:PersistentLevel' has LevelScriptBlueprint '/Game/TopDownBP/Maps/TopDownExampleMap.TopDownExampleMap:PersistentLevel.TopDownExampleMap' with GeneratedClass '/Game/TopDownBP/Maps/TopDownExampleMap.TopDownExampleMap_C' with ClassGeneratedBy '/Game/TopDownBP/Maps/TopDownExampleMap.TopDownExampleMap:PersistentLevel.TopDownExampleMap'
[2017.05.18-07.05.21:543][891]BlueprintLog: New page: Compile BlackHoleHud
[2017.05.18-07.05.21:708][891]BlueprintEditorCompileResults: Info [4029.50] Compile of BlackHoleHud successful! [in 165 ms] (/Game/Blackhole/Player/BlackHoleHud.BlackHoleHud)
[2017.05.18-07.05.28:425][124]LogBlueprintUserMessages: Early PlayInEditor Detection: Level '/Game/TopDownBP/Maps/TopDownExampleMap.TopDownExampleMap:PersistentLevel' has LevelScriptBlueprint '/Game/TopDownBP/Maps/TopDownExampleMap.TopDownExampleMap:PersistentLevel.TopDownExampleMap' with GeneratedClass '/Game/TopDownBP/Maps/TopDownExampleMap.TopDownExampleMap_C' with ClassGeneratedBy '/Game/TopDownBP/Maps/TopDownExampleMap.TopDownExampleMap:PersistentLevel.TopDownExampleMap'
[2017.05.18-07.05.28:425][124]LogPlayLevel: PlayLevel: No blueprints needed recompiling
[2017.05.18-07.05.28:425][124]PIE: New page: PIE session: TopDownExampleMap (May 17, 2017, 4:05:28 PM)
[2017.05.18-07.05.28:425][124]LogPlayLevel: Creating play world package: /Game/TopDownBP/Maps/UEDPIE_0_TopDownExampleMap
[2017.05.18-07.05.28:444][124]LogPlayLevel: PIE: StaticDuplicateObject took: (0.018793s)
[2017.05.18-07.05.28:445][124]LogAIModule: Creating AISystem for world TopDownExampleMap
[2017.05.18-07.05.28:445][124]LogPlayLevel: PIE: World Init took: (0.000870s)
[2017.05.18-07.05.28:445][124]LogPlayLevel: PIE: Created PIE world by copying editor world from /Game/TopDownBP/Maps/TopDownExampleMap.TopDownExampleMap to /Game/TopDownBP/Maps/UEDPIE_0_TopDownExampleMap.TopDownExampleMap (0.020001s)
[2017.05.18-07.05.28:466][124]LogInit: XAudio2 using 'Speakers (USB  AUDIO  )' : 2 channels at 48 kHz using 16 bits per sample (channel mask 0x3)
[2017.05.18-07.05.28:470][124]LogInit: FAudioDevice initialized.
[2017.05.18-07.05.28:518][124]LogWorld: Game class is 'TopDownGameMode_C'
[2017.05.18-07.05.28:522][124]LogWorld: Bringing World /Game/TopDownBP/Maps/UEDPIE_0_TopDownExampleMap.TopDownExampleMap up for play (max tick rate 0) at 2017.05.18-00.05.28
[2017.05.18-07.05.28:522][124]LogWorld: Bringing up level for play took: 0.003477
[2017.05.18-07.05.28:524][124]PIE: Info Play in editor start time for /Game/TopDownBP/Maps/UEDPIE_0_TopDownExampleMap -0.494
[2017.05.18-07.05.28:524][124]LogBlueprintUserMessages: Late PlayInEditor Detection: Level '/Game/TopDownBP/Maps/TopDownExampleMap.TopDownExampleMap:PersistentLevel' has LevelScriptBlueprint '/Game/TopDownBP/Maps/TopDownExampleMap.TopDownExampleMap:PersistentLevel.TopDownExampleMap' with GeneratedClass '/Game/TopDownBP/Maps/TopDownExampleMap.TopDownExampleMap_C' with ClassGeneratedBy '/Game/TopDownBP/Maps/TopDownExampleMap.TopDownExampleMap:PersistentLevel.TopDownExampleMap'
[2017.05.18-07.05.57:237][473]LogBlueprintUserMessages: Early EndPlayMap Detection: Level '/Game/TopDownBP/Maps/TopDownExampleMap.TopDownExampleMap:PersistentLevel' has LevelScriptBlueprint '/Game/TopDownBP/Maps/TopDownExampleMap.TopDownExampleMap:PersistentLevel.TopDownExampleMap' with GeneratedClass '/Game/TopDownBP/Maps/TopDownExampleMap.TopDownExampleMap_C' with ClassGeneratedBy '/Game/TopDownBP/Maps/TopDownExampleMap.TopDownExampleMap:PersistentLevel.TopDownExampleMap'
[2017.05.18-07.05.57:292][473]LogBlueprintUserMessages: Late EndPlayMap Detection: Level '/Game/TopDownBP/Maps/TopDownExampleMap.TopDownExampleMap:PersistentLevel' has LevelScriptBlueprint '/Game/TopDownBP/Maps/TopDownExampleMap.TopDownExampleMap:PersistentLevel.TopDownExampleMap' with GeneratedClass '/Game/TopDownBP/Maps/TopDownExampleMap.TopDownExampleMap_C' with ClassGeneratedBy '/Game/TopDownBP/Maps/TopDownExampleMap.TopDownExampleMap:PersistentLevel.TopDownExampleMap'
[2017.05.18-07.07.05:667][669]BlueprintLog: New page: Compile BlackHoleHud
[2017.05.18-07.07.05:879][669]BlueprintEditorCompileResults: Info [4133.67] Compile of BlackHoleHud successful! [in 211 ms] (/Game/Blackhole/Player/BlackHoleHud.BlackHoleHud)
[2017.05.18-07.07.54:731][182]BlueprintLog: New page: Compile BlackHolePlayer
[2017.05.18-07.07.54:959][182]BlueprintEditorCompileResults: Info [4182.75] Compile of BlackHolePlayer successful! [in 227 ms] (/Game/Blackhole/Player/BlackHolePlayer.BlackHolePlayer)
[2017.05.18-07.07.58:660][307]LogSavePackage: Save=188.28ms
[2017.05.18-07.07.58:660][307]LogSavePackage: Moving '../../../../../../Users/Demonic/Desktop/Blackhole/Saved/TopDownExampleMapFB4E48EB41210E7D566E0F948FD249A1.tmp' to '../../../../../../Users/Demonic/Desktop/Blackhole/Content/TopDownBP/Maps/TopDownExampleMap.umap'
[2017.05.18-07.07.58:662][307]LogSavePackage:Display: Finished SavePackage ../../../../../../Users/Demonic/Desktop/Blackhole/Content/TopDownBP/Maps/TopDownExampleMap.umap
[2017.05.18-07.07.58:767][307]LogFileHelpers: Saving map 'TopDownExampleMap' took 0.385
[2017.05.18-07.07.58:769][307]Cmd: OBJ SAVEPACKAGE PACKAGE="/Game/Blackhole/Player/BlackHolePlayer" FILE="../../../../../../Users/Demonic/Desktop/Blackhole/Content/Blackhole/Player/BlackHolePlayer.uasset" SILENT=true
[2017.05.18-07.07.58:827][307]LogSavePackage: Save=51.21ms
[2017.05.18-07.07.58:827][307]LogSavePackage: Moving '../../../../../../Users/Demonic/Desktop/Blackhole/Saved/BlackHolePlayer665310B54B78F97C42D82BA0C2C32A07.tmp' to '../../../../../../Users/Demonic/Desktop/Blackhole/Content/Blackhole/Player/BlackHolePlayer.uasset'
[2017.05.18-07.07.58:829][307]LogSavePackage:Display: Finished SavePackage ../../../../../../Users/Demonic/Desktop/Blackhole/Content/Blackhole/Player/BlackHolePlayer.uasset
[2017.05.18-07.07.58:832][307]Cmd: OBJ SAVEPACKAGE PACKAGE="/Game/Blackhole/Player/BlackHoleHud" FILE="../../../../../../Users/Demonic/Desktop/Blackhole/Content/Blackhole/Player/BlackHoleHud.uasset" SILENT=true
[2017.05.18-07.07.58:863][307]LogSavePackage: Save=24.32ms
[2017.05.18-07.07.58:863][307]LogSavePackage: Moving '../../../../../../Users/Demonic/Desktop/Blackhole/Saved/BlackHoleHud86A66C62438BC9577EE680B5E9785B87.tmp' to '../../../../../../Users/Demonic/Desktop/Blackhole/Content/Blackhole/Player/BlackHoleHud.uasset'
[2017.05.18-07.07.58:864][307]LogSavePackage:Display: Finished SavePackage ../../../../../../Users/Demonic/Desktop/Blackhole/Content/Blackhole/Player/BlackHoleHud.uasset
[2017.05.18-07.07.59:671][340]LogBlueprintUserMessages: Early PlayInEditor Detection: Level '/Game/TopDownBP/Maps/TopDownExampleMap.TopDownExampleMap:PersistentLevel' has LevelScriptBlueprint '/Game/TopDownBP/Maps/TopDownExampleMap.TopDownExampleMap:PersistentLevel.TopDownExampleMap' with GeneratedClass '/Game/TopDownBP/Maps/TopDownExampleMap.TopDownExampleMap_C' with ClassGeneratedBy '/Game/TopDownBP/Maps/TopDownExampleMap.TopDownExampleMap:PersistentLevel.TopDownExampleMap'
[2017.05.18-07.07.59:671][340]LogPlayLevel: PlayLevel: No blueprints needed recompiling
[2017.05.18-07.07.59:671][340]PIE: New page: PIE session: TopDownExampleMap (May 17, 2017, 4:07:59 PM)
[2017.05.18-07.07.59:671][340]LogPlayLevel: Creating play world package: /Game/TopDownBP/Maps/UEDPIE_0_TopDownExampleMap
[2017.05.18-07.07.59:692][340]LogPlayLevel: PIE: StaticDuplicateObject took: (0.020847s)
[2017.05.18-07.07.59:693][340]LogAIModule: Creating AISystem for world TopDownExampleMap
[2017.05.18-07.07.59:693][340]LogPlayLevel: PIE: World Init took: (0.001027s)
[2017.05.18-07.07.59:693][340]LogPlayLevel: PIE: Created PIE world by copying editor world from /Game/TopDownBP/Maps/TopDownExampleMap.TopDownExampleMap to /Game/TopDownBP/Maps/UEDPIE_0_TopDownExampleMap.TopDownExampleMap (0.022149s)
[2017.05.18-07.07.59:716][340]LogInit: XAudio2 using 'Speakers (USB  AUDIO  )' : 2 channels at 48 kHz using 16 bits per sample (channel mask 0x3)
[2017.05.18-07.07.59:721][340]LogInit: FAudioDevice initialized.
[2017.05.18-07.07.59:771][340]LogWorld: Game class is 'TopDownGameMode_C'
[2017.05.18-07.07.59:776][340]LogWorld: Bringing World /Game/TopDownBP/Maps/UEDPIE_0_TopDownExampleMap.TopDownExampleMap up for play (max tick rate 0) at 2017.05.18-00.07.59
[2017.05.18-07.07.59:776][340]LogWorld: Bringing up level for play took: 0.003429
[2017.05.18-07.07.59:778][340]PIE: Info Play in editor start time for /Game/TopDownBP/Maps/UEDPIE_0_TopDownExampleMap 0.757
[2017.05.18-07.07.59:778][340]LogBlueprintUserMessages: Late PlayInEditor Detection: Level '/Game/TopDownBP/Maps/TopDownExampleMap.TopDownExampleMap:PersistentLevel' has LevelScriptBlueprint '/Game/TopDownBP/Maps/TopDownExampleMap.TopDownExampleMap:PersistentLevel.TopDownExampleMap' with GeneratedClass '/Game/TopDownBP/Maps/TopDownExampleMap.TopDownExampleMap_C' with ClassGeneratedBy '/Game/TopDownBP/Maps/TopDownExampleMap.TopDownExampleMap:PersistentLevel.TopDownExampleMap'
[2017.05.18-07.08.18:324][210]LogBlueprintUserMessages: Early EndPlayMap Detection: Level '/Game/TopDownBP/Maps/TopDownExampleMap.TopDownExampleMap:PersistentLevel' has LevelScriptBlueprint '/Game/TopDownBP/Maps/TopDownExampleMap.TopDownExampleMap:PersistentLevel.TopDownExampleMap' with GeneratedClass '/Game/TopDownBP/Maps/TopDownExampleMap.TopDownExampleMap_C' with ClassGeneratedBy '/Game/TopDownBP/Maps/TopDownExampleMap.TopDownExampleMap:PersistentLevel.TopDownExampleMap'
[2017.05.18-07.08.18:382][210]LogBlueprintUserMessages: Late EndPlayMap Detection: Level '/Game/TopDownBP/Maps/TopDownExampleMap.TopDownExampleMap:PersistentLevel' has LevelScriptBlueprint '/Game/TopDownBP/Maps/TopDownExampleMap.TopDownExampleMap:PersistentLevel.TopDownExampleMap' with GeneratedClass '/Game/TopDownBP/Maps/TopDownExampleMap.TopDownExampleMap_C' with ClassGeneratedBy '/Game/TopDownBP/Maps/TopDownExampleMap.TopDownExampleMap:PersistentLevel.TopDownExampleMap'
[2017.05.18-07.09.43:934][159]LogActorComponent: UnregisterComponent: (/Engine/Transient.EditorFloorComp) Not registered. Aborting.
[2017.05.18-07.09.43:986][159]LogActorComponent: UnregisterComponent: (/Engine/Transient.EditorFloorComp) Not registered. Aborting.
[2017.05.18-07.09.44:532][160]Cmd: QUIT_EDITOR
[2017.05.18-07.09.45:100][160]LogExit: Preparing to exit.
[2017.05.18-07.09.46:771][160]LogExit: Editor shut down
[2017.05.18-07.09.46:771][160]LogExit: Transaction tracking system shut down
[2017.05.18-07.09.48:796][160]LogObj: Freed 0b from 0 cluster array pools.
[2017.05.18-07.09.48:796][160]LogExit: Object subsystem successfully closed.
[2017.05.18-07.09.49:046][160]LogD3D11RHI: Shutdown
[2017.05.18-07.09.49:046][160]LogD3D11RHI: CleanupD3DDevice
[2017.05.18-07.09.49:205][160]LogD3D11RHI: ~FD3D11DynamicRHI
[2017.05.18-07.09.50:995][160]LogModuleManager: Shutting down and abandoning module SequencerWidgets (216)
[2017.05.18-07.09.50:995][160]LogModuleManager: Shutting down and abandoning module BlueprintGraph (215)
[2017.05.18-07.09.50:995][160]LogModuleManager: Shutting down and abandoning module MovieSceneCapture (214)
[2017.05.18-07.09.50:995][160]LogModuleManager: Shutting down and abandoning module HierarchicalLODOutliner (213)
[2017.05.18-07.09.51:030][160]LogModuleManager: Shutting down and abandoning module CrashTracker (212)
[2017.05.18-07.09.51:030][160]LogModuleManager: Shutting down and abandoning module SceneOutliner (211)
[2017.05.18-07.09.51:073][160]LogModuleManager: Shutting down and abandoning module WidgetCarousel (210)
[2017.05.18-07.09.51:098][160]LogModuleManager: Shutting down and abandoning module AddContentDialog (209)
[2017.05.18-07.09.51:141][160]LogModuleManager: Shutting down and abandoning module GameplayTags (208)
[2017.05.18-07.09.51:141][160]LogModuleManager: Shutting down and abandoning module EditorWidgets (207)
[2017.05.18-07.09.51:141][160]LogModuleManager: Shutting down and abandoning module CollectionManager (206)
[2017.05.18-07.09.51:234][160]LogModuleManager: Shutting down and abandoning module StatsViewer (205)
[2017.05.18-07.09.51:274][160]LogModuleManager: Shutting down and abandoning module FoliageEdit (204)
[2017.05.18-07.09.51:314][160]LogModuleManager: Shutting down and abandoning module LandscapeEditor (203)
[2017.05.18-07.09.51:361][160]LogModuleManager: Shutting down and abandoning module SceneDepthPickerMode (202)
[2017.05.18-07.09.51:361][160]LogModuleManager: Shutting down and abandoning module ActorPickerMode (201)
[2017.05.18-07.09.51:361][160]LogModuleManager: Shutting down and abandoning module GeometryMode (200)
[2017.05.18-07.09.51:361][160]LogModuleManager: Shutting down and abandoning module TextureAlignMode (199)
[2017.05.18-07.09.51:361][160]LogModuleManager: Shutting down and abandoning module BspMode (198)
[2017.05.18-07.09.51:375][160]LogModuleManager: Shutting down and abandoning module HardwareSurvey (197)
[2017.05.18-07.09.51:407][160]LogModuleManager: Shutting down and abandoning module SequenceRecorderSections (196)
[2017.05.18-07.09.51:407][160]LogModuleManager: Shutting down and abandoning module SequenceRecorder (195)
[2017.05.18-07.09.51:446][160]LogModuleManager: Shutting down and abandoning module AutomationWorker (194)
[2017.05.18-07.09.51:446][160]LogModuleManager: Shutting down and abandoning module MatineeToLevelSequence (193)
[2017.05.18-07.09.51:463][160]LogModuleManager: Shutting down and abandoning module PlacementMode (192)
[2017.05.18-07.09.51:549][160]LogModuleManager: Shutting down and abandoning module LevelSequenceEditor (191)
[2017.05.18-07.09.51:710][160]LogModuleManager: Shutting down and abandoning module CharacterAI (190