Log file open, 01/03/17 00:47:13
LogInit:Display: Running engine for game: BlackHole
LogPlatformFile: Not using cached read wrapper
LogInit:Display: RandInit(-1273861180) SRandInit(-1273861179).
LogTaskGraph: Started task graph with 4 named threads and 7 total threads with 1 sets of task threads.
LogStats: Stats thread started at 0.073975
LogInit: Version: 4.12.5-3039270+++UE4+Release-4.12
LogInit: API Version: 2992821
LogInit: Net Version: 3039270
LogDevObjectVersion: Number of dev versions registered: 13
LogDevObjectVersion:   Dev-Blueprints (B0D832E4-1F89-4F0D-ACCF-7EB736FD4AA2): 3
LogDevObjectVersion:   Dev-Build (E1C64328-A22C-4D53-A36C-8E866417BD8C): 0
LogDevObjectVersion:   Dev-Core (375EC13C-06E4-48FB-B500-84F0262A717E): 1
LogDevObjectVersion:   Dev-Editor (E4B068ED-F494-42E9-A231-DA0B2E46BB41): 2
LogDevObjectVersion:   Dev-Framework (CFFC743F-43B0-4480-9391-14DF171D2073): 6
LogDevObjectVersion:   Dev-Mobile (B02B49B5-BB20-44E9-A304-32B752E40360): 0
LogDevObjectVersion:   Dev-Networking (A4E4105C-59A1-49B5-A7C5-40C4547EDFEE): 0
LogDevObjectVersion:   Dev-Online (39C831C9-5AE6-47DC-9A44-9C173E1C8E7C): 0
LogDevObjectVersion:   Dev-Physics (78F01B33-EBEA-4F98-B9B4-84EACCB95AA2): 0
LogDevObjectVersion:   Dev-Platform (6631380F-2D4D-43E0-8009-CF276956A95A): 0
LogDevObjectVersion:   Dev-Rendering (12F88B9F-8875-4AFC-A67C-D90C383ABD29): 2
LogDevObjectVersion:   Dev-Sequencer (7B5AE74C-D270-4C10-A958-57980B212A5A): 0
LogDevObjectVersion:   Dev-VR (D7296918-1DD6-4BDD-9DE2-64A83CC13884): 0
LogInit: Compiled (64-bit): Jul  6 2016 09:09:46
LogInit: Compiled with Visual C++: 19.00.23026.00
LogInit: Build Configuration: Development
LogInit: Branch Name: ++UE4+Release-4.12
LogInit: Command line:  
LogInit: Base directory: C:/Program Files/Epic Games/4.12/Engine/Binaries/Win64/
LogInit: Installed Engine Build: 1
LogInit: Using libcurl 7.41.0
LogInit:  - built for x86_64-pc-win32
LogInit:  - supports SSL with WinSSL
LogInit:  - other features:
LogInit:      CURL_VERSION_SSL
LogInit:      CURL_VERSION_IPV6
LogInit:      CURL_VERSION_ASYNCHDNS
LogInit:      CURL_VERSION_LARGEFILE
LogInit:      CURL_VERSION_IDN
LogInit:  CurlRequestOptions (configurable via config and command line):
LogInit:  - bVerifyPeer = true  - Libcurl will verify peer certificate
LogInit:  - bUseHttpProxy = false  - Libcurl will NOT use HTTP proxy
LogInit:  - bDontReuseConnections = false  - Libcurl will reuse connections
LogInit:  - CertBundlePath = nullptr  - Libcurl will use whatever was configured at build time.
LogInit: Presizing for max 8388607 objects, including 0 objects not considered by GC, pre-allocating 0 bytes for permanent pool.
LogInit: Object subsystem initialized
[2017.01.03-08.47.13:559][  0]LogInit: Selected Device Profile: [Windows]
[2017.01.03-08.47.13:559][  0]LogInit: Applying CVar settings loaded from the selected device profile: [Windows]
[2017.01.03-08.47.13:587][  0]LogInit: Computer: GODLIKESYSTEM
[2017.01.03-08.47.13:587][  0]LogInit: User: Demonic
[2017.01.03-08.47.13:587][  0]LogInit: CPU Page size=65536, Cores=4
[2017.01.03-08.47.13:587][  0]LogInit: High frequency timer resolution =3.312851 MHz
[2017.01.03-08.47.13:587][  0]LogMemory: Memory total: Physical=8.0GB (8GB approx)
[2017.01.03-08.47.13:587][  0]LogMemory: Platform Memory Stats for Windows
[2017.01.03-08.47.13:587][  0]LogMemory: Process Physical Memory: 191.16 MB used, 191.16 MB peak
[2017.01.03-08.47.13:587][  0]LogMemory: Process Virtual Memory: 196.94 MB used, 196.94 MB peak
[2017.01.03-08.47.13:587][  0]LogMemory: Physical Memory: 5175.56 MB used, 8174.04 MB total
[2017.01.03-08.47.13:587][  0]LogMemory: Virtual Memory: 520.69 MB used, 8388608.00 MB total
[2017.01.03-08.47.13:644][  0]LogTextLocalizationManager: No specific translations for ('en-US') exist, so ('en') translations will be used.
[2017.01.03-08.47.14:354][  0]LogD3D11RHI: D3D11 adapters:
[2017.01.03-08.47.14:369][  0]LogD3D11RHI:    0. 'NVIDIA GeForce GT 440' (Feature Level 11_0)
[2017.01.03-08.47.14:369][  0]LogD3D11RHI:       1489/0/2559 MB DedicatedVideo/DedicatedSystem/SharedSystem, Outputs:1, VendorId:0x10de
[2017.01.03-08.47.14:369][  0]LogD3D11RHI: Chosen D3D11 Adapter: 0
[2017.01.03-08.47.14:374][  0]LogD3D11RHI: Creating new Direct3DDevice
[2017.01.03-08.47.14:374][  0]LogD3D11RHI:     GPU DeviceId: 0xdc0 (for the marketing name, search the web for "GPU Device Id")
[2017.01.03-08.47.14:374][  0]LogWindows: EnumDisplayDevices:
[2017.01.03-08.47.14:374][  0]LogWindows:    0. 'NVIDIA GeForce GT 440' (P:1 D:1)
[2017.01.03-08.47.14:374][  0]LogWindows:    1. 'NVIDIA GeForce GT 440' (P:0 D:0)
[2017.01.03-08.47.14:374][  0]LogWindows:    2. 'RDPDD Chained DD' (P:0 D:0)
[2017.01.03-08.47.14:374][  0]LogWindows:    3. 'RDP Encoder Mirror Driver' (P:0 D:0)
[2017.01.03-08.47.14:374][  0]LogWindows:    4. 'RDP Reflector Display Driver' (P:0 D:0)
[2017.01.03-08.47.14:374][  0]LogWindows: DebugString: GetVideoDriverDetailsInvalid PrimaryIsNotTheChoosenAdapter GetVideoDriverDetailsInvalid PrimaryIsNotTheChoosenAdapter GetVideoDriverDetailsInvalid PrimaryIsNotTheChoosenAdapter FoundDriverCount:2 
[2017.01.03-08.47.14:374][  0]LogD3D11RHI:     Adapter Name: NVIDIA GeForce GT 440
[2017.01.03-08.47.14:374][  0]LogD3D11RHI:   Driver Version: 364.72 (internal:10.18.13.6472, unified:364.72)
[2017.01.03-08.47.14:374][  0]LogD3D11RHI:      Driver Date: 3-21-2016
[2017.01.03-08.47.14:374][  0]LogRHI: Texture pool is 1042 MB (70% of 1489 MB)
[2017.01.03-08.47.14:382][  0]LogD3D11RHI: Async texture creation enabled
[2017.01.03-08.47.14:396][  0]LogD3D11RHI: GPU Timing Frequency: 1000.000000 (Debug: 2 2)
[2017.01.03-08.47.14:396][  0]LogShaderCompilers: Guid format shader working directory is -2 characters bigger than the processId version (../../../../../../Users/Demonic/Desktop/Blackhole/Intermediate/Shaders/WorkingDirectory/15168/).
[2017.01.03-08.47.14:396][  0]LogShaderCompilers: Cleaned the shader compiler working directory 'C:/Users/Demonic/AppData/Local/Temp/UnrealShaderWorkingDir/11D4AB544BE0F6C178E5F8ACFAF3454F/'.
[2017.01.03-08.47.14:396][  0]LogShaderCompilers:Display: Using Local Shader Compiler.
[2017.01.03-08.47.17:588][  0]LogTemp:Display: Loaded TP AllDesktopTargetPlatform
[2017.01.03-08.47.17:598][  0]LogTemp:Display: Loaded TP WindowsClientTargetPlatform
[2017.01.03-08.47.17:608][  0]LogTemp:Display: Loaded TP WindowsNoEditorTargetPlatform
[2017.01.03-08.47.17:618][  0]LogTemp:Display: Loaded TP WindowsServerTargetPlatform
[2017.01.03-08.47.17:629][  0]LogTemp:Display: Loaded TP WindowsTargetPlatform
[2017.01.03-08.47.17:638][  0]LogTemp:Display: Loaded TP AndroidTargetPlatform
[2017.01.03-08.47.17:652][  0]LogTemp:Display: Loaded TP Android_ASTCTargetPlatform
[2017.01.03-08.47.17:664][  0]LogTemp:Display: Loaded TP Android_ATCTargetPlatform
[2017.01.03-08.47.17:673][  0]LogTemp:Display: Loaded TP Android_DXTTargetPlatform
[2017.01.03-08.47.17:683][  0]LogTemp:Display: Loaded TP Android_ETC1TargetPlatform
[2017.01.03-08.47.17:692][  0]LogTemp:Display: Loaded TP Android_ETC2TargetPlatform
[2017.01.03-08.47.17:715][  0]LogTemp:Display: Loaded TP Android_MultiTargetPlatform
[2017.01.03-08.47.17:715][  0]LogTemp:Display: Loaded TP Android_PVRTCTargetPlatform
[2017.01.03-08.47.17:752][  0]LogTemp:Display: Loaded TP HTML5TargetPlatform
[2017.01.03-08.47.17:777][  0]LogTemp:Display: Loaded TP IOSTargetPlatform
[2017.01.03-08.47.17:785][  0]LogTemp:Display: Loaded TP TVOSTargetPlatform
[2017.01.03-08.47.17:794][  0]LogTemp:Display: Loaded TP LinuxNoEditorTargetPlatform
[2017.01.03-08.47.17:803][  0]LogTemp:Display: Loaded TP LinuxServerTargetPlatform
[2017.01.03-08.47.17:823][  0]LogTemp:Display: Loaded TP LinuxTargetPlatform
[2017.01.03-08.47.17:823][  0]LogTargetPlatformManager:Display: Building Assets For Windows
[2017.01.03-08.47.17:907][  0]LogDerivedDataCache:Display: Max Cache Size: 512 MB
[2017.01.03-08.47.18:431][  0]LogDerivedDataCache: Loaded boot cache 0.52s 48MB C:/Users/Demonic/AppData/Local/UnrealEngine/4.12/DerivedDataCache/Boot.ddc.
[2017.01.03-08.47.18:431][  0]LogDerivedDataCache:Display: Loaded Boot cache: C:/Users/Demonic/AppData/Local/UnrealEngine/4.12/DerivedDataCache/Boot.ddc
[2017.01.03-08.47.18:431][  0]LogDerivedDataCache: FDerivedDataBackendGraph:  Pak pak cache file ../../../../../../Users/Demonic/Desktop/Blackhole/DerivedDataCache/DDC.ddp not found, will not use a pak cache.
[2017.01.03-08.47.18:431][  0]LogDerivedDataCache: Unable to find inner node Pak for hierarchical cache Hierarchy.
[2017.01.03-08.47.18:431][  0]LogDerivedDataCache: FDerivedDataBackendGraph:  CompressedPak pak cache file ../../../../../../Users/Demonic/Desktop/Blackhole/DerivedDataCache/Compressed.ddp not found, will not use a pak cache.
[2017.01.03-08.47.18:431][  0]LogDerivedDataCache: Unable to find inner node CompressedPak for hierarchical cache Hierarchy.
[2017.01.03-08.47.18:448][  0]LogDerivedDataCache:Display: Pak cache opened for reading ../../../Engine/DerivedDataCache/Compressed.ddp.
[2017.01.03-08.47.18:459][  0]LogDerivedDataCache: Using Local data cache path C:/Users/Demonic/AppData/Local/UnrealEngine/Common/DerivedDataCache: Writable
[2017.01.03-08.47.18:643][  0]LogInit: Selected Device Profile: [Windows]
[2017.01.03-08.47.18:644][  0]LogContentStreaming: Texture pool size is 0.00 MB
[2017.01.03-08.47.18:801][  0]LogMeshUtilities: No automatic mesh reduction module available
[2017.01.03-08.47.18:801][  0]LogMeshUtilities: No automatic mesh merging module available
[2017.01.03-08.47.18:801][  0]LogMeshUtilities: No distributed automatic mesh merging module available
[2017.01.03-08.47.19:095][  0]LogAssetRegistry: FAssetRegistry took 0.0202 seconds to start up
[2017.01.03-08.47.19:116][  0]LogPackageLocalizationCache: Processed 3 localized package path(s) for 2 prioritized culture(s) in 0.017387 seconds
[2017.01.03-08.47.19:120][  0]LogUObjectArray: 28739 objects as part of root set at end of initial load.
[2017.01.03-08.47.19:120][  0]LogUObjectAllocator: 5855632 out of 0 bytes used by permanent object pool.
[2017.01.03-08.47.19:120][  0]LogUObjectArray: CloseDisregardForGC: 0/0 objects in disregard for GC pool
[2017.01.03-08.47.19:130][  0]LogInit: WinSock: version 1.1 (2.2), MaxSocks=32767, MaxUdp=65467
[2017.01.03-08.47.19:533][  0]LogSlate: SlateFontCache - WITH_FREETYPE: 1, WITH_HARFBUZZ: 1
[2017.01.03-08.47.19:533][  0]LogSlate: SlateFontCache - WITH_FREETYPE: 1, WITH_HARFBUZZ: 1
[2017.01.03-08.47.41:130][  0]LogUdpMessaging: Initializing bridge on interface 0.0.0.0:0 to multicast group 230.0.0.1:6666.
[2017.01.03-08.47.41:610][  0]SourceControl: Info Source control is disabled
[2017.01.03-08.47.41:611][  0]SourceControl: Info Source control is disabled
[2017.01.03-08.47.41:618][  0]SourceControl: Info Source control is disabled
[2017.01.03-08.47.41:626][  0]SourceControl: Info Source control is disabled
[2017.01.03-08.47.41:769][  0]LogLinker:Warning: Can't find file '/Game/TopDownCPP/TopDownOverview'
[2017.01.03-08.47.41:769][  0]LogLinker:Warning: Can't find file '/Game/TopDownCPP/TopDownOverview'
[2017.01.03-08.47.41:769][  0]LogUObjectGlobals:Warning: Failed to find object 'Class /Game/TopDownCPP/TopDownOverview.TopDownOverview_C'
[2017.01.03-08.47.42:124][  0]LogEngine: Initializing Engine...
[2017.01.03-08.47.42:127][  0]LogHMD: SteamVR failed to initialize.  Err: 110
[2017.01.03-08.47.42:129][  0]LogHMD: SteamVR failed to initialize.  Err: 110
[2017.01.03-08.47.42:282][  0]LogAIModule: Creating AISystem for world NewWorld
[2017.01.03-08.47.42:288][  0]LogInit: XAudio2 using 'Speakers (USB  AUDIO  )' : 2 channels at 48 kHz using 16 bits per sample (channel mask 0x3)
[2017.01.03-08.47.42:308][  0]LogInit: FAudioDevice initialized.
[2017.01.03-08.47.42:332][  0]LogDerivedDataCache: Saved boot cache 0.02s 48MB C:/Users/Demonic/AppData/Local/UnrealEngine/4.12/DerivedDataCache/Boot.ddc.
[2017.01.03-08.47.42:344][  0]LogInit: Texture streaming: Enabled
[2017.01.03-08.47.42:402][  0]LogInit: Transaction tracking system initialized
[2017.01.03-08.47.42:456][  0]BlueprintLog: New page: Editor Load
[2017.01.03-08.47.42:625][  0]LocalizationService: Info Localization service is disabled
[2017.01.03-08.47.42:936][  0]LogConsoleResponse:Display: 
[2017.01.03-08.47.43:079][  0]LogCook:Display: Max memory allowance for cook 8192mb
[2017.01.03-08.47.43:079][  0]LogCook:Display: Mobile HDR setting 0
[2017.01.03-08.47.43:207][  0]LogFileCache: Scanning file cache for directory 'C:/Users/Demonic/Desktop/Blackhole/Content/' took 0.02s
[2017.01.03-08.47.43:425][  0]SourceControl: Info Source control is disabled
[2017.01.03-08.47.43:425][  0]Cmd: MAP LOAD FILE="../../../../../../Users/Demonic/Desktop/Blackhole/Content/TopDownBP/Maps/TopDownExampleMap.umap" TEMPLATE=0 SHOWPROGRESS=1 FEATURELEVEL=3
[2017.01.03-08.47.43:426][  0]LightingResults: New page: Lighting Build
[2017.01.03-08.47.43:429][  0]MapCheck: New page: Map Check
[2017.01.03-08.47.43:429][  0]LightingResults: New page: Lighting Build
[2017.01.03-08.47.44:240][  0]LogAIModule: Creating AISystem for world TopDownExampleMap
[2017.01.03-08.47.44:250][  0]LogEditorServer: Finished looking for orphan Actors (0.000 secs)
[2017.01.03-08.47.44:251][  0]Cmd: MAP CHECKDEP NOCLEARLOG
[2017.01.03-08.47.44:293][  0]MapCheck: Info Map check complete: 0 Error(s), 0 Warning(s), took 42.092ms to complete.
[2017.01.03-08.47.44:293][  0]LogFileHelpers: Loading map 'TopDownExampleMap' took 0.868
[2017.01.03-08.47.44:612][  0]LogCollectionManager: Loaded 0 collections in 0.008604 seconds
[2017.01.03-08.47.44:656][  0]LogFileCache: Scanning file cache for directory 'C:/Users/Demonic/Desktop/Blackhole/Saved/Collections/' took 0.02s
[2017.01.03-08.47.44:656][  0]LogFileCache: Scanning file cache for directory 'C:/Users/Demonic/Desktop/Blackhole/Content/Developers/Demonic/Collections/' took 0.01s
[2017.01.03-08.47.44:656][  0]LogFileCache: Scanning file cache for directory 'C:/Users/Demonic/Desktop/Blackhole/Content/Collections/' took 0.01s
[2017.01.03-08.47.44:656][  0]LogCollectionManager: Rebuilt the GUID cache for 0 collections in 0.000003 seconds
[2017.01.03-08.47.44:665][  0]LogContentBrowser: Native class hierarchy populated in 0.0091 seconds. Added 2047 classes and 369 folders.
[2017.01.03-08.47.44:670][  0]LogStats: UGameplayTagsManager::ConstructGameplayTagTree: Construct from data asset -  0.000 s
[2017.01.03-08.47.44:670][  0]LogStats: UGameplayTagsManager::ConstructGameplayTagTree: GameplayTagTreeChangedEvent.Broadcast -  0.000 s
[2017.01.03-08.47.44:671][  0]LogContentBrowser: Native class hierarchy updated for 'GameplayTags' in 0.0006 seconds. Added 12 classes and 0 folders.
[2017.01.03-08.47.44:685][  0]LogContentBrowser: Native class hierarchy updated for 'WidgetCarousel' in 0.0005 seconds. Added 0 classes and 0 folders.
[2017.01.03-08.47.45:638][  0]LogContentBrowser: Native class hierarchy updated for 'AddContentDialog' in 0.0004 seconds. Added 0 classes and 0 folders.
[2017.01.03-08.47.45:643][  0]LogContentBrowser: Native class hierarchy updated for 'SceneOutliner' in 0.0005 seconds. Added 1 classes and 2 folders.
[2017.01.03-08.47.45:698][  0]LogCrashTracker: Crashtracker disabled due to settings.
[2017.01.03-08.47.45:703][  0]LogUObjectGlobals:Warning: Failed to find object 'Class None.'
[2017.01.03-08.47.45:728][  0]LogContentBrowser: Native class hierarchy updated for 'HierarchicalLODOutliner' in 0.0005 seconds. Added 1 classes and 2 folders.
[2017.01.03-08.47.45:728][  0]LogLoad: Full Startup: 33.58 seconds (BP compile: 0.21 seconds)
[2017.01.03-08.47.45:728][  0]LogExternalProfiler: Found external profiler: VSPerf
[2017.01.03-08.47.45:728][  0]LogExternalProfiler: Using external profiler: VSPerf
[2017.01.03-08.47.46:067][  0]LogOcInput: OculusInput pre-init called
[2017.01.03-08.47.46:086][  0]LogContentStreaming: Texture pool size now 1000 MB
[2017.01.03-08.47.46:275][  0]LogRenderer: Reallocating scene render targets to support 704x540 (Frame:2).
[2017.01.03-08.47.46:740][  2]LogAssetRegistry: Asset discovery search completed in 27.6652 seconds
[2017.01.03-08.47.46:740][  2]LogCollectionManager: Rebuilt the object cache for 0 collections in 0.000001 seconds (found 0 objects)
[2017.01.03-08.47.46:740][  2]LogCollectionManager: Fixed up redirectors for 0 collections in 0.000035 seconds (updated 0 objects)
[2017.01.03-09.21.06:458][362]LogFactory: FactoryCreateFile: Texture with ReimportTextureFactory (0 0 ../../../../../../Users/Demonic/Desktop/AHole1.png)
[2017.01.03-09.21.06:502][362]LogTexture:Display: Building textures: AHole1 (AutoDXT)
[2017.01.03-09.21.25:031][638]LogRenderer: Reallocating scene render targets to support 1016x864 (Frame:1094).
[2017.01.03-09.21.37:172][364]LogMaterial: Missing cached shader map for material A_WLight, compiling. 
[2017.01.03-09.21.54:414][331]Cmd: OBJ SAVEPACKAGE PACKAGE="/Game/Blackhole/Player/A_BlackHoleMat" FILE="../../../../../../Users/Demonic/Desktop/Blackhole/Content/Blackhole/Player/A_BlackHoleMat.uasset" SILENT=true
[2017.01.03-09.21.54:424][331]LogSavePackage: Save=8.41ms
[2017.01.03-09.21.54:424][331]LogSavePackage: Moving '../../../../../../Users/Demonic/Desktop/Blackhole/Saved/A_BlackHoleMat159D96514557AEF2892C718CD164BCDE.tmp' to '../../../../../../Users/Demonic/Desktop/Blackhole/Content/Blackhole/Player/A_BlackHoleMat.uasset'
[2017.01.03-09.21.54:425][331]LogSavePackage:Display: Finished SavePackage ../../../../../../Users/Demonic/Desktop/Blackhole/Content/Blackhole/Player/A_BlackHoleMat.uasset
[2017.01.03-09.21.55:781][465]LogMaterial: Missing cached shader map for material A_BlackHoleMat, compiling. 
[2017.01.03-09.21.56:076][465]LogMaterial: Missing cached shader map for material A_BlackHoleMat, compiling. 
[2017.01.03-09.21.56:089][465]LogMaterial: 0.00 seconds spent updating 1 materials, 1 interfaces, 0 instances, 0 with static permutations.
[2017.01.03-09.21.56:149][465]LogMaterial: Missing cached shader map for material FMatExpressionPreview MaterialExpressionTextureSample_0, compiling. 
[2017.01.03-09.21.58:111][536]MaterialEditorStats: Info Base pass shader with only dynamic lighting: 29 instructions
[2017.01.03-09.21.58:111][536]MaterialEditorStats: Info Base pass shader for self shadowed translucency: 65 instructions
[2017.01.03-09.21.58:111][536]MaterialEditorStats: Info Vertex shader: 68 instructions
[2017.01.03-09.21.58:111][536]MaterialEditorStats: Info Texture samplers: 5/16
[2017.01.03-09.22.02:012][735]LogMaterial: Missing cached shader map for material A_BlackHoleMat, compiling. 
[2017.01.03-09.22.02:021][735]LogMaterial: 0.00 seconds spent updating 1 materials, 1 interfaces, 0 instances, 0 with static permutations.
[2017.01.03-09.22.02:044][735]LogMaterial: Missing cached shader map for material FMatExpressionPreview MaterialExpressionTextureSample_0, compiling. 
[2017.01.03-09.22.04:143][812]MaterialEditorStats: Info Base pass shader with only dynamic lighting: 29 instructions
[2017.01.03-09.22.04:143][812]MaterialEditorStats: Info Base pass shader for self shadowed translucency: 65 instructions
[2017.01.03-09.22.04:143][812]MaterialEditorStats: Info Vertex shader: 68 instructions
[2017.01.03-09.22.04:143][812]MaterialEditorStats: Info Texture samplers: 5/16
[2017.01.03-09.22.08:900][993]LogMaterialEditor: Saving and Compiling material A_BlackHoleMat
[2017.01.03-09.22.11:005][993]LogMaterial: Missing cached shader map for material A_BlackHoleMat, compiling. 
[2017.01.03-09.22.11:025][993]LogMaterial: 0.00 seconds spent updating 1 materials, 1 interfaces, 0 instances, 0 with static permutations.
[2017.01.03-09.22.11:062][993]LogMaterial: Missing cached shader map for material A_BlackHoleMat, compiling. 
[2017.01.03-09.22.11:098][993]LogMaterial: Missing cached shader map for material A_BlackHoleMat, compiling. 
[2017.01.03-09.22.11:126][993]LogMaterial: 0.00 seconds spent updating 1 materials, 1 interfaces, 0 instances, 0 with static permutations.
[2017.01.03-09.22.21:932][993]Cmd: OBJ SAVEPACKAGE PACKAGE="/Game/Blackhole/Player/A_BlackHoleMat" FILE="../../../../../../Users/Demonic/Desktop/Blackhole/Content/Blackhole/Player/A_BlackHoleMat.uasset" SILENT=true
[2017.01.03-09.22.21:951][993]LogSavePackage: Save=11.10ms
[2017.01.03-09.22.21:951][993]LogSavePackage: Moving '../../../../../../Users/Demonic/Desktop/Blackhole/Saved/A_BlackHoleMat9F134AD8434388AF46DD7E9D0F321B2F.tmp' to '../../../../../../Users/Demonic/Desktop/Blackhole/Content/Blackhole/Player/A_BlackHoleMat.uasset'
[2017.01.03-09.22.21:952][993]LogSavePackage:Display: Finished SavePackage ../../../../../../Users/Demonic/Desktop/Blackhole/Content/Blackhole/Player/A_BlackHoleMat.uasset
[2017.01.03-09.22.21:956][993]MaterialEditorStats: Info Base pass shader with only dynamic lighting: 53 instructions
[2017.01.03-09.22.21:956][993]MaterialEditorStats: Info Base pass shader for self shadowed translucency: 89 instructions
[2017.01.03-09.22.21:956][993]MaterialEditorStats: Info Vertex shader: 68 instructions
[2017.01.03-09.22.21:956][993]MaterialEditorStats: Info Texture samplers: 7/16
[2017.01.03-09.22.25:050][ 99]LogFileHelpers: Editor autosave (incl. sublevels) for '/Game/TopDownBP/Maps/TopDownExampleMap' took 0.009
[2017.01.03-09.22.25:061][ 99]OBJ SavePackage: Generating thumbnails for [1] asset(s) in package [/Game/Blackhole/Player/AHole1] ([1] browsable assets)...
[2017.01.03-09.22.25:071][ 99]OBJ SavePackage:     Rendered thumbnail for [Texture2D /Game/Blackhole/Player/AHole1.AHole1]
[2017.01.03-09.22.25:071][ 99]OBJ SavePackage: Finished generating thumbnails for package [/Game/Blackhole/Player/AHole1]
[2017.01.03-09.22.25:071][ 99]Cmd: OBJ SAVEPACKAGE PACKAGE="/Game/Blackhole/Player/AHole1" FILE="../../../../../../Users/Demonic/Desktop/Blackhole/Saved/Autosaves/Game/Blackhole/Player/AHole1_Auto1.uasset" SILENT=false AUTOSAVING=true
[2017.01.03-09.22.25:083][ 99]LogSavePackage: Save=11.64ms
[2017.01.03-09.22.25:083][ 99]LogSavePackage: Moving '../../../../../../Users/Demonic/Desktop/Blackhole/Saved/AHole1_Auto1D3401730436014343ECDC5BC8DFB4F7B.tmp' to '../../../../../../Users/Demonic/Desktop/Blackhole/Saved/Autosaves/Game/Blackhole/Player/AHole1_Auto1.uasset'
[2017.01.03-09.22.25:084][ 99]LogSavePackage:Display: Finished SavePackage ../../../../../../Users/Demonic/Desktop/Blackhole/Saved/Autosaves/Game/Blackhole/Player/AHole1_Auto1.uasset
[2017.01.03-09.22.25:084][ 99]OBJ SavePackage: Generating thumbnails for [1] asset(s) in package [/Game/Blackhole/Player/AHole1_Sprite] ([1] browsable assets)...
[2017.01.03-09.22.25:095][ 99]OBJ SavePackage:     Rendered thumbnail for [PaperSprite /Game/Blackhole/Player/AHole1_Sprite.AHole1_Sprite]
[2017.01.03-09.22.25:095][ 99]OBJ SavePackage: Finished generating thumbnails for package [/Game/Blackhole/Player/AHole1_Sprite]
[2017.01.03-09.22.25:107][ 99]LogSavePackage: Save=11.64ms
[2017.01.03-09.22.25:107][ 99]LogSavePackage: Moving '../../../../../../Users/Demonic/Desktop/Blackhole/Saved/AHole1_Sprite_Auto1F85C27AE48F63EDF51FFCAA7C1794E38.tmp' to '../../../../../../Users/Demonic/Desktop/Blackhole/Saved/Autosaves/Game/Blackhole/Player/AHole1_Sprite_Auto1.uasset'
[2017.01.03-09.22.25:108][ 99]LogSavePackage:Display: Finished SavePackage ../../../../../../Users/Demonic/Desktop/Blackhole/Saved/Autosaves/Game/Blackhole/Player/AHole1_Sprite_Auto1.uasset
[2017.01.03-09.22.25:110][ 99]LogSavePackage: Save=0.76ms
[2017.01.03-09.22.25:110][ 99]LogSavePackage: Moving '../../../../../../Users/Demonic/Desktop/Blackhole/Saved/A_WLight_Auto185203B044B96CEBCD8F4DEA6FABC44A8.tmp' to '../../../../../../Users/Demonic/Desktop/Blackhole/Saved/Autosaves/Game/Blackhole/Player/A_WLight_Auto1.uasset'
[2017.01.03-09.22.25:110][ 99]LogSavePackage:Display: Finished SavePackage ../../../../../../Users/Demonic/Desktop/Blackhole/Saved/Autosaves/Game/Blackhole/Player/A_WLight_Auto1.uasset
[2017.01.03-09.22.25:110][ 99]LogFileHelpers: Auto-saving content packages took 0.059
[2017.01.03-09.22.43:732][  6]Cmd: OBJ SAVEPACKAGE PACKAGE="/Game/Blackhole/Player/AHole1" FILE="../../../../../../Users/Demonic/Desktop/Blackhole/Content/Blackhole/Player/AHole1.uasset" SILENT=true
[2017.01.03-09.22.43:785][  6]LogSavePackage: Save=52.32ms
[2017.01.03-09.22.43:785][  6]LogSavePackage: Moving '../../../../../../Users/Demonic/Desktop/Blackhole/Saved/AHole16FD4B30B4F6DCDD73C9F1A8EED06B737.tmp' to '../../../../../../Users/Demonic/Desktop/Blackhole/Content/Blackhole/Player/AHole1.uasset'
[2017.01.03-09.22.43:787][  6]LogSavePackage:Display: Finished SavePackage ../../../../../../Users/Demonic/Desktop/Blackhole/Content/Blackhole/Player/AHole1.uasset
[2017.01.03-09.22.43:804][  6]Cmd: OBJ SAVEPACKAGE PACKAGE="/Game/Blackhole/Player/AHole1_Sprite" FILE="../../../../../../Users/Demonic/Desktop/Blackhole/Content/Blackhole/Player/AHole1_Sprite.uasset" SILENT=true
[2017.01.03-09.22.43:816][  6]LogSavePackage: Save=11.38ms
[2017.01.03-09.22.43:816][  6]LogSavePackage: Moving '../../../../../../Users/Demonic/Desktop/Blackhole/Saved/AHole1_SpriteD0167178480D1794625F75AB45D2C7DE.tmp' to '../../../../../../Users/Demonic/Desktop/Blackhole/Content/Blackhole/Player/AHole1_Sprite.uasset'
[2017.01.03-09.22.43:817][  6]LogSavePackage:Display: Finished SavePackage ../../../../../../Users/Demonic/Desktop/Blackhole/Content/Blackhole/Player/AHole1_Sprite.uasset
[2017.01.03-09.22.43:820][  6]Cmd: OBJ SAVEPACKAGE PACKAGE="/Game/Blackhole/Player/A_WLight" FILE="../../../../../../Users/Demonic/Desktop/Blackhole/Content/Blackhole/Player/A_WLight.uasset" SILENT=true
[2017.01.03-09.22.43:824][  6]LogSavePackage: Save=0.89ms
[2017.01.03-09.22.43:824][  6]LogSavePackage: Moving '../../../../../../Users/Demonic/Desktop/Blackhole/Saved/A_WLightC4814F7B47A0774CA346BEA5BF7745E1.tmp' to '../../../../../../Users/Demonic/Desktop/Blackhole/Content/Blackhole/Player/A_WLight.uasset'
[2017.01.03-09.22.43:825][  6]LogSavePackage:Display: Finished SavePackage ../../../../../../Users/Demonic/Desktop/Blackhole/Content/Blackhole/Player/A_WLight.uasset
[2017.01.03-09.22.43:836][  6]Cmd: OBJ SAVEPACKAGE PACKAGE="/Game/Blackhole/Player/BlackHole_particle" FILE="../../../../../../Users/Demonic/Desktop/Blackhole/Content/Blackhole/Player/BlackHole_particle.uasset" SILENT=true
[2017.01.03-09.22.43:840][  6]LogSavePackage: Save=3.39ms
[2017.01.03-09.22.43:840][  6]LogSavePackage: Moving '../../../../../../Users/Demonic/Desktop/Blackhole/Saved/BlackHole_particle572D800D4A08CF7F2F4FE9A6B8BCDDE9.tmp' to '../../../../../../Users/Demonic/Desktop/Blackhole/Content/Blackhole/Player/BlackHole_particle.uasset'
[2017.01.03-09.22.43:841][  6]LogSavePackage:Display: Finished SavePackage ../../../../../../Users/Demonic/Desktop/Blackhole/Content/Blackhole/Player/BlackHole_particle.uasset
[2017.01.03-09.22.45:260][ 57]LogContentBrowser: Native class hierarchy updated for 'Cascade' in 0.0005 seconds. Added 2 classes and 2 folders.
[2017.01.03-09.24.37:593][274]Cmd: OBJ SAVEPACKAGE PACKAGE="/Game/Blackhole/Player/BlackHole_particle" FILE="../../../../../../Users/Demonic/Desktop/Blackhole/Content/Blackhole/Player/BlackHole_particle.uasset" SILENT=true
[2017.01.03-09.24.37:626][274]LogSavePackage: Save=25.07ms
[2017.01.03-09.24.37:627][274]LogSavePackage: Moving '../../../../../../Users/Demonic/Desktop/Blackhole/Saved/BlackHole_particleF2D3FF36433991E82C4AFAB0C2BB9C06.tmp' to '../../../../../../Users/Demonic/Desktop/Blackhole/Content/Blackhole/Player/BlackHole_particle.uasset'
[2017.01.03-09.24.37:628][274]LogSavePackage:Display: Finished SavePackage ../../../../../../Users/Demonic/Desktop/Blackhole/Content/Blackhole/Player/BlackHole_particle.uasset
[2017.01.03-09.24.58:495][727]LogMaterial: Missing cached shader map for material A_BlackHoleMat, compiling. 
[2017.01.03-09.24.58:504][727]LogMaterial: 0.00 seconds spent updating 1 materials, 1 interfaces, 0 instances, 0 with static permutations.
[2017.01.03-09.24.58:554][727]LogMaterial: Missing cached shader map for material A_BlackHoleMat, compiling. 
[2017.01.03-09.24.58:563][727]LogMaterial: 0.00 seconds spent updating 1 materials, 1 interfaces, 0 instances, 0 with static permutations.
[2017.01.03-09.25.01:074][835]MaterialEditorStats: Info Base pass shader with only dynamic lighting: 29 instructions
[2017.01.03-09.25.01:074][835]MaterialEditorStats: Info Base pass shader for self shadowed translucency: 65 instructions
[2017.01.03-09.25.01:074][835]MaterialEditorStats: Info Vertex shader: 68 instructions
[2017.01.03-09.25.01:074][835]MaterialEditorStats: Info Texture samplers: 5/16
[2017.01.03-09.25.02:123][929]LogMaterial: Missing cached shader map for material A_BlackHoleMat, compiling. 
[2017.01.03-09.25.02:132][929]LogMaterial: 0.00 seconds spent updating 1 materials, 1 interfaces, 0 instances, 0 with static permutations.
[2017.01.03-09.25.04:185][ 16]MaterialEditorStats: Info Base pass shader with only dynamic lighting: 29 instructions
[2017.01.03-09.25.04:185][ 16]MaterialEditorStats: Info Base pass shader for self shadowed translucency: 66 instructions
[2017.01.03-09.25.04:186][ 16]MaterialEditorStats: Info Vertex shader: 68 instructions
[2017.01.03-09.25.04:186][ 16]MaterialEditorStats: Info Texture samplers: 5/16
[2017.01.03-09.25.08:793][399]LogMaterial: Missing cached shader map for material A_BlackHoleMat, compiling. 
[2017.01.03-09.25.08:802][399]LogMaterial: 0.00 seconds spent updating 1 materials, 1 interfaces, 0 instances, 0 with static permutations.
[2017.01.03-09.25.10:953][509]LogMaterial: Missing cached shader map for material A_BlackHoleMat, compiling. 
[2017.01.03-09.25.10:962][509]LogMaterial: 0.00 seconds spent updating 1 materials, 1 interfaces, 0 instances, 0 with static permutations.
[2017.01.03-09.25.13:025][590]MaterialEditorStats: Info Base pass shader with only dynamic lighting: 29 instructions
[2017.01.03-09.25.13:025][590]MaterialEditorStats: Info Base pass shader for self shadowed translucency: 65 instructions
[2017.01.03-09.25.13:025][590]MaterialEditorStats: Info Vertex shader: 68 instructions
[2017.01.03-09.25.13:025][590]MaterialEditorStats: Info Texture samplers: 5/16
[2017.01.03-09.25.14:005][625]LogMaterial: Missing cached shader map for material A_BlackHoleMat, compiling. 
[2017.01.03-09.25.14:014][625]LogMaterial: 0.00 seconds spent updating 1 materials, 1 interfaces, 0 instances, 0 with static permutations.
[2017.01.03-09.25.16:107][704]MaterialEditorStats: Info Base pass shader with only dynamic lighting: 29 instructions
[2017.01.03-09.25.16:107][704]MaterialEditorStats: Info Base pass shader for self shadowed translucency: 65 instructions
[2017.01.03-09.25.16:107][704]MaterialEditorStats: Info Vertex shader: 68 instructions
[2017.01.03-09.25.16:107][704]MaterialEditorStats: Info Texture samplers: 5/16
[2017.01.03-09.25.20:802][886]LogMaterial: Missing cached shader map for material A_BlackHoleMat, compiling. 
[2017.01.03-09.25.20:811][886]LogMaterial: 0.00 seconds spent updating 1 materials, 1 interfaces, 0 instances, 0 with static permutations.
[2017.01.03-09.25.22:855][964]MaterialEditorStats: Info Base pass shader with only dynamic lighting: 29 instructions
[2017.01.03-09.25.22:855][964]MaterialEditorStats: Info Base pass shader for self shadowed translucency: 66 instructions
[2017.01.03-09.25.22:855][964]MaterialEditorStats: Info Vertex shader: 68 instructions
[2017.01.03-09.25.22:855][964]MaterialEditorStats: Info Texture samplers: 5/16
[2017.01.03-09.25.27:116][127]LogMaterial: Missing cached shader map for material A_BlackHoleMat, compiling. 
[2017.01.03-09.25.27:126][127]LogMaterial: 0.00 seconds spent updating 1 materials, 1 interfaces, 0 instances, 0 with static permutations.
[2017.01.03-09.25.29:184][206]MaterialEditorStats: Info Base pass shader with only dynamic lighting: 29 instructions
[2017.01.03-09.25.29:184][206]MaterialEditorStats: Info Base pass shader for self shadowed translucency: 66 instructions
[2017.01.03-09.25.29:184][206]MaterialEditorStats: Info Vertex shader: 68 instructions
[2017.01.03-09.25.29:184][206]MaterialEditorStats: Info Texture samplers: 5/16
[2017.01.03-09.25.34:260][397]LogMaterialEditor: Saving and Compiling material A_BlackHoleMat
[2017.01.03-09.25.34:701][397]LogMaterial: Missing cached shader map for material A_BlackHoleMat, compiling. 
[2017.01.03-09.25.34:723][397]LogMaterial: 0.00 seconds spent updating 1 materials, 1 interfaces, 0 instances, 0 with static permutations.
[2017.01.03-09.25.34:758][397]LogMaterial: Missing cached shader map for material A_BlackHoleMat, compiling. 
[2017.01.03-09.25.34:797][397]LogMaterial: Missing cached shader map for material A_BlackHoleMat, compiling. 
[2017.01.03-09.25.34:842][397]LogMaterial: 0.00 seconds spent updating 1 materials, 1 interfaces, 0 instances, 0 with static permutations.
[2017.01.03-09.25.45:720][397]Cmd: OBJ SAVEPACKAGE PACKAGE="/Game/Blackhole/Player/A_BlackHoleMat" FILE="../../../../../../Users/Demonic/Desktop/Blackhole/Content/Blackhole/Player/A_BlackHoleMat.uasset" SILENT=true
[2017.01.03-09.25.45:743][397]LogSavePackage: Save=13.71ms
[2017.01.03-09.25.45:743][397]LogSavePackage: Moving '../../../../../../Users/Demonic/Desktop/Blackhole/Saved/A_BlackHoleMat1215A6974C590D3040D269A95220B200.tmp' to '../../../../../../Users/Demonic/Desktop/Blackhole/Content/Blackhole/Player/A_BlackHoleMat.uasset'
[2017.01.03-09.25.45:745][397]LogSavePackage:Display: Finished SavePackage ../../../../../../Users/Demonic/Desktop/Blackhole/Content/Blackhole/Player/A_BlackHoleMat.uasset
[2017.01.03-09.25.45:747][397]MaterialEditorStats: Info Base pass shader with only dynamic lighting: 53 instructions
[2017.01.03-09.25.45:747][397]MaterialEditorStats: Info Base pass shader for self shadowed translucency: 89 instructions
[2017.01.03-09.25.45:748][397]MaterialEditorStats: Info Vertex shader: 68 instructions
[2017.01.03-09.25.45:748][397]MaterialEditorStats: Info Texture samplers: 7/16
[2017.01.03-09.26.51:954][ 96]LogCascade: Non-seeded module ParticleModuleRotation
[2017.01.03-09.27.57:580][ 45]Cmd: OBJ SAVEPACKAGE PACKAGE="/Game/Blackhole/Player/BlackHole_particle" FILE="../../../../../../Users/Demonic/Desktop/Blackhole/Content/Blackhole/Player/BlackHole_particle.uasset" SILENT=true
[2017.01.03-09.27.57:595][ 45]LogSavePackage: Save=6.12ms
[2017.01.03-09.27.57:595][ 45]LogSavePackage: Moving '../../../../../../Users/Demonic/Desktop/Blackhole/Saved/BlackHole_particle927DDEBD48150464281953A2E082AC9F.tmp' to '../../../../../../Users/Demonic/Desktop/Blackhole/Content/Blackhole/Player/BlackHole_particle.uasset'
[2017.01.03-09.27.57:597][ 45]LogSavePackage:Display: Finished SavePackage ../../../../../../Users/Demonic/Desktop/Blackhole/Content/Blackhole/Player/BlackHole_particle.uasset
[2017.01.03-09.28.06:623][385]LogContentBrowser: Native class hierarchy updated for 'BlueprintGraph' in 0.0008 seconds. Added 111 classes and 0 folders.
[2017.01.03-09.29.24:156][883]BlueprintLog: New page: Compile BlackHolePlayer
[2017.01.03-09.29.25:505][883]BlueprintEditorCompileResults: Info [2533.31] Compile of BlackHolePlayer successful! [in 1,349 ms] (/Game/Blackhole/Player/BlackHolePlayer.BlackHolePlayer)
[2017.01.03-09.30.34:915][187]BlueprintLog: New page: Compile BlackHolePlayer
[2017.01.03-09.30.35:410][187]BlueprintEditorCompileResults: Info [2603.22] Compile of BlackHolePlayer successful! [in 494 ms] (/Game/Blackhole/Player/BlackHolePlayer.BlackHolePlayer)
[2017.01.03-09.30.50:003][820]BlueprintLog: New page: Compile BlackHolePlayer
[2017.01.03-09.30.50:214][820]BlueprintEditorCompileResults: Info [2618.02] Compile of BlackHolePlayer successful! [in 210 ms] (/Game/Blackhole/Player/BlackHolePlayer.BlackHolePlayer)
[2017.01.03-09.30.54:308][ 35]LogBlueprintUserMessages: Early PlayInEditor Detection: Level '/Game/TopDownBP/Maps/TopDownExampleMap.TopDownExampleMap:PersistentLevel' has LevelScriptBlueprint '/Game/TopDownBP/Maps/TopDownExampleMap.TopDownExampleMap:PersistentLevel.TopDownExampleMap' with GeneratedClass '/Game/TopDownBP/Maps/TopDownExampleMap.TopDownExampleMap_C' with ClassGeneratedBy '/Game/TopDownBP/Maps/TopDownExampleMap.TopDownExampleMap:PersistentLevel.TopDownExampleMap'
[2017.01.03-09.30.54:308][ 35]LogPlayLevel: PlayLevel: No blueprints needed recompiling
[2017.01.03-09.30.54:387][ 35]PIE: New page: PIE session: TopDownExampleMap (Jan 2, 2017, 5:30:54 PM)
[2017.01.03-09.30.54:387][ 35]LogPlayLevel: Creating play world package: /Game/TopDownBP/Maps/UEDPIE_0_TopDownExampleMap
[2017.01.03-09.30.54:410][ 35]LogPlayLevel: PIE: StaticDuplicateObject took: (0.023091s)
[2017.01.03-09.30.54:412][ 35]LogAIModule: Creating AISystem for world TopDownExampleMap
[2017.01.03-09.30.54:412][ 35]LogPlayLevel: PIE: World Init took: (0.001411s)
[2017.01.03-09.30.54:412][ 35]LogPlayLevel: PIE: Created PIE world by copying editor world from /Game/TopDownBP/Maps/TopDownExampleMap.TopDownExampleMap to /Game/TopDownBP/Maps/UEDPIE_0_TopDownExampleMap.TopDownExampleMap (0.025011s)
[2017.01.03-09.30.54:451][ 35]LogInit: XAudio2 using 'Speakers (USB  AUDIO  )' : 2 channels at 48 kHz using 16 bits per sample (channel mask 0x3)
[2017.01.03-09.30.54:456][ 35]LogInit: FAudioDevice initialized.
[2017.01.03-09.30.54:544][ 35]LogWorld: Game class is 'TopDownGameMode_C'
[2017.01.03-09.30.54:549][ 35]LogWorld: Bringing World /Game/TopDownBP/Maps/UEDPIE_0_TopDownExampleMap.TopDownExampleMap up for play (max tick rate 0) at 2017.01.03-01.30.54
[2017.01.03-09.30.54:549][ 35]LogWorld: Bringing up level for play took: 0.004034
[2017.01.03-09.30.54:568][ 35]LogContentBrowser: Native class hierarchy updated for 'MovieSceneCapture' in 0.0005 seconds. Added 11 classes and 0 folders.
[2017.01.03-09.30.54:569][ 35]PIE: Info Play in editor start time for /Game/TopDownBP/Maps/UEDPIE_0_TopDownExampleMap 0.038
[2017.01.03-09.30.54:569][ 35]LogBlueprintUserMessages: Late PlayInEditor Detection: Level '/Game/TopDownBP/Maps/TopDownExampleMap.TopDownExampleMap:PersistentLevel' has LevelScriptBlueprint '/Game/TopDownBP/Maps/TopDownExampleMap.TopDownExampleMap:PersistentLevel.TopDownExampleMap' with GeneratedClass '/Game/TopDownBP/Maps/TopDownExampleMap.TopDownExampleMap_C' with ClassGeneratedBy '/Game/TopDownBP/Maps/TopDownExampleMap.TopDownExampleMap:PersistentLevel.TopDownExampleMap'
[2017.01.03-09.31.48:707][663]LogBlueprintUserMessages: Early EndPlayMap Detection: Level '/Game/TopDownBP/Maps/TopDownExampleMap.TopDownExampleMap:PersistentLevel' has LevelScriptBlueprint '/Game/TopDownBP/Maps/TopDownExampleMap.TopDownExampleMap:PersistentLevel.TopDownExampleMap' with GeneratedClass '/Game/TopDownBP/Maps/TopDownExampleMap.TopDownExampleMap_C' with ClassGeneratedBy '/Game/TopDownBP/Maps/TopDownExampleMap.TopDownExampleMap:PersistentLevel.TopDownExampleMap'
[2017.01.03-09.31.48:775][663]LogBlueprintUserMessages: Late EndPlayMap Detection: Level '/Game/TopDownBP/Maps/TopDownExampleMap.TopDownExampleMap:PersistentLevel' has LevelScriptBlueprint '/Game/TopDownBP/Maps/TopDownExampleMap.TopDownExampleMap:PersistentLevel.TopDownExampleMap' with GeneratedClass '/Game/TopDownBP/Maps/TopDownExampleMap.TopDownExampleMap_C' with ClassGeneratedBy '/Game/TopDownBP/Maps/TopDownExampleMap.TopDownExampleMap:PersistentLevel.TopDownExampleMap'
[2017.01.03-09.32.33:557][417]BlueprintLog: New page: Compile BlackHolePlayer
[2017.01.03-09.32.33:988][417]BlueprintEditorCompileResults: Info [2721.79] Compile of BlackHolePlayer successful! [in 430 ms] (/Game/Blackhole/Player/BlackHolePlayer.BlackHolePlayer)
[2017.01.03-09.33.02:331][385]LogCascade: Quitting Cascade. FXSystem=0x000000002B2B2C00
[2017.01.03-09.33.05:560][535]LogSavePackage: Save=173.81ms
[2017.01.03-09.33.05:560][535]LogSavePackage: Moving '../../../../../../Users/Demonic/Desktop/Blackhole/Saved/TopDownExampleMapF1DDE9954599F66720383EB5AEB0E2FB.tmp' to '../../../../../../Users/Demonic/Desktop/Blackhole/Content/TopDownBP/Maps/TopDownExampleMap.umap'
[2017.01.03-09.33.05:562][535]LogSavePackage:Display: Finished SavePackage ../../../../../../Users/Demonic/Desktop/Blackhole/Content/TopDownBP/Maps/TopDownExampleMap.umap
[2017.01.03-09.33.05:588][535]LogFileHelpers: Saving map 'TopDownExampleMap' took 0.426
[2017.01.03-09.33.05:590][535]Cmd: OBJ SAVEPACKAGE PACKAGE="/Game/Blackhole/Player/BlackHolePlayer" FILE="../../../../../../Users/Demonic/Desktop/Blackhole/Content/Blackhole/Player/BlackHolePlayer.uasset" SILENT=true
[2017.01.03-09.33.05:662][535]LogSavePackage: Save=68.03ms
[2017.01.03-09.33.05:662][535]LogSavePackage: Moving '../../../../../../Users/Demonic/Desktop/Blackhole/Saved/BlackHolePlayerF7178BF1464077AA7A740396CCC90151.tmp' to '../../../../../../Users/Demonic/Desktop/Blackhole/Content/Blackhole/Player/BlackHolePlayer.uasset'
[2017.01.03-09.33.05:663][535]LogSavePackage:Display: Finished SavePackage ../../../../../../Users/Demonic/Desktop/Blackhole/Content/Blackhole/Player/BlackHolePlayer.uasset
[2017.01.03-09.36.00:352][723]LogParticles:Warning: MaxCount =  627 for Emitter ParticleSpriteEmitter_0 (/Game/Blackhole/Player/BlackHole_particle.BlackHole_particle)
[2017.01.03-09.36.24:271][659]LogParticles:Warning: MaxCount = 22502 for Emitter ParticleSpriteEmitter_0 (/Game/Blackhole/Player/BlackHole_particle.BlackHole_particle)
[2017.01.03-09.36.31:325][932]LogParticles:Warning: MaxCount = 22502 for Emitter ParticleSpriteEmitter_0 (/Game/Blackhole/Player/BlackHole_particle.BlackHole_particle)
[2017.01.03-09.36.34:050][ 39]LogParticles:Warning: MaxCount = 22502 for Emitter ParticleSpriteEmitter_0 (/Game/Blackhole/Player/BlackHole_particle.BlackHole_particle)
[2017.01.03-09.36.37:230][162]Cmd: OBJ SAVEPACKAGE PACKAGE="/Game/Blackhole/Player/BlackHole_particle" FILE="../../../../../../Users/Demonic/Desktop/Blackhole/Content/Blackhole/Player/BlackHole_particle.uasset" SILENT=true
[2017.01.03-09.36.37:244][162]LogSavePackage: Save=5.98ms
[2017.01.03-09.36.37:244][162]LogSavePackage: Moving '../../../../../../Users/Demonic/Desktop/Blackhole/Saved/BlackHole_particleDCBE6A5B4AE775DA75485D9D97A6CA23.tmp' to '../../../../../../Users/Demonic/Desktop/Blackhole/Content/Blackhole/Player/BlackHole_particle.uasset'
[2017.01.03-09.36.37:246][162]LogSavePackage:Display: Finished SavePackage ../../../../../../Users/Demonic/Desktop/Blackhole/Content/Blackhole/Player/BlackHole_particle.uasset
[2017.01.03-09.36.40:594][325]LogBlueprintUserMessages: Early PlayInEditor Detection: Level '/Game/TopDownBP/Maps/TopDownExampleMap.TopDownExampleMap:PersistentLevel' has LevelScriptBlueprint '/Game/TopDownBP/Maps/TopDownExampleMap.TopDownExampleMap:PersistentLevel.TopDownExampleMap' with GeneratedClass '/Game/TopDownBP/Maps/TopDownExampleMap.TopDownExampleMap_C' with ClassGeneratedBy '/Game/TopDownBP/Maps/TopDownExampleMap.TopDownExampleMap:PersistentLevel.TopDownExampleMap'
[2017.01.03-09.36.40:594][325]LogPlayLevel: PlayLevel: No blueprints needed recompiling
[2017.01.03-09.36.40:594][325]PIE: New page: PIE session: TopDownExampleMap (Jan 2, 2017, 5:36:40 PM)
[2017.01.03-09.36.40:594][325]LogPlayLevel: Creating play world package: /Game/TopDownBP/Maps/UEDPIE_0_TopDownExampleMap
[2017.01.03-09.36.40:624][325]LogPlayLevel: PIE: StaticDuplicateObject took: (0.030057s)
[2017.01.03-09.36.40:625][325]LogAIModule: Creating AISystem for world TopDownExampleMap
[2017.01.03-09.36.40:625][325]LogPlayLevel: PIE: World Init took: (0.000834s)
[2017.01.03-09.36.40:627][325]LogPlayLevel: PIE: Created PIE world by copying editor world from /Game/TopDownBP/Maps/TopDownExampleMap.TopDownExampleMap to /Game/TopDownBP/Maps/UEDPIE_0_TopDownExampleMap.TopDownExampleMap (0.033173s)
[2017.01.03-09.36.40:806][325]LogInit: XAudio2 using 'Speakers (USB  AUDIO  )' : 2 channels at 48 kHz using 16 bits per sample (channel mask 0x3)
[2017.01.03-09.36.40:811][325]LogInit: FAudioDevice initialized.
[2017.01.03-09.36.40:854][325]LogWorld: Game class is 'TopDownGameMode_C'
[2017.01.03-09.36.40:858][325]LogWorld: Bringing World /Game/TopDownBP/Maps/UEDPIE_0_TopDownExampleMap.TopDownExampleMap up for play (max tick rate 0) at 2017.01.03-01.36.40
[2017.01.03-09.36.40:859][325]LogWorld: Bringing up level for play took: 0.003182
[2017.01.03-09.36.40:860][325]PIE: Info Play in editor start time for /Game/TopDownBP/Maps/UEDPIE_0_TopDownExampleMap 0.322
[2017.01.03-09.36.40:861][325]LogBlueprintUserMessages: Late PlayInEditor Detection: Level '/Game/TopDownBP/Maps/TopDownExampleMap.TopDownExampleMap:PersistentLevel' has LevelScriptBlueprint '/Game/TopDownBP/Maps/TopDownExampleMap.TopDownExampleMap:PersistentLevel.TopDownExampleMap' with GeneratedClass '/Game/TopDownBP/Maps/TopDownExampleMap.TopDownExampleMap_C' with ClassGeneratedBy '/Game/TopDownBP/Maps/TopDownExampleMap.TopDownExampleMap:PersistentLevel.TopDownExampleMap'
[2017.01.03-09.36.48:323][821]LogBlueprintUserMessages: Early EndPlayMap Detection: Level '/Game/TopDownBP/Maps/TopDownExampleMap.TopDownExampleMap:PersistentLevel' has LevelScriptBlueprint '/Game/TopDownBP/Maps/TopDownExampleMap.TopDownExampleMap:PersistentLevel.TopDownExampleMap' with GeneratedClass '/Game/TopDownBP/Maps/TopDownExampleMap.TopDownExampleMap_C' with ClassGeneratedBy '/Game/TopDownBP/Maps/TopDownExampleMap.TopDownExampleMap:PersistentLevel.TopDownExampleMap'
[2017.01.03-09.36.48:361][821]LogBlueprintUserMessages: Late EndPlayMap Detection: Level '/Game/TopDownBP/Maps/TopDownExampleMap.TopDownExampleMap:PersistentLevel' has LevelScriptBlueprint '/Game/TopDownBP/Maps/TopDownExampleMap.TopDownExampleMap:PersistentLevel.TopDownExampleMap' with GeneratedClass '/Game/TopDownBP/Maps/TopDownExampleMap.TopDownExampleMap_C' with ClassGeneratedBy '/Game/TopDownBP/Maps/TopDownExampleMap.TopDownExampleMap:PersistentLevel.TopDownExampleMap'
[2017.01.03-09.36.55:362][ 88]LogParticles:Warning: MaxCount = 22502 for Emitter ParticleSpriteEmitter_0 (/Game/Blackhole/Player/BlackHole_particle.BlackHole_particle)
[2017.01.03-09.36.56:056][115]LogParticles:Warning: MaxCount = 22502 for Emitter ParticleSpriteEmitter_0 (/Game/Blackhole/Player/BlackHole_particle.BlackHole_particle)
[2017.01.03-09.37.00:250][280]LogParticles:Warning: MaxCount = 22502 for Emitter ParticleSpriteEmitter_0 (/Game/Blackhole/Player/BlackHole_particle.BlackHole_particle)
[2017.01.03-09.37.00:879][303]LogParticles:Warning: MaxCount = 22502 for Emitter ParticleSpriteEmitter_0 (/Game/Blackhole/Player/BlackHole_particle.BlackHole_particle)
[2017.01.03-09.37.02:659][370]Cmd: OBJ SAVEPACKAGE PACKAGE="/Game/Blackhole/Player/BlackHole_particle" FILE="../../../../../../Users/Demonic/Desktop/Blackhole/Content/Blackhole/Player/BlackHole_particle.uasset" SILENT=true
[2017.01.03-09.37.02:668][370]LogSavePackage: Save=5.67ms
[2017.01.03-09.37.02:668][370]LogSavePackage: Moving '../../../../../../Users/Demonic/Desktop/Blackhole/Saved/BlackHole_particleEF4DF16F466C2510AC307295B9E4F05B.tmp' to '../../../../../../Users/Demonic/Desktop/Blackhole/Content/Blackhole/Player/BlackHole_particle.uasset'
[2017.01.03-09.37.02:669][370]LogSavePackage:Display: Finished SavePackage ../../../../../../Users/Demonic/Desktop/Blackhole/Content/Blackhole/Player/BlackHole_particle.uasset
[2017.01.03-09.37.06:612][559]LogBlueprintUserMessages: Early PlayInEditor Detection: Level '/Game/TopDownBP/Maps/TopDownExampleMap.TopDownExampleMap:PersistentLevel' has LevelScriptBlueprint '/Game/TopDownBP/Maps/TopDownExampleMap.TopDownExampleMap:PersistentLevel.TopDownExampleMap' with GeneratedClass '/Game/TopDownBP/Maps/TopDownExampleMap.TopDownExampleMap_C' with ClassGeneratedBy '/Game/TopDownBP/Maps/TopDownExampleMap.TopDownExampleMap:PersistentLevel.TopDownExampleMap'
[2017.01.03-09.37.06:612][559]LogPlayLevel: PlayLevel: No blueprints needed recompiling
[2017.01.03-09.37.06:612][559]PIE: New page: PIE session: TopDownExampleMap (Jan 2, 2017, 5:37:06 PM)
[2017.01.03-09.37.06:612][559]LogPlayLevel: Creating play world package: /Game/TopDownBP/Maps/UEDPIE_0_TopDownExampleMap
[2017.01.03-09.37.06:634][559]LogPlayLevel: PIE: StaticDuplicateObject took: (0.021672s)
[2017.01.03-09.37.06:635][559]LogAIModule: Creating AISystem for world TopDownExampleMap
[2017.01.03-09.37.06:635][559]LogPlayLevel: PIE: World Init took: (0.000780s)
[2017.01.03-09.37.06:635][559]LogPlayLevel: PIE: Created PIE world by copying editor world from /Game/TopDownBP/Maps/TopDownExampleMap.TopDownExampleMap to /Game/TopDownBP/Maps/UEDPIE_0_TopDownExampleMap.TopDownExampleMap (0.022686s)
[2017.01.03-09.37.06:655][559]LogInit: XAudio2 using 'Speakers (USB  AUDIO  )' : 2 channels at 48 kHz using 16 bits per sample (channel mask 0x3)
[2017.01.03-09.37.06:659][559]LogInit: FAudioDevice initialized.
[2017.01.03-09.37.06:702][559]LogWorld: Game class is 'TopDownGameMode_C'
[2017.01.03-09.37.06:706][559]LogWorld: Bringing World /Game/TopDownBP/Maps/UEDPIE_0_TopDownExampleMap.TopDownExampleMap up for play (max tick rate 0) at 2017.01.03-01.37.06
[2017.01.03-09.37.06:707][559]LogWorld: Bringing up level for play took: 0.003009
[2017.01.03-09.37.06:708][559]PIE: Info Play in editor start time for /Game/TopDownBP/Maps/UEDPIE_0_TopDownExampleMap 0.169
[2017.01.03-09.37.06:708][559]LogBlueprintUserMessages: Late PlayInEditor Detection: Level '/Game/TopDownBP/Maps/TopDownExampleMap.TopDownExampleMap:PersistentLevel' has LevelScriptBlueprint '/Game/TopDownBP/Maps/TopDownExampleMap.TopDownExampleMap:PersistentLevel.TopDownExampleMap' with GeneratedClass '/Game/TopDownBP/Maps/TopDownExampleMap.TopDownExampleMap_C' with ClassGeneratedBy '/Game/TopDownBP/Maps/TopDownExampleMap.TopDownExampleMap:PersistentLevel.TopDownExampleMap'
[2017.01.03-09.37.13:063][980]LogBlueprintUserMessages: Early EndPlayMap Detection: Level '/Game/TopDownBP/Maps/TopDownExampleMap.TopDownExampleMap:PersistentLevel' has LevelScriptBlueprint '/Game/TopDownBP/Maps/TopDownExampleMap.TopDownExampleMap:PersistentLevel.TopDownExampleMap' with GeneratedClass '/Game/TopDownBP/Maps/TopDownExampleMap.TopDownExampleMap_C' with ClassGeneratedBy '/Game/TopDownBP/Maps/TopDownExampleMap.TopDownExampleMap:PersistentLevel.TopDownExampleMap'
[2017.01.03-09.37.13:100][980]LogBlueprintUserMessages: Late EndPlayMap Detection: Level '/Game/TopDownBP/Maps/TopDownExampleMap.TopDownExampleMap:PersistentLevel' has LevelScriptBlueprint '/Game/TopDownBP/Maps/TopDownExampleMap.TopDownExampleMap:PersistentLevel.TopDownExampleMap' with GeneratedClass '/Game/TopDownBP/Maps/TopDownExampleMap.TopDownExampleMap_C' with ClassGeneratedBy '/Game/TopDownBP/Maps/TopDownExampleMap.TopDownExampleMap:PersistentLevel.TopDownExampleMap'
[2017.01.03-09.37.17:505][147]LogParticles:Warning: MaxCount = 22502 for Emitter ParticleSpriteEmitter_0 (/Game/Blackhole/Player/BlackHole_particle.BlackHole_particle)
[2017.01.03-09.37.18:171][173]LogParticles:Warning: MaxCount = 22502 for Emitter ParticleSpriteEmitter_0 (/Game/Blackhole/Player/BlackHole_particle.BlackHole_particle)
[2017.01.03-09.37.20:008][243]Cmd: OBJ SAVEPACKAGE PACKAGE="/Game/Blackhole/Player/BlackHole_particle" FILE="../../../../../../Users/Demonic/Desktop/Blackhole/Content/Blackhole/Player/BlackHole_particle.uasset" SILENT=true
[2017.01.03-09.37.20:017][243]LogSavePackage: Save=5.67ms
[2017.01.03-09.37.20:017][243]LogSavePackage: Moving '../../../../../../Users/Demonic/Desktop/Blackhole/Saved/BlackHole_particleEBD8A2734905F025AAC8B8A4A58A7F4C.tmp' to '../../../../../../Users/Demonic/Desktop/Blackhole/Content/Blackhole/Player/BlackHole_particle.uasset'
[2017.01.03-09.37.20:019][243]LogSavePackage:Display: Finished SavePackage ../../../../../../Users/Demonic/Desktop/Blackhole/Content/Blackhole/Player/BlackHole_particle.uasset
[2017.01.03-09.37.49:843][366]LogParticles:Warning: MaxCount = 22502 for Emitter ParticleSpriteEmitter_0 (/Game/Blackhole/Player/BlackHole_particle.BlackHole_particle)
[2017.01.03-09.38.03:401][779]Cmd: OBJ SAVEPACKAGE PACKAGE="/Game/Blackhole/Player/BlackHole_particle" FILE="../../../../../../Users/Demonic/Desktop/Blackhole/Content/Blackhole/Player/BlackHole_particle.uasset" SILENT=true
[2017.01.03-09.38.03:411][779]LogSavePackage: Save=5.76ms
[2017.01.03-09.38.03:411][779]LogSavePackage: Moving '../../../../../../Users/Demonic/Desktop/Blackhole/Saved/BlackHole_particle2302950047AF7F7B5A4B12B55F41AE09.tmp' to '../../../../../../Users/Demonic/Desktop/Blackhole/Content/Blackhole/Player/BlackHole_particle.uasset'
[2017.01.03-09.38.03:412][779]LogSavePackage:Display: Finished SavePackage ../../../../../../Users/Demonic/Desktop/Blackhole/Content/Blackhole/Player/BlackHole_particle.uasset
[2017.01.03-09.38.05:293][864]LogBlueprintUserMessages: Early PlayInEditor Detection: Level '/Game/TopDownBP/Maps/TopDownExampleMap.TopDownExampleMap:PersistentLevel' has LevelScriptBlueprint '/Game/TopDownBP/Maps/TopDownExampleMap.TopDownExampleMap:PersistentLevel.TopDownExampleMap' with GeneratedClass '/Game/TopDownBP/Maps/TopDownExampleMap.TopDownExampleMap_C' with ClassGeneratedBy '/Game/TopDownBP/Maps/TopDownExampleMap.TopDownExampleMap:PersistentLevel.TopDownExampleMap'
[2017.01.03-09.38.05:293][864]LogPlayLevel: PlayLevel: No blueprints needed recompiling
[2017.01.03-09.38.05:293][864]PIE: New page: PIE session: TopDownExampleMap (Jan 2, 2017, 5:38:05 PM)
[2017.01.03-09.38.05:293][864]LogPlayLevel: Creating play world package: /Game/TopDownBP/Maps/UEDPIE_0_TopDownExampleMap
[2017.01.03-09.38.05:315][864]LogPlayLevel: PIE: StaticDuplicateObject took: (0.021603s)
[2017.01.03-09.38.05:315][864]LogAIModule: Creating AISystem for world TopDownExampleMap
[2017.01.03-09.38.05:316][864]LogPlayLevel: PIE: World Init took: (0.001013s)
[2017.01.03-09.38.05:316][864]LogPlayLevel: PIE: Created PIE world by copying editor world from /Game/TopDownBP/Maps/TopDownExampleMap.TopDownExampleMap to /Game/TopDownBP/Maps/UEDPIE_0_TopDownExampleMap.TopDownExampleMap (0.022913s)
[2017.01.03-09.38.05:335][864]LogInit: XAudio2 using 'Speakers (USB  AUDIO  )' : 2 channels at 48 kHz using 16 bits per sample (channel mask 0x3)
[2017.01.03-09.38.05:339][864]LogInit: FAudioDevice initialized.
[2017.01.03-09.38.05:380][864]LogWorld: Game class is 'TopDownGameMode_C'
[2017.01.03-09.38.05:384][864]LogWorld: Bringing World /Game/TopDownBP/Maps/UEDPIE_0_TopDownExampleMap.TopDownExampleMap up for play (max tick rate 0) at 2017.01.03-01.38.05
[2017.01.03-09.38.05:384][864]LogWorld: Bringing up level for play took: 0.003176
[2017.01.03-09.38.05:386][864]PIE: Info Play in editor start time for /Game/TopDownBP/Maps/UEDPIE_0_TopDownExampleMap 0.846
[2017.01.03-09.38.05:386][864]LogBlueprintUserMessages: Late PlayInEditor Detection: Level '/Game/TopDownBP/Maps/TopDownExampleMap.TopDownExampleMap:PersistentLevel' has LevelScriptBlueprint '/Game/TopDownBP/Maps/TopDownExampleMap.TopDownExampleMap:PersistentLevel.TopDownExampleMap' with GeneratedClass '/Game/TopDownBP/Maps/TopDownExampleMap.TopDownExampleMap_C' with ClassGeneratedBy '/Game/TopDownBP/Maps/TopDownExampleMap.TopDownExampleMap:PersistentLevel.TopDownExampleMap'
[2017.01.03-09.39.01:393][640]LogBlueprintUserMessages: Early EndPlayMap Detection: Level '/Game/TopDownBP/Maps/TopDownExampleMap.TopDownExampleMap:PersistentLevel' has LevelScriptBlueprint '/Game/TopDownBP/Maps/TopDownExampleMap.TopDownExampleMap:PersistentLevel.TopDownExampleMap' with GeneratedClass '/Game/TopDownBP/Maps/TopDownExampleMap.TopDownExampleMap_C' with ClassGeneratedBy '/Game/TopDownBP/Maps/TopDownExampleMap.TopDownExampleMap:PersistentLevel.TopDownExampleMap'
[2017.01.03-09.39.01:434][640]LogBlueprintUserMessages: Late EndPlayMap Detection: Level '/Game/TopDownBP/Maps/TopDownExampleMap.TopDownExampleMap:PersistentLevel' has LevelScriptBlueprint '/Game/TopDownBP/Maps/TopDownExampleMap.TopDownExampleMap:PersistentLevel.TopDownExampleMap' with GeneratedClass '/Game/TopDownBP/Maps/TopDownExampleMap.TopDownExampleMap_C' with ClassGeneratedBy '/Game/TopDownBP/Maps/TopDownExampleMap.TopDownExampleMap:PersistentLevel.TopDownExampleMap'
[2017.01.03-09.39.21:596][896]Cmd: SELECT NONE
[2017.01.03-09.39.22:842][961]Cmd: SELECT NONE
[2017.01.03-09.39.41:397][873]LogCascade: Quitting Cascade. FXSystem=0x00000000686B3880
[2017.01.03-09.40.04:852][888]BlueprintLog: New page: Compile BlackHolePlayer
[2017.01.03-09.40.05:078][888]BlueprintEditorCompileResults: Info [3172.87] Compile of BlackHolePlayer successful! [in 225 ms] (/Game/Blackhole/Player/BlackHolePlayer.BlackHolePlayer)
[2017.01.03-09.40.07:812][ 27]LogBlueprintUserMessages: Early PlayInEditor Detection: Level '/Game/TopDownBP/Maps/TopDownExampleMap.TopDownExampleMap:PersistentLevel' has LevelScriptBlueprint '/Game/TopDownBP/Maps/TopDownExampleMap.TopDownExampleMap:PersistentLevel.TopDownExampleMap' with GeneratedClass '/Game/TopDownBP/Maps/TopDownExampleMap.TopDownExampleMap_C' with ClassGeneratedBy '/Game/TopDownBP/Maps/TopDownExampleMap.TopDownExampleMap:PersistentLevel.TopDownExampleMap'
[2017.01.03-09.40.07:812][ 27]LogPlayLevel: PlayLevel: No blueprints needed recompiling
[2017.01.03-09.40.07:812][ 27]PIE: New page: PIE session: TopDownExampleMap (Jan 2, 2017, 5:40:07 PM)
[2017.01.03-09.40.07:812][ 27]LogPlayLevel: Creating play world package: /Game/TopDownBP/Maps/UEDPIE_0_TopDownExampleMap
[2017.01.03-09.40.07:834][ 27]LogPlayLevel: PIE: StaticDuplicateObject took: (0.021514s)
[2017.01.03-09.40.07:835][ 27]LogAIModule: Creating AISystem for world TopDownExampleMap
[2017.01.03-09.40.07:835][ 27]LogPlayLevel: PIE: World Init took: (0.000909s)
[2017.01.03-09.40.07:835][ 27]LogPlayLevel: PIE: Created PIE world by copying editor world from /Game/TopDownBP/Maps/TopDownExampleMap.TopDownExampleMap to /Game/TopDownBP/Maps/UEDPIE_0_TopDownExampleMap.TopDownExampleMap (0.022700s)
[2017.01.03-09.40.07:859][ 27]LogInit: XAudio2 using 'Speakers (USB  AUDIO  )' : 2 channels at 48 kHz using 16 bits per sample (channel mask 0x3)
[2017.01.03-09.40.07:863][ 27]LogInit: FAudioDevice initialized.
[2017.01.03-09.40.07:902][ 27]LogWorld: Game class is 'TopDownGameMode_C'
[2017.01.03-09.40.07:906][ 27]LogWorld: Bringing World /Game/TopDownBP/Maps/UEDPIE_0_TopDownExampleMap.TopDownExampleMap up for play (max tick rate 0) at 2017.01.03-01.40.07
[2017.01.03-09.40.07:906][ 27]LogWorld: Bringing up level for play took: 0.003126
[2017.01.03-09.40.07:908][ 27]PIE: Info Play in editor start time for /Game/TopDownBP/Maps/UEDPIE_0_TopDownExampleMap -0.635
[2017.01.03-09.40.07:908][ 27]LogBlueprintUserMessages: Late PlayInEditor Detection: Level '/Game/TopDownBP/Maps/TopDownExampleMap.TopDownExampleMap:PersistentLevel' has LevelScriptBlueprint '/Game/TopDownBP/Maps/TopDownExampleMap.TopDownExampleMap:PersistentLevel.TopDownExampleMap' with GeneratedClass '/Game/TopDownBP/Maps/TopDownExampleMap.TopDownExampleMap_C' with ClassGeneratedBy '/Game/TopDownBP/Maps/TopDownExampleMap.TopDownExampleMap:PersistentLevel.TopDownExampleMap'
[2017.01.03-09.40.41:406][278]LogBlueprintUserMessages: Early EndPlayMap Detection: Level '/Game/TopDownBP/Maps/TopDownExampleMap.TopDownExampleMap:PersistentLevel' has LevelScriptBlueprint '/Game/TopDownBP/Maps/TopDownExampleMap.TopDownExampleMap:PersistentLevel.TopDownExampleMap' with GeneratedClass '/Game/TopDownBP/Maps/TopDownExampleMap.TopDownExampleMap_C' with ClassGeneratedBy '/Game/TopDownBP/Maps/TopDownExampleMap.TopDownExampleMap:PersistentLevel.TopDownExampleMap'
[2017.01.03-09.40.41:448][278]LogBlueprintUserMessages: Late EndPlayMap Detection: Level '/Game/TopDownBP/Maps/TopDownExampleMap.TopDownExampleMap:PersistentLevel' has LevelScriptBlueprint '/Game/TopDownBP/Maps/TopDownExampleMap.TopDownExampleMap:PersistentLevel.TopDownExampleMap' with GeneratedClass '/Game/TopDownBP/Maps/TopDownExampleMap.TopDownExampleMap_C' with ClassGeneratedBy '/Game/TopDownBP/Maps/TopDownExampleMap.TopDownExampleMap:PersistentLevel.TopDownExampleMap'
[2017.01.03-09.42.25:189][763]LogSavePackage: Save=183.06ms
[2017.01.03-09.42.25:189][763]LogSavePackage: Moving '../../../../../../Users/Demonic/Desktop/Blackhole/Saved/TopDownExampleMapD787881349A2D81C32E9CB8D60AB53CE.tmp' to '../../../../../../Users/Demonic/Desktop/Blackhole/Content/TopDownBP/Maps/TopDownExampleMap.umap'
[2017.01.03-09.42.25:192][763]LogSavePackage:Display: Finished SavePackage ../../../../../../Users/Demonic/Desktop/Blackhole/Content/TopDownBP/Maps/TopDownExampleMap.umap
[2017.01.03-09.42.25:214][763]LogFileHelpers: Saving map 'TopDownExampleMap' took 0.280
[2017.01.03-09.42.25:215][763]Cmd: OBJ SAVEPACKAGE PACKAGE="/Game/Blackhole/Player/BlackHolePlayer" FILE="../../../../../../Users/Demonic/Desktop/Blackhole/Content/Blackhole/Player/BlackHolePlayer.uasset" SILENT=true
[2017.01.03-09.42.25:281][763]LogSavePackage: Save=61.91ms
[2017.01.03-09.42.25:281][763]LogSavePackage: Moving '../../../../../../Users/Demonic/Desktop/Blackhole/Saved/BlackHolePlayer18CC9D854453329D44F19EB1A1E22D2A.tmp' to '../../../../../../Users/Demonic/Desktop/Blackhole/Content/Blackhole/Player/BlackHolePlayer.uasset'
[2017.01.03-09.42.25:283][763]LogSavePackage:Display: Finished SavePackage ../../../../../../Users/Demonic/Desktop/Blackhole/Content/Blackhole/Player/BlackHolePlayer.uasset
[2017.01.03-09.42.37:295][404]LogWindows: LaunchURL http://answers.unrealengine.com
[2017.01.03-09.44.40:035][584]BlueprintLog: New page: Compile BlackHolePlayer
[2017.01.03-09.44.40:903][584]BlueprintEditorCompileResults: Info [3448.69] Compile of BlackHolePlayer successful! [in 867 ms] (/Game/Blackhole/Player/BlackHolePlayer.BlackHolePlayer)
[2017.01.03-09.44.55:575][ 92]BlueprintLog: New page: Compile BlackHolePlayer
[2017.01.03-09.44.55:827][ 92]BlueprintEditorCompileResults: Info [3463.62] Compile of BlackHolePlayer successful! [in 252 ms] (/Game/Blackhole/Player/BlackHolePlayer.BlackHolePlayer)
[2017.01.03-09.44.57:130][138]LogActorComponent: UnregisterComponent: (/Engine/Transient.EditorFloorComp) Not registered. Aborting.
[2017.01.03-09.45.11:839][916]LogSavePackage: Save=173.42ms
[2017.01.03-09.45.11:839][916]LogSavePackage: Moving '../../../../../../Users/Demonic/Desktop/Blackhole/Saved/TopDownExampleMapF3D514A042BC296623644C9498A71D9F.tmp' to '../../../../../../Users/Demonic/Desktop/Blackhole/Content/TopDownBP/Maps/TopDownExampleMap.umap'
[2017.01.03-09.45.11:842][916]LogSavePackage:Display: Finished SavePackage ../../../../../../Users/Demonic/Desktop/Blackhole/Content/TopDownBP/Maps/TopDownExampleMap.umap
[2017.01.03-09.45.11:865][916]LogFileHelpers: Saving map 'TopDownExampleMap' took 0.268
[2017.01.03-09.45.11:896][916]Cmd: OBJ SAVEPACKAGE PACKAGE="/Game/Blackhole/Player/BlackHolePlayer" FILE="../../../../../../Users/Demonic/Desktop/Blackhole/Content/Blackhole/Player/BlackHolePlayer.uasset" SILENT=true
[2017.01.03-09.45.11:968][916]LogSavePackage: Save=68.05ms
[2017.01.03-09.45.11:968][916]LogSavePackage: Moving '../../../../../../Users/Demonic/Desktop/Blackhole/Saved/BlackHolePlayer5C08BC3542ED1DB4E44B66AAB7D2AA37.tmp' to '../../../../../../Users/Demonic/Desktop/Blackhole/Content/Blackhole/Player/BlackHolePlayer.uasset'
[2017.01.03-09.45.11:970][916]LogSavePackage:Display: Finished SavePackage ../../../../../../Users/Demonic/Desktop/Blackhole/Content/Blackhole/Player/BlackHolePlayer.uasset
[2017.01.03-09.45.13:421][992]Cmd: QUIT_EDITOR
[2017.01.03-09.45.13:531][992]LogExit: Preparing to exit.
[2017.01.03-09.45.14:493][992]LogExit: Editor shut down
[2017.01.03-09.45.14:494][992]LogExit: Transaction tracking system shut down
[2017.01.03-09.45.14:644][992]LogObj: Freed 0b from 0 cluster array pools.
[2017.01.03-09.45.14:645][992]LogExit: Object subsystem successfully closed.
[2017.01.03-09.45.14:657][992]LogD3D11RHI: Shutdown
[2017.01.03-09.45.14:657][992]LogD3D11RHI: CleanupD3DDevice
[2017.01.03-09.45.14:714][992]LogD3D11RHI: ~FD3D11DynamicRHI
[2017.01.03-09.45.14:725][992]LogModuleManager: Shutting down and abandoning module MovieSceneCapture (218)
[2017.01.03-09.45.14:725][992]LogModuleManager: Shutting down and abandoning module BlueprintGraph (217)
[2017.01.03-09.45.14:725][992]LogModuleManager: Shutting down and abandoning module DistCurveEditor (216)
[2017.01.03-09.45.14:725][992]LogModuleManager: Shutting down and abandoning module Cascade (215)
[2017.01.03-09.45.14:725][992]LogModuleManager: Shutting down and abandoning module MaterialEditor (214)
[2017.01.03-09.45.14:725][992]LogModuleManager: Shutting down and abandoning module HierarchicalLODOutliner (213)
[2017.01.03-09.45.14:725][992]LogModuleManager: Shutting down and abandoning module CrashTracker (212)
[2017.01.03-09.45.14:725][992]LogModuleManager: Shutting down and abandoning module SceneOutliner (211)
[2017.01.03-09.45.14:725][992]LogModuleManager: Shutting down and abandoning module WidgetCarousel (210)
[2017.01.03-09.45.14:725][992]LogModuleManager: Shutting down and abandoning module AddContentDialog (209)
[2017.01.03-09.45.14:727][992]LogModuleManager: Shutting down and abandoning module GameplayTags (208)
[2017.01.03-09.45.14:727][992]LogModuleManager: Shutting down and abandoning module EditorWidgets (207)
[2017.01.03-09.45.14:727][992]LogModuleManager: Shutting down and abandoning module CollectionManager (206)
[2017.01.03-09.45.14:727][992]LogModuleManager: Shutting down and abandoning module StatsViewer (205)
[2017.01.03-09.45.14:727][992]LogModuleManager: Shutting down and abandoning module FoliageEdit (204)
[2017.01.03-09.45.14:727][992]LogModuleManager: Shutting down and abandoning module LandscapeEditor (203)
[2017.01.03-09.45.14:727][992]LogModuleManager: Shutting down and abandoning module SceneDepthPickerMode (202)
[2017.01.03-09.45.14:727][992]LogModuleManager: Shutting down and abandoning module ActorPickerMode (201)
[2017.01.03-09.45.14:727][992]LogModuleManager: Shutting down and abandoning module GeometryMode (200)
[2017.01.03-09.45.14:727][992]LogModuleManager: Shutting down and abandoning module TextureAlignMode (199)
[2017.01.03-09.45.14:727][992]LogModuleManager: Shutting down and abandoning module BspMode (198)
[2017.01.03-09.45.14:727][992]LogModuleManager: Shutting down and abandoning module HardwareSurvey (197)
[2017.01.03-09.45.14:727][992]LogModuleManager: Shutting down and abandoning module SequenceRecorderSections (196)
[2017.01.03-09.45.14:727][992]LogModuleManager: Shutting down and abandoning module SequenceRecorder (195)
[2017.01.03-09.45.14:727][992]LogModuleManager: Shutting down and abandoning module AutomationWorker (194)
[2017.01.03-09.45.14:727][992]LogModuleManager: Shutting down and abandoning module MatineeToLevelSequence (193)
[2017.01.03-09.45.14:727][992]LogModuleManager: Shutting down and abandoning module PlacementMode (192)
[2017.01.03-09.45.14:727][992]LogModuleManager: Shutting down and abandoning module LevelSequenceEditor (191)
[2017.01.03-09.45.14:727][992]LogModuleManager: Shutting down and abandoning module CharacterAI (190)
[2017.01.03-09.45.14:727][992]LogModuleManager: Shutting down and abandoning module SmartSnapping (189)
[2017.01.03-09.45.14:727][992]LogModuleManager: Shutting down and abandoning module SessionServices (188)
[2017.01.03-09.45.14:727][992]LogModuleManager: Shutting down and abandoning module ViewportSnapping (187)
[2017.01.03-09.45.14:727][992]LogModuleManager: Shutting down and abandoning module LogVisualizer (186)
[2017.01.03-09.45.14:728][992]LogModuleManager: Shutting down and abandoning module GameProjectGeneration (185)
[2017.01.03-09.45.14:728][992]LogModuleManager: Shutting down and abandoning module IntroTutorials (184)
[2017.01.03-09.45.14:728][992]LogModuleManager: Shutting down and abandoning module EditorLiveStreaming (183)
[2017.01.03-09.45.14:728][992]LogModuleManager: Shutting down and abandoning module IOSPlatformEditor (182)
[2017.01.03-09.45.14:728][992]LogModuleManager: Shutting down and abandoning module HTML5PlatformEditor (181)
[2017.01.03-09.45.14:728][992]LogModuleManager: Shutting down and abandoning module AndroidDeviceDetection (180)
[2017.01.03-09.45.14:960][992]LogModuleManager: Shutting down and abandoning module AndroidPlatformEditor (179)
[2017.01.03-09.45.14:960][992]LogModuleManager: Shutting down and abandoning module IOSRuntimeSettings (178)
[2017.01.03-09.45.14:960][992]LogModuleManager: Shutting down and abandoning module AndroidRuntimeSettings (177)
[2017.01.03-09.45.14:960][992]LogModuleManager: Shutting down and abandoning module MergeActors (176)
[2017.01.03-09.45.14:960][992]LogModuleManager: Shutting down and abandoning module SizeMap (175)
[2017.01.03-09.45.14:960][992]LogModuleManager: Shutting down and abandoning module TreeMap (174)
[2017.01.03-09.45.14:960][992]LogModuleManager: Shutting down and abandoning module ReferenceViewer (173)
[2017.01.03-09.45.14:960][992]LogModuleManager: Shutting down and abandoning module LocalizationService (172)
[2017.01.03-09.45.14:960][992]LogModuleManager: Shutting down and abandoning module LocalizationDashboard (171)
[2017.01.03-09.45.14:960][992]LogModuleManager: Shutting down and abandoning module HardwareTargeting (170)
[2017.01.03-09.45.14:960][992]LogModuleManager: Shutting down and abandoning module DeviceProfileEditor (169)
[2017.01.03-09.45.14:960][992]LogModuleManager: Shutting down and abandoning module UndoHistory (168)
[2017.01.03-09.45.14:960][992]LogModuleManager: Shutting down and abandoning module UserFeedback (167)
[2017.01.03-09.45.14:960][992]LogModuleManager: Shutting down and abandoning module XmlParser (166)
[2017.01.03-09.45.14:960][992]LogModuleManager: Shutting down and abandoning module Blutility (165)
[2017.01.03-09.45.14:960][992]LogModuleManager: Shutting down and abandoning module ProjectTargetPlatformEditor (164)
[2017.01.03-09.45.14:961][992]LogModuleManager: Shutting down and abandoning module ProjectSettingsViewer (163)
[2017.01.03-09.45.14:961][992]LogModuleManager: Shutting down and abandoning module InputBindingEditor (162)
[2017.01.03-09.45.14:961][992]LogModuleManager: Shutting down and abandoning module EditorSettingsViewer (161)
[2017.01.03-09.45.14:961][992]LogModuleManager: Shutting down and abandoning module SettingsEditor (160)
[2017.01.03-09.45.14:961][992]LogModuleManager: Shutting down and abandoning module ProjectLauncher (159)
[2017.01.03-09.45.14:961][992]LogModuleManager: Shutting down and abandoning module SessionFrontend (158)
[2017.01.03-09.45.14:961][992]LogModuleManager: Shutting down and abandoning module ProfilerClient (157)
[2017.01.03-09.45.14:961][992]LogModuleManager: Shutting down and abandoning module TargetDeviceServices (156)
[2017.01.03-09.45.14:961][992]LogModuleManager: Shutting down and abandoning module DeviceManager (155)
[2017.01.03-09.45.15:011][992]LogModuleManager: Shutting down and abandoning module AutomationController (154)
[2017.01.03-09.45.15:011][992]LogModuleManager: Shutting down and abandoning module AutomationWindow (153)
[2017.01.03-09.45.15:011][992]LogModuleManager: Shutting down and abandoning module Layers (152)
[2017.01.03-09.45.15:011][992]LogModuleManager: Shutting down and abandoning module ComponentVisualizers (151)
[2017.01.03-09.45.15:011][992]LogModuleManager: Shutting down and abandoning module DetailCustomizations (150)
[2017.01.03-09.45.15:011][992]LogModuleManager: Shutting down and abandoning module PackagesDialog (149)
[2017.01.03-09.45.15:011][992]LogModuleManager: Shutting down and abandoning module Persona (148)
[2017.01.03-09.45.15:011][992]LogModuleManager: Shutting down and abandoning module Kismet (147)
[2017.01.03-09.45.15:011][992]LogModuleManager: Shutting down and abandoning module GraphEditor (146)
[2017.01.03-09.45.15:011][992]LogModuleManager: Shutting down and abandoning module ClassViewer (145)
[2017.01.03-09.45.15:012][992]LogModuleManager: Shutting down and abandoning module Toolbox (144)
[2017.01.03-09.45.15:012][992]LogModuleManager: Shutting down and abandoning module ModuleUI (143)
[2017.01.03-09.45.15:012][992]LogModuleManager: Shutting down and abandoning module MovieSceneTools (142)
[2017.01.03-09.45.15:012][992]LogModuleManager: Shutting down and abandoning module OutputLog (141)
[2017.01.03-09.45.15:012][992]LogModuleManager: Shutting down and abandoning module GammaUI (140)
[2017.01.03-09.45.15:012][992]LogModuleManager: Shutting down and abandoning module Documentation (139)
[2017.01.03-09.45.15:013][992]LogModuleManager: Shutting down and abandoning module StreamingPauseRendering (138)
[2017.01.03-09.45.15:013][992]LogModuleManager: Shutting down and abandoning module AnalyticsET (137)
[2017.01.03-09.45.15:013][992]LogModuleManager: Shutting down and abandoning module Analytics (136)
[2017.01.03-09.45.15:013][992]LogModuleManager: Shutting down and abandoning module PortalServices (135)
[2017.01.03-09.45.15:013][992]LogModuleManager: Shutting down and abandoning module PortalRpc (134)
[2017.01.03-09.45.15:013][992]LogModuleManager: Shutting down and abandoning module MessagingRpc (133)
[2017.01.03-09.45.15:013][992]LogModuleManager: Shutting down and abandoning module GameplayDebugger (132)
[2017.01.03-09.45.15:013][992]LogModuleManager: Shutting down and abandoning module AITestSuite (131)
[2017.01.03-09.45.15:013][992]LogModuleManager: Shutting down and abandoning module AIModule (130)
[2017.01.03-09.45.15:013][992]LogModuleManager: Shutting down and abandoning module ProfilerService (129)
[2017.01.03-09.45.15:065][992]LogModuleManager: Shutting down and abandoning module TaskGraph (128)
[2017.01.03-09.45.15:065][992]LogModuleManager: Shutting down and abandoning module SlateRemote (127)
[2017.01.03-09.45.15:065][992]LogModuleManager: Shutting down and abandoning module SteamVRController (126)
[2017.01.03-09.45.15:065][992]LogModuleManager: Shutting down and abandoning module SteamVR (125)
[2017.01.03-09.45.15:065][992]LogModuleManager: Shutting down and abandoning module ProceduralMeshComponent (124)
[2017.01.03-09.45.15:065][992]LogModuleManager: Shutting down and abandoning module OculusLibrary (123)
[2017.01.03-09.45.15:065][992]LogModuleManager: Shutting down and abandoning module OculusInput (122)
[2017.01.03-09.45.15:065][992]LogModuleManager: Shutting down and abandoning module CustomMeshComponent (121)
[2017.01.03-09.45.15:065][992]LogModuleManager: Shutting down and abandoning module CableComponent (120)
[2017.01.03-09.45.15:065][992]LogModuleManager: Shutting down and abandoning module ArchVisCharacter (119)
[2017.01.03-09.45.15:065][992]LogModuleManager: Shutting down and abandoning module MediaPlayerEditor (118)
[2017.01.03-09.45.15:065][992]LogModuleManager: Shutting down and abandoning module HTML5Networking (117)
[2017.01.03-09.45.15:065][992]LogModuleManager: Shutting down and abandoning module SuperSearch (116)
[2017.01.03-09.45.15:065][992]LogModuleManager: Shutting down and abandoning module SuperSearchEditor (115)
[2017.01.03-09.45.15:065][992]LogModuleManager: Shutting down and abandoning module SpeedTreeImporter (114)
[2017.01.03-09.45.15:065][992]LogModuleManager: Shutting down and abandoning module PluginBrowser (113)
[2017.01.03-09.45.15:066][992]LogModuleManager: Shutting down and abandoning module EpicSurvey (112)
[2017.01.03-09.45.15:066][992]LogModuleManager: Shutting down and abandoning module DesktopPlatform (111)
[2017.01.03-09.45.15:066][992]LogModuleManager: Shutting down and abandoning module VisualStudioSourceCodeAccess (110)
[2017.01.03-09.45.15:066][992]LogModuleManager: Shutting down and abandoning module UObjectPlugin (109)
[2017.01.03-09.45.15:066][992]LogModuleManager: Shutting down and abandoning module SubversionSourceControl (108)
[2017.01.03-09.45.15:066][992]LogModuleManager: Shutting down and abandoning module PerforceSourceControl (107)
[2017.01.03-09.45.15:066][992]LogModuleManager: Shutting down and abandoning module SourceControl (106)
[2017.01.03-09.45.15:066][992]LogModuleManager: Shutting down and abandoning module GitSourceControl (105)
[2017.01.03-09.45.15:066][992]LogModuleManager: Shutting down and abandoning module LightPropagationVolumeEditor (104)
[2017.01.03-09.45.15:066][992]LogModuleManager: Shutting down and abandoning module PaperTiledImporter (103)
[2017.01.03-09.45.15:066][992]LogModuleManager: Shutting down and abandoning module PaperSpriteSheetImporter (102)
[2017.01.03-09.45.15:066][992]LogModuleManager: Shutting down and abandoning module MeshPaint (101)
[2017.01.03-09.45.15:066][992]LogModuleManager: Shutting down and abandoning module PixelInspectorModule (100)
[2017.01.03-09.45.15:066][992]LogModuleManager: Shutting down and abandoning module HotReload (99)
[2017.01.03-09.45.15:066][992]LogModuleManager: Shutting down and abandoning module MainFrame (98)
[2017.01.03-09.45.15:066][992]LogModuleManager: Shutting down and abandoning module LevelEditor (97)
[2017.01.03-09.45.15:067][992]LogModuleManager: Shutting down and abandoning module ContentBrowser (96)
[2017.01.03-09.45.15:068][992]LogModuleManager: Shutting down and abandoning module Paper2DEditor (95)
[2017.01.03-09.45.15:068][992]LogModuleManager: Shutting down and abandoning module UdpMessaging (94)
[2017.01.03-09.45.15:168][992]LogModuleManager: Shutting down and abandoning module LightPropagationVolumeRuntime (93)
[2017.01.03-09.45.15:168][992]LogModuleManager: Shutting down and abandoning module Paper2D (92)
[2017.01.03-09.45.15:168][992]LogModuleManager: Shutting down and abandoning module WindowsMoviePlayer (91)
[2017.01.03-09.45.15:168][992]LogModuleManager: Shutting down and abandoning module Media (90)
[2017.01.03-09.45.15:168][992]LogModuleManager: Shutting down and abandoning module WmfMedia (89)
[2017.01.03-09.45.15:168][992]LogModuleManager: Shutting down and abandoning module MediaAssets (88)
[2017.01.03-09.45.15:168][992]LogModuleManager: Shutting down and abandoning module GameLiveStreaming (87)
[2017.01.03-09.45.15:168][992]LogModuleManager: Shutting down and abandoning module GameplayTagsEditor (86)
[2017.01.03-09.45.15:168][992]LogModuleManager: Shutting down and abandoning module OnlineBlueprintSupport (85)
[2017.01.03-09.45.15:168][992]LogModuleManager: Shutting down and abandoning module VREditor (84)
[2017.01.03-09.45.15:168][992]LogModuleManager: Shutting down and abandoning module GameplayTasksEditor (83)
[2017.01.03-09.45.15:168][992]LogModuleManager: Shutting down and abandoning module PropertyEditor (82)
[2017.01.03-09.45.15:168][992]LogModuleManager: Shutting down and abandoning module BehaviorTreeEditor (81)
[2017.01.03-09.45.15:168][992]LogModuleManager: Shutting down and abandoning module FunctionalTesting (80)
[2017.01.03-09.45.15:168][992]LogModuleManager: Shutting down and abandoning module CollisionAnalyzer (79)
[2017.01.03-09.45.15:168][992]LogModuleManager: Shutting down and abandoning module Sequencer (78)
[2017.01.03-09.45.15:169][992]LogModuleManager: Shutting down and abandoning module WorkspaceMenuStructure (77)
[2017.01.03-09.45.15:169][992]LogModuleManager: Shutting down and abandoning module MessageLog (76)
[2017.01.03-09.45.15:169][992]LogModuleManager: Shutting down and abandoning module AssetTools (75)
[2017.01.03-09.45.15:169][992]LogModuleManager: Shutting down and abandoning module UMGEditor (74)
[2017.01.03-09.45.15:169][992]LogModuleManager: Shutting down and abandoning module UMG (73)
[2017.01.03-09.45.15:169][992]LogModuleManager: Shutting down and abandoning module SlateReflector (72)
[2017.01.03-09.45.15:169][992]LogModuleManager: Shutting down and abandoning module Slate (71)
[2017.01.03-09.45.15:169][992]LogModuleManager: Shutting down and abandoning module EditorStyle (70)
[2017.01.03-09.45.15:171][992]LogModuleManager: Shutting down and abandoning module SourceCodeAccess (69)
[2017.01.03-09.45.15:171][992]LogModuleManager: Shutting down and abandoning module HeadMountedDisplay (68)
[2017.01.03-09.45.15:171][992]LogModuleManager: Shutting down and abandoning module XAudio2 (67)
[2017.01.03-09.45.15:171][992]LogModuleManager: Shutting down and abandoning module Networking (65)
[2017.01.03-09.45.15:171][992]LogModuleManager: Shutting down and abandoning module Core (64)
[2017.01.03-09.45.15:171][992]LogModuleManager: Shutting down and abandoning module DirectoryWatcher (63)
[2017.01.03-09.45.15:172][992]LogModuleManager: Shutting down and abandoning module AssetRegistry (62)
[2017.01.03-09.45.15:268][992]LogModuleManager: Shutting down and abandoning module KismetCompiler (61)
[2017.01.03-09.45.15:268][992]LogModuleManager: Shutting down and abandoning module PhysXFormats (60)
[2017.01.03-09.45.15:268][992]LogModuleManager: Shutting down and abandoning module MeshUtilities (59)
[2017.01.03-09.45.15:268][992]LogModuleManager: Shutting down and abandoning module DerivedDataCache (58)
[2017.01.03-09.45.15:329][992]LogDerivedDataCache: Shutdown
[2017.01.03-09.45.15:329][992]LogModuleManager: Shutting down and abandoning module VulkanShaderFormat (57)
[2017.01.03-09.45.15:329][992]LogModuleManager: Shutting down and abandoning module ShaderFormatOpenGL (56)
[2017.01.03-09.45.15:329][992]LogModuleManager: Shutting down and abandoning module ShaderFormatD3D (55)
[2017.01.03-09.45.15:329][992]LogModuleManager: Shutting down and abandoning module MetalShaderFormat (54)
[2017.01.03-09.45.15:329][992]LogModuleManager: Shutting down and abandoning module TextureFormatUncompressed (53)
[2017.01.03-09.45.15:329][992]LogModuleManager: Shutting down and abandoning module TextureFormatPVR (52)
[2017.01.03-09.45.15:329][992]LogModuleManager: Shutting down and abandoning module TextureFormatIntelISPCTexComp (51)
[2017.01.03-09.45.15:329][992]LogModuleManager: Shutting down and abandoning module TextureFormatDXT (50)
[2017.01.03-09.45.15:329][992]LogModuleManager: Shutting down and abandoning module ImageWrapper (49)
[2017.01.03-09.45.15:329][992]LogModuleManager: Shutting down and abandoning module TextureFormatASTC (48)
[2017.01.03-09.45.15:329][992]LogModuleManager: Shutting down and abandoning module TextureFormatAndroid (47)
[2017.01.03-09.45.15:329][992]LogModuleManager: Shutting down and abandoning module AudioFormatOpus (46)
[2017.01.03-09.45.15:329][992]LogModuleManager: Shutting down and abandoning module AudioFormatOgg (45)
[2017.01.03-09.45.15:329][992]LogModuleManager: Shutting down and abandoning module AudioFormatADPCM (44)
[2017.01.03-09.45.15:329][992]LogModuleManager: Shutting down and abandoning module LinuxTargetPlatform (43)
[2017.01.03-09.45.15:330][992]LogModuleManager: Shutting down and abandoning module LinuxServerTargetPlatform (42)
[2017.01.03-09.45.15:330][992]LogModuleManager: Shutting down and abandoning module LinuxNoEditorTargetPlatform (41)
[2017.01.03-09.45.15:330][992]LogModuleManager: Shutting down and abandoning module TVOSTargetPlatform (40)
[2017.01.03-09.45.15:330][992]LogModuleManager: Shutting down and abandoning module Messaging (39)
[2017.01.03-09.45.15:330][992]LogModuleManager: Shutting down and abandoning module IOSTargetPlatform (38)
[2017.01.03-09.45.15:330][992]LogModuleManager: Shutting down and abandoning module HTML5TargetPlatform (37)
[2017.01.03-09.45.15:330][992]LogModuleManager: Shutting down and abandoning module Android_PVRTCTargetPlatform (36)
[2017.01.03-09.45.15:330][992]LogModuleManager: Shutting down and abandoning module Android_MultiTargetPlatform (35)
[2017.01.03-09.45.15:330][992]LogModuleManager: Shutting down and abandoning module Android_ETC2TargetPlatform (34)
[2017.01.03-09.45.15:330][992]LogModuleManager: Shutting down and abandoning module Android_ETC1TargetPlatform (33)
[2017.01.03-09.45.15:330][992]LogModuleManager: Shutting down and abandoning module Android_DXTTargetPlatform (32)
[2017.01.03-09.45.15:330][992]LogModuleManager: Shutting down and abandoning module Android_ATCTargetPlatform (31)
[2017.01.03-09.45.15:330][992]LogModuleManager: Shutting down and abandoning module Android_ASTCTargetPlatform (30)
[2017.01.03-09.45.15:330][992]LogModuleManager: Shutting down and abandoning module AndroidTargetPlatform (29)
[2017.01.03-09.45.15:330][992]LogModuleManager: Shutting down and abandoning module WindowsTargetPlatform (28)
[2017.01.03-09.45.15:330][992]LogModuleManager: Shutting down and abandoning module WindowsServerTargetPlatform (27)
[2017.01.03-09.45.15:330][992]LogModuleManager: Shutting down and abandoning module WindowsNoEditorTargetPlatform (26)
[2017.01.03-09.45.15:330][992]LogModuleManager: Shutting down and abandoning module WindowsClientTargetPlatform (25)
[2017.01.03-09.45.15:330][992]LogModuleManager: Shutting down and abandoning module AllDesktopTargetPlatform (24)
[2017.01.03-09.45.15:330][992]LogModuleManager: Shutting down and abandoning module TargetPlatform (23)
[2017.01.03-09.45.15:330][992]LogModuleManager: Shutting down and abandoning module InputCore (22)
[2017.01.03-09.45.15:330][992]LogModuleManager: Shutting down and abandoning module Settings (21)
[2017.01.03-09.45.15:330][992]LogModuleManager: Shutting down and abandoning module OnlineSubsystem (19)
[2017.01.03-09.45.15:330][992]LogModuleManager: Shutting down and abandoning module HTTP (18)
[2017.01.03-09.45.19:837][992]LogModuleManager: Shutting down and abandoning module XMPP (17)
[2017.01.03-09.45.19:837][992]LogModuleManager: Shutting down and abandoning module OculusRift (16)
[2017.01.03-09.45.19:837][992]LogModuleManager: Shutting down and abandoning module ExampleDeviceProfileSelector (15)
[2017.01.03-09.45.19:837][992]LogModuleManager: Shutting down and abandoning module TextureCompressor (14)
[2017.01.03-09.45.19:837][992]LogModuleManager: Shutting down and abandoning module ShaderCore (13)
[2017.01.03-09.45.19:837][992]LogModuleManager: Shutting down and abandoning module Landscape (12)
[2017.01.03-09.45.19:837][992]LogModuleManager: Shutting down and abandoning module SlateRHIRenderer (11)
[2017.01.03-09.45.19:839][992]LogModuleManager: Shutting down and abandoning module OpenGLDrv (10)
[2017.01.03-09.45.19:839][992]LogModuleManager: Shutting down and abandoning module D3D11RHI (9)
[2017.01.03-09.45.19:839][992]LogModuleManager: Shutting down and abandoning module AnimGraphRuntime (8)
[2017.01.03-09.45.19:839][992]LogModuleManager: Shutting down and abandoning module Renderer (7)
[2017.01.03-09.45.19:839][992]LogModuleManager: Shutting down and abandoning module Engine (6)
[2017.01.03-09.45.19:839][992]LogModuleManager: Shutting down and abandoning module CoreUObject (5)
[2017.01.03-09.45.19:839][992]LogModuleManager: Shutting down and abandoning module NetworkFile (4)
[2017.01.03-09.45.19:839][992]LogModuleManager: Shutting down and abandoning module StreamingFile (3)
[2017.01.03-09.45.19:839][992]LogModuleManager: Shutting down and abandoning module SandboxFile (2)
[2017.01.03-09.45.19:839][992]LogModuleManager: Shutting down and abandoning module PakFile (1)
[2017.01.03-09.45.19:841][992]LogExit: Exiting.
[2017.01.03-09.45.19:852][992]Log file closed, 01/03/17 01:45:19
