Log file open, 07/03/17 00:00:12
LogInit:Display: Running engine for game: BlackHole
LogPlatformFile: Not using cached read wrapper
LogInit:Display: RandInit(2124621699) SRandInit(2124621702).
LogTaskGraph: Started task graph with 4 named threads and 7 total threads with 1 sets of task threads.
LogStats: Stats thread started at 3.666947
LogInit: Version: 4.12.5-3039270+++UE4+Release-4.12
LogInit: API Version: 2992821
LogInit: Net Version: 3039270
LogDevObjectVersion: Number of dev versions registered: 13
LogDevObjectVersion:   Dev-Blueprints (B0D832E4-1F89-4F0D-ACCF-7EB736FD4AA2): 3
LogDevObjectVersion:   Dev-Build (E1C64328-A22C-4D53-A36C-8E866417BD8C): 0
LogDevObjectVersion:   Dev-Core (375EC13C-06E4-48FB-B500-84F0262A717E): 1
LogDevObjectVersion:   Dev-Editor (E4B068ED-F494-42E9-A231-DA0B2E46BB41): 2
LogDevObjectVersion:   Dev-Framework (CFFC743F-43B0-4480-9391-14DF171D2073): 6
LogDevObjectVersion:   Dev-Mobile (B02B49B5-BB20-44E9-A304-32B752E40360): 0
LogDevObjectVersion:   Dev-Networking (A4E4105C-59A1-49B5-A7C5-40C4547EDFEE): 0
LogDevObjectVersion:   Dev-Online (39C831C9-5AE6-47DC-9A44-9C173E1C8E7C): 0
LogDevObjectVersion:   Dev-Physics (78F01B33-EBEA-4F98-B9B4-84EACCB95AA2): 0
LogDevObjectVersion:   Dev-Platform (6631380F-2D4D-43E0-8009-CF276956A95A): 0
LogDevObjectVersion:   Dev-Rendering (12F88B9F-8875-4AFC-A67C-D90C383ABD29): 2
LogDevObjectVersion:   Dev-Sequencer (7B5AE74C-D270-4C10-A958-57980B212A5A): 0
LogDevObjectVersion:   Dev-VR (D7296918-1DD6-4BDD-9DE2-64A83CC13884): 0
LogInit: Compiled (64-bit): Jul  6 2016 09:09:46
LogInit: Compiled with Visual C++: 19.00.23026.00
LogInit: Build Configuration: Development
LogInit: Branch Name: ++UE4+Release-4.12
LogInit: Command line:  
LogInit: Base directory: C:/Program Files/Epic Games/4.12/Engine/Binaries/Win64/
LogInit: Installed Engine Build: 1
LogInit: Using libcurl 7.41.0
LogInit:  - built for x86_64-pc-win32
LogInit:  - supports SSL with WinSSL
LogInit:  - other features:
LogInit:      CURL_VERSION_SSL
LogInit:      CURL_VERSION_IPV6
LogInit:      CURL_VERSION_ASYNCHDNS
LogInit:      CURL_VERSION_LARGEFILE
LogInit:      CURL_VERSION_IDN
LogInit:  CurlRequestOptions (configurable via config and command line):
LogInit:  - bVerifyPeer = true  - Libcurl will verify peer certificate
LogInit:  - bUseHttpProxy = false  - Libcurl will NOT use HTTP proxy
LogInit:  - bDontReuseConnections = false  - Libcurl will reuse connections
LogInit:  - CertBundlePath = nullptr  - Libcurl will use whatever was configured at build time.
LogInit: Presizing for max 8388607 objects, including 0 objects not considered by GC, pre-allocating 0 bytes for permanent pool.
LogInit: Object subsystem initialized
[2017.07.03-07.00.14:031][  0]LogInit: Selected Device Profile: [Windows]
[2017.07.03-07.00.14:031][  0]LogInit: Applying CVar settings loaded from the selected device profile: [Windows]
[2017.07.03-07.00.14:142][  0]LogInit: Computer: GODLIKESYSTEM
[2017.07.03-07.00.14:143][  0]LogInit: User: Demonic
[2017.07.03-07.00.14:143][  0]LogInit: CPU Page size=65536, Cores=4
[2017.07.03-07.00.14:143][  0]LogInit: High frequency timer resolution =3.312841 MHz
[2017.07.03-07.00.14:143][  0]LogMemory: Memory total: Physical=8.0GB (8GB approx)
[2017.07.03-07.00.14:163][  0]LogMemory: Platform Memory Stats for Windows
[2017.07.03-07.00.14:163][  0]LogMemory: Process Physical Memory: 192.79 MB used, 192.79 MB peak
[2017.07.03-07.00.14:163][  0]LogMemory: Process Virtual Memory: 197.80 MB used, 197.80 MB peak
[2017.07.03-07.00.14:163][  0]LogMemory: Physical Memory: 4284.61 MB used, 8174.04 MB total
[2017.07.03-07.00.14:163][  0]LogMemory: Virtual Memory: 522.69 MB used, 8388608.00 MB total
[2017.07.03-07.00.15:896][  0]LogTextLocalizationManager: No specific translations for ('en-US') exist, so ('en') translations will be used.
[2017.07.03-07.00.17:482][  0]LogD3D11RHI: D3D11 adapters:
[2017.07.03-07.00.17:510][  0]LogD3D11RHI:    0. 'NVIDIA GeForce GT 440' (Feature Level 11_0)
[2017.07.03-07.00.17:510][  0]LogD3D11RHI:       1489/0/2559 MB DedicatedVideo/DedicatedSystem/SharedSystem, Outputs:1, VendorId:0x10de
[2017.07.03-07.00.17:510][  0]LogD3D11RHI: Chosen D3D11 Adapter: 0
[2017.07.03-07.00.17:515][  0]LogD3D11RHI: Creating new Direct3DDevice
[2017.07.03-07.00.17:515][  0]LogD3D11RHI:     GPU DeviceId: 0xdc0 (for the marketing name, search the web for "GPU Device Id")
[2017.07.03-07.00.17:535][  0]LogWindows: EnumDisplayDevices:
[2017.07.03-07.00.17:565][  0]LogWindows:    0. 'NVIDIA GeForce GT 440' (P:1 D:1)
[2017.07.03-07.00.17:565][  0]LogWindows:    1. 'NVIDIA GeForce GT 440' (P:0 D:0)
[2017.07.03-07.00.17:566][  0]LogWindows:    2. 'RDPDD Chained DD' (P:0 D:0)
[2017.07.03-07.00.17:566][  0]LogWindows:    3. 'RDP Encoder Mirror Driver' (P:0 D:0)
[2017.07.03-07.00.17:566][  0]LogWindows:    4. 'RDP Reflector Display Driver' (P:0 D:0)
[2017.07.03-07.00.17:566][  0]LogWindows: DebugString: GetVideoDriverDetailsInvalid PrimaryIsNotTheChoosenAdapter GetVideoDriverDetailsInvalid PrimaryIsNotTheChoosenAdapter GetVideoDriverDetailsInvalid PrimaryIsNotTheChoosenAdapter FoundDriverCount:2 
[2017.07.03-07.00.17:566][  0]LogD3D11RHI:     Adapter Name: NVIDIA GeForce GT 440
[2017.07.03-07.00.17:584][  0]LogD3D11RHI:   Driver Version: 364.72 (internal:10.18.13.6472, unified:364.72)
[2017.07.03-07.00.17:584][  0]LogD3D11RHI:      Driver Date: 3-21-2016
[2017.07.03-07.00.17:584][  0]LogRHI: Texture pool is 1042 MB (70% of 1489 MB)
[2017.07.03-07.00.17:592][  0]LogD3D11RHI: Async texture creation enabled
[2017.07.03-07.00.17:788][  0]LogD3D11RHI: GPU Timing Frequency: 1000.000000 (Debug: 2 2)
[2017.07.03-07.00.17:864][  0]LogShaderCompilers: Guid format shader working directory is -2 characters bigger than the processId version (../../../../../../Users/Demonic/Desktop/Blackhole/Intermediate/Shaders/WorkingDirectory/12036/).
[2017.07.03-07.00.17:864][  0]LogShaderCompilers: Cleaned the shader compiler working directory 'C:/Users/Demonic/AppData/Local/Temp/UnrealShaderWorkingDir/06BCD95E4BAE66696DFD3B9D0D0A266F/'.
[2017.07.03-07.00.17:869][  0]LogShaderCompilers:Display: Using Local Shader Compiler.
[2017.07.03-07.00.30:438][  0]LogTemp:Display: Loaded TP AllDesktopTargetPlatform
[2017.07.03-07.00.30:474][  0]LogTemp:Display: Loaded TP WindowsClientTargetPlatform
[2017.07.03-07.00.30:485][  0]LogTemp:Display: Loaded TP WindowsNoEditorTargetPlatform
[2017.07.03-07.00.30:496][  0]LogTemp:Display: Loaded TP WindowsServerTargetPlatform
[2017.07.03-07.00.30:508][  0]LogTemp:Display: Loaded TP WindowsTargetPlatform
[2017.07.03-07.00.30:518][  0]LogTemp:Display: Loaded TP AndroidTargetPlatform
[2017.07.03-07.00.30:529][  0]LogTemp:Display: Loaded TP Android_ASTCTargetPlatform
[2017.07.03-07.00.30:545][  0]LogTemp:Display: Loaded TP Android_ATCTargetPlatform
[2017.07.03-07.00.30:555][  0]LogTemp:Display: Loaded TP Android_DXTTargetPlatform
[2017.07.03-07.00.30:565][  0]LogTemp:Display: Loaded TP Android_ETC1TargetPlatform
[2017.07.03-07.00.30:576][  0]LogTemp:Display: Loaded TP Android_ETC2TargetPlatform
[2017.07.03-07.00.30:596][  0]LogTemp:Display: Loaded TP Android_MultiTargetPlatform
[2017.07.03-07.00.30:596][  0]LogTemp:Display: Loaded TP Android_PVRTCTargetPlatform
[2017.07.03-07.00.30:612][  0]LogTemp:Display: Loaded TP HTML5TargetPlatform
[2017.07.03-07.00.30:722][  0]LogTemp:Display: Loaded TP IOSTargetPlatform
[2017.07.03-07.00.30:731][  0]LogTemp:Display: Loaded TP TVOSTargetPlatform
[2017.07.03-07.00.30:745][  0]LogTemp:Display: Loaded TP LinuxNoEditorTargetPlatform
[2017.07.03-07.00.30:759][  0]LogTemp:Display: Loaded TP LinuxServerTargetPlatform
[2017.07.03-07.00.30:841][  0]LogTemp:Display: Loaded TP LinuxTargetPlatform
[2017.07.03-07.00.30:841][  0]LogTargetPlatformManager:Display: Building Assets For Windows
[2017.07.03-07.00.31:651][  0]LogDerivedDataCache:Display: Max Cache Size: 512 MB
[2017.07.03-07.00.32:576][  0]LogDerivedDataCache: Loaded boot cache 0.91s 48MB C:/Users/Demonic/AppData/Local/UnrealEngine/4.12/DerivedDataCache/Boot.ddc.
[2017.07.03-07.00.32:577][  0]LogDerivedDataCache:Display: Loaded Boot cache: C:/Users/Demonic/AppData/Local/UnrealEngine/4.12/DerivedDataCache/Boot.ddc
[2017.07.03-07.00.32:577][  0]LogDerivedDataCache: FDerivedDataBackendGraph:  Pak pak cache file ../../../../../../Users/Demonic/Desktop/Blackhole/DerivedDataCache/DDC.ddp not found, will not use a pak cache.
[2017.07.03-07.00.32:577][  0]LogDerivedDataCache: Unable to find inner node Pak for hierarchical cache Hierarchy.
[2017.07.03-07.00.32:577][  0]LogDerivedDataCache: FDerivedDataBackendGraph:  CompressedPak pak cache file ../../../../../../Users/Demonic/Desktop/Blackhole/DerivedDataCache/Compressed.ddp not found, will not use a pak cache.
[2017.07.03-07.00.32:577][  0]LogDerivedDataCache: Unable to find inner node CompressedPak for hierarchical cache Hierarchy.
[2017.07.03-07.00.32:654][  0]LogDerivedDataCache:Display: Pak cache opened for reading ../../../Engine/DerivedDataCache/Compressed.ddp.
[2017.07.03-07.00.32:695][  0]LogDerivedDataCache: Using Local data cache path C:/Users/Demonic/AppData/Local/UnrealEngine/Common/DerivedDataCache: Writable
[2017.07.03-07.00.40:935][  0]LogInit: Selected Device Profile: [Windows]
[2017.07.03-07.00.41:122][  0]LogContentStreaming: Texture pool size is 0.00 MB
[2017.07.03-07.00.45:066][  0]LogMeshUtilities: No automatic mesh reduction module available
[2017.07.03-07.00.45:066][  0]LogMeshUtilities: No automatic mesh merging module available
[2017.07.03-07.00.45:066][  0]LogMeshUtilities: No distributed automatic mesh merging module available
[2017.07.03-07.00.52:921][  0]LogAssetRegistry: FAssetRegistry took 0.0222 seconds to start up
[2017.07.03-07.00.53:362][  0]LogPackageLocalizationCache: Processed 3 localized package path(s) for 2 prioritized culture(s) in 0.379021 seconds
[2017.07.03-07.00.53:477][  0]LogUObjectArray: 28739 objects as part of root set at end of initial load.
[2017.07.03-07.00.53:477][  0]LogUObjectAllocator: 5855624 out of 0 bytes used by permanent object pool.
[2017.07.03-07.00.53:477][  0]LogUObjectArray: CloseDisregardForGC: 0/0 objects in disregard for GC pool
[2017.07.03-07.00.53:541][  0]LogInit: WinSock: version 1.1 (2.2), MaxSocks=32767, MaxUdp=65467
[2017.07.03-07.01.04:701][  0]LogSlate: SlateFontCache - WITH_FREETYPE: 1, WITH_HARFBUZZ: 1
[2017.07.03-07.01.04:701][  0]LogSlate: SlateFontCache - WITH_FREETYPE: 1, WITH_HARFBUZZ: 1
[2017.07.03-07.01.54:357][  0]LogUdpMessaging: Initializing bridge on interface 0.0.0.0:0 to multicast group 230.0.0.1:6666.
[2017.07.03-07.01.58:213][  0]SourceControl: Info Source control is disabled
[2017.07.03-07.01.58:347][  0]SourceControl: Info Source control is disabled
[2017.07.03-07.01.58:641][  0]SourceControl: Info Source control is disabled
[2017.07.03-07.01.58:812][  0]SourceControl: Info Source control is disabled
[2017.07.03-07.02.00:539][  0]LogLinker:Warning: Can't find file '/Game/TopDownCPP/TopDownOverview'
[2017.07.03-07.02.00:539][  0]LogLinker:Warning: Can't find file '/Game/TopDownCPP/TopDownOverview'
[2017.07.03-07.02.00:539][  0]LogUObjectGlobals:Warning: Failed to find object 'Class /Game/TopDownCPP/TopDownOverview.TopDownOverview_C'
[2017.07.03-07.02.02:293][  0]LogEngine: Initializing Engine...
[2017.07.03-07.02.02:373][  0]LogHMD: SteamVR failed to initialize.  Err: 110
[2017.07.03-07.02.02:376][  0]LogHMD: SteamVR failed to initialize.  Err: 110
[2017.07.03-07.02.03:758][  0]LogAIModule: Creating AISystem for world NewWorld
[2017.07.03-07.02.03:958][  0]LogInit: XAudio2 using 'Speakers (USB  AUDIO  )' : 2 channels at 48 kHz using 16 bits per sample (channel mask 0x3)
[2017.07.03-07.02.04:126][  0]LogInit: FAudioDevice initialized.
[2017.07.03-07.02.04:184][  0]LogDerivedDataCache: Saved boot cache 0.06s 48MB C:/Users/Demonic/AppData/Local/UnrealEngine/4.12/DerivedDataCache/Boot.ddc.
[2017.07.03-07.02.04:193][  0]LogInit: Texture streaming: Enabled
[2017.07.03-07.02.04:421][  0]LogInit: Transaction tracking system initialized
[2017.07.03-07.02.04:738][  0]BlueprintLog: New page: Editor Load
[2017.07.03-07.02.06:437][  0]LocalizationService: Info Localization service is disabled
[2017.07.03-07.02.07:523][  0]LogConsoleResponse:Display: 
[2017.07.03-07.02.11:872][  0]LogFileCache: Scanning file cache for directory 'C:/Users/Demonic/Desktop/Blackhole/Content/' took 0.01s
[2017.07.03-07.02.11:872][  0]LogCook:Display: Max memory allowance for cook 8192mb
[2017.07.03-07.02.11:872][  0]LogCook:Display: Mobile HDR setting 0
[2017.07.03-07.02.14:766][  0]SourceControl: Info Source control is disabled
[2017.07.03-07.02.14:826][  0]Cmd: MAP LOAD FILE="../../../../../../Users/Demonic/Desktop/Blackhole/Content/Blackhole/BMaps/Map1.umap" TEMPLATE=0 SHOWPROGRESS=1 FEATURELEVEL=3
[2017.07.03-07.02.14:830][  0]LightingResults: New page: Lighting Build
[2017.07.03-07.02.15:000][  0]MapCheck: New page: Map Check
[2017.07.03-07.02.15:000][  0]LightingResults: New page: Lighting Build
[2017.07.03-07.02.20:867][  0]LogMaterial: Missing cached shader map for material BlackHole_Material, compiling. 
[2017.07.03-07.02.22:979][  0]LogAIModule: Creating AISystem for world Map1
[2017.07.03-07.02.24:040][  0]LogEditorServer: Finished looking for orphan Actors (0.000 secs)
[2017.07.03-07.02.24:178][  0]Cmd: MAP CHECKDEP NOCLEARLOG
[2017.07.03-07.02.24:237][  0]MapCheck: Info Map check complete: 0 Error(s), 0 Warning(s), took 58.529ms to complete.
[2017.07.03-07.02.24:237][  0]LogFileHelpers: Loading map 'Map1' took 9.427
[2017.07.03-07.02.26:479][  0]LogCollectionManager: Loaded 0 collections in 0.018061 seconds
[2017.07.03-07.02.26:620][  0]LogFileCache: Scanning file cache for directory 'C:/Users/Demonic/Desktop/Blackhole/Saved/Collections/' took 0.01s
[2017.07.03-07.02.26:620][  0]LogFileCache: Scanning file cache for directory 'C:/Users/Demonic/Desktop/Blackhole/Content/Developers/Demonic/Collections/' took 0.01s
[2017.07.03-07.02.26:620][  0]LogFileCache: Scanning file cache for directory 'C:/Users/Demonic/Desktop/Blackhole/Content/Collections/' took 0.01s
[2017.07.03-07.02.26:620][  0]LogCollectionManager: Rebuilt the GUID cache for 0 collections in 0.000002 seconds
[2017.07.03-07.02.26:639][  0]LogContentBrowser: Native class hierarchy populated in 0.0173 seconds. Added 2047 classes and 369 folders.
[2017.07.03-07.02.26:692][  0]LogStats: UGameplayTagsManager::ConstructGameplayTagTree: Construct from data asset -  0.000 s
[2017.07.03-07.02.26:692][  0]LogStats: UGameplayTagsManager::ConstructGameplayTagTree: GameplayTagTreeChangedEvent.Broadcast -  0.000 s
[2017.07.03-07.02.26:693][  0]LogContentBrowser: Native class hierarchy updated for 'GameplayTags' in 0.0007 seconds. Added 12 classes and 0 folders.
[2017.07.03-07.02.26:733][  0]LogContentBrowser: Native class hierarchy updated for 'WidgetCarousel' in 0.0004 seconds. Added 0 classes and 0 folders.
[2017.07.03-07.02.28:789][  0]LogContentBrowser: Native class hierarchy updated for 'AddContentDialog' in 0.0004 seconds. Added 0 classes and 0 folders.
[2017.07.03-07.02.28:836][  0]LogContentBrowser: Native class hierarchy updated for 'SceneOutliner' in 0.0004 seconds. Added 1 classes and 2 folders.
[2017.07.03-07.02.29:578][  0]LogCrashTracker: Crashtracker disabled due to settings.
[2017.07.03-07.02.29:694][  0]LogUObjectGlobals:Warning: Failed to find object 'Class None.'
[2017.07.03-07.02.29:775][  0]LogContentBrowser: Native class hierarchy updated for 'HierarchicalLODOutliner' in 0.0005 seconds. Added 1 classes and 2 folders.
[2017.07.03-07.02.29:775][  0]LogLoad: Full Startup: 147.21 seconds (BP compile: 1.33 seconds)
[2017.07.03-07.02.29:775][  0]LogExternalProfiler: Found external profiler: VSPerf
[2017.07.03-07.02.29:775][  0]LogExternalProfiler: Using external profiler: VSPerf
[2017.07.03-07.02.30:126][  0]LogOcInput: OculusInput pre-init called
[2017.07.03-07.02.30:206][  0]LogContentStreaming: Texture pool size now 1000 MB
[2017.07.03-07.02.31:291][  0]LogRenderer: Reallocating scene render targets to support 1064x576 (Frame:2).
[2017.07.03-07.02.32:196][  3]LogAssetRegistry: Asset discovery search completed in 99.2965 seconds
[2017.07.03-07.02.32:211][  3]LogCollectionManager: Rebuilt the object cache for 0 collections in 0.000001 seconds (found 0 objects)
[2017.07.03-07.02.32:211][  3]LogCollectionManager: Fixed up redirectors for 0 collections in 0.015486 seconds (updated 0 objects)
[2017.07.03-07.05.28:622][741]LogBlueprintUserMessages: Early PlayInEditor Detection: Level '/Game/Blackhole/BMaps/Map1.Map1:PersistentLevel' has LevelScriptBlueprint '/Game/Blackhole/BMaps/Map1.Map1:PersistentLevel.Map1' with GeneratedClass '/Game/Blackhole/BMaps/Map1.Map1_C' with ClassGeneratedBy '/Game/Blackhole/BMaps/Map1.Map1:PersistentLevel.Map1'
[2017.07.03-07.05.28:624][741]LogPlayLevel: PlayLevel: No blueprints needed recompiling
[2017.07.03-07.05.28:787][741]PIE: New page: PIE session: Map1 (Jul 2, 2017, 4:05:28 PM)
[2017.07.03-07.05.28:787][741]LogPlayLevel: Creating play world package: /Game/Blackhole/BMaps/UEDPIE_0_Map1
[2017.07.03-07.05.28:834][741]LogPlayLevel: PIE: StaticDuplicateObject took: (0.046986s)
[2017.07.03-07.05.28:835][741]LogAIModule: Creating AISystem for world Map1
[2017.07.03-07.05.28:836][741]LogPlayLevel: PIE: World Init took: (0.001315s)
[2017.07.03-07.05.28:836][741]LogPlayLevel: PIE: Created PIE world by copying editor world from /Game/Blackhole/BMaps/Map1.Map1 to /Game/Blackhole/BMaps/UEDPIE_0_Map1.Map1 (0.048820s)
[2017.07.03-07.05.28:995][741]LogInit: XAudio2 using 'Speakers (USB  AUDIO  )' : 2 channels at 48 kHz using 16 bits per sample (channel mask 0x3)
[2017.07.03-07.05.29:001][741]LogInit: FAudioDevice initialized.
[2017.07.03-07.05.29:171][741]LogWorld: Game class is 'TopDownGameMode_C'
[2017.07.03-07.05.29:299][741]LogWorld: Bringing World /Game/Blackhole/BMaps/UEDPIE_0_Map1.Map1 up for play (max tick rate 0) at 2017.07.03-00.05.29
[2017.07.03-07.05.29:323][741]LogWorld: Bringing up level for play took: 0.027429
[2017.07.03-07.05.29:407][741]LogContentBrowser: Native class hierarchy updated for 'MovieSceneCapture' in 0.0005 seconds. Added 11 classes and 0 folders.
[2017.07.03-07.05.29:448][741]PIE: Info Play in editor start time for /Game/Blackhole/BMaps/UEDPIE_0_Map1 1.717
[2017.07.03-07.05.29:448][741]LogBlueprintUserMessages: Late PlayInEditor Detection: Level '/Game/Blackhole/BMaps/Map1.Map1:PersistentLevel' has LevelScriptBlueprint '/Game/Blackhole/BMaps/Map1.Map1:PersistentLevel.Map1' with GeneratedClass '/Game/Blackhole/BMaps/Map1.Map1_C' with ClassGeneratedBy '/Game/Blackhole/BMaps/Map1.Map1:PersistentLevel.Map1'
[2017.07.03-07.05.52:274][694]LogBlueprintUserMessages: Early EndPlayMap Detection: Level '/Game/Blackhole/BMaps/Map1.Map1:PersistentLevel' has LevelScriptBlueprint '/Game/Blackhole/BMaps/Map1.Map1:PersistentLevel.Map1' with GeneratedClass '/Game/Blackhole/BMaps/Map1.Map1_C' with ClassGeneratedBy '/Game/Blackhole/BMaps/Map1.Map1:PersistentLevel.Map1'
[2017.07.03-07.05.52:413][694]LogBlueprintUserMessages: Late EndPlayMap Detection: Level '/Game/Blackhole/BMaps/Map1.Map1:PersistentLevel' has LevelScriptBlueprint '/Game/Blackhole/BMaps/Map1.Map1:PersistentLevel.Map1' with GeneratedClass '/Game/Blackhole/BMaps/Map1.Map1_C' with ClassGeneratedBy '/Game/Blackhole/BMaps/Map1.Map1:PersistentLevel.Map1'
[2017.07.03-07.05.58:555][840]LogMaterial: Missing cached shader map for material BlackHole_Material, compiling. 
[2017.07.03-07.05.59:048][840]LogMaterial: Missing cached shader map for material BlackHole_Material, compiling. 
[2017.07.03-07.05.59:070][840]LogMaterial: 0.00 seconds spent updating 1 materials, 1 interfaces, 0 instances, 0 with static permutations.
[2017.07.03-07.05.59:103][840]LogMaterial: Missing cached shader map for material FMatExpressionPreview MaterialExpressionClamp_1, compiling. 
[2017.07.03-07.06.00:125][850]MaterialEditorStats: Info Base pass shader without light map: 27 instructions
[2017.07.03-07.06.00:125][850]MaterialEditorStats: Info Vertex shader: 66 instructions
[2017.07.03-07.06.00:125][850]MaterialEditorStats: Info Texture samplers: 3/16
[2017.07.03-07.06.11:614][128]LogMaterial: Missing cached shader map for material BlackHole_Material, compiling. 
[2017.07.03-07.06.11:620][128]LogMaterial: 0.00 seconds spent updating 1 materials, 1 interfaces, 0 instances, 0 with static permutations.
[2017.07.03-07.06.12:735][157]MaterialEditorStats: Info Base pass shader without light map: 27 instructions
[2017.07.03-07.06.12:735][157]MaterialEditorStats: Info Vertex shader: 66 instructions
[2017.07.03-07.06.12:736][157]MaterialEditorStats: Info Texture samplers: 3/16
[2017.07.03-07.06.13:812][183]LogMaterialEditor: Saving and Compiling material BlackHole_Material
[2017.07.03-07.06.15:962][183]LogMaterial: Missing cached shader map for material BlackHole_Material, compiling. 
[2017.07.03-07.06.15:973][183]LogMaterial: 0.00 seconds spent updating 1 materials, 1 interfaces, 0 instances, 0 with static permutations.
[2017.07.03-07.06.16:024][183]LogMaterial: Missing cached shader map for material BlackHole_Material, compiling. 
[2017.07.03-07.06.16:081][183]LogMaterial: Missing cached shader map for material BlackHole_Material, compiling. 
[2017.07.03-07.06.16:092][183]LogMaterial: 0.00 seconds spent updating 1 materials, 1 interfaces, 0 instances, 0 with static permutations.
[2017.07.03-07.06.18:276][183]Cmd: OBJ SAVEPACKAGE PACKAGE="/Game/Blackhole/Player/BlackHole_Material" FILE="../../../../../../Users/Demonic/Desktop/Blackhole/Content/Blackhole/Player/BlackHole_Material.uasset" SILENT=true
[2017.07.03-07.06.18:845][183]LogSavePackage: Save=86.67ms
[2017.07.03-07.06.18:845][183]LogSavePackage: Moving '../../../../../../Users/Demonic/Desktop/Blackhole/Saved/BlackHole_Material8BCBF5EA49B23948130F0D989BEB1923.tmp' to '../../../../../../Users/Demonic/Desktop/Blackhole/Content/Blackhole/Player/BlackHole_Material.uasset'
[2017.07.03-07.06.18:850][183]LogSavePackage:Display: Finished SavePackage ../../../../../../Users/Demonic/Desktop/Blackhole/Content/Blackhole/Player/BlackHole_Material.uasset
[2017.07.03-07.06.18:853][183]MaterialEditorStats: Info Base pass shader without light map: 56 instructions
[2017.07.03-07.06.18:853][183]MaterialEditorStats: Info Vertex shader: 66 instructions
[2017.07.03-07.06.18:853][183]MaterialEditorStats: Info Texture samplers: 3/16
[2017.07.03-07.06.20:938][247]LogBlueprintUserMessages: Early PlayInEditor Detection: Level '/Game/Blackhole/BMaps/Map1.Map1:PersistentLevel' has LevelScriptBlueprint '/Game/Blackhole/BMaps/Map1.Map1:PersistentLevel.Map1' with GeneratedClass '/Game/Blackhole/BMaps/Map1.Map1_C' with ClassGeneratedBy '/Game/Blackhole/BMaps/Map1.Map1:PersistentLevel.Map1'
[2017.07.03-07.06.20:938][247]LogPlayLevel: PlayLevel: No blueprints needed recompiling
[2017.07.03-07.06.20:938][247]PIE: New page: PIE session: Map1 (Jul 2, 2017, 4:06:20 PM)
[2017.07.03-07.06.20:938][247]LogPlayLevel: Creating play world package: /Game/Blackhole/BMaps/UEDPIE_0_Map1
[2017.07.03-07.06.20:966][247]LogPlayLevel: PIE: StaticDuplicateObject took: (0.027988s)
[2017.07.03-07.06.20:967][247]LogAIModule: Creating AISystem for world Map1
[2017.07.03-07.06.20:967][247]LogPlayLevel: PIE: World Init took: (0.000774s)
[2017.07.03-07.06.20:967][247]LogPlayLevel: PIE: Created PIE world by copying editor world from /Game/Blackhole/BMaps/Map1.Map1 to /Game/Blackhole/BMaps/UEDPIE_0_Map1.Map1 (0.029016s)
[2017.07.03-07.06.21:001][247]LogInit: XAudio2 using 'Speakers (USB  AUDIO  )' : 2 channels at 48 kHz using 16 bits per sample (channel mask 0x3)
[2017.07.03-07.06.21:006][247]LogInit: FAudioDevice initialized.
[2017.07.03-07.06.21:058][247]LogWorld: Game class is 'TopDownGameMode_C'
[2017.07.03-07.06.21:062][247]LogWorld: Bringing World /Game/Blackhole/BMaps/UEDPIE_0_Map1.Map1 up for play (max tick rate 0) at 2017.07.03-00.06.21
[2017.07.03-07.06.21:062][247]LogWorld: Bringing up level for play took: 0.003747
[2017.07.03-07.06.21:064][247]PIE: Info Play in editor start time for /Game/Blackhole/BMaps/UEDPIE_0_Map1 -0.668
[2017.07.03-07.06.21:064][247]LogBlueprintUserMessages: Late PlayInEditor Detection: Level '/Game/Blackhole/BMaps/Map1.Map1:PersistentLevel' has LevelScriptBlueprint '/Game/Blackhole/BMaps/Map1.Map1:PersistentLevel.Map1' with GeneratedClass '/Game/Blackhole/BMaps/Map1.Map1_C' with ClassGeneratedBy '/Game/Blackhole/BMaps/Map1.Map1:PersistentLevel.Map1'
[2017.07.03-07.07.15:844][577]LogBlueprintUserMessages: Early EndPlayMap Detection: Level '/Game/Blackhole/BMaps/Map1.Map1:PersistentLevel' has LevelScriptBlueprint '/Game/Blackhole/BMaps/Map1.Map1:PersistentLevel.Map1' with GeneratedClass '/Game/Blackhole/BMaps/Map1.Map1_C' with ClassGeneratedBy '/Game/Blackhole/BMaps/Map1.Map1:PersistentLevel.Map1'
[2017.07.03-07.07.15:898][577]LogBlueprintUserMessages: Late EndPlayMap Detection: Level '/Game/Blackhole/BMaps/Map1.Map1:PersistentLevel' has LevelScriptBlueprint '/Game/Blackhole/BMaps/Map1.Map1:PersistentLevel.Map1' with GeneratedClass '/Game/Blackhole/BMaps/Map1.Map1_C' with ClassGeneratedBy '/Game/Blackhole/BMaps/Map1.Map1:PersistentLevel.Map1'
[2017.07.03-07.07.21:751][714]LogMaterial: Missing cached shader map for material BlackHole_Material, compiling. 
[2017.07.03-07.07.21:756][714]LogMaterial: 0.00 seconds spent updating 1 materials, 1 interfaces, 0 instances, 0 with static permutations.
[2017.07.03-07.07.23:095][748]MaterialEditorStats: Info Base pass shader without light map: 27 instructions
[2017.07.03-07.07.23:095][748]MaterialEditorStats: Info Vertex shader: 66 instructions
[2017.07.03-07.07.23:095][748]MaterialEditorStats: Info Texture samplers: 3/16
[2017.07.03-07.07.25:564][809]LogMaterialEditor: Saving and Compiling material BlackHole_Material
[2017.07.03-07.07.25:966][809]LogMaterial: Missing cached shader map for material BlackHole_Material, compiling. 
[2017.07.03-07.07.25:977][809]LogMaterial: 0.00 seconds spent updating 1 materials, 1 interfaces, 0 instances, 0 with static permutations.
[2017.07.03-07.07.26:116][809]LogMaterial: Missing cached shader map for material BlackHole_Material, compiling. 
[2017.07.03-07.07.26:133][809]LogMaterial: Missing cached shader map for material BlackHole_Material, compiling. 
[2017.07.03-07.07.26:140][809]LogMaterial: 0.00 seconds spent updating 1 materials, 1 interfaces, 0 instances, 0 with static permutations.
[2017.07.03-07.07.28:119][809]Cmd: OBJ SAVEPACKAGE PACKAGE="/Game/Blackhole/Player/BlackHole_Material" FILE="../../../../../../Users/Demonic/Desktop/Blackhole/Content/Blackhole/Player/BlackHole_Material.uasset" SILENT=true
[2017.07.03-07.07.28:135][809]LogSavePackage: Save=10.37ms
[2017.07.03-07.07.28:135][809]LogSavePackage: Moving '../../../../../../Users/Demonic/Desktop/Blackhole/Saved/BlackHole_Material588A5CBC4E4C8F01FD4F7ABF725787E0.tmp' to '../../../../../../Users/Demonic/Desktop/Blackhole/Content/Blackhole/Player/BlackHole_Material.uasset'
[2017.07.03-07.07.28:143][809]LogSavePackage:Display: Finished SavePackage ../../../../../../Users/Demonic/Desktop/Blackhole/Content/Blackhole/Player/BlackHole_Material.uasset
[2017.07.03-07.07.28:146][809]MaterialEditorStats: Info Base pass shader without light map: 56 instructions
[2017.07.03-07.07.28:146][809]MaterialEditorStats: Info Vertex shader: 66 instructions
[2017.07.03-07.07.28:146][809]MaterialEditorStats: Info Texture samplers: 3/16
[2017.07.03-07.07.35:749][ 83]LogBlueprintUserMessages: Early PlayInEditor Detection: Level '/Game/Blackhole/BMaps/Map1.Map1:PersistentLevel' has LevelScriptBlueprint '/Game/Blackhole/BMaps/Map1.Map1:PersistentLevel.Map1' with GeneratedClass '/Game/Blackhole/BMaps/Map1.Map1_C' with ClassGeneratedBy '/Game/Blackhole/BMaps/Map1.Map1:PersistentLevel.Map1'
[2017.07.03-07.07.35:749][ 83]LogPlayLevel: PlayLevel: No blueprints needed recompiling
[2017.07.03-07.07.35:750][ 83]PIE: New page: PIE session: Map1 (Jul 2, 2017, 4:07:35 PM)
[2017.07.03-07.07.35:750][ 83]LogPlayLevel: Creating play world package: /Game/Blackhole/BMaps/UEDPIE_0_Map1
[2017.07.03-07.07.35:776][ 83]LogPlayLevel: PIE: StaticDuplicateObject took: (0.026816s)
[2017.07.03-07.07.35:777][ 83]LogAIModule: Creating AISystem for world Map1
[2017.07.03-07.07.35:777][ 83]LogPlayLevel: PIE: World Init took: (0.000847s)
[2017.07.03-07.07.35:778][ 83]LogPlayLevel: PIE: Created PIE world by copying editor world from /Game/Blackhole/BMaps/Map1.Map1 to /Game/Blackhole/BMaps/UEDPIE_0_Map1.Map1 (0.027928s)
[2017.07.03-07.07.35:789][ 83]LogInit: XAudio2 using 'Speakers (USB  AUDIO  )' : 2 channels at 48 kHz using 16 bits per sample (channel mask 0x3)
[2017.07.03-07.07.35:795][ 83]LogInit: FAudioDevice initialized.
[2017.07.03-07.07.35:847][ 83]LogWorld: Game class is 'TopDownGameMode_C'
[2017.07.03-07.07.35:851][ 83]LogWorld: Bringing World /Game/Blackhole/BMaps/UEDPIE_0_Map1.Map1 up for play (max tick rate 0) at 2017.07.03-00.07.35
[2017.07.03-07.07.35:852][ 83]LogWorld: Bringing up level for play took: 0.003567
[2017.07.03-07.07.35:853][ 83]PIE: Info Play in editor start time for /Game/Blackhole/BMaps/UEDPIE_0_Map1 0.119
[2017.07.03-07.07.35:853][ 83]LogBlueprintUserMessages: Late PlayInEditor Detection: Level '/Game/Blackhole/BMaps/Map1.Map1:PersistentLevel' has LevelScriptBlueprint '/Game/Blackhole/BMaps/Map1.Map1:PersistentLevel.Map1' with GeneratedClass '/Game/Blackhole/BMaps/Map1.Map1_C' with ClassGeneratedBy '/Game/Blackhole/BMaps/Map1.Map1:PersistentLevel.Map1'
[2017.07.03-07.07.56:327][954]LogBlueprintUserMessages: Early EndPlayMap Detection: Level '/Game/Blackhole/BMaps/Map1.Map1:PersistentLevel' has LevelScriptBlueprint '/Game/Blackhole/BMaps/Map1.Map1:PersistentLevel.Map1' with GeneratedClass '/Game/Blackhole/BMaps/Map1.Map1_C' with ClassGeneratedBy '/Game/Blackhole/BMaps/Map1.Map1:PersistentLevel.Map1'
[2017.07.03-07.07.56:375][954]LogBlueprintUserMessages: Late EndPlayMap Detection: Level '/Game/Blackhole/BMaps/Map1.Map1:PersistentLevel' has LevelScriptBlueprint '/Game/Blackhole/BMaps/Map1.Map1:PersistentLevel.Map1' with GeneratedClass '/Game/Blackhole/BMaps/Map1.Map1_C' with ClassGeneratedBy '/Game/Blackhole/BMaps/Map1.Map1:PersistentLevel.Map1'
[2017.07.03-07.08.12:604][348]LogMaterial: Missing cached shader map for material BlackHole_Material, compiling. 
[2017.07.03-07.08.12:609][348]LogMaterial: 0.00 seconds spent updating 1 materials, 1 interfaces, 0 instances, 0 with static permutations.
[2017.07.03-07.08.13:991][382]MaterialEditorStats: Info Base pass shader without light map: 27 instructions
[2017.07.03-07.08.13:991][382]MaterialEditorStats: Info Vertex shader: 66 instructions
[2017.07.03-07.08.13:991][382]MaterialEditorStats: Info Texture samplers: 3/16
[2017.07.03-07.08.16:868][451]LogMaterial: Missing cached shader map for material BlackHole_Material, compiling. 
[2017.07.03-07.08.16:873][451]LogMaterial: 0.00 seconds spent updating 1 materials, 1 interfaces, 0 instances, 0 with static permutations.
[2017.07.03-07.08.17:954][479]MaterialEditorStats: Info Base pass shader without light map: 27 instructions
[2017.07.03-07.08.17:954][479]MaterialEditorStats: Info Vertex shader: 66 instructions
[2017.07.03-07.08.17:954][479]MaterialEditorStats: Info Texture samplers: 3/16
[2017.07.03-07.08.22:553][591]LogMaterial: Missing cached shader map for material BlackHole_Material, compiling. 
[2017.07.03-07.08.22:559][591]LogMaterial: 0.00 seconds spent updating 1 materials, 1 interfaces, 0 instances, 0 with static permutations.
[2017.07.03-07.08.23:702][620]MaterialEditorStats: Info Base pass shader without light map: 27 instructions
[2017.07.03-07.08.23:702][620]MaterialEditorStats: Info Vertex shader: 66 instructions
[2017.07.03-07.08.23:702][620]MaterialEditorStats: Info Texture samplers: 3/16
[2017.07.03-07.08.32:457][833]LogMaterial: Missing cached shader map for material BlackHole_Material, compiling. 
[2017.07.03-07.08.32:462][833]LogMaterial: 0.00 seconds spent updating 1 materials, 1 interfaces, 0 instances, 0 with static permutations.
[2017.07.03-07.08.33:600][862]MaterialEditorStats: Info Base pass shader without light map: 27 instructions
[2017.07.03-07.08.33:600][862]MaterialEditorStats: Info Vertex shader: 66 instructions
[2017.07.03-07.08.33:600][862]MaterialEditorStats: Info Texture samplers: 3/16
[2017.07.03-07.08.34:461][883]LogMaterialEditor: Saving and Compiling material BlackHole_Material
[2017.07.03-07.08.34:880][883]LogMaterial: Missing cached shader map for material BlackHole_Material, compiling. 
[2017.07.03-07.08.34:890][883]LogMaterial: 0.00 seconds spent updating 1 materials, 1 interfaces, 0 instances, 0 with static permutations.
[2017.07.03-07.08.34:935][883]LogMaterial: Missing cached shader map for material BlackHole_Material, compiling. 
[2017.07.03-07.08.34:944][883]LogMaterial: Missing cached shader map for material BlackHole_Material, compiling. 
[2017.07.03-07.08.34:951][883]LogMaterial: 0.00 seconds spent updating 1 materials, 1 interfaces, 0 instances, 0 with static permutations.
[2017.07.03-07.08.37:089][883]Cmd: OBJ SAVEPACKAGE PACKAGE="/Game/Blackhole/Player/BlackHole_Material" FILE="../../../../../../Users/Demonic/Desktop/Blackhole/Content/Blackhole/Player/BlackHole_Material.uasset" SILENT=true
[2017.07.03-07.08.37:106][883]LogSavePackage: Save=11.13ms
[2017.07.03-07.08.37:106][883]LogSavePackage: Moving '../../../../../../Users/Demonic/Desktop/Blackhole/Saved/BlackHole_Material69A4380141A0FB4F120A749D135BCAC0.tmp' to '../../../../../../Users/Demonic/Desktop/Blackhole/Content/Blackhole/Player/BlackHole_Material.uasset'
[2017.07.03-07.08.37:111][883]LogSavePackage:Display: Finished SavePackage ../../../../../../Users/Demonic/Desktop/Blackhole/Content/Blackhole/Player/BlackHole_Material.uasset
[2017.07.03-07.08.37:114][883]MaterialEditorStats: Info Base pass shader without light map: 56 instructions
[2017.07.03-07.08.37:114][883]MaterialEditorStats: Info Vertex shader: 66 instructions
[2017.07.03-07.08.37:114][883]MaterialEditorStats: Info Texture samplers: 3/16
[2017.07.03-07.08.38:905][939]LogBlueprintUserMessages: Early PlayInEditor Detection: Level '/Game/Blackhole/BMaps/Map1.Map1:PersistentLevel' has LevelScriptBlueprint '/Game/Blackhole/BMaps/Map1.Map1:PersistentLevel.Map1' with GeneratedClass '/Game/Blackhole/BMaps/Map1.Map1_C' with ClassGeneratedBy '/Game/Blackhole/BMaps/Map1.Map1:PersistentLevel.Map1'
[2017.07.03-07.08.38:905][939]LogPlayLevel: PlayLevel: No blueprints needed recompiling
[2017.07.03-07.08.38:905][939]PIE: New page: PIE session: Map1 (Jul 2, 2017, 4:08:38 PM)
[2017.07.03-07.08.38:906][939]LogPlayLevel: Creating play world package: /Game/Blackhole/BMaps/UEDPIE_0_Map1
[2017.07.03-07.08.38:933][939]LogPlayLevel: PIE: StaticDuplicateObject took: (0.027241s)
[2017.07.03-07.08.38:933][939]LogAIModule: Creating AISystem for world Map1
[2017.07.03-07.08.38:934][939]LogPlayLevel: PIE: World Init took: (0.000711s)
[2017.07.03-07.08.38:934][939]LogPlayLevel: PIE: Created PIE world by copying editor world from /Game/Blackhole/BMaps/Map1.Map1 to /Game/Blackhole/BMaps/UEDPIE_0_Map1.Map1 (0.028183s)
[2017.07.03-07.08.38:947][939]LogInit: XAudio2 using 'Speakers (USB  AUDIO  )' : 2 channels at 48 kHz using 16 bits per sample (channel mask 0x3)
[2017.07.03-07.08.38:953][939]LogInit: FAudioDevice initialized.
[2017.07.03-07.08.39:007][939]LogWorld: Game class is 'TopDownGameMode_C'
[2017.07.03-07.08.39:011][939]LogWorld: Bringing World /Game/Blackhole/BMaps/UEDPIE_0_Map1.Map1 up for play (max tick rate 0) at 2017.07.03-00.08.39
[2017.07.03-07.08.39:012][939]LogWorld: Bringing up level for play took: 0.004000
[2017.07.03-07.08.39:014][939]PIE: Info Play in editor start time for /Game/Blackhole/BMaps/UEDPIE_0_Map1 -0.721
[2017.07.03-07.08.39:014][939]LogBlueprintUserMessages: Late PlayInEditor Detection: Level '/Game/Blackhole/BMaps/Map1.Map1:PersistentLevel' has LevelScriptBlueprint '/Game/Blackhole/BMaps/Map1.Map1:PersistentLevel.Map1' with GeneratedClass '/Game/Blackhole/BMaps/Map1.Map1_C' with ClassGeneratedBy '/Game/Blackhole/BMaps/Map1.Map1:PersistentLevel.Map1'
[2017.07.03-07.09.10:090][255]LogBlueprintUserMessages: Early EndPlayMap Detection: Level '/Game/Blackhole/BMaps/Map1.Map1:PersistentLevel' has LevelScriptBlueprint '/Game/Blackhole/BMaps/Map1.Map1:PersistentLevel.Map1' with GeneratedClass '/Game/Blackhole/BMaps/Map1.Map1_C' with ClassGeneratedBy '/Game/Blackhole/BMaps/Map1.Map1:PersistentLevel.Map1'
[2017.07.03-07.09.10:133][255]LogBlueprintUserMessages: Late EndPlayMap Detection: Level '/Game/Blackhole/BMaps/Map1.Map1:PersistentLevel' has LevelScriptBlueprint '/Game/Blackhole/BMaps/Map1.Map1:PersistentLevel.Map1' with GeneratedClass '/Game/Blackhole/BMaps/Map1.Map1_C' with ClassGeneratedBy '/Game/Blackhole/BMaps/Map1.Map1:PersistentLevel.Map1'
[2017.07.03-07.09.17:709][430]LogMaterial: Missing cached shader map for material BlackHole_Material, compiling. 
[2017.07.03-07.09.17:714][430]LogMaterial: 0.00 seconds spent updating 1 materials, 1 interfaces, 0 instances, 0 with static permutations.
[2017.07.03-07.09.19:057][464]MaterialEditorStats: Info Base pass shader without light map: 27 instructions
[2017.07.03-07.09.19:057][464]MaterialEditorStats: Info Vertex shader: 66 instructions
[2017.07.03-07.09.19:057][464]MaterialEditorStats: Info Texture samplers: 3/16
[2017.07.03-07.09.19:859][484]LogMaterialEditor: Saving and Compiling material BlackHole_Material
[2017.07.03-07.09.20:259][484]LogMaterial: Missing cached shader map for material BlackHole_Material, compiling. 
[2017.07.03-07.09.20:270][484]LogMaterial: 0.00 seconds spent updating 1 materials, 1 interfaces, 0 instances, 0 with static permutations.
[2017.07.03-07.09.20:289][484]LogMaterial: Missing cached shader map for material BlackHole_Material, compiling. 
[2017.07.03-07.09.20:304][484]LogMaterial: Missing cached shader map for material BlackHole_Material, compiling. 
[2017.07.03-07.09.20:311][484]LogMaterial: 0.00 seconds spent updating 1 materials, 1 interfaces, 0 instances, 0 with static permutations.
[2017.07.03-07.09.22:457][484]Cmd: OBJ SAVEPACKAGE PACKAGE="/Game/Blackhole/Player/BlackHole_Material" FILE="../../../../../../Users/Demonic/Desktop/Blackhole/Content/Blackhole/Player/BlackHole_Material.uasset" SILENT=true
[2017.07.03-07.09.22:475][484]LogSavePackage: Save=11.94ms
[2017.07.03-07.09.22:475][484]LogSavePackage: Moving '../../../../../../Users/Demonic/Desktop/Blackhole/Saved/BlackHole_Material5F969E4341412C17CA45EE82E265CADF.tmp' to '../../../../../../Users/Demonic/Desktop/Blackhole/Content/Blackhole/Player/BlackHole_Material.uasset'
[2017.07.03-07.09.22:483][484]LogSavePackage:Display: Finished SavePackage ../../../../../../Users/Demonic/Desktop/Blackhole/Content/Blackhole/Player/BlackHole_Material.uasset
[2017.07.03-07.09.22:486][484]MaterialEditorStats: Info Base pass shader without light map: 56 instructions
[2017.07.03-07.09.22:486][484]MaterialEditorStats: Info Vertex shader: 66 instructions
[2017.07.03-07.09.22:486][484]MaterialEditorStats: Info Texture samplers: 3/16
[2017.07.03-07.09.25:491][590]LogBlueprintUserMessages: Early PlayInEditor Detection: Level '/Game/Blackhole/BMaps/Map1.Map1:PersistentLevel' has LevelScriptBlueprint '/Game/Blackhole/BMaps/Map1.Map1:PersistentLevel.Map1' with GeneratedClass '/Game/Blackhole/BMaps/Map1.Map1_C' with ClassGeneratedBy '/Game/Blackhole/BMaps/Map1.Map1:PersistentLevel.Map1'
[2017.07.03-07.09.25:491][590]LogPlayLevel: PlayLevel: No blueprints needed recompiling
[2017.07.03-07.09.25:492][590]PIE: New page: PIE session: Map1 (Jul 2, 2017, 4:09:25 PM)
[2017.07.03-07.09.25:492][590]LogPlayLevel: Creating play world package: /Game/Blackhole/BMaps/UEDPIE_0_Map1
[2017.07.03-07.09.25:518][590]LogPlayLevel: PIE: StaticDuplicateObject took: (0.026494s)
[2017.07.03-07.09.25:519][590]LogAIModule: Creating AISystem for world Map1
[2017.07.03-07.09.25:519][590]LogPlayLevel: PIE: World Init took: (0.000845s)
[2017.07.03-07.09.25:519][590]LogPlayLevel: PIE: Created PIE world by copying editor world from /Game/Blackhole/BMaps/Map1.Map1 to /Game/Blackhole/BMaps/UEDPIE_0_Map1.Map1 (0.027588s)
[2017.07.03-07.09.25:532][590]LogInit: XAudio2 using 'Speakers (USB  AUDIO  )' : 2 channels at 48 kHz using 16 bits per sample (channel mask 0x3)
[2017.07.03-07.09.25:538][590]LogInit: FAudioDevice initialized.
[2017.07.03-07.09.25:588][590]LogWorld: Game class is 'TopDownGameMode_C'
[2017.07.03-07.09.25:593][590]LogWorld: Bringing World /Game/Blackhole/BMaps/UEDPIE_0_Map1.Map1 up for play (max tick rate 0) at 2017.07.03-00.09.25
[2017.07.03-07.09.25:593][590]LogWorld: Bringing up level for play took: 0.003701
[2017.07.03-07.09.25:595][590]PIE: Info Play in editor start time for /Game/Blackhole/BMaps/UEDPIE_0_Map1 -0.141
[2017.07.03-07.09.25:595][590]LogBlueprintUserMessages: Late PlayInEditor Detection: Level '/Game/Blackhole/BMaps/Map1.Map1:PersistentLevel' has LevelScriptBlueprint '/Game/Blackhole/BMaps/Map1.Map1:PersistentLevel.Map1' with GeneratedClass '/Game/Blackhole/BMaps/Map1.Map1_C' with ClassGeneratedBy '/Game/Blackhole/BMaps/Map1.Map1:PersistentLevel.Map1'
[2017.07.03-07.10.41:716][851]LogBlueprintUserMessages: Early EndPlayMap Detection: Level '/Game/Blackhole/BMaps/Map1.Map1:PersistentLevel' has LevelScriptBlueprint '/Game/Blackhole/BMaps/Map1.Map1:PersistentLevel.Map1' with GeneratedClass '/Game/Blackhole/BMaps/Map1.Map1_C' with ClassGeneratedBy '/Game/Blackhole/BMaps/Map1.Map1:PersistentLevel.Map1'
[2017.07.03-07.10.41:761][851]LogBlueprintUserMessages: Late EndPlayMap Detection: Level '/Game/Blackhole/BMaps/Map1.Map1:PersistentLevel' has LevelScriptBlueprint '/Game/Blackhole/BMaps/Map1.Map1:PersistentLevel.Map1' with GeneratedClass '/Game/Blackhole/BMaps/Map1.Map1_C' with ClassGeneratedBy '/Game/Blackhole/BMaps/Map1.Map1:PersistentLevel.Map1'
[2017.07.03-07.10.54:065][157]LogMaterial: Missing cached shader map for material BlackHole_Material, compiling. 
[2017.07.03-07.10.54:070][157]LogMaterial: 0.00 seconds spent updating 1 materials, 1 interfaces, 0 instances, 0 with static permutations.
[2017.07.03-07.10.55:404][190]MaterialEditorStats: Info Base pass shader without light map: 27 instructions
[2017.07.03-07.10.55:404][190]MaterialEditorStats: Info Vertex shader: 66 instructions
[2017.07.03-07.10.55:404][190]MaterialEditorStats: Info Texture samplers: 3/16
[2017.07.03-07.10.56:171][209]LogMaterialEditor: Saving and Compiling material BlackHole_Material
[2017.07.03-07.10.56:573][209]LogMaterial: Missing cached shader map for material BlackHole_Material, compiling. 
[2017.07.03-07.10.56:584][209]LogMaterial: 0.00 seconds spent updating 1 materials, 1 interfaces, 0 instances, 0 with static permutations.
[2017.07.03-07.10.56:646][209]LogMaterial: Missing cached shader map for material BlackHole_Material, compiling. 
[2017.07.03-07.10.56:702][209]LogMaterial: Missing cached shader map for material BlackHole_Material, compiling. 
[2017.07.03-07.10.56:712][209]LogMaterial: 0.00 seconds spent updating 1 materials, 1 interfaces, 0 instances, 0 with static permutations.
[2017.07.03-07.10.58:757][209]Cmd: OBJ SAVEPACKAGE PACKAGE="/Game/Blackhole/Player/BlackHole_Material" FILE="../../../../../../Users/Demonic/Desktop/Blackhole/Content/Blackhole/Player/BlackHole_Material.uasset" SILENT=true
[2017.07.03-07.10.58:773][209]LogSavePackage: Save=10.76ms
[2017.07.03-07.10.58:773][209]LogSavePackage: Moving '../../../../../../Users/Demonic/Desktop/Blackhole/Saved/BlackHole_Material2A60796F4BC0DC6774A5179E894DB937.tmp' to '../../../../../../Users/Demonic/Desktop/Blackhole/Content/Blackhole/Player/BlackHole_Material.uasset'
[2017.07.03-07.10.58:778][209]LogSavePackage:Display: Finished SavePackage ../../../../../../Users/Demonic/Desktop/Blackhole/Content/Blackhole/Player/BlackHole_Material.uasset
[2017.07.03-07.10.58:781][209]MaterialEditorStats: Info Base pass shader without light map: 56 instructions
[2017.07.03-07.10.58:781][209]MaterialEditorStats: Info Vertex shader: 66 instructions
[2017.07.03-07.10.58:781][209]MaterialEditorStats: Info Texture samplers: 3/16
[2017.07.03-07.11.01:829][303]LogBlueprintUserMessages: Early PlayInEditor Detection: Level '/Game/Blackhole/BMaps/Map1.Map1:PersistentLevel' has LevelScriptBlueprint '/Game/Blackhole/BMaps/Map1.Map1:PersistentLevel.Map1' with GeneratedClass '/Game/Blackhole/BMaps/Map1.Map1_C' with ClassGeneratedBy '/Game/Blackhole/BMaps/Map1.Map1:PersistentLevel.Map1'
[2017.07.03-07.11.01:829][303]LogPlayLevel: PlayLevel: No blueprints needed recompiling
[2017.07.03-07.11.01:829][303]PIE: New page: PIE session: Map1 (Jul 2, 2017, 4:11:01 PM)
[2017.07.03-07.11.01:829][303]LogPlayLevel: Creating play world package: /Game/Blackhole/BMaps/UEDPIE_0_Map1
[2017.07.03-07.11.01:855][303]LogPlayLevel: PIE: StaticDuplicateObject took: (0.025073s)
[2017.07.03-07.11.01:855][303]LogAIModule: Creating AISystem for world Map1
[2017.07.03-07.11.01:855][303]LogPlayLevel: PIE: World Init took: (0.000811s)
[2017.07.03-07.11.01:856][303]LogPlayLevel: PIE: Created PIE world by copying editor world from /Game/Blackhole/BMaps/Map1.Map1 to /Game/Blackhole/BMaps/UEDPIE_0_Map1.Map1 (0.026130s)
[2017.07.03-07.11.01:870][303]LogInit: XAudio2 using 'Speakers (USB  AUDIO  )' : 2 channels at 48 kHz using 16 bits per sample (channel mask 0x3)
[2017.07.03-07.11.01:876][303]LogInit: FAudioDevice initialized.
[2017.07.03-07.11.01:928][303]LogWorld: Game class is 'TopDownGameMode_C'
[2017.07.03-07.11.01:932][303]LogWorld: Bringing World /Game/Blackhole/BMaps/UEDPIE_0_Map1.Map1 up for play (max tick rate 0) at 2017.07.03-00.11.01
[2017.07.03-07.11.01:932][303]LogWorld: Bringing up level for play took: 0.003848
[2017.07.03-07.11.01:934][303]PIE: Info Play in editor start time for /Game/Blackhole/BMaps/UEDPIE_0_Map1 0.197
[2017.07.03-07.11.01:934][303]LogBlueprintUserMessages: Late PlayInEditor Detection: Level '/Game/Blackhole/BMaps/Map1.Map1:PersistentLevel' has LevelScriptBlueprint '/Game/Blackhole/BMaps/Map1.Map1:PersistentLevel.Map1' with GeneratedClass '/Game/Blackhole/BMaps/Map1.Map1_C' with ClassGeneratedBy '/Game/Blackhole/BMaps/Map1.Map1:PersistentLevel.Map1'
[2017.07.03-07.11.34:303][677]LogBlueprintUserMessages: Early EndPlayMap Detection: Level '/Game/Blackhole/BMaps/Map1.Map1:PersistentLevel' has LevelScriptBlueprint '/Game/Blackhole/BMaps/Map1.Map1:PersistentLevel.Map1' with GeneratedClass '/Game/Blackhole/BMaps/Map1.Map1_C' with ClassGeneratedBy '/Game/Blackhole/BMaps/Map1.Map1:PersistentLevel.Map1'
[2017.07.03-07.11.34:349][677]LogBlueprintUserMessages: Late EndPlayMap Detection: Level '/Game/Blackhole/BMaps/Map1.Map1:PersistentLevel' has LevelScriptBlueprint '/Game/Blackhole/BMaps/Map1.Map1:PersistentLevel.Map1' with GeneratedClass '/Game/Blackhole/BMaps/Map1.Map1_C' with ClassGeneratedBy '/Game/Blackhole/BMaps/Map1.Map1:PersistentLevel.Map1'
[2017.07.03-07.11.47:836][  6]LogMaterial: Missing cached shader map for material PreviewMaterial_0, compiling. 
[2017.07.03-07.11.47:839][  6]LogMaterial: 0.00 seconds spent updating 1 materials, 1 interfaces, 0 instances, 0 with static permutations.
[2017.07.03-07.11.47:840][  6]MaterialEditorStats: Info Base pass shader without light map: 27 instructions
[2017.07.03-07.11.47:840][  6]MaterialEditorStats: Info Vertex shader: 66 instructions
[2017.07.03-07.11.47:840][  6]MaterialEditorStats: Info Texture samplers: 3/16
[2017.07.03-07.11.55:305][187]LogMaterial: Missing cached shader map for material PreviewMaterial_0, compiling. 
[2017.07.03-07.11.55:308][187]LogMaterial: 0.00 seconds spent updating 1 materials, 1 interfaces, 0 instances, 0 with static permutations.
[2017.07.03-07.11.58:559][267]LogMaterial: Missing cached shader map for material PreviewMaterial_0, compiling. 
[2017.07.03-07.11.58:562][267]LogMaterial: 0.00 seconds spent updating 1 materials, 1 interfaces, 0 instances, 0 with static permutations.
[2017.07.03-07.12.00:225][308]LogMaterialEditor: Saving and Compiling material BlackHole_Material
[2017.07.03-07.12.00:628][308]LogMaterial: Missing cached shader map for material PreviewMaterial_0, compiling. 
[2017.07.03-07.12.00:634][308]LogMaterial: 0.00 seconds spent updating 1 materials, 1 interfaces, 0 instances, 0 with static permutations.
[2017.07.03-07.12.00:723][308]LogMaterial: Missing cached shader map for material BlackHole_Material, compiling. 
[2017.07.03-07.12.00:745][308]LogMaterial: Missing cached shader map for material BlackHole_Material, compiling. 
[2017.07.03-07.12.00:758][308]LogMaterial: 0.00 seconds spent updating 1 materials, 1 interfaces, 0 instances, 0 with static permutations.
[2017.07.03-07.12.02:892][308]Cmd: OBJ SAVEPACKAGE PACKAGE="/Game/Blackhole/Player/BlackHole_Material" FILE="../../../../../../Users/Demonic/Desktop/Blackhole/Content/Blackhole/Player/BlackHole_Material.uasset" SILENT=true
[2017.07.03-07.12.02:911][308]LogSavePackage: Save=9.94ms
[2017.07.03-07.12.02:911][308]LogSavePackage: Moving '../../../../../../Users/Demonic/Desktop/Blackhole/Saved/BlackHole_Material109FD9BF4273B755B8DBD886206BC48C.tmp' to '../../../../../../Users/Demonic/Desktop/Blackhole/Content/Blackhole/Player/BlackHole_Material.uasset'
[2017.07.03-07.12.02:915][308]LogSavePackage:Display: Finished SavePackage ../../../../../../Users/Demonic/Desktop/Blackhole/Content/Blackhole/Player/BlackHole_Material.uasset
[2017.07.03-07.12.02:918][308]MaterialEditorStats: Info Base pass shader without light map: 56 instructions
[2017.07.03-07.12.02:918][308]MaterialEditorStats: Info Vertex shader: 66 instructions
[2017.07.03-07.12.02:918][308]MaterialEditorStats: Info Texture samplers: 3/16
[2017.07.03-07.12.11:380][529]LogBlueprintUserMessages: Early PlayInEditor Detection: Level '/Game/Blackhole/BMaps/Map1.Map1:PersistentLevel' has LevelScriptBlueprint '/Game/Blackhole/BMaps/Map1.Map1:PersistentLevel.Map1' with GeneratedClass '/Game/Blackhole/BMaps/Map1.Map1_C' with ClassGeneratedBy '/Game/Blackhole/BMaps/Map1.Map1:PersistentLevel.Map1'
[2017.07.03-07.12.11:380][529]LogPlayLevel: PlayLevel: No blueprints needed recompiling
[2017.07.03-07.12.11:380][529]PIE: New page: PIE session: Map1 (Jul 2, 2017, 4:12:11 PM)
[2017.07.03-07.12.11:380][529]LogPlayLevel: Creating play world package: /Game/Blackhole/BMaps/UEDPIE_0_Map1
[2017.07.03-07.12.11:405][529]LogPlayLevel: PIE: StaticDuplicateObject took: (0.025647s)
[2017.07.03-07.12.11:406][529]LogAIModule: Creating AISystem for world Map1
[2017.07.03-07.12.11:406][529]LogPlayLevel: PIE: World Init took: (0.000798s)
[2017.07.03-07.12.11:406][529]LogPlayLevel: PIE: Created PIE world by copying editor world from /Game/Blackhole/BMaps/Map1.Map1 to /Game/Blackhole/BMaps/UEDPIE_0_Map1.Map1 (0.026686s)
[2017.07.03-07.12.11:419][529]LogInit: XAudio2 using 'Speakers (USB  AUDIO  )' : 2 channels at 48 kHz using 16 bits per sample (channel mask 0x3)
[2017.07.03-07.12.11:424][529]LogInit: FAudioDevice initialized.
[2017.07.03-07.12.11:477][529]LogWorld: Game class is 'TopDownGameMode_C'
[2017.07.03-07.12.11:482][529]LogWorld: Bringing World /Game/Blackhole/BMaps/UEDPIE_0_Map1.Map1 up for play (max tick rate 0) at 2017.07.03-00.12.11
[2017.07.03-07.12.11:482][529]LogWorld: Bringing up level for play took: 0.003941
[2017.07.03-07.12.11:484][529]PIE: Info Play in editor start time for /Game/Blackhole/BMaps/UEDPIE_0_Map1 -0.254
[2017.07.03-07.12.11:484][529]LogBlueprintUserMessages: Late PlayInEditor Detection: Level '/Game/Blackhole/BMaps/Map1.Map1:PersistentLevel' has LevelScriptBlueprint '/Game/Blackhole/BMaps/Map1.Map1:PersistentLevel.Map1' with GeneratedClass '/Game/Blackhole/BMaps/Map1.Map1_C' with ClassGeneratedBy '/Game/Blackhole/BMaps/Map1.Map1:PersistentLevel.Map1'
[2017.07.03-07.12.22:625][  3]LogBlueprintUserMessages: Early EndPlayMap Detection: Level '/Game/Blackhole/BMaps/Map1.Map1:PersistentLevel' has LevelScriptBlueprint '/Game/Blackhole/BMaps/Map1.Map1:PersistentLevel.Map1' with GeneratedClass '/Game/Blackhole/BMaps/Map1.Map1_C' with ClassGeneratedBy '/Game/Blackhole/BMaps/Map1.Map1:PersistentLevel.Map1'
[2017.07.03-07.12.22:673][  3]LogBlueprintUserMessages: Late EndPlayMap Detection: Level '/Game/Blackhole/BMaps/Map1.Map1:PersistentLevel' has LevelScriptBlueprint '/Game/Blackhole/BMaps/Map1.Map1:PersistentLevel.Map1' with GeneratedClass '/Game/Blackhole/BMaps/Map1.Map1_C' with ClassGeneratedBy '/Game/Blackhole/BMaps/Map1.Map1:PersistentLevel.Map1'
[2017.07.03-07.12.29:329][160]LogMaterial: Missing cached shader map for material PreviewMaterial_0, compiling. 
[2017.07.03-07.12.29:332][160]LogMaterial: 0.00 seconds spent updating 1 materials, 1 interfaces, 0 instances, 0 with static permutations.
[2017.07.03-07.12.29:333][160]MaterialEditorStats: Info Base pass shader without light map: 27 instructions
[2017.07.03-07.12.29:333][160]MaterialEditorStats: Info Vertex shader: 66 instructions
[2017.07.03-07.12.29:333][160]MaterialEditorStats: Info Texture samplers: 3/16
[2017.07.03-07.12.31:348][209]LogMaterialEditor: Saving and Compiling material BlackHole_Material
[2017.07.03-07.12.31:748][209]LogMaterial: Missing cached shader map for material PreviewMaterial_0, compiling. 
[2017.07.03-07.12.31:753][209]LogMaterial: 0.00 seconds spent updating 1 materials, 1 interfaces, 0 instances, 0 with static permutations.
[2017.07.03-07.12.31:819][209]LogMaterial: Missing cached shader map for material BlackHole_Material, compiling. 
[2017.07.03-07.12.31:840][209]LogMaterial: Missing cached shader map for material BlackHole_Material, compiling. 
[2017.07.03-07.12.31:856][209]LogMaterial: 0.01 seconds spent updating 1 materials, 1 interfaces, 0 instances, 0 with static permutations.
[2017.07.03-07.12.33:959][209]Cmd: OBJ SAVEPACKAGE PACKAGE="/Game/Blackhole/Player/BlackHole_Material" FILE="../../../../../../Users/Demonic/Desktop/Blackhole/Content/Blackhole/Player/BlackHole_Material.uasset" SILENT=true
[2017.07.03-07.12.33:974][209]LogSavePackage: Save=9.87ms
[2017.07.03-07.12.33:974][209]LogSavePackage: Moving '../../../../../../Users/Demonic/Desktop/Blackhole/Saved/BlackHole_Material5F5890D54F4AD91DB63B94A36791F16F.tmp' to '../../../../../../Users/Demonic/Desktop/Blackhole/Content/Blackhole/Player/BlackHole_Material.uasset'
[2017.07.03-07.12.33:982][209]LogSavePackage:Display: Finished SavePackage ../../../../../../Users/Demonic/Desktop/Blackhole/Content/Blackhole/Player/BlackHole_Material.uasset
[2017.07.03-07.12.33:985][209]MaterialEditorStats: Info Base pass shader without light map: 56 instructions
[2017.07.03-07.12.33:985][209]MaterialEditorStats: Info Vertex shader: 66 instructions
[2017.07.03-07.12.33:985][209]MaterialEditorStats: Info Texture samplers: 3/16
[2017.07.03-07.12.36:347][278]LogBlueprintUserMessages: Early PlayInEditor Detection: Level '/Game/Blackhole/BMaps/Map1.Map1:PersistentLevel' has LevelScriptBlueprint '/Game/Blackhole/BMaps/Map1.Map1:PersistentLevel.Map1' with GeneratedClass '/Game/Blackhole/BMaps/Map1.Map1_C' with ClassGeneratedBy '/Game/Blackhole/BMaps/Map1.Map1:PersistentLevel.Map1'
[2017.07.03-07.12.36:347][278]LogPlayLevel: PlayLevel: No blueprints needed recompiling
[2017.07.03-07.12.36:347][278]PIE: New page: PIE session: Map1 (Jul 2, 2017, 4:12:36 PM)
[2017.07.03-07.12.36:347][278]LogPlayLevel: Creating play world package: /Game/Blackhole/BMaps/UEDPIE_0_Map1
[2017.07.03-07.12.36:370][278]LogPlayLevel: PIE: StaticDuplicateObject took: (0.022940s)
[2017.07.03-07.12.36:371][278]LogAIModule: Creating AISystem for world Map1
[2017.07.03-07.12.36:371][278]LogPlayLevel: PIE: World Init took: (0.000861s)
[2017.07.03-07.12.36:371][278]LogPlayLevel: PIE: Created PIE world by copying editor world from /Game/Blackhole/BMaps/Map1.Map1 to /Game/Blackhole/BMaps/UEDPIE_0_Map1.Map1 (0.024159s)
[2017.07.03-07.12.36:384][278]LogInit: XAudio2 using 'Speakers (USB  AUDIO  )' : 2 channels at 48 kHz using 16 bits per sample (channel mask 0x3)
[2017.07.03-07.12.36:389][278]LogInit: FAudioDevice initialized.
[2017.07.03-07.12.36:442][278]LogWorld: Game class is 'TopDownGameMode_C'
[2017.07.03-07.12.36:446][278]LogWorld: Bringing World /Game/Blackhole/BMaps/UEDPIE_0_Map1.Map1 up for play (max tick rate 0) at 2017.07.03-00.12.36
[2017.07.03-07.12.36:447][278]LogWorld: Bringing up level for play took: 0.003787
[2017.07.03-07.12.36:449][278]PIE: Info Play in editor start time for /Game/Blackhole/BMaps/UEDPIE_0_Map1 0.71
[2017.07.03-07.12.36:449][278]LogBlueprintUserMessages: Late PlayInEditor Detection: Level '/Game/Blackhole/BMaps/Map1.Map1:PersistentLevel' has LevelScriptBlueprint '/Game/Blackhole/BMaps/Map1.Map1:PersistentLevel.Map1' with GeneratedClass '/Game/Blackhole/BMaps/Map1.Map1_C' with ClassGeneratedBy '/Game/Blackhole/BMaps/Map1.Map1:PersistentLevel.Map1'
[2017.07.03-07.13.07:658][603]LogBlueprintUserMessages: Early EndPlayMap Detection: Level '/Game/Blackhole/BMaps/Map1.Map1:PersistentLevel' has LevelScriptBlueprint '/Game/Blackhole/BMaps/Map1.Map1:PersistentLevel.Map1' with GeneratedClass '/Game/Blackhole/BMaps/Map1.Map1_C' with ClassGeneratedBy '/Game/Blackhole/BMaps/Map1.Map1:PersistentLevel.Map1'
[2017.07.03-07.13.07:708][603]LogBlueprintUserMessages: Late EndPlayMap Detection: Level '/Game/Blackhole/BMaps/Map1.Map1:PersistentLevel' has LevelScriptBlueprint '/Game/Blackhole/BMaps/Map1.Map1:PersistentLevel.Map1' with GeneratedClass '/Game/Blackhole/BMaps/Map1.Map1_C' with ClassGeneratedBy '/Game/Blackhole/BMaps/Map1.Map1:PersistentLevel.Map1'
[2017.07.03-07.13.22:568][169]LogMaterial:Warning: Material /Game/Blackhole/Player/BlackHole_Material.BlackHole_Material needed to have new flag set bUsedWithStaticLighting !
[2017.07.03-07.13.22:569][169]LogMaterial:Warning: Material /Engine/Transient.BlackHole_Material needed to have new flag set bUsedWithStaticLighting !
[2017.07.03-07.13.22:570][169]LogMaterial: Missing cached shader map for material BlackHole_Material, compiling. 
[2017.07.03-07.13.22:575][169]LogMaterial: 0.00 seconds spent updating 1 materials, 1 interfaces, 0 instances, 0 with static permutations.
[2017.07.03-07.13.22:576][169]LogMaterial: Missing cached shader map for material BlackHole_Material, compiling. 
[2017.07.03-07.13.22:582][169]LogMaterial: 0.00 seconds spent updating 1 materials, 1 interfaces, 0 instances, 0 with static permutations.
[2017.07.03-07.13.25:113][269]MaterialEditorStats: Info Base pass shader without light map: 56 instructions
[2017.07.03-07.13.25:113][269]MaterialEditorStats: Info Vertex shader: 66 instructions
[2017.07.03-07.13.25:113][269]MaterialEditorStats: Info Texture samplers: 3/16
[2017.07.03-07.13.33:186][575]Cmd: TRANSACTION UNDO
[2017.07.03-07.13.33:186][575]LogEditorTransaction: Undo Create Actors
[2017.07.03-07.13.33:259][575]LogMaterial: Missing cached shader map for material PreviewMaterial_0, compiling. 
[2017.07.03-07.13.33:262][575]LogMaterial: 0.00 seconds spent updating 1 materials, 1 interfaces, 0 instances, 0 with static permutations.
[2017.07.03-07.13.33:272][575]MaterialEditorStats: Info Base pass shader without light map: 27 instructions
[2017.07.03-07.13.33:272][575]MaterialEditorStats: Info Vertex shader: 66 instructions
[2017.07.03-07.13.33:272][575]MaterialEditorStats: Info Texture samplers: 3/16
[2017.07.03-07.13.41:589][846]LogActorFactory: Actor Factory created Sphere
[2017.07.03-07.13.42:343][873]LogActorFactory: Actor Factory created Sphere
[2017.07.03-07.14.21:012][292]Cmd: DELETE
[2017.07.03-07.14.21:012][292]Cmd: ACTOR DELETE
[2017.07.03-07.14.21:105][292]LogEditorActor: Deleted Actor: StaticMeshActor
[2017.07.03-07.14.21:113][292]LogEditorActor: Deleted 1 Actors (0.009 secs)
[2017.07.03-07.14.41:280][799]LogMaterial: Missing cached shader map for material PreviewMaterial_0, compiling. 
[2017.07.03-07.14.41:283][799]LogMaterial: 0.00 seconds spent updating 1 materials, 1 interfaces, 0 instances, 0 with static permutations.
[2017.07.03-07.14.50:433][ 23]LogMaterial: Missing cached shader map for material PreviewMaterial_0, compiling. 
[2017.07.03-07.14.50:435][ 23]LogMaterial: 0.00 seconds spent updating 1 materials, 1 interfaces, 0 instances, 0 with static permutations.
[2017.07.03-07.14.52:391][ 71]LogMaterialEditor: Saving and Compiling material BlackHole_Material
[2017.07.03-07.14.52:786][ 71]LogMaterial: Missing cached shader map for material PreviewMaterial_0, compiling. 
[2017.07.03-07.14.52:792][ 71]LogMaterial: 0.00 seconds spent updating 1 materials, 1 interfaces, 0 instances, 0 with static permutations.
[2017.07.03-07.14.52:812][ 71]LogMaterial: Missing cached shader map for material BlackHole_Material, compiling. 
[2017.07.03-07.14.52:844][ 71]LogMaterial: Missing cached shader map for material BlackHole_Material, compiling. 
[2017.07.03-07.14.52:900][ 71]LogMaterial: 0.00 seconds spent updating 1 materials, 1 interfaces, 0 instances, 0 with static permutations.
[2017.07.03-07.14.54:995][ 71]Cmd: OBJ SAVEPACKAGE PACKAGE="/Game/Blackhole/Player/BlackHole_Material" FILE="../../../../../../Users/Demonic/Desktop/Blackhole/Content/Blackhole/Player/BlackHole_Material.uasset" SILENT=true
[2017.07.03-07.14.55:011][ 71]LogSavePackage: Save=11.05ms
[2017.07.03-07.14.55:012][ 71]LogSavePackage: Moving '../../../../../../Users/Demonic/Desktop/Blackhole/Saved/BlackHole_Material1304E2F34A703FD0793AC68C52F18000.tmp' to '../../../../../../Users/Demonic/Desktop/Blackhole/Content/Blackhole/Player/BlackHole_Material.uasset'
[2017.07.03-07.14.55:016][ 71]LogSavePackage:Display: Finished SavePackage ../../../../../../Users/Demonic/Desktop/Blackhole/Content/Blackhole/Player/BlackHole_Material.uasset
[2017.07.03-07.14.55:020][ 71]MaterialEditorStats: Info Base pass shader without light map: 56 instructions
[2017.07.03-07.14.55:020][ 71]MaterialEditorStats: Info Vertex shader: 66 instructions
[2017.07.03-07.14.55:020][ 71]MaterialEditorStats: Info Texture samplers: 3/16
[2017.07.03-07.14.57:778][151]LogBlueprintUserMessages: Early PlayInEditor Detection: Level '/Game/Blackhole/BMaps/Map1.Map1:PersistentLevel' has LevelScriptBlueprint '/Game/Blackhole/BMaps/Map1.Map1:PersistentLevel.Map1' with GeneratedClass '/Game/Blackhole/BMaps/Map1.Map1_C' with ClassGeneratedBy '/Game/Blackhole/BMaps/Map1.Map1:PersistentLevel.Map1'
[2017.07.03-07.14.57:778][151]LogPlayLevel: PlayLevel: No blueprints needed recompiling
[2017.07.03-07.14.57:778][151]PIE: New page: PIE session: Map1 (Jul 2, 2017, 4:14:57 PM)
[2017.07.03-07.14.57:778][151]LogPlayLevel: Creating play world package: /Game/Blackhole/BMaps/UEDPIE_0_Map1
[2017.07.03-07.14.57:801][151]LogPlayLevel: PIE: StaticDuplicateObject took: (0.022387s)
[2017.07.03-07.14.57:802][151]LogAIModule: Creating AISystem for world Map1
[2017.07.03-07.14.57:802][151]LogPlayLevel: PIE: World Init took: (0.000979s)
[2017.07.03-07.14.57:802][151]LogPlayLevel: PIE: Created PIE world by copying editor world from /Game/Blackhole/BMaps/Map1.Map1 to /Game/Blackhole/BMaps/UEDPIE_0_Map1.Map1 (0.023656s)
[2017.07.03-07.14.57:815][151]LogInit: XAudio2 using 'Speakers (USB  AUDIO  )' : 2 channels at 48 kHz using 16 bits per sample (channel mask 0x3)
[2017.07.03-07.14.57:821][151]LogInit: FAudioDevice initialized.
[2017.07.03-07.14.57:870][151]LogWorld: Game class is 'TopDownGameMode_C'
[2017.07.03-07.14.57:874][151]LogWorld: Bringing World /Game/Blackhole/BMaps/UEDPIE_0_Map1.Map1 up for play (max tick rate 0) at 2017.07.03-00.14.57
[2017.07.03-07.14.57:875][151]LogWorld: Bringing up level for play took: 0.003697
[2017.07.03-07.14.57:877][151]PIE: Info Play in editor start time for /Game/Blackhole/BMaps/UEDPIE_0_Map1 0.136
[2017.07.03-07.14.57:877][151]LogBlueprintUserMessages: Late PlayInEditor Detection: Level '/Game/Blackhole/BMaps/Map1.Map1:PersistentLevel' has LevelScriptBlueprint '/Game/Blackhole/BMaps/Map1.Map1:PersistentLevel.Map1' with GeneratedClass '/Game/Blackhole/BMaps/Map1.Map1_C' with ClassGeneratedBy '/Game/Blackhole/BMaps/Map1.Map1:PersistentLevel.Map1'
[2017.07.03-07.15.05:912][471]LogBlueprintUserMessages: Early EndPlayMap Detection: Level '/Game/Blackhole/BMaps/Map1.Map1:PersistentLevel' has LevelScriptBlueprint '/Game/Blackhole/BMaps/Map1.Map1:PersistentLevel.Map1' with GeneratedClass '/Game/Blackhole/BMaps/Map1.Map1_C' with ClassGeneratedBy '/Game/Blackhole/BMaps/Map1.Map1:PersistentLevel.Map1'
[2017.07.03-07.15.05:959][471]LogBlueprintUserMessages: Late EndPlayMap Detection: Level '/Game/Blackhole/BMaps/Map1.Map1:PersistentLevel' has LevelScriptBlueprint '/Game/Blackhole/BMaps/Map1.Map1:PersistentLevel.Map1' with GeneratedClass '/Game/Blackhole/BMaps/Map1.Map1_C' with ClassGeneratedBy '/Game/Blackhole/BMaps/Map1.Map1:PersistentLevel.Map1'
[2017.07.03-07.15.13:690][656]LogMaterial: Missing cached shader map for material PreviewMaterial_0, compiling. 
[2017.07.03-07.15.13:693][656]LogMaterial: 0.00 seconds spent updating 1 materials, 1 interfaces, 0 instances, 0 with static permutations.
[2017.07.03-07.15.13:694][656]MaterialEditorStats: Info Base pass shader without light map: 27 instructions
[2017.07.03-07.15.13:694][656]MaterialEditorStats: Info Vertex shader: 66 instructions
[2017.07.03-07.15.13:694][656]MaterialEditorStats: Info Texture samplers: 3/16
[2017.07.03-07.15.15:251][696]LogMaterialEditor: Saving and Compiling material BlackHole_Material
[2017.07.03-07.15.15:663][696]LogMaterial: Missing cached shader map for material PreviewMaterial_0, compiling. 
[2017.07.03-07.15.15:668][696]LogMaterial: 0.00 seconds spent updating 1 materials, 1 interfaces, 0 instances, 0 with static permutations.
[2017.07.03-07.15.15:697][696]LogMaterial: Missing cached shader map for material BlackHole_Material, compiling. 
[2017.07.03-07.15.15:709][696]LogMaterial: Missing cached shader map for material BlackHole_Material, compiling. 
[2017.07.03-07.15.15:719][696]LogMaterial: 0.00 seconds spent updating 1 materials, 1 interfaces, 0 instances, 0 with static permutations.
[2017.07.03-07.15.17:844][696]Cmd: OBJ SAVEPACKAGE PACKAGE="/Game/Blackhole/Player/BlackHole_Material" FILE="../../../../../../Users/Demonic/Desktop/Blackhole/Content/Blackhole/Player/BlackHole_Material.uasset" SILENT=true
[2017.07.03-07.15.17:861][696]LogSavePackage: Save=10.63ms
[2017.07.03-07.15.17:861][696]LogSavePackage: Moving '../../../../../../Users/Demonic/Desktop/Blackhole/Saved/BlackHole_MaterialD72D85A2403A70D85E187AA8B0BF2476.tmp' to '../../../../../../Users/Demonic/Desktop/Blackhole/Content/Blackhole/Player/BlackHole_Material.uasset'
[2017.07.03-07.15.17:868][696]LogSavePackage:Display: Finished SavePackage ../../../../../../Users/Demonic/Desktop/Blackhole/Content/Blackhole/Player/BlackHole_Material.uasset
[2017.07.03-07.15.17:872][696]MaterialEditorStats: Info Base pass shader without light map: 56 instructions
[2017.07.03-07.15.17:872][696]MaterialEditorStats: Info Vertex shader: 66 instructions
[2017.07.03-07.15.17:872][696]MaterialEditorStats: Info Texture samplers: 3/16
[2017.07.03-07.15.20:583][774]LogBlueprintUserMessages: Early PlayInEditor Detection: Level '/Game/Blackhole/BMaps/Map1.Map1:PersistentLevel' has LevelScriptBlueprint '/Game/Blackhole/BMaps/Map1.Map1:PersistentLevel.Map1' with GeneratedClass '/Game/Blackhole/BMaps/Map1.Map1_C' with ClassGeneratedBy '/Game/Blackhole/BMaps/Map1.Map1:PersistentLevel.Map1'
[2017.07.03-07.15.20:583][774]LogPlayLevel: PlayLevel: No blueprints needed recompiling
[2017.07.03-07.15.20:583][774]PIE: New page: PIE session: Map1 (Jul 2, 2017, 4:15:20 PM)
[2017.07.03-07.15.20:583][774]LogPlayLevel: Creating play world package: /Game/Blackhole/BMaps/UEDPIE_0_Map1
[2017.07.03-07.15.20:604][774]LogPlayLevel: PIE: StaticDuplicateObject took: (0.021368s)
[2017.07.03-07.15.20:605][774]LogAIModule: Creating AISystem for world Map1
[2017.07.03-07.15.20:605][774]LogPlayLevel: PIE: World Init took: (0.000966s)
[2017.07.03-07.15.20:606][774]LogPlayLevel: PIE: Created PIE world by copying editor world from /Game/Blackhole/BMaps/Map1.Map1 to /Game/Blackhole/BMaps/UEDPIE_0_Map1.Map1 (0.022585s)
[2017.07.03-07.15.20:617][774]LogInit: XAudio2 using 'Speakers (USB  AUDIO  )' : 2 channels at 48 kHz using 16 bits per sample (channel mask 0x3)
[2017.07.03-07.15.20:622][774]LogInit: FAudioDevice initialized.
[2017.07.03-07.15.20:674][774]LogWorld: Game class is 'TopDownGameMode_C'
[2017.07.03-07.15.20:679][774]LogWorld: Bringing World /Game/Blackhole/BMaps/UEDPIE_0_Map1.Map1 up for play (max tick rate 0) at 2017.07.03-00.15.20
[2017.07.03-07.15.20:679][774]LogWorld: Bringing up level for play took: 0.003670
[2017.07.03-07.15.20:681][774]PIE: Info Play in editor start time for /Game/Blackhole/BMaps/UEDPIE_0_Map1 0.94
[2017.07.03-07.15.20:681][774]LogBlueprintUserMessages: Late PlayInEditor Detection: Level '/Game/Blackhole/BMaps/Map1.Map1:PersistentLevel' has LevelScriptBlueprint '/Game/Blackhole/BMaps/Map1.Map1:PersistentLevel.Map1' with GeneratedClass '/Game/Blackhole/BMaps/Map1.Map1_C' with ClassGeneratedBy '/Game/Blackhole/BMaps/Map1.Map1:PersistentLevel.Map1'
[2017.07.03-07.15.36:503][438]LogBlueprintUserMessages: Early EndPlayMap Detection: Level '/Game/Blackhole/BMaps/Map1.Map1:PersistentLevel' has LevelScriptBlueprint '/Game/Blackhole/BMaps/Map1.Map1:PersistentLevel.Map1' with GeneratedClass '/Game/Blackhole/BMaps/Map1.Map1_C' with ClassGeneratedBy '/Game/Blackhole/BMaps/Map1.Map1:PersistentLevel.Map1'
[2017.07.03-07.15.36:547][438]LogBlueprintUserMessages: Late EndPlayMap Detection: Level '/Game/Blackhole/BMaps/Map1.Map1:PersistentLevel' has LevelScriptBlueprint '/Game/Blackhole/BMaps/Map1.Map1:PersistentLevel.Map1' with GeneratedClass '/Game/Blackhole/BMaps/Map1.Map1_C' with ClassGeneratedBy '/Game/Blackhole/BMaps/Map1.Map1:PersistentLevel.Map1'
[2017.07.03-07.15.44:297][626]LogMaterial: Missing cached shader map for material PreviewMaterial_0, compiling. 
[2017.07.03-07.15.44:301][626]LogMaterial: 0.00 seconds spent updating 1 materials, 1 interfaces, 0 instances, 0 with static permutations.
[2017.07.03-07.15.44:301][626]MaterialEditorStats: Info Base pass shader without light map: 27 instructions
[2017.07.03-07.15.44:301][626]MaterialEditorStats: Info Vertex shader: 66 instructions
[2017.07.03-07.15.44:301][626]MaterialEditorStats: Info Texture samplers: 3/16
[2017.07.03-07.15.45:880][665]LogMaterialEditor: Saving and Compiling material BlackHole_Material
[2017.07.03-07.15.46:283][665]LogMaterial: Missing cached shader map for material PreviewMaterial_0, compiling. 
[2017.07.03-07.15.46:288][665]LogMaterial: 0.00 seconds spent updating 1 materials, 1 interfaces, 0 instances, 0 with static permutations.
[2017.07.03-07.15.46:405][665]LogMaterial: Missing cached shader map for material BlackHole_Material, compiling. 
[2017.07.03-07.15.46:419][665]LogMaterial: Missing cached shader map for material BlackHole_Material, compiling. 
[2017.07.03-07.15.46:427][665]LogMaterial: 0.00 seconds spent updating 1 materials, 1 interfaces, 0 instances, 0 with static permutations.
[2017.07.03-07.15.48:446][665]Cmd: OBJ SAVEPACKAGE PACKAGE="/Game/Blackhole/Player/BlackHole_Material" FILE="../../../../../../Users/Demonic/Desktop/Blackhole/Content/Blackhole/Player/BlackHole_Material.uasset" SILENT=true
[2017.07.03-07.15.48:462][665]LogSavePackage: Save=10.50ms
[2017.07.03-07.15.48:463][665]LogSavePackage: Moving '../../../../../../Users/Demonic/Desktop/Blackhole/Saved/BlackHole_Material02FC97A04A734E6813A62CBBE880FAE9.tmp' to '../../../../../../Users/Demonic/Desktop/Blackhole/Content/Blackhole/Player/BlackHole_Material.uasset'
[2017.07.03-07.15.48:468][665]LogSavePackage:Display: Finished SavePackage ../../../../../../Users/Demonic/Desktop/Blackhole/Content/Blackhole/Player/BlackHole_Material.uasset
[2017.07.03-07.15.48:472][665]MaterialEditorStats: Info Base pass shader without light map: 56 instructions
[2017.07.03-07.15.48:472][665]MaterialEditorStats: Info Vertex shader: 66 instructions
[2017.07.03-07.15.48:472][665]MaterialEditorStats: Info Texture samplers: 3/16
[2017.07.03-07.15.50:205][719]LogBlueprintUserMessages: Early PlayInEditor Detection: Level '/Game/Blackhole/BMaps/Map1.Map1:PersistentLevel' has LevelScriptBlueprint '/Game/Blackhole/BMaps/Map1.Map1:PersistentLevel.Map1' with GeneratedClass '/Game/Blackhole/BMaps/Map1.Map1_C' with ClassGeneratedBy '/Game/Blackhole/BMaps/Map1.Map1:PersistentLevel.Map1'
[2017.07.03-07.15.50:205][719]LogPlayLevel: PlayLevel: No blueprints needed recompiling
[2017.07.03-07.15.50:205][719]PIE: New page: PIE session: Map1 (Jul 2, 2017, 4:15:50 PM)
[2017.07.03-07.15.50:205][719]LogPlayLevel: Creating play world package: /Game/Blackhole/BMaps/UEDPIE_0_Map1
[2017.07.03-07.15.50:227][719]LogPlayLevel: PIE: StaticDuplicateObject took: (0.021805s)
[2017.07.03-07.15.50:229][719]LogAIModule: Creating AISystem for world Map1
[2017.07.03-07.15.50:229][719]LogPlayLevel: PIE: World Init took: (0.001578s)
[2017.07.03-07.15.50:229][719]LogPlayLevel: PIE: Created PIE world by copying editor world from /Game/Blackhole/BMaps/Map1.Map1 to /Game/Blackhole/BMaps/UEDPIE_0_Map1.Map1 (0.023615s)
[2017.07.03-07.15.50:243][719]LogInit: XAudio2 using 'Speakers (USB  AUDIO  )' : 2 channels at 48 kHz using 16 bits per sample (channel mask 0x3)
[2017.07.03-07.15.50:248][719]LogInit: FAudioDevice initialized.
[2017.07.03-07.15.50:300][719]LogWorld: Game class is 'TopDownGameMode_C'
[2017.07.03-07.15.50:305][719]LogWorld: Bringing World /Game/Blackhole/BMaps/UEDPIE_0_Map1.Map1 up for play (max tick rate 0) at 2017.07.03-00.15.50
[2017.07.03-07.15.50:305][719]LogWorld: Bringing up level for play took: 0.003877
[2017.07.03-07.15.50:307][719]PIE: Info Play in editor start time for /Game/Blackhole/BMaps/UEDPIE_0_Map1 0.565
[2017.07.03-07.15.50:307][719]LogBlueprintUserMessages: Late PlayInEditor Detection: Level '/Game/Blackhole/BMaps/Map1.Map1:PersistentLevel' has LevelScriptBlueprint '/Game/Blackhole/BMaps/Map1.Map1:PersistentLevel.Map1' with GeneratedClass '/Game/Blackhole/BMaps/Map1.Map1_C' with ClassGeneratedBy '/Game/Blackhole/BMaps/Map1.Map1:PersistentLevel.Map1'
[2017.07.03-07.16.30:329][419]LogBlueprintUserMessages: Early EndPlayMap Detection: Level '/Game/Blackhole/BMaps/Map1.Map1:PersistentLevel' has LevelScriptBlueprint '/Game/Blackhole/BMaps/Map1.Map1:PersistentLevel.Map1' with GeneratedClass '/Game/Blackhole/BMaps/Map1.Map1_C' with ClassGeneratedBy '/Game/Blackhole/BMaps/Map1.Map1:PersistentLevel.Map1'
[2017.07.03-07.16.30:380][419]LogBlueprintUserMessages: Late EndPlayMap Detection: Level '/Game/Blackhole/BMaps/Map1.Map1:PersistentLevel' has LevelScriptBlueprint '/Game/Blackhole/BMaps/Map1.Map1:PersistentLevel.Map1' with GeneratedClass '/Game/Blackhole/BMaps/Map1.Map1_C' with ClassGeneratedBy '/Game/Blackhole/BMaps/Map1.Map1:PersistentLevel.Map1'
[2017.07.03-07.16.33:279][525]Cmd: OBJ SAVEPACKAGE PACKAGE="/Game/Blackhole/BMaps/Map1" FILE="../../../../../../Users/Demonic/Desktop/Blackhole/Content/Blackhole/BMaps/Map1.umap" SILENT=true AUTOSAVING=false KEEPDIRTY=false
[2017.07.03-07.16.33:581][525]LogSavePackage: Save=266.77ms
[2017.07.03-07.16.33:581][525]LogSavePackage: Moving '../../../../../../Users/Demonic/Desktop/Blackhole/Saved/Map19C80467B4CA5FB7D01278EBC7E2A2478.tmp' to '../../../../../../Users/Demonic/Desktop/Blackhole/Content/Blackhole/BMaps/Map1.umap'
[2017.07.03-07.16.33:587][525]LogSavePackage:Display: Finished SavePackage ../../../../../../Users/Demonic/Desktop/Blackhole/Content/Blackhole/BMaps/Map1.umap
[2017.07.03-07.16.33:620][525]LogFileHelpers: Saving map 'Map1' took 0.386
[2017.07.03-07.16.36:492][618]Cmd: QUIT_EDITOR
[2017.07.03-07.16.36:760][618]LogExit: Preparing to exit.
[2017.07.03-07.16.37:641][618]LogExit: Editor shut down
[2017.07.03-07.16.37:641][618]LogExit: Transaction tracking system shut down
[2017.07.03-07.16.38:091][618]LogObj: Freed 0b from 0 cluster array pools.
[2017.07.03-07.16.38:092][618]LogExit: Object subsystem successfully closed.
[2017.07.03-07.16.38:155][618]LogD3D11RHI: Shutdown
[2017.07.03-07.16.38:155][618]LogD3D11RHI: CleanupD3DDevice
[2017.07.03-07.16.38:239][618]LogD3D11RHI: ~FD3D11DynamicRHI
[2017.07.03-07.16.38:464][618]LogModuleManager: Shutting down and abandoning module HierarchicalLODUtilities (216)
[2017.07.03-07.16.38:478][618]LogModuleManager: Shutting down and abandoning module MaterialEditor (215)
[2017.07.03-07.16.38:478][618]LogModuleManager: Shutting down and abandoning module MovieSceneCapture (214)
[2017.07.03-07.16.38:478][618]LogModuleManager: Shutting down and abandoning module HierarchicalLODOutliner (213)
[2017.07.03-07.16.38:478][618]LogModuleManager: Shutting down and abandoning module CrashTracker (212)
[2017.07.03-07.16.38:478][618]LogModuleManager: Shutting down and abandoning module SceneOutliner (211)
[2017.07.03-07.16.38:478][618]LogModuleManager: Shutting down and abandoning module WidgetCarousel (210)
[2017.07.03-07.16.38:478][618]LogModuleManager: Shutting down and abandoning module AddContentDialog (209)
[2017.07.03-07.16.38:491][618]LogModuleManager: Shutting down and abandoning module GameplayTags (208)
[2017.07.03-07.16.38:491][618]LogModuleManager: Shutting down and abandoning module EditorWidgets (207)
[2017.07.03-07.16.38:491][618]LogModuleManager: Shutting down and abandoning module CollectionManager (206)
[2017.07.03-07.16.38:499][618]LogModuleManager: Shutting down and abandoning module StatsViewer (205)
[2017.07.03-07.16.38:512][618]LogModuleManager: Shutting down and abandoning module FoliageEdit (204)
[2017.07.03-07.16.38:512][618]LogModuleManager: Shutting down and abandoning module LandscapeEditor (203)
[2017.07.03-07.16.38:535][618]LogModuleManager: Shutting down and abandoning module SceneDepthPickerMode (202)
[2017.07.03-07.16.38:535][618]LogModuleManager: Shutting down and abandoning module ActorPickerMode (201)
[2017.07.03-07.16.38:535][618]LogModuleManager: Shutting down and abandoning module GeometryMode (200)
[2017.07.03-07.16.38:535][618]LogModuleManager: Shutting down and abandoning module TextureAlignMode (199)
[2017.07.03-07.16.38:535][618]LogModuleManager: Shutting down and abandoning module BspMode (198)
[2017.07.03-07.16.38:535][618]LogModuleManager: Shutting down and abandoning module HardwareSurvey (197)
[2017.07.03-07.16.38:535][618]LogModuleManager: Shutting down and abandoning module SequenceRecorderSections (196)
[2017.07.03-07.16.38:535][618]LogModuleManager: Shutting down and abandoning module SequenceRecorder (195)
[2017.07.03-07.16.38:542][618]LogModuleManager: Shutting down and abandoning module AutomationWorker (194)
[2017.07.03-07.16.38:542][618]LogModuleManager: Shutting down and abandoning module MatineeToLevelSequence (193)
[2017.07.03-07.16.38:542][618]LogModuleManager: Shutting down and abandoning module PlacementMode (192)
[2017.07.03-07.16.38:547][618]LogModuleManager: Shutting down and abandoning module LevelSequenceEditor (191)
[2017.07.03-07.16.38:547][618]LogModuleManager: Shutting down and abandoning module CharacterAI (190)
[2017.07.03-07.16.38:547][618]LogModuleManager: Shutting down and abandoning module SmartSnapping (189)
[2017.07.03-07.16.38:547][618]LogModuleManager: Shutting down and abandoning module SessionServices (188)
[2017.07.03-07.16.38:547][618]LogModuleManager: Shutting down and abandoning module ViewportSnapping (187)
[2017.07.03-07.16.38:547][618]LogModuleManager: Shutting down and abandoning module LogVisualizer (186)
[2017.07.03-07.16.38:568][618]LogModuleManager: Shutting down and abandoning module GameProjectGeneration (185)
[2017.07.03-07.16.38:578][618]LogModuleManager: Shutting down and abandoning module IntroTutorials (184)
[2017.07.03-07.16.38:599][618]LogModuleManager: Shutting down and abandoning module EditorLiveStreaming (183)
[2017.07.03-07.16.38:599][618]LogModuleManager: Shutting down and abandoning module IOSPlatformEditor (182)
[2017.07.03-07.16.38:599][618]LogModuleManager: Shutting down and abandoning module HTML5PlatformEditor (181)
[2017.07.03-07.16.38:599][618]LogModuleManager: Shutting down and abandoning module AndroidDeviceDetection (180)
[2017.07.03-07.16.38:831][618]LogModuleManager: Shutting down and abandoning module AndroidPlatformEditor (179)
[2017.07.03-07.16.38:831][618]LogModuleManager: Shutting down and abandoning module IOSRuntimeSettings (178)
[2017.07.03-07.16.38:831][618]LogModuleManager: Shutting down and abandoning module AndroidRuntimeSettings (177)
[2017.07.03-07.16.38:831][618]LogModuleManager: Shutting down and abandoning module MergeActors (176)
[2017.07.03-07.16.38:848][618]LogModuleManager: Shutting down and abandoning module SizeMap (175)
[2017.07.03-07.16.38:848][618]LogModuleManager: Shutting down and abandoning module TreeMap (174)
[2017.07.03-07.16.38:848][618]LogModuleManager: Shutting down and abandoning module ReferenceViewer (173)
[2017.07.03-07.16.38:848][618]LogModuleManager: Shutting down and abandoning module LocalizationService (172)
[2017.07.03-07.16.38:848][618]LogModuleManager: Shutting down and abandoning module LocalizationDashboard (171)
[2017.07.03-07.16.38:851][618]LogModuleManager: Shutting down and abandoning module HardwareTargeting (170)
[2017.07.03-07.16.38:851][618]LogModuleManager: Shutting down and abandoning module DeviceProfileEditor (169)
[2017.07.03-07.16.38:859][618]LogModuleManager: Shutting down and abandoning module UndoHistory (168)
[2017.07.03-07.16.38:872][618]LogModuleManager: Shutting down and abandoning module UserFeedback (167)
[2017.07.03-07.16.38:872][618]LogModuleManager: Shutting down and abandoning module XmlParser (166)
[2017.07.03-07.16.38:872][618]LogModuleManager: Shutting down and abandoning module Blutility (165)
[2017.07.03-07.16.38:872][618]LogModuleManager: Shutting down and abandoning module ProjectTargetPlatformEditor (164)
[2017.07.03-07.16.38:872][618]LogModuleManager: Shutting down and abandoning module ProjectSettingsViewer (163)
[2017.07.03-07.16.38:872][618]LogModuleManager: Shutting down and abandoning module InputBindingEditor (162)
[2017.07.03-07.16.38:886][618]LogModuleManager: Shutting down and abandoning module EditorSettingsViewer (161)
[2017.07.03-07.16.38:886][618]LogModuleManager: Shutting down and abandoning module SettingsEditor (160)
[2017.07.03-07.16.38:898][618]LogModuleManager: Shutting down and abandoning module ProjectLauncher (159)
[2017.07.03-07.16.38:907][618]LogModuleManager: Shutting down and abandoning module SessionFrontend (158)
[2017.07.03-07.16.38:917][618]LogModuleManager: Shutting down and abandoning module ProfilerClient (157)
[2017.07.03-07.16.38:928][618]LogModuleManager: Shutting down and abandoning module TargetDeviceServices (156)
[2017.07.03-07.16.38:928][618]LogModuleManager: Shutting down and abandoning module DeviceManager (155)
[2017.07.03-07.16.38:986][618]LogModuleManager: Shutting down and abandoning module AutomationController (154)
[2017.07.03-07.16.38:986][618]LogModuleManager: Shutting down and abandoning module AutomationWindow (153)
[2017.07.03-07.16.38:992][618]LogModuleManager: Shutting down and abandoning module Layers (152)
[2017.07.03-07.16.39:020][618]LogModuleManager: Shutting down and abandoning module ComponentVisualizers (151)
[2017.07.03-07.16.39:020][618]LogModuleManager: Shutting down and abandoning module DetailCustomizations (150)
[2017.07.03-07.16.39:039][618]LogModuleManager: Shutting down and abandoning module PackagesDialog (149)
[2017.07.03-07.16.39:039][618]LogModuleManager: Shutting down and abandoning module Persona (148)
[2017.07.03-07.16.39:063][618]LogModuleManager: Shutting down and abandoning module Kismet (147)
[2017.07.03-07.16.39:063][618]LogModuleManager: Shutting down and abandoning module GraphEditor (146)
[2017.07.03-07.16.39:063][618]LogModuleManager: Shutting down and abandoning module ClassViewer (145)
[2017.07.03-07.16.39:076][618]LogModuleManager: Shutting down and abandoning module Toolbox (144)
[2017.07.03-07.16.39:076][618]LogModuleManager: Shutting down and abandoning module ModuleUI (143)
[2017.07.03-07.16.39:092][618]LogModuleManager: Shutting down and abandoning module MovieSceneTools (142)
[2017.07.03-07.16.39:092][618]LogModuleManager: Shutting down and abandoning module OutputLog (141)
[2017.07.03-07.16.39:092][618]LogModuleManager: Shutting down and abandoning module GammaUI (140)
[2017.07.03-07.16.39:110][618]LogModuleManager: Shutting down and abandoning module Documentation (139)
[2017.07.03-07.16.39:110][618]LogModuleManager: Shutting down and abandoning module StreamingPauseRendering (138)
[2017.07.03-07.16.39:110][618]LogModuleManager: Shutting down and abandoning module AnalyticsET (137)
[2017.07.03-07.16.39:110][618]LogModuleManager: Shutting down and abandoning module Analytics (136)
[2017.07.03-07.16.39:110][618]LogModuleManager: Shutting down and abandoning module PortalServices (135)
[2017.07.03-07.16.39:110][618]LogModuleManager: Shutting down and abandoning module PortalRpc (134)
[2017.07.03-07.16.39:110][618]LogModuleManager: Shutting down and abandoning module MessagingRpc (133)
[2017.07.03-07.16.39:110][618]LogModuleManager: Shutting down and abandoning module GameplayDebugger (132)
[2017.07.03-07.16.39:110][618]LogModuleManager: Shutting down and abandoning module AITestSuite (131)
[2017.07.03-07.16.39:110][618]LogModuleManager: Shutting down and abandoning module AIModule (130)
[2017.07.03-07.16.39:110][618]LogModuleManager: Shutting down and abandoning module ProfilerService (129)
[2017.07.03-07.16.39:339][618]LogModuleManager: Shutting down and abandoning module TaskGraph (128)
[2017.07.03-07.16.39:361][618]LogModuleManager: Shutting down and abandoning module SlateRemote (127)
[2017.07.03-07.16.39:361][618]LogModuleManager: Shutting down and abandoning module SteamVRController (126)
[2017.07.03-07.16.39:361][618]LogModuleManager: Shutting down and abandoning module SteamVR (125)
[2017.07.03-07.16.39:361][618]LogModuleManager: Shutting down and abandoning module ProceduralMeshComponent (124)
[2017.07.03-07.16.39:361][618]LogModuleManager: Shutting down and abandoning module OculusLibrary (123)
[2017.07.03-07.16.39:361][618]LogModuleManager: Shutting down and abandoning module OculusInput (122)
[2017.07.03-07.16.39:361][618]LogModuleManager: Shutting down and abandoning module CustomMeshComponent (121)
[2017.07.03-07.16.39:361][618]LogModuleManager: Shutting down and abandoning module CableComponent (120)
[2017.07.03-07.16.39:361][618]LogModuleManager: Shutting down and abandoning module ArchVisCharacter (119)
[2017.07.03-07.16.39:361][618]LogModuleManager: Shutting down and abandoning module MediaPlayerEditor (118)
[2017.07.03-07.16.39:378][618]LogModuleManager: Shutting down and abandoning module HTML5Networking (117)
[2017.07.03-07.16.39:378][618]LogModuleManager: Shutting down and abandoning module SuperSearch (116)
[2017.07.03-07.16.39:378][618]LogModuleManager: Shutting down and abandoning module SuperSearchEditor (115)
[2017.07.03-07.16.39:378][618]LogModuleManager: Shutting down and abandoning module SpeedTreeImporter (114)
[2017.07.03-07.16.39:378][618]LogModuleManager: Shutting down and abandoning module PluginBrowser (113)
[2017.07.03-07.16.39:378][618]LogModuleManager: Shutting down and abandoning module EpicSurvey (112)
[2017.07.03-07.16.39:378][618]LogModuleManager: Shutting down and abandoning module DesktopPlatform (111)
[2017.07.03-07.16.39:380][618]LogModuleManager: Shutting down and abandoning module VisualStudioSourceCodeAccess (110)
[2017.07.03-07.16.39:380][618]LogModuleManager: Shutting down and abandoning module UObjectPlugin (109)
[2017.07.03-07.16.39:380][618]LogModuleManager: Shutting down and abandoning module SubversionSourceControl (108)
[2017.07.03-07.16.39:380][618]LogModuleManager: Shutting down and abandoning module PerforceSourceControl (107)
[2017.07.03-07.16.39:380][618]LogModuleManager: Shutting down and abandoning module SourceControl (106)
[2017.07.03-07.16.39:380][618]LogModuleManager: Shutting down and abandoning module GitSourceControl (105)
[2017.07.03-07.16.39:380][618]LogModuleManager: Shutting down and abandoning module LightPropagationVolumeEditor (104)
[2017.07.03-07.16.39:380][618]LogModuleManager: Shutting down and abandoning module PaperTiledImporter (103)
[2017.07.03-07.16.39:380][618]LogModuleManager: Shutting down and abandoning module PaperSpriteSheetImporter (102)
[2017.07.03-07.16.39:380][618]LogModuleManager: Shutting down and abandoning module MeshPaint (101)
[2017.07.03-07.16.39:380][618]LogModuleManager: Shutting down and abandoning module PixelInspectorModule (100)
[2017.07.03-07.16.39:380][618]LogModuleManager: Shutting down and abandoning module HotReload (99)
[2017.07.03-07.16.39:381][618]LogModuleManager: Shutting down and abandoning module MainFrame (98)
[2017.07.03-07.16.39:381][618]LogModuleManager: Shutting down and abandoning module LevelEditor (97)
[2017.07.03-07.16.39:382][618]LogModuleManager: Shutting down and abandoning module ContentBrowser (96)
[2017.07.03-07.16.39:382][618]LogModuleManager: Shutting down and abandoning module Paper2DEditor (95)
[2017.07.03-07.16.39:386][618]LogModuleManager: Shutting down and abandoning module UdpMessaging (94)
[2017.07.03-07.16.39:486][618]LogModuleManager: Shutting down and abandoning module LightPropagationVolumeRuntime (93)
[2017.07.03-07.16.39:486][618]LogModuleManager: Shutting down and abandoning module Paper2D (92)
[2017.07.03-07.16.39:486][618]LogModuleManager: Shutting down and abandoning module WindowsMoviePlayer (91)
[2017.07.03-07.16.39:486][618]LogModuleManager: Shutting down and abandoning module Media (90)
[2017.07.03-07.16.39:486][618]LogModuleManager: Shutting down and abandoning module WmfMedia (89)
[2017.07.03-07.16.39:496][618]LogModuleManager: Shutting down and abandoning module MediaAssets (88)
[2017.07.03-07.16.39:496][618]LogModuleManager: Shutting down and abandoning module GameLiveStreaming (87)
[2017.07.03-07.16.39:496][618]LogModuleManager: Shutting down and abandoning module GameplayTagsEditor (86)
[2017.07.03-07.16.39:496][618]LogModuleManager: Shutting down and abandoning module OnlineBlueprintSupport (85)
[2017.07.03-07.16.39:496][618]LogModuleManager: Shutting down and abandoning module VREditor (84)
[2017.07.03-07.16.39:505][618]LogModuleManager: Shutting down and abandoning module GameplayTasksEditor (83)
[2017.07.03-07.16.39:505][618]LogModuleManager: Shutting down and abandoning module PropertyEditor (82)
[2017.07.03-07.16.39:505][618]LogModuleManager: Shutting down and abandoning module BehaviorTreeEditor (81)
[2017.07.03-07.16.39:513][618]LogModuleManager: Shutting down and abandoning module FunctionalTesting (80)
[2017.07.03-07.16.39:513][618]LogModuleManager: Shutting down and abandoning module CollisionAnalyzer (79)
[2017.07.03-07.16.39:520][618]LogModuleManager: Shutting down and abandoning module Sequencer (78)
[2017.07.03-07.16.39:548][618]LogModuleManager: Shutting down and abandoning module WorkspaceMenuStructure (77)
[2017.07.03-07.16.39:548][618]LogModuleManager: Shutting down and abandoning module MessageLog (76)
[2017.07.03-07.16.39:548][618]LogModuleManager: Shutting down and abandoning module AssetTools (75)
[2017.07.03-07.16.39:578][618]LogModuleManager: Shutting down and abandoning module UMGEditor (74)
[2017.07.03-07.16.39:592][618]LogModuleManager: Shutting down and abandoning module UMG (73)
[2017.07.03-07.16.39:593][618]LogModuleManager: Shutting down and abandoning module SlateReflector (72)
[2017.07.03-07.16.39:615][618]LogModuleManager: Shutting down and abandoning module Slate (71)
[2017.07.03-07.16.39:615][618]LogModuleManager: Shutting down and abandoning module EditorStyle (70)
[2017.07.03-07.16.39:617][618]LogModuleManager: Shutting down and abandoning module SourceCodeAccess (69)
[2017.07.03-07.16.39:617][618]LogModuleManager: Shutting down and abandoning module HeadMountedDisplay (68)
[2017.07.03-07.16.39:617][618]LogModuleManager: Shutting down and abandoning module XAudio2 (67)
[2017.07.03-07.16.39:617][618]LogModuleManager: Shutting down and abandoning module Networking (65)
[2017.07.03-07.16.39:617][618]LogModuleManager: Shutting down and abandoning module Core (64)
[2017.07.03-07.16.39:617][618]LogModuleManager: Shutting down and abandoning module DirectoryWatcher (63)
[2017.07.03-07.16.39:619][618]LogModuleManager: Shutting down and abandoning module AssetRegistry (62)
[2017.07.03-07.16.39:749][618]LogModuleManager: Shutting down and abandoning module KismetCompiler (61)
[2017.07.03-07.16.39:749][618]LogModuleManager: Shutting down and abandoning module PhysXFormats (60)
[2017.07.03-07.16.39:749][618]LogModuleManager: Shutting down and abandoning module MeshUtilities (59)
[2017.07.03-07.16.39:784][618]LogModuleManager: Shutting down and abandoning module DerivedDataCache (58)
[2017.07.03-07.16.39:858][618]LogDerivedDataCache: Shutdown
[2017.07.03-07.16.39:858][618]LogModuleManager: Shutting down and abandoning module VulkanShaderFormat (57)
[2017.07.03-07.16.39:858][618]LogModuleManager: Shutting down and abandoning module ShaderFormatOpenGL (56)
[2017.07.03-07.16.39:878][618]LogModuleManager: Shutting down and abandoning module ShaderFormatD3D (55)
[2017.07.03-07.16.39:878][618]LogModuleManager: Shutting down and abandoning module MetalShaderFormat (54)
[2017.07.03-07.16.39:885][618]LogModuleManager: Shutting down and abandoning module TextureFormatUncompressed (53)
[2017.07.03-07.16.39:885][618]LogModuleManager: Shutting down and abandoning module TextureFormatPVR (52)
[2017.07.03-07.16.39:885][618]LogModuleManager: Shutting down and abandoning module TextureFormatIntelISPCTexComp (51)
[2017.07.03-07.16.39:885][618]LogModuleManager: Shutting down and abandoning module TextureFormatDXT (50)
[2017.07.03-07.16.39:885][618]LogModuleManager: Shutting down and abandoning module ImageWrapper (49)
[2017.07.03-07.16.39:885][618]LogModuleManager: Shutting down and abandoning module TextureFormatASTC (48)
[2017.07.03-07.16.39:885][618]LogModuleManager: Shutting down and abandoning module TextureFormatAndroid (47)
[2017.07.03-07.16.39:885][618]LogModuleManager: Shutting down and abandoning module AudioFormatOpus (46)
[2017.07.03-07.16.39:885][618]LogModuleManager: Shutting down and abandoning module AudioFormatOgg (45)
[2017.07.03-07.16.39:885][618]LogModuleManager: Shutting down and abandoning module AudioFormatADPCM (44)
[2017.07.03-07.16.39:885][618]LogModuleManager: Shutting down and abandoning module LinuxTargetPlatform (43)
[2017.07.03-07.16.39:886][618]LogModuleManager: Shutting down and abandoning module LinuxServerTargetPlatform (42)
[2017.07.03-07.16.39:886][618]LogModuleManager: Shutting down and abandoning module LinuxNoEditorTargetPlatform (41)
[2017.07.03-07.16.39:886][618]LogModuleManager: Shutting down and abandoning module TVOSTargetPlatform (40)
[2017.07.03-07.16.39:886][618]LogModuleManager: Shutting down and abandoning module Messaging (39)
[2017.07.03-07.16.39:886][618]LogModuleManager: Shutting down and abandoning module IOSTargetPlatform (38)
[2017.07.03-07.16.39:886][618]LogModuleManager: Shutting down and abandoning module HTML5TargetPlatform (37)
[2017.07.03-07.16.39:886][618]LogModuleManager: Shutting down and abandoning module Android_PVRTCTargetPlatform (36)
[2017.07.03-07.16.39:886][618]LogModuleManager: Shutting down and abandoning module Android_MultiTargetPlatform (35)
[2017.07.03-07.16.39:886][618]LogModuleManager: Shutting down and abandoning module Android_ETC2TargetPlatform (34)
[2017.07.03-07.16.39:886][618]LogModuleManager: Shutting down and abandoning module Android_ETC1TargetPlatform (33)
[2017.07.03-07.16.39:886][618]LogModuleManager: Shutting down and abandoning module Android_DXTTargetPlatform (32)
[2017.07.03-07.16.39:886][618]LogModuleManager: Shutting down and abandoning module Android_ATCTargetPlatform (31)
[2017.07.03-07.16.39:886][618]LogModuleManager: Shutting down and abandoning module Android_ASTCTargetPlatform (30)
[2017.07.03-07.16.39:886][618]LogModuleManager: Shutting down and abandoning module AndroidTargetPlatform (29)
[2017.07.03-07.16.39:886][618]LogModuleManager: Shutting down and abandoning module WindowsTargetPlatform (28)
[2017.07.03-07.16.39:886][618]LogModuleManager: Shutting down and abandoning module WindowsServerTargetPlatform (27)
[2017.07.03-07.16.39:886][618]LogModuleManager: Shutting down and abandoning module WindowsNoEditorTargetPlatform (26)
[2017.07.03-07.16.39:886][618]LogModuleManager: Shutting down and abandoning module WindowsClientTargetPlatform (25)
[2017.07.03-07.16.39:886][618]LogModuleManager: Shutting down and abandoning module AllDesktopTargetPlatform (24)
[2017.07.03-07.16.39:886][618]LogModuleManager: Shutting down and abandoning module TargetPlatform (23)
[2017.07.03-07.16.39:886][618]LogModuleManager: Shutting down and abandoning module InputCore (22)
[2017.07.03-07.16.39:886][618]LogModuleManager: Shutting down and abandoning module Settings (21)
[2017.07.03-07.16.39:886][618]LogModuleManager: Shutting down and abandoning module OnlineSubsystem (19)
[2017.07.03-07.16.39:886][618]LogModuleManager: Shutting down and abandoning module HTTP (18)
[2017.07.03-07.16.41:386][618]LogModuleManager: Shutting down and abandoning module XMPP (17)
[2017.07.03-07.16.41:418][618]LogModuleManager: Shutting down and abandoning module OculusRift (16)
[2017.07.03-07.16.41:435][618]LogModuleManager: Shutting down and abandoning module ExampleDeviceProfileSelector (15)
[2017.07.03-07.16.41:435][618]LogModuleManager: Shutting down and abandoning module TextureCompressor (14)
[2017.07.03-07.16.41:441][618]LogModuleManager: Shutting down and abandoning module ShaderCore (13)
[2017.07.03-07.16.41:441][618]LogModuleManager: Shutting down and abandoning module Landscape (12)
[2017.07.03-07.16.41:441][618]LogModuleManager: Shutting down and abandoning module SlateRHIRenderer (11)
[2017.07.03-07.16.41:453][618]LogModuleManager: Shutting down and abandoning module OpenGLDrv (10)
[2017.07.03-07.16.41:463][618]LogModuleManager: Shutting down and abandoning module D3D11RHI (9)
[2017.07.03-07.16.41:463][618]LogModuleManager: Shutting down and abandoning module AnimGraphRuntime (8)
[2017.07.03-07.16.41:463][618]LogModuleManager: Shutting down and abandoning module Renderer (7)
[2017.07.03-07.16.41:463][618]LogModuleManager: Shutting down and abandoning module Engine (6)
[2017.07.03-07.16.41:463][618]LogModuleManager: Shutting down and abandoning module CoreUObject (5)
[2017.07.03-07.16.41:463][618]LogModuleManager: Shutting down and abandoning module NetworkFile (4)
[2017.07.03-07.16.41:463][618]LogModuleManager: Shutting down and abandoning module StreamingFile (3)
[2017.07.03-07.16.41:463][618]LogModuleManager: Shutting down and abandoning module SandboxFile (2)
[2017.07.03-07.16.41:463][618]LogModuleManager: Shutting down and abandoning module PakFile (1)
[2017.07.03-07.16.41:478][618]LogExit: Exiting.
[2017.07.03-07.16.41:495][618]Log file closed, 07/03/17 00:16:41
